Info: input file name is MYD88-DD
Info: input target list is /u/flobnow/fluffyAlpaca/scripts/myRuns/MYD88-DD/target.lst
Info: input feature directory is /u/flobnow/fluffyAlpaca/feature_files
Info: result output directory is /u/flobnow/fluffyAlpaca/output_files
Info: model preset is multimer_np
Info: msa pairing is all
Info: recycling setting is 1
/bin/sh: /mpcdf/soft/SLE_15/packages/x86_64/alphafold/2.2.0/lib/libtinfo.so.6: no version information available (required by /lib64/libreadline.so.7)
Info: using preset super2
Info: set num_ensemble = 2
Info: set max_recyles = 20
Info: set recycle_tol = 0.1
Info: mas_pairing mode is all
I0114 20:06:59.371773 22669147248448 tpu_client.py:54] Starting the local TPU driver.
I0114 20:06:59.372212 22669147248448 xla_bridge.py:212] Unable to initialize backend 'tpu_driver': Not found: Unable to find driver in registry given worker: local://
I0114 20:06:59.693343 22669147248448 xla_bridge.py:212] Unable to initialize backend 'tpu': Invalid argument: TpuPlatform is not available.
Info: working on target MYD88-DD_x6
I0114 20:07:03.136502 22669147248448 run_af2c_mod.py:482] Have 1 models: ['model_2_multimer_v2_p1']
I0114 20:07:03.136668 22669147248448 run_af2c_mod.py:512] Using random seed 7182628512313940057 for the data pipeline
Info: MYD88-DD_x6 found monomer MYD88-DD msa_depth = 1611, seq_len = 156, num_templ = 20
Info: MYD88-DD reducing the number of structural templates to 4
Info: 6 chain(s) to model {'A': 'MYD88-DD_1', 'B': 'MYD88-DD_1', 'C': 'MYD88-DD_1', 'D': 'MYD88-DD_1', 'E': 'MYD88-DD_1', 'F': 'MYD88-DD_1'}
Info: modeling MYD88-DD_x6 with msa_depth = 1611, seq_len = 936, num_templ = 24
I0114 20:07:03.970615 22669147248448 run_af2c_mod.py:216] Running model model_2_multimer_v2_p1_230114_940057
I0114 20:07:03.971198 22669147248448 model.py:206] Running predict with shape(feat) = {'msa': (1611, 936), 'bert_mask': (1611, 936), 'num_alignments': (), 'aatype': (936,), 'seq_length': (), 'template_aatype': (24, 936), 'template_all_atom_mask': (24, 936, 37), 'template_all_atom_positions': (24, 936, 37, 3), 'all_atom_positions': (936, 37, 3), 'template_domain_names': (24,), 'asym_id': (936,), 'sym_id': (936,), 'entity_id': (936,), 'residue_index': (936,), 'deletion_matrix': (1611, 936), 'seq_mask': (936,), 'msa_mask': (1611, 936), 'cluster_bias_mask': (1611,), 'pdb_residue_index': (936,)}
I0114 20:39:37.567494 22669147248448 run_af2c_mod.py:271] Total JAX model model_2_multimer_v2_p1_230114_940057 predict time (includes compilation time): 1953.6 seconds
Info: MYD88-DD_x6 model_2_multimer_v2_p1_230114_940057_recycled_00,  tol =   inf, pLDDT = 61.33, pTM-score = 0.2410, piTM-score = 0.0948, interface-score = 0.0107, iRes = 25   iCnt = 21  
Info: MYD88-DD_x6 model_2_multimer_v2_p1_230114_940057_recycled_01,  tol = 80.92, pLDDT = 62.88, pTM-score = 0.2732, piTM-score = 0.1745, interface-score = 0.1028, iRes = 45   iCnt = 36  
Info: MYD88-DD_x6 model_2_multimer_v2_p1_230114_940057_recycled_02,  tol = 13.79, pLDDT = 63.57, pTM-score = 0.3174, piTM-score = 0.2652, interface-score = 0.1380, iRes = 40   iCnt = 31  
Info: MYD88-DD_x6 model_2_multimer_v2_p1_230114_940057_recycled_03,  tol = 24.90, pLDDT = 65.89, pTM-score = 0.3524, piTM-score = 0.3586, interface-score = 0.3459, iRes = 87   iCnt = 80  
Info: MYD88-DD_x6 model_2_multimer_v2_p1_230114_940057_recycled_04,  tol = 11.26, pLDDT = 64.04, pTM-score = 0.3143, piTM-score = 0.3083, interface-score = 0.2560, iRes = 66   iCnt = 58  
Info: MYD88-DD_x6 model_2_multimer_v2_p1_230114_940057_recycled_05,  tol =  4.42, pLDDT = 65.34, pTM-score = 0.3416, piTM-score = 0.2870, interface-score = 0.3280, iRes = 92   iCnt = 84  
Info: MYD88-DD_x6 model_2_multimer_v2_p1_230114_940057_recycled_06,  tol = 22.85, pLDDT = 67.87, pTM-score = 0.3801, piTM-score = 0.3712, interface-score = 0.4062, iRes = 112  iCnt = 107 
Info: MYD88-DD_x6 model_2_multimer_v2_p1_230114_940057_recycled_07,  tol =  3.53, pLDDT = 68.30, pTM-score = 0.4126, piTM-score = 0.4229, interface-score = 0.4612, iRes = 122  iCnt = 123 
Info: MYD88-DD_x6 model_2_multimer_v2_p1_230114_940057_recycled_08,  tol =  3.92, pLDDT = 68.63, pTM-score = 0.4122, piTM-score = 0.4204, interface-score = 0.4614, iRes = 125  iCnt = 125 
Info: MYD88-DD_x6 model_2_multimer_v2_p1_230114_940057_recycled_09,  tol =  3.09, pLDDT = 68.38, pTM-score = 0.4076, piTM-score = 0.4197, interface-score = 0.4531, iRes = 121  iCnt = 124 
Info: MYD88-DD_x6 model_2_multimer_v2_p1_230114_940057_recycled_10,  tol =  3.03, pLDDT = 68.64, pTM-score = 0.4153, piTM-score = 0.4190, interface-score = 0.4541, iRes = 123  iCnt = 125 
Info: MYD88-DD_x6 model_2_multimer_v2_p1_230114_940057_recycled_11,  tol =  2.94, pLDDT = 68.39, pTM-score = 0.4173, piTM-score = 0.4234, interface-score = 0.4588, iRes = 117  iCnt = 116 
Info: MYD88-DD_x6 model_2_multimer_v2_p1_230114_940057_recycled_12,  tol =  3.09, pLDDT = 68.55, pTM-score = 0.4167, piTM-score = 0.4226, interface-score = 0.4491, iRes = 121  iCnt = 121 
Info: MYD88-DD_x6 model_2_multimer_v2_p1_230114_940057_recycled_13,  tol =  1.57, pLDDT = 68.40, pTM-score = 0.4158, piTM-score = 0.4204, interface-score = 0.4551, iRes = 116  iCnt = 114 
Info: MYD88-DD_x6 model_2_multimer_v2_p1_230114_940057_recycled_14,  tol =  3.40, pLDDT = 68.13, pTM-score = 0.4081, piTM-score = 0.4149, interface-score = 0.4408, iRes = 117  iCnt = 115 
Info: MYD88-DD_x6 model_2_multimer_v2_p1_230114_940057_recycled_15,  tol =  3.38, pLDDT = 67.60, pTM-score = 0.4026, piTM-score = 0.4016, interface-score = 0.4371, iRes = 117  iCnt = 114 
Info: MYD88-DD_x6 model_2_multimer_v2_p1_230114_940057_recycled_16,  tol =  1.95, pLDDT = 68.60, pTM-score = 0.4187, piTM-score = 0.4256, interface-score = 0.4566, iRes = 121  iCnt = 122 
Info: MYD88-DD_x6 model_2_multimer_v2_p1_230114_940057_recycled_17,  tol =  1.42, pLDDT = 68.07, pTM-score = 0.4121, piTM-score = 0.4176, interface-score = 0.4469, iRes = 120  iCnt = 121 
Info: MYD88-DD_x6 model_2_multimer_v2_p1_230114_940057_recycled_18,  tol =  3.26, pLDDT = 68.50, pTM-score = 0.4155, piTM-score = 0.4116, interface-score = 0.4503, iRes = 118  iCnt = 115 
Info: MYD88-DD_x6 model_2_multimer_v2_p1_230114_940057_recycled_19,  tol =  3.09, pLDDT = 67.89, pTM-score = 0.4086, piTM-score = 0.4041, interface-score = 0.4422, iRes = 119  iCnt = 117 
Info: MYD88-DD_x6 model_2_multimer_v2_p1_230114_940057 performed 20 recycles, final tol = 3.03, pLDDT = 67.47, pTM-score = 0.3957, piTM-score = 0.3972, interface-score = 0.4220, iRes = 118  iCnt = 116 
Info: num_clusters = 1, cluster_sizes = [6],  clusters = [['MYD88-DD_0', 'MYD88-DD_1', 'MYD88-DD_2', 'MYD88-DD_3', 'MYD88-DD_4', 'MYD88-DD_5']]

I0114 20:39:41.660015 22669147248448 run_af2c_mod.py:404] Final timings for MYD88-DD_x6: {'features': 0.83, 'process_features_model_2_multimer_v2_p1_230114_940057': 0.0, 'predict_and_compile_model_2_multimer_v2_p1_230114_940057': 1953.6}
                                  
================================= 
Global information about the job: 
================================= 
  
Job owner: flobnow(42847)
Job name:  2_AF2C
Node list: ravg1190
Job start: Sat Jan 14 20:06:32 CET 2023
Job end:   Sat Jan 14 20:39:43 CET 2023
Work dir:  /raven/u/flobnow/fluffyAlpaca/scripts/myRuns/MYD88-DD
Command:   /raven/u/flobnow/fluffyAlpaca/scripts/myRuns/MYD88-DD/script2_comp_model_2.sh
  
  
  
==========================================================================================
Information on jobsteps (Note: MaxRSS/AveRSS is the maximum/average over all 
tasks of the per-task memory high-water marks; cf. "man sacct"): 
==========================================================================================
  
JobID            JobName NNodes NTasks  NCPUS        0.00M        0.00M    Elapsed ExitCode
------------- ---------- ------ ------ ------ ------------ ------------ ---------- --------
3880812           2_AF2C      1           108                             00:33:11      0:0
3880812.0        python3      1      1    108    35495.50M    35495.50M   00:33:04      0:0
  
Maximum memory per node: 37.219725 GB (defined as MaxRSS*Ntasks/NNodes)
CPU utilization: 1.9 %
  
