Info: input file name is MYD88-DD
Info: input target list is /u/flobnow/fluffyAlpaca/scripts/myRuns/MYD88-DD/target.lst
Info: input feature directory is /u/flobnow/fluffyAlpaca/feature_files
Info: result output directory is /u/flobnow/fluffyAlpaca/output_files
Info: model preset is multimer_np
Info: msa pairing is all
Info: recycling setting is 1
/bin/sh: /mpcdf/soft/SLE_15/packages/x86_64/alphafold/2.2.0/lib/libtinfo.so.6: no version information available (required by /lib64/libreadline.so.7)
Info: using preset super2
Info: set num_ensemble = 2
Info: set max_recyles = 20
Info: set recycle_tol = 0.1
Info: mas_pairing mode is all
I0114 20:06:43.810600 23434760173376 tpu_client.py:54] Starting the local TPU driver.
I0114 20:06:43.810968 23434760173376 xla_bridge.py:212] Unable to initialize backend 'tpu_driver': Not found: Unable to find driver in registry given worker: local://
I0114 20:06:44.161174 23434760173376 xla_bridge.py:212] Unable to initialize backend 'tpu': Invalid argument: TpuPlatform is not available.
Info: working on target MYD88-DD_x6
I0114 20:06:47.671451 23434760173376 run_af2c_mod.py:482] Have 1 models: ['model_4_multimer_v2_p1']
I0114 20:06:47.671614 23434760173376 run_af2c_mod.py:512] Using random seed 2827095374063330261 for the data pipeline
Info: MYD88-DD_x6 found monomer MYD88-DD msa_depth = 1611, seq_len = 156, num_templ = 20
Info: MYD88-DD reducing the number of structural templates to 4
Info: 6 chain(s) to model {'A': 'MYD88-DD_1', 'B': 'MYD88-DD_1', 'C': 'MYD88-DD_1', 'D': 'MYD88-DD_1', 'E': 'MYD88-DD_1', 'F': 'MYD88-DD_1'}
Info: modeling MYD88-DD_x6 with msa_depth = 1611, seq_len = 936, num_templ = 24
I0114 20:06:48.544028 23434760173376 run_af2c_mod.py:216] Running model model_4_multimer_v2_p1_230114_330261
I0114 20:06:48.544553 23434760173376 model.py:206] Running predict with shape(feat) = {'msa': (1611, 936), 'bert_mask': (1611, 936), 'num_alignments': (), 'aatype': (936,), 'seq_length': (), 'template_aatype': (24, 936), 'template_all_atom_mask': (24, 936, 37), 'template_all_atom_positions': (24, 936, 37, 3), 'all_atom_positions': (936, 37, 3), 'template_domain_names': (24,), 'asym_id': (936,), 'sym_id': (936,), 'entity_id': (936,), 'residue_index': (936,), 'deletion_matrix': (1611, 936), 'seq_mask': (936,), 'msa_mask': (1611, 936), 'cluster_bias_mask': (1611,), 'pdb_residue_index': (936,)}
I0114 20:39:20.712074 23434760173376 run_af2c_mod.py:271] Total JAX model model_4_multimer_v2_p1_230114_330261 predict time (includes compilation time): 1952.2 seconds
Info: MYD88-DD_x6 model_4_multimer_v2_p1_230114_330261_recycled_00,  tol =   inf, pLDDT = 59.85, pTM-score = 0.2778, piTM-score = 0.2240, interface-score = 0.1858, iRes = 84   iCnt = 93  
Info: MYD88-DD_x6 model_4_multimer_v2_p1_230114_330261_recycled_01,  tol = 75.81, pLDDT = 60.86, pTM-score = 0.2727, piTM-score = 0.1713, interface-score = 0.0828, iRes = 41   iCnt = 31  
Info: MYD88-DD_x6 model_4_multimer_v2_p1_230114_330261_recycled_02,  tol =  9.73, pLDDT = 63.29, pTM-score = 0.3236, piTM-score = 0.2336, interface-score = 0.2161, iRes = 73   iCnt = 74  
Info: MYD88-DD_x6 model_4_multimer_v2_p1_230114_330261_recycled_03,  tol =  7.15, pLDDT = 63.17, pTM-score = 0.3108, piTM-score = 0.2306, interface-score = 0.1749, iRes = 55   iCnt = 43  
Info: MYD88-DD_x6 model_4_multimer_v2_p1_230114_330261_recycled_04,  tol =  7.98, pLDDT = 64.47, pTM-score = 0.3452, piTM-score = 0.2461, interface-score = 0.2350, iRes = 61   iCnt = 55  
Info: MYD88-DD_x6 model_4_multimer_v2_p1_230114_330261_recycled_05,  tol =  5.31, pLDDT = 64.83, pTM-score = 0.3433, piTM-score = 0.2227, interface-score = 0.1877, iRes = 54   iCnt = 44  
Info: MYD88-DD_x6 model_4_multimer_v2_p1_230114_330261_recycled_06,  tol =  4.55, pLDDT = 65.49, pTM-score = 0.3651, piTM-score = 0.2495, interface-score = 0.2142, iRes = 53   iCnt = 41  
Info: MYD88-DD_x6 model_4_multimer_v2_p1_230114_330261_recycled_07,  tol =  3.06, pLDDT = 65.52, pTM-score = 0.3708, piTM-score = 0.2468, interface-score = 0.2321, iRes = 58   iCnt = 46  
Info: MYD88-DD_x6 model_4_multimer_v2_p1_230114_330261_recycled_08,  tol =  4.65, pLDDT = 66.59, pTM-score = 0.4011, piTM-score = 0.2665, interface-score = 0.2722, iRes = 63   iCnt = 51  
Info: MYD88-DD_x6 model_4_multimer_v2_p1_230114_330261_recycled_09,  tol =  5.67, pLDDT = 66.70, pTM-score = 0.4037, piTM-score = 0.2652, interface-score = 0.2626, iRes = 62   iCnt = 54  
Info: MYD88-DD_x6 model_4_multimer_v2_p1_230114_330261_recycled_10,  tol =  5.46, pLDDT = 66.66, pTM-score = 0.3968, piTM-score = 0.2536, interface-score = 0.2548, iRes = 60   iCnt = 50  
Info: MYD88-DD_x6 model_4_multimer_v2_p1_230114_330261_recycled_11,  tol =  5.47, pLDDT = 66.81, pTM-score = 0.4014, piTM-score = 0.2545, interface-score = 0.2555, iRes = 60   iCnt = 49  
Info: MYD88-DD_x6 model_4_multimer_v2_p1_230114_330261_recycled_12,  tol =  5.23, pLDDT = 67.63, pTM-score = 0.4324, piTM-score = 0.2879, interface-score = 0.3080, iRes = 66   iCnt = 57  
Info: MYD88-DD_x6 model_4_multimer_v2_p1_230114_330261_recycled_13,  tol =  5.32, pLDDT = 67.14, pTM-score = 0.4158, piTM-score = 0.2653, interface-score = 0.2794, iRes = 62   iCnt = 53  
Info: MYD88-DD_x6 model_4_multimer_v2_p1_230114_330261_recycled_14,  tol =  5.73, pLDDT = 67.03, pTM-score = 0.4161, piTM-score = 0.2658, interface-score = 0.2833, iRes = 63   iCnt = 57  
Info: MYD88-DD_x6 model_4_multimer_v2_p1_230114_330261_recycled_15,  tol =  5.74, pLDDT = 66.91, pTM-score = 0.4114, piTM-score = 0.2828, interface-score = 0.2864, iRes = 64   iCnt = 61  
Info: MYD88-DD_x6 model_4_multimer_v2_p1_230114_330261_recycled_16,  tol =  1.23, pLDDT = 67.56, pTM-score = 0.4302, piTM-score = 0.2897, interface-score = 0.3127, iRes = 68   iCnt = 60  
Info: MYD88-DD_x6 model_4_multimer_v2_p1_230114_330261_recycled_17,  tol =  4.47, pLDDT = 67.03, pTM-score = 0.4203, piTM-score = 0.2740, interface-score = 0.2901, iRes = 63   iCnt = 52  
Info: MYD88-DD_x6 model_4_multimer_v2_p1_230114_330261_recycled_18,  tol =  4.87, pLDDT = 66.62, pTM-score = 0.4118, piTM-score = 0.2811, interface-score = 0.2873, iRes = 66   iCnt = 55  
Info: MYD88-DD_x6 model_4_multimer_v2_p1_230114_330261_recycled_19,  tol =  5.60, pLDDT = 67.01, pTM-score = 0.4199, piTM-score = 0.2720, interface-score = 0.2855, iRes = 63   iCnt = 51  
Info: MYD88-DD_x6 model_4_multimer_v2_p1_230114_330261 performed 20 recycles, final tol = 2.99, pLDDT = 67.17, pTM-score = 0.4153, piTM-score = 0.2660, interface-score = 0.2789, iRes = 62   iCnt = 50  
Info: num_clusters = 5, cluster_sizes = [2, 1, 1, 1, 1],  clusters = [['MYD88-DD_0', 'MYD88-DD_1'], ['MYD88-DD_2'], ['MYD88-DD_3'], ['MYD88-DD_4'], ['MYD88-DD_5']]

I0114 20:39:24.589323 23434760173376 run_af2c_mod.py:404] Final timings for MYD88-DD_x6: {'features': 0.84, 'process_features_model_4_multimer_v2_p1_230114_330261': 0.0, 'predict_and_compile_model_4_multimer_v2_p1_230114_330261': 1952.2}
                                  
================================= 
Global information about the job: 
================================= 
  
Job owner: flobnow(42847)
Job name:  4_AF2C
Node list: ravg1005
Job start: Sat Jan 14 20:06:32 CET 2023
Job end:   Sat Jan 14 20:39:26 CET 2023
Work dir:  /raven/u/flobnow/fluffyAlpaca/scripts/myRuns/MYD88-DD
Command:   /raven/u/flobnow/fluffyAlpaca/scripts/myRuns/MYD88-DD/script2_comp_model_4.sh
  
  
  
==========================================================================================
Information on jobsteps (Note: MaxRSS/AveRSS is the maximum/average over all 
tasks of the per-task memory high-water marks; cf. "man sacct"): 
==========================================================================================
  
JobID            JobName NNodes NTasks  NCPUS        0.00M        0.00M    Elapsed ExitCode
------------- ---------- ------ ------ ------ ------------ ------------ ---------- --------
3880814           4_AF2C      1           108                             00:32:54      0:0
3880814.0        python3      1      1    108    35901.87M    35901.87M   00:32:51      0:0
  
Maximum memory per node: 37.645840 GB (defined as MaxRSS*Ntasks/NNodes)
CPU utilization: 1.9 %
  
