Info: target file is /u/flobnow/fluffyAlpaca/scripts/myRuns/MYD88-DD/target.lst
Info: input directory of unrelaxed models is /u/flobnow/fluffyAlpaca/output_files
Info: output directory of relaxed models is /u/flobnow/fluffyAlpaca/output_files
/bin/sh: /mpcdf/soft/SLE_15/packages/x86_64/alphafold/2.2.0/lib/libtinfo.so.6: no version information available (required by /lib64/libreadline.so.7)
I0114 20:42:04.869908 23313446156096 run_af2c_min.py:88] MYD88-DD_x6 processing model_2_multimer_v2_p1_230114_940057.pdb
sh: /mpcdf/soft/SLE_15/packages/x86_64/alphafold/2.2.0/lib/libtinfo.so.6: no version information available (required by /lib64/libreadline.so.7)
sh: /mpcdf/soft/SLE_15/packages/x86_64/alphafold/2.2.0/lib/libtinfo.so.6: no version information available (required by /lib64/libreadline.so.7)
I0114 20:42:13.412971 23313446156096 amber_minimize.py:177] alterations info: {'nonstandard_residues': [], 'removed_heterogens': set(), 'missing_residues': {}, 'missing_heavy_atoms': {}, 'missing_terminals': {<Residue 155 (GLN) of chain 0>: ['OXT'], <Residue 311 (GLN) of chain 1>: ['OXT'], <Residue 467 (GLN) of chain 2>: ['OXT'], <Residue 623 (GLN) of chain 3>: ['OXT'], <Residue 779 (GLN) of chain 4>: ['OXT'], <Residue 935 (GLN) of chain 5>: ['OXT']}, 'Se_in_MET': [], 'removed_chains': {0: []}}
I0114 20:42:14.791565 23313446156096 amber_minimize.py:408] Minimizing protein, attempt 1 of 100.
I0114 20:42:16.329327 23313446156096 amber_minimize.py:69] Restraining 7326 / 14742 particles.
sh: /mpcdf/soft/SLE_15/packages/x86_64/alphafold/2.2.0/lib/libtinfo.so.6: no version information available (required by /lib64/libreadline.so.7)
I0114 20:43:51.865747 23313446156096 amber_minimize.py:177] alterations info: {'nonstandard_residues': [], 'removed_heterogens': set(), 'missing_residues': {}, 'missing_heavy_atoms': {}, 'missing_terminals': {}, 'Se_in_MET': [], 'removed_chains': {0: []}}
I0114 20:43:53.349865 23313446156096 tpu_client.py:54] Starting the local TPU driver.
I0114 20:43:53.350292 23313446156096 xla_bridge.py:212] Unable to initialize backend 'tpu_driver': Not found: Unable to find driver in registry given worker: local://
I0114 20:43:53.562899 23313446156096 xla_bridge.py:212] Unable to initialize backend 'tpu': Invalid argument: TpuPlatform is not available.
I0114 20:44:05.160902 23313446156096 amber_minimize.py:500] Iteration completed: Einit 36479.86 Efinal -20657.52 Time 92.86 s num residue violations 2 num residue exclusions 0 
I0114 20:44:05.205021 23313446156096 amber_minimize.py:408] Minimizing protein, attempt 1 of 100.
I0114 20:44:06.664980 23313446156096 amber_minimize.py:69] Restraining 7311 / 14742 particles.
sh: /mpcdf/soft/SLE_15/packages/x86_64/alphafold/2.2.0/lib/libtinfo.so.6: no version information available (required by /lib64/libreadline.so.7)
I0114 20:46:07.283611 23313446156096 amber_minimize.py:177] alterations info: {'nonstandard_residues': [], 'removed_heterogens': set(), 'missing_residues': {}, 'missing_heavy_atoms': {}, 'missing_terminals': {}, 'Se_in_MET': [], 'removed_chains': {0: []}}
I0114 20:46:11.612899 23313446156096 amber_minimize.py:500] Iteration completed: Einit 17249.87 Efinal -22921.42 Time 118.08 s num residue violations 0 num residue exclusions 2 
sh: /mpcdf/soft/SLE_15/packages/x86_64/alphafold/2.2.0/lib/libtinfo.so.6: no version information available (required by /lib64/libreadline.so.7)
sh: /mpcdf/soft/SLE_15/packages/x86_64/alphafold/2.2.0/lib/libtinfo.so.6: no version information available (required by /lib64/libreadline.so.7)
I0114 20:46:15.817308 23313446156096 amber_minimize.py:177] alterations info: {'nonstandard_residues': [], 'removed_heterogens': set(), 'missing_residues': {}, 'missing_heavy_atoms': {}, 'missing_terminals': {<Residue 155 (GLN) of chain 0>: ['OXT'], <Residue 311 (GLN) of chain 1>: ['OXT'], <Residue 467 (GLN) of chain 2>: ['OXT'], <Residue 623 (GLN) of chain 3>: ['OXT'], <Residue 779 (GLN) of chain 4>: ['OXT'], <Residue 935 (GLN) of chain 5>: ['OXT']}, 'Se_in_MET': [], 'removed_chains': {0: []}}
I0114 20:46:18.731557 23313446156096 run_af2c_min.py:110] MYD88-DD_x6 relaxation done, time spent 253.4 seconds, Efinal -22921.42, rmsd 0.39
I0114 20:46:18.731683 23313446156096 run_af2c_min.py:88] MYD88-DD_x6 processing model_1_multimer_v2_p1_230114_643928.pdb
sh: /mpcdf/soft/SLE_15/packages/x86_64/alphafold/2.2.0/lib/libtinfo.so.6: no version information available (required by /lib64/libreadline.so.7)
sh: /mpcdf/soft/SLE_15/packages/x86_64/alphafold/2.2.0/lib/libtinfo.so.6: no version information available (required by /lib64/libreadline.so.7)
I0114 20:46:23.084346 23313446156096 amber_minimize.py:177] alterations info: {'nonstandard_residues': [], 'removed_heterogens': set(), 'missing_residues': {}, 'missing_heavy_atoms': {}, 'missing_terminals': {<Residue 155 (GLN) of chain 0>: ['OXT'], <Residue 311 (GLN) of chain 1>: ['OXT'], <Residue 467 (GLN) of chain 2>: ['OXT'], <Residue 623 (GLN) of chain 3>: ['OXT'], <Residue 779 (GLN) of chain 4>: ['OXT'], <Residue 935 (GLN) of chain 5>: ['OXT']}, 'Se_in_MET': [], 'removed_chains': {0: []}}
I0114 20:46:24.447617 23313446156096 amber_minimize.py:408] Minimizing protein, attempt 1 of 100.
I0114 20:46:25.888788 23313446156096 amber_minimize.py:69] Restraining 7326 / 14742 particles.
sh: /mpcdf/soft/SLE_15/packages/x86_64/alphafold/2.2.0/lib/libtinfo.so.6: no version information available (required by /lib64/libreadline.so.7)
I0114 20:48:04.610059 23313446156096 amber_minimize.py:177] alterations info: {'nonstandard_residues': [], 'removed_heterogens': set(), 'missing_residues': {}, 'missing_heavy_atoms': {}, 'missing_terminals': {}, 'Se_in_MET': [], 'removed_chains': {0: []}}
I0114 20:48:09.032439 23313446156096 amber_minimize.py:500] Iteration completed: Einit 6874881898.16 Efinal -20610.47 Time 96.23 s num residue violations 2 num residue exclusions 0 
I0114 20:48:09.033381 23313446156096 amber_minimize.py:408] Minimizing protein, attempt 1 of 100.
I0114 20:48:10.521628 23313446156096 amber_minimize.py:69] Restraining 7311 / 14742 particles.
sh: /mpcdf/soft/SLE_15/packages/x86_64/alphafold/2.2.0/lib/libtinfo.so.6: no version information available (required by /lib64/libreadline.so.7)
I0114 20:49:44.855228 23313446156096 amber_minimize.py:177] alterations info: {'nonstandard_residues': [], 'removed_heterogens': set(), 'missing_residues': {}, 'missing_heavy_atoms': {}, 'missing_terminals': {}, 'Se_in_MET': [], 'removed_chains': {0: []}}
I0114 20:49:49.239777 23313446156096 amber_minimize.py:500] Iteration completed: Einit 12470.31 Efinal -23173.85 Time 91.77 s num residue violations 2 num residue exclusions 2 
I0114 20:49:49.240475 23313446156096 amber_minimize.py:408] Minimizing protein, attempt 1 of 100.
I0114 20:49:50.832324 23313446156096 amber_minimize.py:69] Restraining 7295 / 14742 particles.
sh: /mpcdf/soft/SLE_15/packages/x86_64/alphafold/2.2.0/lib/libtinfo.so.6: no version information available (required by /lib64/libreadline.so.7)
I0114 20:51:14.780127 23313446156096 amber_minimize.py:177] alterations info: {'nonstandard_residues': [], 'removed_heterogens': set(), 'missing_residues': {}, 'missing_heavy_atoms': {}, 'missing_terminals': {}, 'Se_in_MET': [], 'removed_chains': {0: []}}
I0114 20:51:19.091090 23313446156096 amber_minimize.py:500] Iteration completed: Einit 15637.55 Efinal -24106.72 Time 81.69 s num residue violations 0 num residue exclusions 4 
sh: /mpcdf/soft/SLE_15/packages/x86_64/alphafold/2.2.0/lib/libtinfo.so.6: no version information available (required by /lib64/libreadline.so.7)
sh: /mpcdf/soft/SLE_15/packages/x86_64/alphafold/2.2.0/lib/libtinfo.so.6: no version information available (required by /lib64/libreadline.so.7)
I0114 20:51:23.345564 23313446156096 amber_minimize.py:177] alterations info: {'nonstandard_residues': [], 'removed_heterogens': set(), 'missing_residues': {}, 'missing_heavy_atoms': {}, 'missing_terminals': {<Residue 155 (GLN) of chain 0>: ['OXT'], <Residue 311 (GLN) of chain 1>: ['OXT'], <Residue 467 (GLN) of chain 2>: ['OXT'], <Residue 623 (GLN) of chain 3>: ['OXT'], <Residue 779 (GLN) of chain 4>: ['OXT'], <Residue 935 (GLN) of chain 5>: ['OXT']}, 'Se_in_MET': [], 'removed_chains': {0: []}}
I0114 20:51:26.217027 23313446156096 run_af2c_min.py:110] MYD88-DD_x6 relaxation done, time spent 307.0 seconds, Efinal -24106.72, rmsd 0.39
I0114 20:51:26.217157 23313446156096 run_af2c_min.py:88] MYD88-DD_x6 processing model_5_multimer_v2_p1_230114_388932.pdb
sh: /mpcdf/soft/SLE_15/packages/x86_64/alphafold/2.2.0/lib/libtinfo.so.6: no version information available (required by /lib64/libreadline.so.7)
sh: /mpcdf/soft/SLE_15/packages/x86_64/alphafold/2.2.0/lib/libtinfo.so.6: no version information available (required by /lib64/libreadline.so.7)
I0114 20:51:30.522604 23313446156096 amber_minimize.py:177] alterations info: {'nonstandard_residues': [], 'removed_heterogens': set(), 'missing_residues': {}, 'missing_heavy_atoms': {}, 'missing_terminals': {<Residue 155 (GLN) of chain 0>: ['OXT'], <Residue 311 (GLN) of chain 1>: ['OXT'], <Residue 467 (GLN) of chain 2>: ['OXT'], <Residue 623 (GLN) of chain 3>: ['OXT'], <Residue 779 (GLN) of chain 4>: ['OXT'], <Residue 935 (GLN) of chain 5>: ['OXT']}, 'Se_in_MET': [], 'removed_chains': {0: []}}
I0114 20:51:31.876931 23313446156096 amber_minimize.py:408] Minimizing protein, attempt 1 of 100.
I0114 20:51:33.312621 23313446156096 amber_minimize.py:69] Restraining 7326 / 14742 particles.
sh: /mpcdf/soft/SLE_15/packages/x86_64/alphafold/2.2.0/lib/libtinfo.so.6: no version information available (required by /lib64/libreadline.so.7)
I0114 20:53:06.206264 23313446156096 amber_minimize.py:177] alterations info: {'nonstandard_residues': [], 'removed_heterogens': set(), 'missing_residues': {}, 'missing_heavy_atoms': {}, 'missing_terminals': {}, 'Se_in_MET': [], 'removed_chains': {0: []}}
I0114 20:53:10.491426 23313446156096 amber_minimize.py:500] Iteration completed: Einit 106598.37 Efinal -20155.05 Time 90.32 s num residue violations 6 num residue exclusions 0 
I0114 20:53:10.492324 23313446156096 amber_minimize.py:408] Minimizing protein, attempt 1 of 100.
I0114 20:53:11.934026 23313446156096 amber_minimize.py:69] Restraining 7284 / 14742 particles.
sh: /mpcdf/soft/SLE_15/packages/x86_64/alphafold/2.2.0/lib/libtinfo.so.6: no version information available (required by /lib64/libreadline.so.7)
I0114 20:54:53.456619 23313446156096 amber_minimize.py:177] alterations info: {'nonstandard_residues': [], 'removed_heterogens': set(), 'missing_residues': {}, 'missing_heavy_atoms': {}, 'missing_terminals': {}, 'Se_in_MET': [], 'removed_chains': {0: []}}
I0114 20:54:57.718048 23313446156096 amber_minimize.py:500] Iteration completed: Einit 31774.31 Efinal -22811.04 Time 98.99 s num residue violations 2 num residue exclusions 6 
I0114 20:54:57.718697 23313446156096 amber_minimize.py:408] Minimizing protein, attempt 1 of 100.
I0114 20:54:59.134383 23313446156096 amber_minimize.py:69] Restraining 7269 / 14742 particles.
sh: /mpcdf/soft/SLE_15/packages/x86_64/alphafold/2.2.0/lib/libtinfo.so.6: no version information available (required by /lib64/libreadline.so.7)
I0114 20:56:23.097399 23313446156096 amber_minimize.py:177] alterations info: {'nonstandard_residues': [], 'removed_heterogens': set(), 'missing_residues': {}, 'missing_heavy_atoms': {}, 'missing_terminals': {}, 'Se_in_MET': [], 'removed_chains': {0: []}}
I0114 20:56:27.436539 23313446156096 amber_minimize.py:500] Iteration completed: Einit 23337.64 Efinal -23705.01 Time 81.35 s num residue violations 2 num residue exclusions 8 
sh: /mpcdf/soft/SLE_15/packages/x86_64/alphafold/2.2.0/lib/libtinfo.so.6: no version information available (required by /lib64/libreadline.so.7)
sh: /mpcdf/soft/SLE_15/packages/x86_64/alphafold/2.2.0/lib/libtinfo.so.6: no version information available (required by /lib64/libreadline.so.7)
I0114 20:56:31.763188 23313446156096 amber_minimize.py:177] alterations info: {'nonstandard_residues': [], 'removed_heterogens': set(), 'missing_residues': {}, 'missing_heavy_atoms': {}, 'missing_terminals': {<Residue 155 (GLN) of chain 0>: ['OXT'], <Residue 311 (GLN) of chain 1>: ['OXT'], <Residue 467 (GLN) of chain 2>: ['OXT'], <Residue 623 (GLN) of chain 3>: ['OXT'], <Residue 779 (GLN) of chain 4>: ['OXT'], <Residue 935 (GLN) of chain 5>: ['OXT']}, 'Se_in_MET': [], 'removed_chains': {0: []}}
I0114 20:56:34.657078 23313446156096 run_af2c_min.py:110] MYD88-DD_x6 relaxation done, time spent 307.9 seconds, Efinal -23705.01, rmsd 0.38
I0114 20:56:34.657209 23313446156096 run_af2c_min.py:88] MYD88-DD_x6 processing model_4_multimer_v2_p1_230114_330261.pdb
sh: /mpcdf/soft/SLE_15/packages/x86_64/alphafold/2.2.0/lib/libtinfo.so.6: no version information available (required by /lib64/libreadline.so.7)
sh: /mpcdf/soft/SLE_15/packages/x86_64/alphafold/2.2.0/lib/libtinfo.so.6: no version information available (required by /lib64/libreadline.so.7)
I0114 20:56:39.119364 23313446156096 amber_minimize.py:177] alterations info: {'nonstandard_residues': [], 'removed_heterogens': set(), 'missing_residues': {}, 'missing_heavy_atoms': {}, 'missing_terminals': {<Residue 155 (GLN) of chain 0>: ['OXT'], <Residue 311 (GLN) of chain 1>: ['OXT'], <Residue 467 (GLN) of chain 2>: ['OXT'], <Residue 623 (GLN) of chain 3>: ['OXT'], <Residue 779 (GLN) of chain 4>: ['OXT'], <Residue 935 (GLN) of chain 5>: ['OXT']}, 'Se_in_MET': [], 'removed_chains': {0: []}}
I0114 20:56:40.482689 23313446156096 amber_minimize.py:408] Minimizing protein, attempt 1 of 100.
I0114 20:56:41.923692 23313446156096 amber_minimize.py:69] Restraining 7326 / 14742 particles.
sh: /mpcdf/soft/SLE_15/packages/x86_64/alphafold/2.2.0/lib/libtinfo.so.6: no version information available (required by /lib64/libreadline.so.7)
I0114 20:58:20.528467 23313446156096 amber_minimize.py:177] alterations info: {'nonstandard_residues': [], 'removed_heterogens': set(), 'missing_residues': {}, 'missing_heavy_atoms': {}, 'missing_terminals': {}, 'Se_in_MET': [], 'removed_chains': {0: []}}
I0114 20:58:24.810534 23313446156096 amber_minimize.py:500] Iteration completed: Einit 510102530227.73 Efinal -19174.23 Time 96.09 s num residue violations 0 num residue exclusions 0 
sh: /mpcdf/soft/SLE_15/packages/x86_64/alphafold/2.2.0/lib/libtinfo.so.6: no version information available (required by /lib64/libreadline.so.7)
sh: /mpcdf/soft/SLE_15/packages/x86_64/alphafold/2.2.0/lib/libtinfo.so.6: no version information available (required by /lib64/libreadline.so.7)
I0114 20:58:29.055623 23313446156096 amber_minimize.py:177] alterations info: {'nonstandard_residues': [], 'removed_heterogens': set(), 'missing_residues': {}, 'missing_heavy_atoms': {}, 'missing_terminals': {<Residue 155 (GLN) of chain 0>: ['OXT'], <Residue 311 (GLN) of chain 1>: ['OXT'], <Residue 467 (GLN) of chain 2>: ['OXT'], <Residue 623 (GLN) of chain 3>: ['OXT'], <Residue 779 (GLN) of chain 4>: ['OXT'], <Residue 935 (GLN) of chain 5>: ['OXT']}, 'Se_in_MET': [], 'removed_chains': {0: []}}
I0114 20:58:31.894975 23313446156096 run_af2c_min.py:110] MYD88-DD_x6 relaxation done, time spent 116.8 seconds, Efinal -19174.23, rmsd 0.46
I0114 20:58:31.895095 23313446156096 run_af2c_min.py:88] MYD88-DD_x6 processing model_3_multimer_v2_p1_230114_886114.pdb
sh: /mpcdf/soft/SLE_15/packages/x86_64/alphafold/2.2.0/lib/libtinfo.so.6: no version information available (required by /lib64/libreadline.so.7)
sh: /mpcdf/soft/SLE_15/packages/x86_64/alphafold/2.2.0/lib/libtinfo.so.6: no version information available (required by /lib64/libreadline.so.7)
I0114 20:58:36.156126 23313446156096 amber_minimize.py:177] alterations info: {'nonstandard_residues': [], 'removed_heterogens': set(), 'missing_residues': {}, 'missing_heavy_atoms': {}, 'missing_terminals': {<Residue 155 (GLN) of chain 0>: ['OXT'], <Residue 311 (GLN) of chain 1>: ['OXT'], <Residue 467 (GLN) of chain 2>: ['OXT'], <Residue 623 (GLN) of chain 3>: ['OXT'], <Residue 779 (GLN) of chain 4>: ['OXT'], <Residue 935 (GLN) of chain 5>: ['OXT']}, 'Se_in_MET': [], 'removed_chains': {0: []}}
I0114 20:58:37.553421 23313446156096 amber_minimize.py:408] Minimizing protein, attempt 1 of 100.
I0114 20:58:38.990698 23313446156096 amber_minimize.py:69] Restraining 7326 / 14742 particles.
sh: /mpcdf/soft/SLE_15/packages/x86_64/alphafold/2.2.0/lib/libtinfo.so.6: no version information available (required by /lib64/libreadline.so.7)
I0114 21:00:08.517027 23313446156096 amber_minimize.py:177] alterations info: {'nonstandard_residues': [], 'removed_heterogens': set(), 'missing_residues': {}, 'missing_heavy_atoms': {}, 'missing_terminals': {}, 'Se_in_MET': [], 'removed_chains': {0: []}}
I0114 21:00:12.761103 23313446156096 amber_minimize.py:500] Iteration completed: Einit 145644.44 Efinal -18595.47 Time 87.29 s num residue violations 8 num residue exclusions 0 
I0114 21:00:12.761722 23313446156096 amber_minimize.py:408] Minimizing protein, attempt 1 of 100.
I0114 21:00:14.194136 23313446156096 amber_minimize.py:69] Restraining 7264 / 14742 particles.
sh: /mpcdf/soft/SLE_15/packages/x86_64/alphafold/2.2.0/lib/libtinfo.so.6: no version information available (required by /lib64/libreadline.so.7)
I0114 21:02:19.937002 23313446156096 amber_minimize.py:177] alterations info: {'nonstandard_residues': [], 'removed_heterogens': set(), 'missing_residues': {}, 'missing_heavy_atoms': {}, 'missing_terminals': {}, 'Se_in_MET': [], 'removed_chains': {0: []}}
I0114 21:02:24.193320 23313446156096 amber_minimize.py:500] Iteration completed: Einit 475000.54 Efinal -21327.73 Time 123.21 s num residue violations 2 num residue exclusions 8 
I0114 21:02:24.193938 23313446156096 amber_minimize.py:408] Minimizing protein, attempt 1 of 100.
I0114 21:02:25.665570 23313446156096 amber_minimize.py:69] Restraining 7264 / 14742 particles.
sh: /mpcdf/soft/SLE_15/packages/x86_64/alphafold/2.2.0/lib/libtinfo.so.6: no version information available (required by /lib64/libreadline.so.7)
I0114 21:03:49.333352 23313446156096 amber_minimize.py:177] alterations info: {'nonstandard_residues': [], 'removed_heterogens': set(), 'missing_residues': {}, 'missing_heavy_atoms': {}, 'missing_terminals': {}, 'Se_in_MET': [], 'removed_chains': {0: []}}
I0114 21:03:53.672573 23313446156096 amber_minimize.py:500] Iteration completed: Einit 30693.15 Efinal -22328.98 Time 81.26 s num residue violations 2 num residue exclusions 8 
sh: /mpcdf/soft/SLE_15/packages/x86_64/alphafold/2.2.0/lib/libtinfo.so.6: no version information available (required by /lib64/libreadline.so.7)
sh: /mpcdf/soft/SLE_15/packages/x86_64/alphafold/2.2.0/lib/libtinfo.so.6: no version information available (required by /lib64/libreadline.so.7)
I0114 21:03:57.884194 23313446156096 amber_minimize.py:177] alterations info: {'nonstandard_residues': [], 'removed_heterogens': set(), 'missing_residues': {}, 'missing_heavy_atoms': {}, 'missing_terminals': {<Residue 155 (GLN) of chain 0>: ['OXT'], <Residue 311 (GLN) of chain 1>: ['OXT'], <Residue 467 (GLN) of chain 2>: ['OXT'], <Residue 623 (GLN) of chain 3>: ['OXT'], <Residue 779 (GLN) of chain 4>: ['OXT'], <Residue 935 (GLN) of chain 5>: ['OXT']}, 'Se_in_MET': [], 'removed_chains': {0: []}}
I0114 21:04:00.813809 23313446156096 run_af2c_min.py:110] MYD88-DD_x6 relaxation done, time spent 328.5 seconds, Efinal -22328.98, rmsd 0.40
                                  
================================= 
Global information about the job: 
================================= 
  
Job owner: flobnow(42847)
Job name:  6_RLX
Node list: ravg1044
Job start: Sat Jan 14 20:41:54 CET 2023
Job end:   Sat Jan 14 21:04:01 CET 2023
Work dir:  /raven/u/flobnow/fluffyAlpaca/scripts/myRuns/MYD88-DD
Command:   /raven/u/flobnow/fluffyAlpaca/scripts/myRuns/MYD88-DD/script3_relaxation.sh
  
  
  
==========================================================================================
Information on jobsteps (Note: MaxRSS/AveRSS is the maximum/average over all 
tasks of the per-task memory high-water marks; cf. "man sacct"): 
==========================================================================================
  
JobID            JobName NNodes NTasks  NCPUS        0.00M        0.00M    Elapsed ExitCode
------------- ---------- ------ ------ ------ ------------ ------------ ---------- --------
3880816            6_RLX      1           108                             00:22:07      0:0
3880816.0        python3      1      1    108    14382.51M    14382.51M   00:22:03      0:0
  
Maximum memory per node: 15.081157 GB (defined as MaxRSS*Ntasks/NNodes)
CPU utilization: 82.7 %
  
