Info: input file name is MYD88-DD
Info: input target list is /u/flobnow/fluffyAlpaca/scripts/myRuns/MYD88-DD/target.lst
Info: input feature directory is /u/flobnow/fluffyAlpaca/feature_files
Info: result output directory is /u/flobnow/fluffyAlpaca/output_files
Info: model preset is multimer_np
Info: msa pairing is all
Info: recycling setting is 1
/bin/sh: /mpcdf/soft/SLE_15/packages/x86_64/alphafold/2.2.0/lib/libtinfo.so.6: no version information available (required by /lib64/libreadline.so.7)
Info: using preset super2
Info: set num_ensemble = 2
Info: set max_recyles = 20
Info: set recycle_tol = 0.1
Info: mas_pairing mode is all
I0114 20:06:59.633507 23322434778944 tpu_client.py:54] Starting the local TPU driver.
I0114 20:06:59.698605 23322434778944 xla_bridge.py:212] Unable to initialize backend 'tpu_driver': Not found: Unable to find driver in registry given worker: local://
I0114 20:07:00.016684 23322434778944 xla_bridge.py:212] Unable to initialize backend 'tpu': Invalid argument: TpuPlatform is not available.
I0114 20:07:03.443157 23322434778944 run_af2c_mod.py:482] Have 1 models: ['model_3_multimer_v2_p1']
Info: working on target MYD88-DD_x6
I0114 20:07:09.449400 23322434778944 run_af2c_mod.py:512] Using random seed 7878182405609886114 for the data pipeline
Info: MYD88-DD_x6 found monomer MYD88-DD msa_depth = 1611, seq_len = 156, num_templ = 20
Info: MYD88-DD reducing the number of structural templates to 4
Info: 6 chain(s) to model {'A': 'MYD88-DD_1', 'B': 'MYD88-DD_1', 'C': 'MYD88-DD_1', 'D': 'MYD88-DD_1', 'E': 'MYD88-DD_1', 'F': 'MYD88-DD_1'}
Info: modeling MYD88-DD_x6 with msa_depth = 1611, seq_len = 936, num_templ = 24
I0114 20:07:10.283296 23322434778944 run_af2c_mod.py:216] Running model model_3_multimer_v2_p1_230114_886114
I0114 20:07:10.283835 23322434778944 model.py:206] Running predict with shape(feat) = {'msa': (1611, 936), 'bert_mask': (1611, 936), 'num_alignments': (), 'aatype': (936,), 'seq_length': (), 'template_aatype': (24, 936), 'template_all_atom_mask': (24, 936, 37), 'template_all_atom_positions': (24, 936, 37, 3), 'all_atom_positions': (936, 37, 3), 'template_domain_names': (24,), 'asym_id': (936,), 'sym_id': (936,), 'entity_id': (936,), 'residue_index': (936,), 'deletion_matrix': (1611, 936), 'seq_mask': (936,), 'msa_mask': (1611, 936), 'cluster_bias_mask': (1611,), 'pdb_residue_index': (936,)}
I0114 20:39:37.554126 23322434778944 run_af2c_mod.py:271] Total JAX model model_3_multimer_v2_p1_230114_886114 predict time (includes compilation time): 1947.3 seconds
Info: MYD88-DD_x6 model_3_multimer_v2_p1_230114_886114_recycled_00,  tol =   inf, pLDDT = 62.90, pTM-score = 0.2947, piTM-score = 0.0348, interface-score = 0.0053, iRes = 20   iCnt = 13  
Info: MYD88-DD_x6 model_3_multimer_v2_p1_230114_886114_recycled_01,  tol = 69.54, pLDDT = 63.26, pTM-score = 0.3430, piTM-score = 0.2996, interface-score = 0.1877, iRes = 58   iCnt = 49  
Info: MYD88-DD_x6 model_3_multimer_v2_p1_230114_886114_recycled_02,  tol =  9.47, pLDDT = 62.00, pTM-score = 0.3201, piTM-score = 0.2610, interface-score = 0.1503, iRes = 51   iCnt = 42  
Info: MYD88-DD_x6 model_3_multimer_v2_p1_230114_886114_recycled_03,  tol =  6.00, pLDDT = 61.56, pTM-score = 0.3004, piTM-score = 0.1663, interface-score = 0.0699, iRes = 34   iCnt = 24  
Info: MYD88-DD_x6 model_3_multimer_v2_p1_230114_886114_recycled_04,  tol =  7.14, pLDDT = 61.08, pTM-score = 0.2583, piTM-score = 0.1280, interface-score = 0.0347, iRes = 28   iCnt = 20  
Info: MYD88-DD_x6 model_3_multimer_v2_p1_230114_886114_recycled_05,  tol = 14.77, pLDDT = 61.77, pTM-score = 0.2627, piTM-score = 0.1892, interface-score = 0.0520, iRes = 32   iCnt = 24  
Info: MYD88-DD_x6 model_3_multimer_v2_p1_230114_886114_recycled_06,  tol = 11.62, pLDDT = 63.98, pTM-score = 0.2469, piTM-score = 0.0126, interface-score = 0.0009, iRes = 8    iCnt = 5   
Info: MYD88-DD_x6 model_3_multimer_v2_p1_230114_886114_recycled_07,  tol =  7.74, pLDDT = 63.30, pTM-score = 0.2775, piTM-score = 0.1840, interface-score = 0.0801, iRes = 43   iCnt = 35  
Info: MYD88-DD_x6 model_3_multimer_v2_p1_230114_886114_recycled_08,  tol =  8.28, pLDDT = 63.83, pTM-score = 0.2527, piTM-score = 0.0261, interface-score = 0.0032, iRes = 18   iCnt = 12  
Info: MYD88-DD_x6 model_3_multimer_v2_p1_230114_886114_recycled_09,  tol =  6.79, pLDDT = 64.38, pTM-score = 0.2932, piTM-score = 0.1688, interface-score = 0.1139, iRes = 50   iCnt = 43  
Info: MYD88-DD_x6 model_3_multimer_v2_p1_230114_886114_recycled_10,  tol =  5.95, pLDDT = 64.10, pTM-score = 0.2754, piTM-score = 0.1089, interface-score = 0.0474, iRes = 36   iCnt = 24  
Info: MYD88-DD_x6 model_3_multimer_v2_p1_230114_886114_recycled_11,  tol =  2.64, pLDDT = 65.09, pTM-score = 0.2991, piTM-score = 0.1413, interface-score = 0.0696, iRes = 38   iCnt = 27  
Info: MYD88-DD_x6 model_3_multimer_v2_p1_230114_886114_recycled_12,  tol =  6.77, pLDDT = 64.80, pTM-score = 0.2979, piTM-score = 0.1491, interface-score = 0.0720, iRes = 39   iCnt = 28  
Info: MYD88-DD_x6 model_3_multimer_v2_p1_230114_886114_recycled_13,  tol =  7.28, pLDDT = 64.93, pTM-score = 0.3054, piTM-score = 0.1503, interface-score = 0.0764, iRes = 39   iCnt = 28  
Info: MYD88-DD_x6 model_3_multimer_v2_p1_230114_886114_recycled_14,  tol =  5.50, pLDDT = 65.23, pTM-score = 0.3178, piTM-score = 0.1551, interface-score = 0.0855, iRes = 39   iCnt = 27  
Info: MYD88-DD_x6 model_3_multimer_v2_p1_230114_886114_recycled_15,  tol =  3.51, pLDDT = 64.24, pTM-score = 0.2949, piTM-score = 0.1384, interface-score = 0.0640, iRes = 37   iCnt = 25  
Info: MYD88-DD_x6 model_3_multimer_v2_p1_230114_886114_recycled_16,  tol =  5.07, pLDDT = 65.18, pTM-score = 0.3207, piTM-score = 0.1557, interface-score = 0.0898, iRes = 39   iCnt = 27  
Info: MYD88-DD_x6 model_3_multimer_v2_p1_230114_886114_recycled_17,  tol =  5.45, pLDDT = 64.50, pTM-score = 0.3108, piTM-score = 0.1515, interface-score = 0.0842, iRes = 39   iCnt = 27  
Info: MYD88-DD_x6 model_3_multimer_v2_p1_230114_886114_recycled_18,  tol =  6.50, pLDDT = 64.07, pTM-score = 0.3009, piTM-score = 0.1417, interface-score = 0.0707, iRes = 38   iCnt = 26  
Info: MYD88-DD_x6 model_3_multimer_v2_p1_230114_886114_recycled_19,  tol =  4.45, pLDDT = 64.47, pTM-score = 0.3015, piTM-score = 0.1423, interface-score = 0.0689, iRes = 38   iCnt = 26  
Info: MYD88-DD_x6 model_3_multimer_v2_p1_230114_886114 performed 20 recycles, final tol = 4.75, pLDDT = 64.25, pTM-score = 0.3020, piTM-score = 0.1420, interface-score = 0.0710, iRes = 38   iCnt = 27  
Info: num_clusters = 6, cluster_sizes = [1, 1, 1, 1, 1, 1],  clusters = [['MYD88-DD_0'], ['MYD88-DD_1'], ['MYD88-DD_2'], ['MYD88-DD_3'], ['MYD88-DD_4'], ['MYD88-DD_5']]

I0114 20:39:41.815395 23322434778944 run_af2c_mod.py:404] Final timings for MYD88-DD_x6: {'features': 0.83, 'process_features_model_3_multimer_v2_p1_230114_886114': 0.0, 'predict_and_compile_model_3_multimer_v2_p1_230114_886114': 1947.3}
                                  
================================= 
Global information about the job: 
================================= 
  
Job owner: flobnow(42847)
Job name:  3_AF2C
Node list: ravg1004
Job start: Sat Jan 14 20:06:32 CET 2023
Job end:   Sat Jan 14 20:39:44 CET 2023
Work dir:  /raven/u/flobnow/fluffyAlpaca/scripts/myRuns/MYD88-DD
Command:   /raven/u/flobnow/fluffyAlpaca/scripts/myRuns/MYD88-DD/script2_comp_model_3.sh
  
  
  
==========================================================================================
Information on jobsteps (Note: MaxRSS/AveRSS is the maximum/average over all 
tasks of the per-task memory high-water marks; cf. "man sacct"): 
==========================================================================================
  
JobID            JobName NNodes NTasks  NCPUS        0.00M        0.00M    Elapsed ExitCode
------------- ---------- ------ ------ ------ ------------ ------------ ---------- --------
3880813           3_AF2C      1           108                             00:33:12      0:0
3880813.0        python3      1      1    108    35496.75M    35496.75M   00:33:05      0:0
  
Maximum memory per node: 37.221044 GB (defined as MaxRSS*Ntasks/NNodes)
CPU utilization: 1.9 %
  
