Info: input file name is MYD88_COMPLEX
Info: input target list is /u/flobnow/fluffyAlpaca/scripts/myRuns/MYD88_COMPLEX/target.lst
Info: input feature directory is /u/flobnow/fluffyAlpaca/feature_files
Info: result output directory is /u/flobnow/fluffyAlpaca/output_files
Info: model preset is multimer_np
Info: msa pairing is all
Info: recycling setting is 1
/bin/sh: /mpcdf/soft/SLE_15/packages/x86_64/alphafold/2.2.0/lib/libtinfo.so.6: no version information available (required by /lib64/libreadline.so.7)
Info: using preset super2
Info: set num_ensemble = 2
Info: set max_recyles = 20
Info: set recycle_tol = 0.1
Info: mas_pairing mode is all
I0114 23:04:16.146306 22661153187648 tpu_client.py:54] Starting the local TPU driver.
I0114 23:04:16.146664 22661153187648 xla_bridge.py:212] Unable to initialize backend 'tpu_driver': Not found: Unable to find driver in registry given worker: local://
I0114 23:04:16.527649 22661153187648 xla_bridge.py:212] Unable to initialize backend 'tpu': Invalid argument: TpuPlatform is not available.
I0114 23:04:20.033321 22661153187648 run_af2c_mod.py:482] Have 1 models: ['model_1_multimer_v2_p1']
Info: working on target IL1R_x1+IL1AP_x1+MYD88_x6
I0114 23:04:21.034547 22661153187648 run_af2c_mod.py:512] Using random seed 4526167781937368983 for the data pipeline
Info: IL1R_x1+IL1AP_x1+MYD88_x6 found monomer IL1R msa_depth = 13158, seq_len = 576, num_templ = 20
Info: IL1R MSA size is too large, reducing to 10000
Info: IL1R reducing the number of structural templates to 4
Info: IL1R_x1+IL1AP_x1+MYD88_x6 found monomer IL1AP msa_depth = 11997, seq_len = 570, num_templ = 20
Info: IL1AP MSA size is too large, reducing to 10000
Info: IL1AP reducing the number of structural templates to 4
Info: IL1R_x1+IL1AP_x1+MYD88_x6 found monomer MYD88 msa_depth = 5045, seq_len = 296, num_templ = 20
Info: MYD88 reducing the number of structural templates to 4
Info: 8 chain(s) to model {'A': 'IL1R_1', 'B': 'IL1AP_1', 'C': 'MYD88_1', 'D': 'MYD88_1', 'E': 'MYD88_1', 'F': 'MYD88_1', 'G': 'MYD88_1', 'H': 'MYD88_1'}
Info: modeling IL1R_x1+IL1AP_x1+MYD88_x6 with msa_depth = 14999, seq_len = 2922, num_templ = 32
I0114 23:04:25.028988 22661153187648 run_af2c_mod.py:216] Running model model_1_multimer_v2_p1_230114_368983
I0114 23:04:25.029552 22661153187648 model.py:206] Running predict with shape(feat) = {'msa': (14999, 2922), 'bert_mask': (14999, 2922), 'num_alignments': (), 'aatype': (2922,), 'seq_length': (), 'template_aatype': (32, 2922), 'template_all_atom_mask': (32, 2922, 37), 'template_all_atom_positions': (32, 2922, 37, 3), 'all_atom_positions': (2922, 37, 3), 'template_domain_names': (32,), 'asym_id': (2922,), 'sym_id': (2922,), 'entity_id': (2922,), 'residue_index': (2922,), 'deletion_matrix': (14999, 2922), 'seq_mask': (2922,), 'msa_mask': (14999, 2922), 'cluster_bias_mask': (14999,), 'pdb_residue_index': (2922,)}
I0115 09:49:03.718851 22661153187648 run_af2c_mod.py:271] Total JAX model model_1_multimer_v2_p1_230114_368983 predict time (includes compilation time): 38678.7 seconds
Info: IL1R_x1+IL1AP_x1+MYD88_x6 model_1_multimer_v2_p1_230114_368983_recycled_00,  tol =   inf, pLDDT = 62.53, pTM-score = 0.2911, piTM-score = 0.2012, interface-score = 0.1969, iRes = 54   iCnt = 43  
Info: IL1R_x1+IL1AP_x1+MYD88_x6 model_1_multimer_v2_p1_230114_368983_recycled_01,  tol = 146.48, pLDDT = 64.49, pTM-score = 0.3044, piTM-score = 0.1627, interface-score = 0.0341, iRes = 30   iCnt = 23  
Info: IL1R_x1+IL1AP_x1+MYD88_x6 model_1_multimer_v2_p1_230114_368983_recycled_02,  tol = 54.71, pLDDT = 64.79, pTM-score = 0.2901, piTM-score = 0.1589, interface-score = 0.1055, iRes = 36   iCnt = 32  
Info: IL1R_x1+IL1AP_x1+MYD88_x6 model_1_multimer_v2_p1_230114_368983_recycled_03,  tol = 25.16, pLDDT = 65.16, pTM-score = 0.2918, piTM-score = 0.2145, interface-score = 0.1870, iRes = 46   iCnt = 38  
Info: IL1R_x1+IL1AP_x1+MYD88_x6 model_1_multimer_v2_p1_230114_368983_recycled_04,  tol = 51.32, pLDDT = 64.63, pTM-score = 0.2991, piTM-score = 0.2656, interface-score = 0.1832, iRes = 45   iCnt = 42  
Info: IL1R_x1+IL1AP_x1+MYD88_x6 model_1_multimer_v2_p1_230114_368983_recycled_05,  tol = 58.52, pLDDT = 64.38, pTM-score = 0.3051, piTM-score = 0.2033, interface-score = 0.1358, iRes = 105  iCnt = 130 
Info: IL1R_x1+IL1AP_x1+MYD88_x6 model_1_multimer_v2_p1_230114_368983_recycled_06,  tol = 43.06, pLDDT = 64.51, pTM-score = 0.3186, piTM-score = 0.2206, interface-score = 0.1777, iRes = 109  iCnt = 119 
Info: IL1R_x1+IL1AP_x1+MYD88_x6 model_1_multimer_v2_p1_230114_368983_recycled_07,  tol = 39.69, pLDDT = 65.62, pTM-score = 0.3292, piTM-score = 0.2794, interface-score = 0.1726, iRes = 36   iCnt = 30  
Info: IL1R_x1+IL1AP_x1+MYD88_x6 model_1_multimer_v2_p1_230114_368983_recycled_08,  tol = 80.58, pLDDT = 66.26, pTM-score = 0.3512, piTM-score = 0.3217, interface-score = 0.3515, iRes = 195  iCnt = 214 
Info: IL1R_x1+IL1AP_x1+MYD88_x6 model_1_multimer_v2_p1_230114_368983_recycled_09,  tol = 82.37, pLDDT = 66.82, pTM-score = 0.3431, piTM-score = 0.3559, interface-score = 0.3591, iRes = 258  iCnt = 426 
Info: IL1R_x1+IL1AP_x1+MYD88_x6 model_1_multimer_v2_p1_230114_368983_recycled_10,  tol = 24.82, pLDDT = 66.15, pTM-score = 0.3178, piTM-score = 0.1192, interface-score = 0.1084, iRes = 32   iCnt = 21  
Info: IL1R_x1+IL1AP_x1+MYD88_x6 model_1_multimer_v2_p1_230114_368983_recycled_11,  tol = 58.59, pLDDT = 66.60, pTM-score = 0.3265, piTM-score = 0.1714, interface-score = 0.1819, iRes = 37   iCnt = 25  
Info: IL1R_x1+IL1AP_x1+MYD88_x6 model_1_multimer_v2_p1_230114_368983_recycled_12,  tol = 19.38, pLDDT = 64.31, pTM-score = 0.3290, piTM-score = 0.2882, interface-score = 0.3237, iRes = 137  iCnt = 170 
Info: IL1R_x1+IL1AP_x1+MYD88_x6 model_1_multimer_v2_p1_230114_368983_recycled_13,  tol = 32.98, pLDDT = 66.23, pTM-score = 0.3761, piTM-score = 0.4477, interface-score = 0.4289, iRes = 114  iCnt = 107 
Info: IL1R_x1+IL1AP_x1+MYD88_x6 model_1_multimer_v2_p1_230114_368983_recycled_14,  tol = 80.38, pLDDT = 67.00, pTM-score = 0.3947, piTM-score = 0.4744, interface-score = 0.4961, iRes = 162  iCnt = 156 
Info: IL1R_x1+IL1AP_x1+MYD88_x6 model_1_multimer_v2_p1_230114_368983_recycled_15,  tol = 60.76, pLDDT = 67.81, pTM-score = 0.4168, piTM-score = 0.4643, interface-score = 0.5195, iRes = 204  iCnt = 201 
Info: IL1R_x1+IL1AP_x1+MYD88_x6 model_1_multimer_v2_p1_230114_368983_recycled_16,  tol = 36.48, pLDDT = 69.06, pTM-score = 0.4457, piTM-score = 0.5208, interface-score = 0.6081, iRes = 271  iCnt = 305 
Info: IL1R_x1+IL1AP_x1+MYD88_x6 model_1_multimer_v2_p1_230114_368983_recycled_17,  tol =  5.47, pLDDT = 69.60, pTM-score = 0.4555, piTM-score = 0.5285, interface-score = 0.6168, iRes = 293  iCnt = 339 
Info: IL1R_x1+IL1AP_x1+MYD88_x6 model_1_multimer_v2_p1_230114_368983_recycled_18,  tol =  8.14, pLDDT = 69.91, pTM-score = 0.4578, piTM-score = 0.5296, interface-score = 0.6240, iRes = 290  iCnt = 327 
Info: IL1R_x1+IL1AP_x1+MYD88_x6 model_1_multimer_v2_p1_230114_368983_recycled_19,  tol =  7.23, pLDDT = 70.09, pTM-score = 0.4533, piTM-score = 0.5186, interface-score = 0.6174, iRes = 285  iCnt = 314 
Info: IL1R_x1+IL1AP_x1+MYD88_x6 model_1_multimer_v2_p1_230114_368983 performed 20 recycles, final tol = 2.67, pLDDT = 70.03, pTM-score = 0.4553, piTM-score = 0.5307, interface-score = 0.6248, iRes = 294  iCnt = 332 
Info: num_clusters = 1, cluster_sizes = [8],  clusters = [['IL1R_0', 'IL1AP_0', 'MYD88_0', 'MYD88_1', 'MYD88_2', 'MYD88_3', 'MYD88_4', 'MYD88_5']]

I0115 09:49:18.301822 22661153187648 run_af2c_mod.py:404] Final timings for IL1R_x1+IL1AP_x1+MYD88_x6: {'features': 3.99, 'process_features_model_1_multimer_v2_p1_230114_368983': 0.0, 'predict_and_compile_model_1_multimer_v2_p1_230114_368983': 38678.7}
                                  
================================= 
Global information about the job: 
================================= 
  
Job owner: flobnow(42847)
Job name:  1_AF2C
Node list: ravg1172
Job start: Sat Jan 14 23:04:05 CET 2023
Job end:   Sun Jan 15 09:49:31 CET 2023
Work dir:  /raven/u/flobnow/fluffyAlpaca/scripts/myRuns/MYD88_COMPLEX
Command:   /raven/u/flobnow/fluffyAlpaca/scripts/myRuns/MYD88_COMPLEX/script2_comp_model_1.sh
  
  
  
==========================================================================================
Information on jobsteps (Note: MaxRSS/AveRSS is the maximum/average over all 
tasks of the per-task memory high-water marks; cf. "man sacct"): 
==========================================================================================
  
JobID            JobName NNodes NTasks  NCPUS        0.00M        0.00M    Elapsed ExitCode
------------- ---------- ------ ------ ------ ------------ ------------ ---------- --------
3882389           1_AF2C      1           108                             10:45:26      0:0
3882389.0        python3      1      1    108   239755.07M   239755.07M   10:45:23      0:0
  
Maximum memory per node: 251.401407 GB (defined as MaxRSS*Ntasks/NNodes)
CPU utilization: 1.8 %
  
