Info: input file name is MYD88_COMPLEX
Info: input target list is /u/flobnow/fluffyAlpaca/scripts/myRuns/MYD88_COMPLEX/target.lst
Info: input feature directory is /u/flobnow/fluffyAlpaca/feature_files
Info: result output directory is /u/flobnow/fluffyAlpaca/output_files
Info: model preset is multimer_np
Info: msa pairing is all
Info: recycling setting is 1
/bin/sh: /mpcdf/soft/SLE_15/packages/x86_64/alphafold/2.2.0/lib/libtinfo.so.6: no version information available (required by /lib64/libreadline.so.7)
Info: using preset super2
Info: set num_ensemble = 2
Info: set max_recyles = 20
Info: set recycle_tol = 0.1
Info: mas_pairing mode is all
I0114 23:04:16.050614 23210795837248 tpu_client.py:54] Starting the local TPU driver.
I0114 23:04:16.050965 23210795837248 xla_bridge.py:212] Unable to initialize backend 'tpu_driver': Not found: Unable to find driver in registry given worker: local://
I0114 23:04:16.427259 23210795837248 xla_bridge.py:212] Unable to initialize backend 'tpu': Invalid argument: TpuPlatform is not available.
I0114 23:04:19.948283 23210795837248 run_af2c_mod.py:482] Have 1 models: ['model_4_multimer_v2_p1']
Info: working on target IL1R_x1+IL1AP_x1+MYD88_x6
I0114 23:04:19.948444 23210795837248 run_af2c_mod.py:512] Using random seed 592276831134294853 for the data pipeline
Info: IL1R_x1+IL1AP_x1+MYD88_x6 found monomer IL1R msa_depth = 13158, seq_len = 576, num_templ = 20
Info: IL1R MSA size is too large, reducing to 10000
Info: IL1R reducing the number of structural templates to 4
Info: IL1R_x1+IL1AP_x1+MYD88_x6 found monomer IL1AP msa_depth = 11997, seq_len = 570, num_templ = 20
Info: IL1AP MSA size is too large, reducing to 10000
Info: IL1AP reducing the number of structural templates to 4
Info: IL1R_x1+IL1AP_x1+MYD88_x6 found monomer MYD88 msa_depth = 5045, seq_len = 296, num_templ = 20
Info: MYD88 reducing the number of structural templates to 4
Info: 8 chain(s) to model {'A': 'IL1R_1', 'B': 'IL1AP_1', 'C': 'MYD88_1', 'D': 'MYD88_1', 'E': 'MYD88_1', 'F': 'MYD88_1', 'G': 'MYD88_1', 'H': 'MYD88_1'}
Info: modeling IL1R_x1+IL1AP_x1+MYD88_x6 with msa_depth = 14999, seq_len = 2922, num_templ = 32
I0114 23:04:24.249188 23210795837248 run_af2c_mod.py:216] Running model model_4_multimer_v2_p1_230114_294853
I0114 23:04:24.249723 23210795837248 model.py:206] Running predict with shape(feat) = {'msa': (14999, 2922), 'bert_mask': (14999, 2922), 'num_alignments': (), 'aatype': (2922,), 'seq_length': (), 'template_aatype': (32, 2922), 'template_all_atom_mask': (32, 2922, 37), 'template_all_atom_positions': (32, 2922, 37, 3), 'all_atom_positions': (2922, 37, 3), 'template_domain_names': (32,), 'asym_id': (2922,), 'sym_id': (2922,), 'entity_id': (2922,), 'residue_index': (2922,), 'deletion_matrix': (14999, 2922), 'seq_mask': (2922,), 'msa_mask': (14999, 2922), 'cluster_bias_mask': (14999,), 'pdb_residue_index': (2922,)}
I0115 09:45:24.208069 23210795837248 run_af2c_mod.py:271] Total JAX model model_4_multimer_v2_p1_230114_294853 predict time (includes compilation time): 38460.0 seconds
Info: IL1R_x1+IL1AP_x1+MYD88_x6 model_4_multimer_v2_p1_230114_294853_recycled_00,  tol =   inf, pLDDT = 61.39, pTM-score = 0.2809, piTM-score = 0.1429, interface-score = 0.1343, iRes = 44   iCnt = 33  
Info: IL1R_x1+IL1AP_x1+MYD88_x6 model_4_multimer_v2_p1_230114_294853_recycled_01,  tol = 188.82, pLDDT = 62.20, pTM-score = 0.2819, piTM-score = 0.2292, interface-score = 0.2057, iRes = 123  iCnt = 160 
Info: IL1R_x1+IL1AP_x1+MYD88_x6 model_4_multimer_v2_p1_230114_294853_recycled_02,  tol = 30.33, pLDDT = 61.03, pTM-score = 0.2802, piTM-score = 0.1893, interface-score = 0.2218, iRes = 95   iCnt = 81  
Info: IL1R_x1+IL1AP_x1+MYD88_x6 model_4_multimer_v2_p1_230114_294853_recycled_03,  tol = 36.60, pLDDT = 61.09, pTM-score = 0.2816, piTM-score = 0.1824, interface-score = 0.2141, iRes = 121  iCnt = 111 
Info: IL1R_x1+IL1AP_x1+MYD88_x6 model_4_multimer_v2_p1_230114_294853_recycled_04,  tol = 22.37, pLDDT = 61.12, pTM-score = 0.2811, piTM-score = 0.1799, interface-score = 0.1933, iRes = 123  iCnt = 114 
Info: IL1R_x1+IL1AP_x1+MYD88_x6 model_4_multimer_v2_p1_230114_294853_recycled_05,  tol = 12.33, pLDDT = 61.19, pTM-score = 0.2822, piTM-score = 0.1763, interface-score = 0.1915, iRes = 119  iCnt = 108 
Info: IL1R_x1+IL1AP_x1+MYD88_x6 model_4_multimer_v2_p1_230114_294853_recycled_06,  tol =  9.04, pLDDT = 60.92, pTM-score = 0.2890, piTM-score = 0.1659, interface-score = 0.2064, iRes = 132  iCnt = 121 
Info: IL1R_x1+IL1AP_x1+MYD88_x6 model_4_multimer_v2_p1_230114_294853_recycled_07,  tol = 20.98, pLDDT = 61.52, pTM-score = 0.2932, piTM-score = 0.1661, interface-score = 0.2242, iRes = 141  iCnt = 128 
Info: IL1R_x1+IL1AP_x1+MYD88_x6 model_4_multimer_v2_p1_230114_294853_recycled_08,  tol = 24.53, pLDDT = 59.43, pTM-score = 0.2905, piTM-score = 0.1534, interface-score = 0.2313, iRes = 137  iCnt = 119 
Info: IL1R_x1+IL1AP_x1+MYD88_x6 model_4_multimer_v2_p1_230114_294853_recycled_09,  tol = 70.59, pLDDT = 60.61, pTM-score = 0.2875, piTM-score = 0.1639, interface-score = 0.2208, iRes = 108  iCnt = 95  
Info: IL1R_x1+IL1AP_x1+MYD88_x6 model_4_multimer_v2_p1_230114_294853_recycled_10,  tol = 32.86, pLDDT = 60.60, pTM-score = 0.2794, piTM-score = 0.1593, interface-score = 0.1634, iRes = 97   iCnt = 77  
Info: IL1R_x1+IL1AP_x1+MYD88_x6 model_4_multimer_v2_p1_230114_294853_recycled_11,  tol = 18.97, pLDDT = 60.68, pTM-score = 0.2837, piTM-score = 0.1782, interface-score = 0.2032, iRes = 79   iCnt = 73  
Info: IL1R_x1+IL1AP_x1+MYD88_x6 model_4_multimer_v2_p1_230114_294853_recycled_12,  tol = 37.75, pLDDT = 59.90, pTM-score = 0.2881, piTM-score = 0.3001, interface-score = 0.2300, iRes = 127  iCnt = 158 
Info: IL1R_x1+IL1AP_x1+MYD88_x6 model_4_multimer_v2_p1_230114_294853_recycled_13,  tol = 36.15, pLDDT = 59.54, pTM-score = 0.2976, piTM-score = 0.1814, interface-score = 0.2006, iRes = 127  iCnt = 129 
Info: IL1R_x1+IL1AP_x1+MYD88_x6 model_4_multimer_v2_p1_230114_294853_recycled_14,  tol = 24.02, pLDDT = 60.62, pTM-score = 0.3129, piTM-score = 0.2194, interface-score = 0.2408, iRes = 120  iCnt = 114 
Info: IL1R_x1+IL1AP_x1+MYD88_x6 model_4_multimer_v2_p1_230114_294853_recycled_15,  tol = 13.61, pLDDT = 62.13, pTM-score = 0.3473, piTM-score = 0.2776, interface-score = 0.3304, iRes = 185  iCnt = 184 
Info: IL1R_x1+IL1AP_x1+MYD88_x6 model_4_multimer_v2_p1_230114_294853_recycled_16,  tol = 18.67, pLDDT = 62.88, pTM-score = 0.3720, piTM-score = 0.4029, interface-score = 0.4180, iRes = 569  iCnt = 1368
Info: IL1R_x1+IL1AP_x1+MYD88_x6 model_4_multimer_v2_p1_230114_294853_recycled_17,  tol = 36.33, pLDDT = 63.66, pTM-score = 0.3727, piTM-score = 0.4048, interface-score = 0.3972, iRes = 383  iCnt = 697 
Info: IL1R_x1+IL1AP_x1+MYD88_x6 model_4_multimer_v2_p1_230114_294853_recycled_18,  tol = 46.88, pLDDT = 63.96, pTM-score = 0.3755, piTM-score = 0.4100, interface-score = 0.4683, iRes = 208  iCnt = 220 
Info: IL1R_x1+IL1AP_x1+MYD88_x6 model_4_multimer_v2_p1_230114_294853_recycled_19,  tol = 21.67, pLDDT = 63.45, pTM-score = 0.3799, piTM-score = 0.2980, interface-score = 0.3137, iRes = 419  iCnt = 674 
Info: IL1R_x1+IL1AP_x1+MYD88_x6 model_4_multimer_v2_p1_230114_294853 performed 20 recycles, final tol = 25.52, pLDDT = 63.26, pTM-score = 0.3770, piTM-score = 0.4401, interface-score = 0.4917, iRes = 206  iCnt = 215 
Info: num_clusters = 3, cluster_sizes = [1, 1, 6],  clusters = [['IL1R_0'], ['IL1AP_0'], ['MYD88_0', 'MYD88_1', 'MYD88_2', 'MYD88_3', 'MYD88_4', 'MYD88_5']]

I0115 09:45:37.039075 23210795837248 run_af2c_mod.py:404] Final timings for IL1R_x1+IL1AP_x1+MYD88_x6: {'features': 4.3, 'process_features_model_4_multimer_v2_p1_230114_294853': 0.0, 'predict_and_compile_model_4_multimer_v2_p1_230114_294853': 38460.0}
                                  
================================= 
Global information about the job: 
================================= 
  
Job owner: flobnow(42847)
Job name:  4_AF2C
Node list: ravg1075
Job start: Sat Jan 14 23:04:05 CET 2023
Job end:   Sun Jan 15 09:45:49 CET 2023
Work dir:  /raven/u/flobnow/fluffyAlpaca/scripts/myRuns/MYD88_COMPLEX
Command:   /raven/u/flobnow/fluffyAlpaca/scripts/myRuns/MYD88_COMPLEX/script2_comp_model_4.sh
  
  
  
==========================================================================================
Information on jobsteps (Note: MaxRSS/AveRSS is the maximum/average over all 
tasks of the per-task memory high-water marks; cf. "man sacct"): 
==========================================================================================
  
JobID            JobName NNodes NTasks  NCPUS        0.00M        0.00M    Elapsed ExitCode
------------- ---------- ------ ------ ------ ------------ ------------ ---------- --------
3882392           4_AF2C      1           108                             10:41:44      0:0
3882392.0        python3      1      1    108   237709.41M   237709.41M   10:41:41      0:0
  
Maximum memory per node: 249.256387 GB (defined as MaxRSS*Ntasks/NNodes)
CPU utilization: 1.9 %
  
