Info: target file is /u/flobnow/fluffyAlpaca/scripts/myRuns/MYD88_COMPLEX/target.lst
Info: input directory of unrelaxed models is /u/flobnow/fluffyAlpaca/output_files
Info: output directory of relaxed models is /u/flobnow/fluffyAlpaca/output_files
/bin/sh: /mpcdf/soft/SLE_15/packages/x86_64/alphafold/2.2.0/lib/libtinfo.so.6: no version information available (required by /lib64/libreadline.so.7)
I0115 09:51:55.200801 23297806747456 run_af2c_min.py:88] IL1R_x1+IL1AP_x1+MYD88_x6 processing model_1_multimer_v2_p1_230114_368983.pdb
sh: /mpcdf/soft/SLE_15/packages/x86_64/alphafold/2.2.0/lib/libtinfo.so.6: no version information available (required by /lib64/libreadline.so.7)
sh: /mpcdf/soft/SLE_15/packages/x86_64/alphafold/2.2.0/lib/libtinfo.so.6: no version information available (required by /lib64/libreadline.so.7)
I0115 09:52:36.094534 23297806747456 amber_minimize.py:177] alterations info: {'nonstandard_residues': [], 'removed_heterogens': set(), 'missing_residues': {}, 'missing_heavy_atoms': {}, 'missing_terminals': {<Residue 575 (GLY) of chain 0>: ['OXT'], <Residue 1145 (VAL) of chain 1>: ['OXT'], <Residue 1441 (PRO) of chain 2>: ['OXT'], <Residue 1737 (PRO) of chain 3>: ['OXT'], <Residue 2033 (PRO) of chain 4>: ['OXT'], <Residue 2329 (PRO) of chain 5>: ['OXT'], <Residue 2625 (PRO) of chain 6>: ['OXT'], <Residue 2921 (PRO) of chain 7>: ['OXT']}, 'Se_in_MET': [], 'removed_chains': {0: []}}
I0115 09:52:41.073106 23297806747456 amber_minimize.py:408] Minimizing protein, attempt 1 of 100.
I0115 09:52:45.920508 23297806747456 amber_minimize.py:69] Restraining 23543 / 47264 particles.
sh: /mpcdf/soft/SLE_15/packages/x86_64/alphafold/2.2.0/lib/libtinfo.so.6: no version information available (required by /lib64/libreadline.so.7)
I0115 10:11:36.891561 23297806747456 amber_minimize.py:177] alterations info: {'nonstandard_residues': [], 'removed_heterogens': set(), 'missing_residues': {}, 'missing_heavy_atoms': {}, 'missing_terminals': {}, 'Se_in_MET': [], 'removed_chains': {0: []}}
I0115 10:11:41.997491 23297806747456 tpu_client.py:54] Starting the local TPU driver.
I0115 10:11:41.998021 23297806747456 xla_bridge.py:212] Unable to initialize backend 'tpu_driver': Not found: Unable to find driver in registry given worker: local://
I0115 10:11:42.246902 23297806747456 xla_bridge.py:212] Unable to initialize backend 'tpu': Invalid argument: TpuPlatform is not available.
I0115 10:12:33.686600 23297806747456 amber_minimize.py:500] Iteration completed: Einit 126057309221.15 Efinal -56827.81 Time 1099.68 s num residue violations 50 num residue exclusions 0 
I0115 10:12:33.730455 23297806747456 amber_minimize.py:408] Minimizing protein, attempt 1 of 100.
I0115 10:12:38.333815 23297806747456 amber_minimize.py:69] Restraining 23145 / 47264 particles.
sh: /mpcdf/soft/SLE_15/packages/x86_64/alphafold/2.2.0/lib/libtinfo.so.6: no version information available (required by /lib64/libreadline.so.7)
I0115 10:40:17.041141 23297806747456 amber_minimize.py:177] alterations info: {'nonstandard_residues': [], 'removed_heterogens': set(), 'missing_residues': {}, 'missing_heavy_atoms': {}, 'missing_terminals': {}, 'Se_in_MET': [], 'removed_chains': {0: []}}
I0115 10:40:54.119447 23297806747456 amber_minimize.py:500] Iteration completed: Einit 156167.66 Efinal -69614.93 Time 1626.57 s num residue violations 25 num residue exclusions 50 
I0115 10:40:54.120371 23297806747456 amber_minimize.py:408] Minimizing protein, attempt 1 of 100.
I0115 10:40:58.889979 23297806747456 amber_minimize.py:69] Restraining 23130 / 47264 particles.
sh: /mpcdf/soft/SLE_15/packages/x86_64/alphafold/2.2.0/lib/libtinfo.so.6: no version information available (required by /lib64/libreadline.so.7)
I0115 10:56:22.763678 23297806747456 amber_minimize.py:177] alterations info: {'nonstandard_residues': [], 'removed_heterogens': set(), 'missing_residues': {}, 'missing_heavy_atoms': {}, 'missing_terminals': {}, 'Se_in_MET': [], 'removed_chains': {0: []}}
I0115 10:56:57.807905 23297806747456 amber_minimize.py:500] Iteration completed: Einit 76831.48 Efinal -72781.54 Time 893.04 s num residue violations 14 num residue exclusions 52 
sh: /mpcdf/soft/SLE_15/packages/x86_64/alphafold/2.2.0/lib/libtinfo.so.6: no version information available (required by /lib64/libreadline.so.7)
sh: /mpcdf/soft/SLE_15/packages/x86_64/alphafold/2.2.0/lib/libtinfo.so.6: no version information available (required by /lib64/libreadline.so.7)
I0115 10:57:35.589961 23297806747456 amber_minimize.py:177] alterations info: {'nonstandard_residues': [], 'removed_heterogens': set(), 'missing_residues': {}, 'missing_heavy_atoms': {}, 'missing_terminals': {<Residue 575 (GLY) of chain 0>: ['OXT'], <Residue 1145 (VAL) of chain 1>: ['OXT'], <Residue 1441 (PRO) of chain 2>: ['OXT'], <Residue 1737 (PRO) of chain 3>: ['OXT'], <Residue 2033 (PRO) of chain 4>: ['OXT'], <Residue 2329 (PRO) of chain 5>: ['OXT'], <Residue 2625 (PRO) of chain 6>: ['OXT'], <Residue 2921 (PRO) of chain 7>: ['OXT']}, 'Se_in_MET': [], 'removed_chains': {0: []}}
I0115 10:57:45.777106 23297806747456 run_af2c_min.py:110] IL1R_x1+IL1AP_x1+MYD88_x6 relaxation done, time spent 3949.0 seconds, Efinal -72781.54, rmsd 0.39
I0115 10:57:45.777240 23297806747456 run_af2c_min.py:88] IL1R_x1+IL1AP_x1+MYD88_x6 processing model_3_multimer_v2_p1_230114_935371.pdb
sh: /mpcdf/soft/SLE_15/packages/x86_64/alphafold/2.2.0/lib/libtinfo.so.6: no version information available (required by /lib64/libreadline.so.7)
sh: /mpcdf/soft/SLE_15/packages/x86_64/alphafold/2.2.0/lib/libtinfo.so.6: no version information available (required by /lib64/libreadline.so.7)
I0115 10:58:27.775614 23297806747456 amber_minimize.py:177] alterations info: {'nonstandard_residues': [], 'removed_heterogens': set(), 'missing_residues': {}, 'missing_heavy_atoms': {}, 'missing_terminals': {<Residue 575 (GLY) of chain 0>: ['OXT'], <Residue 1145 (VAL) of chain 1>: ['OXT'], <Residue 1441 (PRO) of chain 2>: ['OXT'], <Residue 1737 (PRO) of chain 3>: ['OXT'], <Residue 2033 (PRO) of chain 4>: ['OXT'], <Residue 2329 (PRO) of chain 5>: ['OXT'], <Residue 2625 (PRO) of chain 6>: ['OXT'], <Residue 2921 (PRO) of chain 7>: ['OXT']}, 'Se_in_MET': [], 'removed_chains': {0: []}}
I0115 10:58:32.725460 23297806747456 amber_minimize.py:408] Minimizing protein, attempt 1 of 100.
I0115 10:58:37.499554 23297806747456 amber_minimize.py:69] Restraining 23543 / 47262 particles.
sh: /mpcdf/soft/SLE_15/packages/x86_64/alphafold/2.2.0/lib/libtinfo.so.6: no version information available (required by /lib64/libreadline.so.7)
I0115 11:19:03.880561 23297806747456 amber_minimize.py:177] alterations info: {'nonstandard_residues': [], 'removed_heterogens': set(), 'missing_residues': {}, 'missing_heavy_atoms': {}, 'missing_terminals': {}, 'Se_in_MET': [], 'removed_chains': {0: []}}
I0115 11:19:39.183681 23297806747456 amber_minimize.py:500] Iteration completed: Einit 544512354864521.00 Efinal -47826.52 Time 1194.55 s num residue violations 64 num residue exclusions 0 
I0115 11:19:39.184625 23297806747456 amber_minimize.py:408] Minimizing protein, attempt 1 of 100.
I0115 11:19:43.918012 23297806747456 amber_minimize.py:69] Restraining 23040 / 47262 particles.
