Info: input file name is MYD88_COMPLEX
Info: input target list is /u/flobnow/fluffyAlpaca/scripts/myRuns/MYD88_COMPLEX/target.lst
Info: input feature directory is /u/flobnow/fluffyAlpaca/feature_files
Info: result output directory is /u/flobnow/fluffyAlpaca/output_files
Info: model preset is multimer_np
Info: msa pairing is all
Info: recycling setting is 1
/bin/sh: /mpcdf/soft/SLE_15/packages/x86_64/alphafold/2.2.0/lib/libtinfo.so.6: no version information available (required by /lib64/libreadline.so.7)
Info: using preset super2
Info: set num_ensemble = 2
Info: set max_recyles = 20
Info: set recycle_tol = 0.1
Info: mas_pairing mode is all
I0114 23:04:18.488771 22935564642112 tpu_client.py:54] Starting the local TPU driver.
I0114 23:04:18.489144 22935564642112 xla_bridge.py:212] Unable to initialize backend 'tpu_driver': Not found: Unable to find driver in registry given worker: local://
I0114 23:04:18.898464 22935564642112 xla_bridge.py:212] Unable to initialize backend 'tpu': Invalid argument: TpuPlatform is not available.
I0114 23:04:22.395879 22935564642112 run_af2c_mod.py:482] Have 1 models: ['model_5_multimer_v2_p1']
Info: working on target IL1R_x1+IL1AP_x1+MYD88_x6
I0114 23:04:27.401117 22935564642112 run_af2c_mod.py:512] Using random seed 2741335946113861226 for the data pipeline
Info: IL1R_x1+IL1AP_x1+MYD88_x6 found monomer IL1R msa_depth = 13158, seq_len = 576, num_templ = 20
Info: IL1R MSA size is too large, reducing to 10000
Info: IL1R reducing the number of structural templates to 4
Info: IL1R_x1+IL1AP_x1+MYD88_x6 found monomer IL1AP msa_depth = 11997, seq_len = 570, num_templ = 20
Info: IL1AP MSA size is too large, reducing to 10000
Info: IL1AP reducing the number of structural templates to 4
Info: IL1R_x1+IL1AP_x1+MYD88_x6 found monomer MYD88 msa_depth = 5045, seq_len = 296, num_templ = 20
Info: MYD88 reducing the number of structural templates to 4
Info: 8 chain(s) to model {'A': 'IL1R_1', 'B': 'IL1AP_1', 'C': 'MYD88_1', 'D': 'MYD88_1', 'E': 'MYD88_1', 'F': 'MYD88_1', 'G': 'MYD88_1', 'H': 'MYD88_1'}
Info: modeling IL1R_x1+IL1AP_x1+MYD88_x6 with msa_depth = 14999, seq_len = 2922, num_templ = 32
I0114 23:04:31.365185 22935564642112 run_af2c_mod.py:216] Running model model_5_multimer_v2_p1_230114_861226
I0114 23:04:31.365748 22935564642112 model.py:206] Running predict with shape(feat) = {'msa': (14999, 2922), 'bert_mask': (14999, 2922), 'num_alignments': (), 'aatype': (2922,), 'seq_length': (), 'template_aatype': (32, 2922), 'template_all_atom_mask': (32, 2922, 37), 'template_all_atom_positions': (32, 2922, 37, 3), 'all_atom_positions': (2922, 37, 3), 'template_domain_names': (32,), 'asym_id': (2922,), 'sym_id': (2922,), 'entity_id': (2922,), 'residue_index': (2922,), 'deletion_matrix': (14999, 2922), 'seq_mask': (2922,), 'msa_mask': (14999, 2922), 'cluster_bias_mask': (14999,), 'pdb_residue_index': (2922,)}
I0115 09:47:19.350548 22935564642112 run_af2c_mod.py:271] Total JAX model model_5_multimer_v2_p1_230114_861226 predict time (includes compilation time): 38568.0 seconds
Info: IL1R_x1+IL1AP_x1+MYD88_x6 model_5_multimer_v2_p1_230114_861226_recycled_00,  tol =   inf, pLDDT = 56.33, pTM-score = 0.2752, piTM-score = 0.0547, interface-score = 0.0157, iRes = 23   iCnt = 16  
Info: IL1R_x1+IL1AP_x1+MYD88_x6 model_5_multimer_v2_p1_230114_861226_recycled_01,  tol = 168.90, pLDDT = 57.47, pTM-score = 0.2805, piTM-score = 0.1438, interface-score = 0.1059, iRes = 95   iCnt = 93  
Info: IL1R_x1+IL1AP_x1+MYD88_x6 model_5_multimer_v2_p1_230114_861226_recycled_02,  tol = 42.75, pLDDT = 56.56, pTM-score = 0.3079, piTM-score = 0.2470, interface-score = 0.2660, iRes = 545  iCnt = 995 
Info: IL1R_x1+IL1AP_x1+MYD88_x6 model_5_multimer_v2_p1_230114_861226_recycled_03,  tol = 32.55, pLDDT = 56.16, pTM-score = 0.2966, piTM-score = 0.2146, interface-score = 0.2200, iRes = 227  iCnt = 236 
Info: IL1R_x1+IL1AP_x1+MYD88_x6 model_5_multimer_v2_p1_230114_861226_recycled_04,  tol = 32.48, pLDDT = 57.28, pTM-score = 0.3030, piTM-score = 0.2233, interface-score = 0.2666, iRes = 299  iCnt = 296 
Info: IL1R_x1+IL1AP_x1+MYD88_x6 model_5_multimer_v2_p1_230114_861226_recycled_05,  tol = 24.29, pLDDT = 55.83, pTM-score = 0.3058, piTM-score = 0.2062, interface-score = 0.2857, iRes = 382  iCnt = 473 
Info: IL1R_x1+IL1AP_x1+MYD88_x6 model_5_multimer_v2_p1_230114_861226_recycled_06,  tol = 18.36, pLDDT = 57.54, pTM-score = 0.3035, piTM-score = 0.2805, interface-score = 0.3295, iRes = 572  iCnt = 1256
Info: IL1R_x1+IL1AP_x1+MYD88_x6 model_5_multimer_v2_p1_230114_861226_recycled_07,  tol = 20.23, pLDDT = 56.77, pTM-score = 0.3015, piTM-score = 0.2751, interface-score = 0.2959, iRes = 493  iCnt = 772 
Info: IL1R_x1+IL1AP_x1+MYD88_x6 model_5_multimer_v2_p1_230114_861226_recycled_08,  tol = 13.49, pLDDT = 56.20, pTM-score = 0.2976, piTM-score = 0.2286, interface-score = 0.2321, iRes = 266  iCnt = 274 
Info: IL1R_x1+IL1AP_x1+MYD88_x6 model_5_multimer_v2_p1_230114_861226_recycled_09,  tol = 13.61, pLDDT = 56.91, pTM-score = 0.3005, piTM-score = 0.2265, interface-score = 0.2347, iRes = 281  iCnt = 285 
Info: IL1R_x1+IL1AP_x1+MYD88_x6 model_5_multimer_v2_p1_230114_861226_recycled_10,  tol =  9.26, pLDDT = 57.13, pTM-score = 0.3006, piTM-score = 0.2272, interface-score = 0.2370, iRes = 289  iCnt = 331 
Info: IL1R_x1+IL1AP_x1+MYD88_x6 model_5_multimer_v2_p1_230114_861226_recycled_11,  tol =  9.28, pLDDT = 56.41, pTM-score = 0.3030, piTM-score = 0.2320, interface-score = 0.2354, iRes = 268  iCnt = 291 
Info: IL1R_x1+IL1AP_x1+MYD88_x6 model_5_multimer_v2_p1_230114_861226_recycled_12,  tol = 12.14, pLDDT = 56.31, pTM-score = 0.3033, piTM-score = 0.2341, interface-score = 0.2348, iRes = 270  iCnt = 278 
Info: IL1R_x1+IL1AP_x1+MYD88_x6 model_5_multimer_v2_p1_230114_861226_recycled_13,  tol =  9.89, pLDDT = 57.54, pTM-score = 0.3028, piTM-score = 0.2329, interface-score = 0.2332, iRes = 269  iCnt = 281 
Info: IL1R_x1+IL1AP_x1+MYD88_x6 model_5_multimer_v2_p1_230114_861226_recycled_14,  tol = 10.06, pLDDT = 57.87, pTM-score = 0.3016, piTM-score = 0.2256, interface-score = 0.2269, iRes = 246  iCnt = 240 
Info: IL1R_x1+IL1AP_x1+MYD88_x6 model_5_multimer_v2_p1_230114_861226_recycled_15,  tol = 11.47, pLDDT = 57.55, pTM-score = 0.3010, piTM-score = 0.2323, interface-score = 0.2329, iRes = 240  iCnt = 233 
Info: IL1R_x1+IL1AP_x1+MYD88_x6 model_5_multimer_v2_p1_230114_861226_recycled_16,  tol =  4.07, pLDDT = 56.25, pTM-score = 0.2987, piTM-score = 0.2459, interface-score = 0.2253, iRes = 217  iCnt = 212 
Info: IL1R_x1+IL1AP_x1+MYD88_x6 model_5_multimer_v2_p1_230114_861226_recycled_17,  tol = 12.62, pLDDT = 57.13, pTM-score = 0.3007, piTM-score = 0.2329, interface-score = 0.2327, iRes = 233  iCnt = 240 
Info: IL1R_x1+IL1AP_x1+MYD88_x6 model_5_multimer_v2_p1_230114_861226_recycled_18,  tol =  8.94, pLDDT = 57.24, pTM-score = 0.2995, piTM-score = 0.2320, interface-score = 0.2396, iRes = 244  iCnt = 252 
Info: IL1R_x1+IL1AP_x1+MYD88_x6 model_5_multimer_v2_p1_230114_861226_recycled_19,  tol =  6.67, pLDDT = 56.04, pTM-score = 0.2997, piTM-score = 0.2390, interface-score = 0.2267, iRes = 227  iCnt = 227 
Info: IL1R_x1+IL1AP_x1+MYD88_x6 model_5_multimer_v2_p1_230114_861226 performed 20 recycles, final tol = 5.72, pLDDT = 56.52, pTM-score = 0.3025, piTM-score = 0.2441, interface-score = 0.2409, iRes = 236  iCnt = 245 
Info: num_clusters = 3, cluster_sizes = [1, 1, 6],  clusters = [['IL1R_0'], ['IL1AP_0'], ['MYD88_0', 'MYD88_1', 'MYD88_2', 'MYD88_3', 'MYD88_4', 'MYD88_5']]

I0115 09:47:32.782512 22935564642112 run_af2c_mod.py:404] Final timings for IL1R_x1+IL1AP_x1+MYD88_x6: {'features': 3.96, 'process_features_model_5_multimer_v2_p1_230114_861226': 0.0, 'predict_and_compile_model_5_multimer_v2_p1_230114_861226': 38568.0}
                                  
================================= 
Global information about the job: 
================================= 
  
Job owner: flobnow(42847)
Job name:  5_AF2C
Node list: ravg1076
Job start: Sat Jan 14 23:04:05 CET 2023
Job end:   Sun Jan 15 09:47:45 CET 2023
Work dir:  /raven/u/flobnow/fluffyAlpaca/scripts/myRuns/MYD88_COMPLEX
Command:   /raven/u/flobnow/fluffyAlpaca/scripts/myRuns/MYD88_COMPLEX/script2_comp_model_5.sh
  
  
  
==========================================================================================
Information on jobsteps (Note: MaxRSS/AveRSS is the maximum/average over all 
tasks of the per-task memory high-water marks; cf. "man sacct"): 
==========================================================================================
  
JobID            JobName NNodes NTasks  NCPUS        0.00M        0.00M    Elapsed ExitCode
------------- ---------- ------ ------ ------ ------------ ------------ ---------- --------
3882393           5_AF2C      1           108                             10:43:40      0:0
3882393.0        python3      1      1    108   237134.41M   237134.41M   10:43:37      0:0
  
Maximum memory per node: 248.653447 GB (defined as MaxRSS*Ntasks/NNodes)
CPU utilization: 1.9 %
  
