Info: input file name is BDLD2_LABRENZIA
Info: input target list is /u/flobnow/fluffyAlpaca/scripts/myRuns/BDLD2_LABRENZIA/target.lst
Info: input feature directory is /u/flobnow/fluffyAlpaca/feature_files
Info: result output directory is /u/flobnow/fluffyAlpaca/output_files
Info: model preset is multimer_np
Info: msa pairing is all
Info: recycling setting is 1
/bin/sh: /mpcdf/soft/SLE_15/packages/x86_64/alphafold/2.2.0/lib/libtinfo.so.6: no version information available (required by /lib64/libreadline.so.7)
Info: using preset super2
Info: set num_ensemble = 2
Info: set max_recyles = 20
Info: set recycle_tol = 0.1
Info: mas_pairing mode is all
I0117 23:15:24.592885 23370031621952 tpu_client.py:54] Starting the local TPU driver.
I0117 23:15:24.595009 23370031621952 xla_bridge.py:212] Unable to initialize backend 'tpu_driver': Not found: Unable to find driver in registry given worker: local://
I0117 23:15:24.940478 23370031621952 xla_bridge.py:212] Unable to initialize backend 'tpu': Invalid argument: TpuPlatform is not available.
I0117 23:15:28.448339 23370031621952 run_af2c_mod.py:482] Have 1 models: ['model_1_multimer_v2_p1']
Info: working on target BDLD2_LABRENZIA_x10
I0117 23:15:35.455579 23370031621952 run_af2c_mod.py:512] Using random seed 8070180278906548652 for the data pipeline
Info: BDLD2_LABRENZIA_x10 found monomer BDLD2_LABRENZIA msa_depth = 1908, seq_len = 137, num_templ = 20
Info: BDLD2_LABRENZIA reducing the number of structural templates to 4
Info: 10 chain(s) to model {'A': 'BDLD2_LABRENZIA_1', 'B': 'BDLD2_LABRENZIA_1', 'C': 'BDLD2_LABRENZIA_1', 'D': 'BDLD2_LABRENZIA_1', 'E': 'BDLD2_LABRENZIA_1', 'F': 'BDLD2_LABRENZIA_1', 'G': 'BDLD2_LABRENZIA_1', 'H': 'BDLD2_LABRENZIA_1', 'I': 'BDLD2_LABRENZIA_1', 'J': 'BDLD2_LABRENZIA_1'}
Info: modeling BDLD2_LABRENZIA_x10 with msa_depth = 1908, seq_len = 1370, num_templ = 40
I0117 23:15:36.083041 23370031621952 run_af2c_mod.py:216] Running model model_1_multimer_v2_p1_230117_548652
I0117 23:15:36.083584 23370031621952 model.py:206] Running predict with shape(feat) = {'msa': (1908, 1370), 'bert_mask': (1908, 1370), 'num_alignments': (), 'aatype': (1370,), 'seq_length': (), 'template_aatype': (40, 1370), 'template_all_atom_mask': (40, 1370, 37), 'template_all_atom_positions': (40, 1370, 37, 3), 'all_atom_positions': (1370, 37, 3), 'template_domain_names': (40,), 'asym_id': (1370,), 'sym_id': (1370,), 'entity_id': (1370,), 'residue_index': (1370,), 'deletion_matrix': (1908, 1370), 'seq_mask': (1370,), 'msa_mask': (1908, 1370), 'cluster_bias_mask': (1908,), 'pdb_residue_index': (1370,)}
I0118 00:48:30.307184 23370031621952 run_af2c_mod.py:271] Total JAX model model_1_multimer_v2_p1_230117_548652 predict time (includes compilation time): 5574.2 seconds
Info: BDLD2_LABRENZIA_x10 model_1_multimer_v2_p1_230117_548652_recycled_00,  tol =   inf, pLDDT = 42.53, pTM-score = 0.1654, piTM-score = 0.1150, interface-score = 0.0445, iRes = 193  iCnt = 277 
Info: BDLD2_LABRENZIA_x10 model_1_multimer_v2_p1_230117_548652_recycled_01,  tol = 105.07, pLDDT = 41.67, pTM-score = 0.1706, piTM-score = 0.0321, interface-score = 0.0004, iRes = 21   iCnt = 13  
Info: BDLD2_LABRENZIA_x10 model_1_multimer_v2_p1_230117_548652_recycled_02,  tol = 17.40, pLDDT = 41.54, pTM-score = 0.1718, piTM-score = 0.0196, interface-score = 0.0002, iRes = 13   iCnt = 9   
Info: BDLD2_LABRENZIA_x10 model_1_multimer_v2_p1_230117_548652_recycled_03,  tol = 13.88, pLDDT = 41.76, pTM-score = 0.1701, piTM-score = 0.0094, interface-score = 0.0001, iRes = 8    iCnt = 5   
Info: BDLD2_LABRENZIA_x10 model_1_multimer_v2_p1_230117_548652_recycled_04,  tol = 19.23, pLDDT = 40.93, pTM-score = 0.1726, piTM-score = 0.0347, interface-score = 0.0001, iRes = 17   iCnt = 14  
Info: BDLD2_LABRENZIA_x10 model_1_multimer_v2_p1_230117_548652_recycled_05,  tol = 27.75, pLDDT = 41.71, pTM-score = 0.1743, piTM-score = 0.0217, interface-score = 0.0005, iRes = 17   iCnt = 14  
Info: BDLD2_LABRENZIA_x10 model_1_multimer_v2_p1_230117_548652_recycled_06,  tol = 45.24, pLDDT = 41.90, pTM-score = 0.1759, piTM-score = 0.0130, interface-score = 0.0001, iRes = 9    iCnt = 6   
Info: BDLD2_LABRENZIA_x10 model_1_multimer_v2_p1_230117_548652_recycled_07,  tol =  6.40, pLDDT = 41.71, pTM-score = 0.1787, piTM-score = 0.0125, interface-score = 0.0001, iRes = 9    iCnt = 6   
Info: BDLD2_LABRENZIA_x10 model_1_multimer_v2_p1_230117_548652_recycled_08,  tol =  8.80, pLDDT = 41.05, pTM-score = 0.1818, piTM-score = 0.0172, interface-score = 0.0008, iRes = 18   iCnt = 10  
Info: BDLD2_LABRENZIA_x10 model_1_multimer_v2_p1_230117_548652_recycled_09,  tol =  6.81, pLDDT = 41.49, pTM-score = 0.1842, piTM-score = 0.0750, interface-score = 0.0148, iRes = 33   iCnt = 23  
Info: BDLD2_LABRENZIA_x10 model_1_multimer_v2_p1_230117_548652_recycled_10,  tol =  5.96, pLDDT = 41.05, pTM-score = 0.1849, piTM-score = 0.0772, interface-score = 0.0252, iRes = 40   iCnt = 26  
Info: BDLD2_LABRENZIA_x10 model_1_multimer_v2_p1_230117_548652_recycled_11,  tol =  3.82, pLDDT = 40.66, pTM-score = 0.1843, piTM-score = 0.0780, interface-score = 0.0153, iRes = 30   iCnt = 20  
Info: BDLD2_LABRENZIA_x10 model_1_multimer_v2_p1_230117_548652_recycled_12,  tol =  3.40, pLDDT = 41.07, pTM-score = 0.1859, piTM-score = 0.0786, interface-score = 0.0295, iRes = 39   iCnt = 25  
Info: BDLD2_LABRENZIA_x10 model_1_multimer_v2_p1_230117_548652_recycled_13,  tol =  2.67, pLDDT = 40.97, pTM-score = 0.1881, piTM-score = 0.0799, interface-score = 0.0335, iRes = 40   iCnt = 26  
Info: BDLD2_LABRENZIA_x10 model_1_multimer_v2_p1_230117_548652_recycled_14,  tol =  2.96, pLDDT = 40.96, pTM-score = 0.1875, piTM-score = 0.0845, interface-score = 0.0290, iRes = 37   iCnt = 23  
Info: BDLD2_LABRENZIA_x10 model_1_multimer_v2_p1_230117_548652_recycled_15,  tol =  3.70, pLDDT = 40.21, pTM-score = 0.1869, piTM-score = 0.0841, interface-score = 0.0308, iRes = 41   iCnt = 26  
Info: BDLD2_LABRENZIA_x10 model_1_multimer_v2_p1_230117_548652_recycled_16,  tol =  4.37, pLDDT = 40.70, pTM-score = 0.1905, piTM-score = 0.0818, interface-score = 0.0653, iRes = 71   iCnt = 49  
Info: BDLD2_LABRENZIA_x10 model_1_multimer_v2_p1_230117_548652_recycled_17,  tol =  3.51, pLDDT = 40.57, pTM-score = 0.1889, piTM-score = 0.0828, interface-score = 0.0495, iRes = 54   iCnt = 33  
Info: BDLD2_LABRENZIA_x10 model_1_multimer_v2_p1_230117_548652_recycled_18,  tol =  3.20, pLDDT = 40.00, pTM-score = 0.1893, piTM-score = 0.0905, interface-score = 0.0599, iRes = 71   iCnt = 58  
Info: BDLD2_LABRENZIA_x10 model_1_multimer_v2_p1_230117_548652_recycled_19,  tol =  2.56, pLDDT = 39.87, pTM-score = 0.1893, piTM-score = 0.0885, interface-score = 0.0616, iRes = 76   iCnt = 69  
Info: BDLD2_LABRENZIA_x10 model_1_multimer_v2_p1_230117_548652 performed 20 recycles, final tol = 1.84, pLDDT = 40.22, pTM-score = 0.1903, piTM-score = 0.0931, interface-score = 0.0668, iRes = 87   iCnt = 72  
Info: num_clusters = 9, cluster_sizes = [1, 2, 1, 1, 1, 1, 1, 1, 1],  clusters = [['BDLD2_LABRENZIA_0'], ['BDLD2_LABRENZIA_1', 'BDLD2_LABRENZIA_2'], ['BDLD2_LABRENZIA_3'], ['BDLD2_LABRENZIA_4'], ['BDLD2_LABRENZIA_5'], ['BDLD2_LABRENZIA_6'], ['BDLD2_LABRENZIA_7'], ['BDLD2_LABRENZIA_8'], ['BDLD2_LABRENZIA_9']]

I0118 00:48:36.039299 23370031621952 run_af2c_mod.py:404] Final timings for BDLD2_LABRENZIA_x10: {'features': 0.62, 'process_features_model_1_multimer_v2_p1_230117_548652': 0.0, 'predict_and_compile_model_1_multimer_v2_p1_230117_548652': 5574.2}
                                  
================================= 
Global information about the job: 
================================= 
  
Job owner: flobnow(42847)
Job name:  1_AF2C
Node list: ravg1158
Job start: Tue Jan 17 23:15:09 CET 2023
Job end:   Wed Jan 18 00:48:43 CET 2023
Work dir:  /raven/u/flobnow/fluffyAlpaca/scripts/myRuns/BDLD2_LABRENZIA
Command:   /raven/u/flobnow/fluffyAlpaca/scripts/myRuns/BDLD2_LABRENZIA/script2_comp_model_1.sh
  
  
  
==========================================================================================
Information on jobsteps (Note: MaxRSS/AveRSS is the maximum/average over all 
tasks of the per-task memory high-water marks; cf. "man sacct"): 
==========================================================================================
  
JobID            JobName NNodes NTasks  NCPUS        0.00M        0.00M    Elapsed ExitCode
------------- ---------- ------ ------ ------ ------------ ------------ ---------- --------
3912887           1_AF2C      1           108                             01:33:34      0:0
3912887.0        python3      1      1    108    63914.20M    63914.20M   01:33:27      0:0
  
Maximum memory per node: 67.018895 GB (defined as MaxRSS*Ntasks/NNodes)
CPU utilization: 1.9 %
  
Info: input file name is BDLD2_LABRENZIA
Info: input target list is /u/flobnow/fluffyAlpaca/scripts/myRuns/BDLD2_LABRENZIA/target.lst
Info: input feature directory is /u/flobnow/fluffyAlpaca/feature_files
Info: result output directory is /u/flobnow/fluffyAlpaca/output_files
Info: model preset is multimer_np
Info: msa pairing is all
Info: recycling setting is 1
/bin/sh: /mpcdf/soft/SLE_15/packages/x86_64/alphafold/2.2.0/lib/libtinfo.so.6: no version information available (required by /lib64/libreadline.so.7)
Info: using preset super2
Info: set num_ensemble = 2
Info: set max_recyles = 20
Info: set recycle_tol = 0.1
Info: mas_pairing mode is all
I0118 00:24:55.701700 23015476946752 tpu_client.py:54] Starting the local TPU driver.
I0118 00:24:55.706184 23015476946752 xla_bridge.py:212] Unable to initialize backend 'tpu_driver': Not found: Unable to find driver in registry given worker: local://
I0118 00:24:56.059995 23015476946752 xla_bridge.py:212] Unable to initialize backend 'tpu': Invalid argument: TpuPlatform is not available.
I0118 00:24:59.496131 23015476946752 run_af2c_mod.py:482] Have 1 models: ['model_2_multimer_v2_p1']
Info: working on target BDLD2_LABRENZIA_x10
I0118 00:24:59.496291 23015476946752 run_af2c_mod.py:512] Using random seed 8208585479424464768 for the data pipeline
Info: BDLD2_LABRENZIA_x10 found monomer BDLD2_LABRENZIA msa_depth = 1908, seq_len = 137, num_templ = 20
Info: BDLD2_LABRENZIA reducing the number of structural templates to 4
Info: 10 chain(s) to model {'A': 'BDLD2_LABRENZIA_1', 'B': 'BDLD2_LABRENZIA_1', 'C': 'BDLD2_LABRENZIA_1', 'D': 'BDLD2_LABRENZIA_1', 'E': 'BDLD2_LABRENZIA_1', 'F': 'BDLD2_LABRENZIA_1', 'G': 'BDLD2_LABRENZIA_1', 'H': 'BDLD2_LABRENZIA_1', 'I': 'BDLD2_LABRENZIA_1', 'J': 'BDLD2_LABRENZIA_1'}
Info: modeling BDLD2_LABRENZIA_x10 with msa_depth = 1908, seq_len = 1370, num_templ = 40
I0118 00:25:00.092743 23015476946752 run_af2c_mod.py:216] Running model model_2_multimer_v2_p1_230118_464768
I0118 00:25:00.093328 23015476946752 model.py:206] Running predict with shape(feat) = {'msa': (1908, 1370), 'bert_mask': (1908, 1370), 'num_alignments': (), 'aatype': (1370,), 'seq_length': (), 'template_aatype': (40, 1370), 'template_all_atom_mask': (40, 1370, 37), 'template_all_atom_positions': (40, 1370, 37, 3), 'all_atom_positions': (1370, 37, 3), 'template_domain_names': (40,), 'asym_id': (1370,), 'sym_id': (1370,), 'entity_id': (1370,), 'residue_index': (1370,), 'deletion_matrix': (1908, 1370), 'seq_mask': (1370,), 'msa_mask': (1908, 1370), 'cluster_bias_mask': (1908,), 'pdb_residue_index': (1370,)}
I0118 01:55:42.589043 23015476946752 run_af2c_mod.py:271] Total JAX model model_2_multimer_v2_p1_230118_464768 predict time (includes compilation time): 5442.5 seconds
Info: BDLD2_LABRENZIA_x10 model_2_multimer_v2_p1_230118_464768_recycled_00,  tol =   inf, pLDDT = 33.13, pTM-score = 0.1649, piTM-score = 0.1541, interface-score = 0.0577, iRes = 357  iCnt = 1087
Info: BDLD2_LABRENZIA_x10 model_2_multimer_v2_p1_230118_464768_recycled_01,  tol = 101.92, pLDDT = 35.01, pTM-score = 0.1646, piTM-score = 0.3634, interface-score = 0.0102, iRes = 72   iCnt = 130 
Info: BDLD2_LABRENZIA_x10 model_2_multimer_v2_p1_230118_464768_recycled_02,  tol = 28.00, pLDDT = 34.80, pTM-score = 0.1669, piTM-score = 0.1459, interface-score = 0.0274, iRes = 166  iCnt = 236 
Info: BDLD2_LABRENZIA_x10 model_2_multimer_v2_p1_230118_464768_recycled_03,  tol = 16.52, pLDDT = 34.74, pTM-score = 0.1674, piTM-score = 0.0028, interface-score = 0.0000, iRes = 4    iCnt = 2   
Info: BDLD2_LABRENZIA_x10 model_2_multimer_v2_p1_230118_464768_recycled_04,  tol = 11.67, pLDDT = 34.50, pTM-score = 0.1701, piTM-score = 0.0000, interface-score = 0.0000, iRes = 0    iCnt = 0   
Info: BDLD2_LABRENZIA_x10 model_2_multimer_v2_p1_230118_464768_recycled_05,  tol =  7.04, pLDDT = 34.12, pTM-score = 0.1695, piTM-score = 0.0893, interface-score = 0.0002, iRes = 21   iCnt = 29  
Info: BDLD2_LABRENZIA_x10 model_2_multimer_v2_p1_230118_464768_recycled_06,  tol =  9.60, pLDDT = 33.63, pTM-score = 0.1691, piTM-score = 0.0623, interface-score = 0.0006, iRes = 22   iCnt = 26  
Info: BDLD2_LABRENZIA_x10 model_2_multimer_v2_p1_230118_464768_recycled_07,  tol =  7.91, pLDDT = 33.05, pTM-score = 0.1701, piTM-score = 0.0296, interface-score = 0.0003, iRes = 18   iCnt = 17  
Info: BDLD2_LABRENZIA_x10 model_2_multimer_v2_p1_230118_464768_recycled_08,  tol =  4.47, pLDDT = 33.02, pTM-score = 0.1682, piTM-score = 0.0073, interface-score = 0.0000, iRes = 6    iCnt = 4   
Info: BDLD2_LABRENZIA_x10 model_2_multimer_v2_p1_230118_464768_recycled_09,  tol =  9.04, pLDDT = 32.94, pTM-score = 0.1697, piTM-score = 0.0200, interface-score = 0.0001, iRes = 12   iCnt = 11  
Info: BDLD2_LABRENZIA_x10 model_2_multimer_v2_p1_230118_464768_recycled_10,  tol =  6.46, pLDDT = 32.54, pTM-score = 0.1694, piTM-score = 0.0024, interface-score = 0.0000, iRes = 3    iCnt = 2   
Info: BDLD2_LABRENZIA_x10 model_2_multimer_v2_p1_230118_464768_recycled_11,  tol =  6.47, pLDDT = 33.69, pTM-score = 0.1690, piTM-score = 0.0000, interface-score = 0.0000, iRes = 0    iCnt = 0   
Info: BDLD2_LABRENZIA_x10 model_2_multimer_v2_p1_230118_464768_recycled_12,  tol =  5.66, pLDDT = 33.29, pTM-score = 0.1687, piTM-score = 0.0014, interface-score = 0.0000, iRes = 2    iCnt = 1   
Info: BDLD2_LABRENZIA_x10 model_2_multimer_v2_p1_230118_464768_recycled_13,  tol =  3.31, pLDDT = 33.17, pTM-score = 0.1683, piTM-score = 0.0000, interface-score = 0.0000, iRes = 0    iCnt = 0   
Info: BDLD2_LABRENZIA_x10 model_2_multimer_v2_p1_230118_464768_recycled_14,  tol =  4.69, pLDDT = 32.74, pTM-score = 0.1679, piTM-score = 0.0014, interface-score = 0.0000, iRes = 2    iCnt = 1   
Info: BDLD2_LABRENZIA_x10 model_2_multimer_v2_p1_230118_464768_recycled_15,  tol =  3.54, pLDDT = 33.12, pTM-score = 0.1674, piTM-score = 0.0000, interface-score = 0.0000, iRes = 0    iCnt = 0   
Info: BDLD2_LABRENZIA_x10 model_2_multimer_v2_p1_230118_464768_recycled_16,  tol =  4.34, pLDDT = 32.64, pTM-score = 0.1667, piTM-score = 0.0000, interface-score = 0.0000, iRes = 0    iCnt = 0   
Info: BDLD2_LABRENZIA_x10 model_2_multimer_v2_p1_230118_464768_recycled_17,  tol =  4.01, pLDDT = 32.78, pTM-score = 0.1679, piTM-score = 0.0000, interface-score = 0.0000, iRes = 0    iCnt = 0   
Info: BDLD2_LABRENZIA_x10 model_2_multimer_v2_p1_230118_464768_recycled_18,  tol =  5.04, pLDDT = 32.10, pTM-score = 0.1694, piTM-score = 0.0000, interface-score = 0.0000, iRes = 0    iCnt = 0   
Info: BDLD2_LABRENZIA_x10 model_2_multimer_v2_p1_230118_464768_recycled_19,  tol =  4.18, pLDDT = 32.56, pTM-score = 0.1686, piTM-score = 0.0000, interface-score = 0.0000, iRes = 0    iCnt = 0   
Info: BDLD2_LABRENZIA_x10 model_2_multimer_v2_p1_230118_464768 performed 20 recycles, final tol = 3.93, pLDDT = 32.54, pTM-score = 0.1691, piTM-score = 0.0000, interface-score = 0.0000, iRes = 0    iCnt = 0   
Info: num_clusters = 10, cluster_sizes = [1, 1, 1, 1, 1, 1, 1, 1, 1, 1],  clusters = [['BDLD2_LABRENZIA_0'], ['BDLD2_LABRENZIA_1'], ['BDLD2_LABRENZIA_2'], ['BDLD2_LABRENZIA_3'], ['BDLD2_LABRENZIA_4'], ['BDLD2_LABRENZIA_5'], ['BDLD2_LABRENZIA_6'], ['BDLD2_LABRENZIA_7'], ['BDLD2_LABRENZIA_8'], ['BDLD2_LABRENZIA_9']]

I0118 01:55:48.320347 23015476946752 run_af2c_mod.py:404] Final timings for BDLD2_LABRENZIA_x10: {'features': 0.59, 'process_features_model_2_multimer_v2_p1_230118_464768': 0.0, 'predict_and_compile_model_2_multimer_v2_p1_230118_464768': 5442.5}
                                  
================================= 
Global information about the job: 
================================= 
  
Job owner: flobnow(42847)
Job name:  2_AF2C
Node list: ravg1169
Job start: Wed Jan 18 00:24:23 CET 2023
Job end:   Wed Jan 18 01:55:52 CET 2023
Work dir:  /raven/u/flobnow/fluffyAlpaca/scripts/myRuns/BDLD2_LABRENZIA
Command:   /raven/u/flobnow/fluffyAlpaca/scripts/myRuns/BDLD2_LABRENZIA/script2_comp_model_2.sh
  
  
  
==========================================================================================
Information on jobsteps (Note: MaxRSS/AveRSS is the maximum/average over all 
tasks of the per-task memory high-water marks; cf. "man sacct"): 
==========================================================================================
  
JobID            JobName NNodes NTasks  NCPUS        0.00M        0.00M    Elapsed ExitCode
------------- ---------- ------ ------ ------ ------------ ------------ ---------- --------
3912890           2_AF2C      1           108                             01:31:29      0:0
3912890.0        python3      1      1    108    63682.54M    63682.54M   01:31:20      0:0
  
Maximum memory per node: 66.775978 GB (defined as MaxRSS*Ntasks/NNodes)
CPU utilization: 1.9 %
  
Info: input file name is BDLD2_LABRENZIA
Info: input target list is /u/flobnow/fluffyAlpaca/scripts/myRuns/BDLD2_LABRENZIA/target.lst
Info: input feature directory is /u/flobnow/fluffyAlpaca/feature_files
Info: result output directory is /u/flobnow/fluffyAlpaca/output_files
Info: model preset is multimer_np
Info: msa pairing is all
Info: recycling setting is 1
/bin/sh: /mpcdf/soft/SLE_15/packages/x86_64/alphafold/2.2.0/lib/libtinfo.so.6: no version information available (required by /lib64/libreadline.so.7)
Info: using preset super2
Info: set num_ensemble = 2
Info: set max_recyles = 20
Info: set recycle_tol = 0.1
Info: mas_pairing mode is all
I0118 00:50:47.784404 23030670001984 tpu_client.py:54] Starting the local TPU driver.
I0118 00:50:47.784765 23030670001984 xla_bridge.py:212] Unable to initialize backend 'tpu_driver': Not found: Unable to find driver in registry given worker: local://
I0118 00:50:48.137315 23030670001984 xla_bridge.py:212] Unable to initialize backend 'tpu': Invalid argument: TpuPlatform is not available.
I0118 00:50:51.651760 23030670001984 run_af2c_mod.py:482] Have 1 models: ['model_3_multimer_v2_p1']
Info: working on target BDLD2_LABRENZIA_x10
I0118 00:50:59.660001 23030670001984 run_af2c_mod.py:512] Using random seed 8064301853863763876 for the data pipeline
Info: BDLD2_LABRENZIA_x10 found monomer BDLD2_LABRENZIA msa_depth = 1908, seq_len = 137, num_templ = 20
Info: BDLD2_LABRENZIA reducing the number of structural templates to 4
Info: 10 chain(s) to model {'A': 'BDLD2_LABRENZIA_1', 'B': 'BDLD2_LABRENZIA_1', 'C': 'BDLD2_LABRENZIA_1', 'D': 'BDLD2_LABRENZIA_1', 'E': 'BDLD2_LABRENZIA_1', 'F': 'BDLD2_LABRENZIA_1', 'G': 'BDLD2_LABRENZIA_1', 'H': 'BDLD2_LABRENZIA_1', 'I': 'BDLD2_LABRENZIA_1', 'J': 'BDLD2_LABRENZIA_1'}
Info: modeling BDLD2_LABRENZIA_x10 with msa_depth = 1908, seq_len = 1370, num_templ = 40
I0118 00:51:00.273234 23030670001984 run_af2c_mod.py:216] Running model model_3_multimer_v2_p1_230118_763876
I0118 00:51:00.273762 23030670001984 model.py:206] Running predict with shape(feat) = {'msa': (1908, 1370), 'bert_mask': (1908, 1370), 'num_alignments': (), 'aatype': (1370,), 'seq_length': (), 'template_aatype': (40, 1370), 'template_all_atom_mask': (40, 1370, 37), 'template_all_atom_positions': (40, 1370, 37, 3), 'all_atom_positions': (1370, 37, 3), 'template_domain_names': (40,), 'asym_id': (1370,), 'sym_id': (1370,), 'entity_id': (1370,), 'residue_index': (1370,), 'deletion_matrix': (1908, 1370), 'seq_mask': (1370,), 'msa_mask': (1908, 1370), 'cluster_bias_mask': (1908,), 'pdb_residue_index': (1370,)}
I0118 02:19:47.182085 23030670001984 run_af2c_mod.py:271] Total JAX model model_3_multimer_v2_p1_230118_763876 predict time (includes compilation time): 5326.9 seconds
Info: BDLD2_LABRENZIA_x10 model_3_multimer_v2_p1_230118_763876_recycled_00,  tol =   inf, pLDDT = 35.15, pTM-score = 0.1687, piTM-score = 0.1514, interface-score = 0.0316, iRes = 194  iCnt = 248 
Info: BDLD2_LABRENZIA_x10 model_3_multimer_v2_p1_230118_763876_recycled_01,  tol = 85.73, pLDDT = 36.26, pTM-score = 0.1690, piTM-score = 0.0305, interface-score = 0.0001, iRes = 13   iCnt = 13  
Info: BDLD2_LABRENZIA_x10 model_3_multimer_v2_p1_230118_763876_recycled_02,  tol = 54.90, pLDDT = 38.49, pTM-score = 0.1670, piTM-score = 0.1577, interface-score = 0.0044, iRes = 46   iCnt = 62  
Info: BDLD2_LABRENZIA_x10 model_3_multimer_v2_p1_230118_763876_recycled_03,  tol = 23.86, pLDDT = 38.50, pTM-score = 0.1701, piTM-score = 0.0000, interface-score = 0.0000, iRes = 0    iCnt = 0   
Info: BDLD2_LABRENZIA_x10 model_3_multimer_v2_p1_230118_763876_recycled_04,  tol = 14.95, pLDDT = 41.32, pTM-score = 0.1748, piTM-score = 0.0000, interface-score = 0.0000, iRes = 0    iCnt = 0   
Info: BDLD2_LABRENZIA_x10 model_3_multimer_v2_p1_230118_763876_recycled_05,  tol = 12.93, pLDDT = 41.20, pTM-score = 0.1796, piTM-score = 0.0000, interface-score = 0.0000, iRes = 0    iCnt = 0   
Info: BDLD2_LABRENZIA_x10 model_3_multimer_v2_p1_230118_763876_recycled_06,  tol =  9.74, pLDDT = 39.63, pTM-score = 0.1754, piTM-score = 0.0000, interface-score = 0.0000, iRes = 0    iCnt = 0   
Info: BDLD2_LABRENZIA_x10 model_3_multimer_v2_p1_230118_763876_recycled_07,  tol = 12.66, pLDDT = 44.22, pTM-score = 0.1826, piTM-score = 0.0000, interface-score = 0.0000, iRes = 0    iCnt = 0   
Info: BDLD2_LABRENZIA_x10 model_3_multimer_v2_p1_230118_763876_recycled_08,  tol = 14.39, pLDDT = 45.36, pTM-score = 0.1840, piTM-score = 0.0000, interface-score = 0.0000, iRes = 0    iCnt = 0   
Info: BDLD2_LABRENZIA_x10 model_3_multimer_v2_p1_230118_763876_recycled_09,  tol =  7.17, pLDDT = 42.16, pTM-score = 0.1826, piTM-score = 0.0000, interface-score = 0.0000, iRes = 0    iCnt = 0   
Info: BDLD2_LABRENZIA_x10 model_3_multimer_v2_p1_230118_763876_recycled_10,  tol =  8.36, pLDDT = 38.51, pTM-score = 0.1801, piTM-score = 0.1377, interface-score = 0.0174, iRes = 106  iCnt = 198 
Info: BDLD2_LABRENZIA_x10 model_3_multimer_v2_p1_230118_763876_recycled_11,  tol = 28.95, pLDDT = 38.95, pTM-score = 0.1777, piTM-score = 0.0000, interface-score = 0.0000, iRes = 0    iCnt = 0   
Info: BDLD2_LABRENZIA_x10 model_3_multimer_v2_p1_230118_763876_recycled_12,  tol = 25.77, pLDDT = 44.44, pTM-score = 0.1871, piTM-score = 0.0000, interface-score = 0.0000, iRes = 0    iCnt = 0   
Info: BDLD2_LABRENZIA_x10 model_3_multimer_v2_p1_230118_763876_recycled_13,  tol =  9.83, pLDDT = 44.08, pTM-score = 0.1856, piTM-score = 0.0000, interface-score = 0.0000, iRes = 0    iCnt = 0   
Info: BDLD2_LABRENZIA_x10 model_3_multimer_v2_p1_230118_763876_recycled_14,  tol =  5.46, pLDDT = 40.50, pTM-score = 0.1798, piTM-score = 0.0000, interface-score = 0.0000, iRes = 0    iCnt = 0   
Info: BDLD2_LABRENZIA_x10 model_3_multimer_v2_p1_230118_763876_recycled_15,  tol =  7.32, pLDDT = 38.21, pTM-score = 0.1796, piTM-score = 0.0000, interface-score = 0.0000, iRes = 0    iCnt = 0   
Info: BDLD2_LABRENZIA_x10 model_3_multimer_v2_p1_230118_763876_recycled_16,  tol =  7.85, pLDDT = 41.07, pTM-score = 0.1828, piTM-score = 0.0000, interface-score = 0.0000, iRes = 0    iCnt = 0   
Info: BDLD2_LABRENZIA_x10 model_3_multimer_v2_p1_230118_763876_recycled_17,  tol =  4.81, pLDDT = 43.20, pTM-score = 0.1840, piTM-score = 0.0000, interface-score = 0.0000, iRes = 0    iCnt = 0   
Info: BDLD2_LABRENZIA_x10 model_3_multimer_v2_p1_230118_763876_recycled_18,  tol =  8.07, pLDDT = 43.14, pTM-score = 0.1823, piTM-score = 0.0000, interface-score = 0.0000, iRes = 0    iCnt = 0   
Info: BDLD2_LABRENZIA_x10 model_3_multimer_v2_p1_230118_763876_recycled_19,  tol =  4.70, pLDDT = 42.03, pTM-score = 0.1840, piTM-score = 0.0000, interface-score = 0.0000, iRes = 0    iCnt = 0   
Info: BDLD2_LABRENZIA_x10 model_3_multimer_v2_p1_230118_763876 performed 20 recycles, final tol = 5.45, pLDDT = 39.13, pTM-score = 0.1806, piTM-score = 0.0000, interface-score = 0.0000, iRes = 0    iCnt = 0   
Info: num_clusters = 10, cluster_sizes = [1, 1, 1, 1, 1, 1, 1, 1, 1, 1],  clusters = [['BDLD2_LABRENZIA_0'], ['BDLD2_LABRENZIA_1'], ['BDLD2_LABRENZIA_2'], ['BDLD2_LABRENZIA_3'], ['BDLD2_LABRENZIA_4'], ['BDLD2_LABRENZIA_5'], ['BDLD2_LABRENZIA_6'], ['BDLD2_LABRENZIA_7'], ['BDLD2_LABRENZIA_8'], ['BDLD2_LABRENZIA_9']]

I0118 02:19:52.956410 23030670001984 run_af2c_mod.py:404] Final timings for BDLD2_LABRENZIA_x10: {'features': 0.61, 'process_features_model_3_multimer_v2_p1_230118_763876': 0.0, 'predict_and_compile_model_3_multimer_v2_p1_230118_763876': 5326.9}
                                  
================================= 
Global information about the job: 
================================= 
  
Job owner: flobnow(42847)
Job name:  3_AF2C
Node list: ravg1158
Job start: Wed Jan 18 00:50:34 CET 2023
Job end:   Wed Jan 18 02:19:56 CET 2023
Work dir:  /raven/u/flobnow/fluffyAlpaca/scripts/myRuns/BDLD2_LABRENZIA
Command:   /raven/u/flobnow/fluffyAlpaca/scripts/myRuns/BDLD2_LABRENZIA/script2_comp_model_3.sh
  
  
  
==========================================================================================
Information on jobsteps (Note: MaxRSS/AveRSS is the maximum/average over all 
tasks of the per-task memory high-water marks; cf. "man sacct"): 
==========================================================================================
  
JobID            JobName NNodes NTasks  NCPUS        0.00M        0.00M    Elapsed ExitCode
------------- ---------- ------ ------ ------ ------------ ------------ ---------- --------
3912893           3_AF2C      1           108                             01:29:22      0:0
3912893.0        python3      1      1    108    63745.36M    63745.36M   01:29:17      0:0
  
Maximum memory per node: 66.841858 GB (defined as MaxRSS*Ntasks/NNodes)
CPU utilization: 1.9 %
  
Info: input file name is BDLD2_LABRENZIA
Info: input target list is /u/flobnow/fluffyAlpaca/scripts/myRuns/BDLD2_LABRENZIA/target.lst
Info: input feature directory is /u/flobnow/fluffyAlpaca/feature_files
Info: result output directory is /u/flobnow/fluffyAlpaca/output_files
Info: model preset is multimer_np
Info: msa pairing is all
Info: recycling setting is 1
/bin/sh: /mpcdf/soft/SLE_15/packages/x86_64/alphafold/2.2.0/lib/libtinfo.so.6: no version information available (required by /lib64/libreadline.so.7)
Info: using preset super2
Info: set num_ensemble = 2
Info: set max_recyles = 20
Info: set recycle_tol = 0.1
Info: mas_pairing mode is all
I0118 01:28:20.112953 22569682458432 tpu_client.py:54] Starting the local TPU driver.
I0118 01:28:20.113330 22569682458432 xla_bridge.py:212] Unable to initialize backend 'tpu_driver': Not found: Unable to find driver in registry given worker: local://
I0118 01:28:20.476453 22569682458432 xla_bridge.py:212] Unable to initialize backend 'tpu': Invalid argument: TpuPlatform is not available.
I0118 01:28:23.978954 22569682458432 run_af2c_mod.py:482] Have 1 models: ['model_4_multimer_v2_p1']
Info: working on target BDLD2_LABRENZIA_x10
I0118 01:28:33.989190 22569682458432 run_af2c_mod.py:512] Using random seed 9153984567035291649 for the data pipeline
Info: BDLD2_LABRENZIA_x10 found monomer BDLD2_LABRENZIA msa_depth = 1908, seq_len = 137, num_templ = 20
Info: BDLD2_LABRENZIA reducing the number of structural templates to 4
Info: 10 chain(s) to model {'A': 'BDLD2_LABRENZIA_1', 'B': 'BDLD2_LABRENZIA_1', 'C': 'BDLD2_LABRENZIA_1', 'D': 'BDLD2_LABRENZIA_1', 'E': 'BDLD2_LABRENZIA_1', 'F': 'BDLD2_LABRENZIA_1', 'G': 'BDLD2_LABRENZIA_1', 'H': 'BDLD2_LABRENZIA_1', 'I': 'BDLD2_LABRENZIA_1', 'J': 'BDLD2_LABRENZIA_1'}
Info: modeling BDLD2_LABRENZIA_x10 with msa_depth = 1908, seq_len = 1370, num_templ = 40
I0118 01:28:34.616287 22569682458432 run_af2c_mod.py:216] Running model model_4_multimer_v2_p1_230118_291649
I0118 01:28:34.616839 22569682458432 model.py:206] Running predict with shape(feat) = {'msa': (1908, 1370), 'bert_mask': (1908, 1370), 'num_alignments': (), 'aatype': (1370,), 'seq_length': (), 'template_aatype': (40, 1370), 'template_all_atom_mask': (40, 1370, 37), 'template_all_atom_positions': (40, 1370, 37, 3), 'all_atom_positions': (1370, 37, 3), 'template_domain_names': (40,), 'asym_id': (1370,), 'sym_id': (1370,), 'entity_id': (1370,), 'residue_index': (1370,), 'deletion_matrix': (1908, 1370), 'seq_mask': (1370,), 'msa_mask': (1908, 1370), 'cluster_bias_mask': (1908,), 'pdb_residue_index': (1370,)}
I0118 03:00:56.289054 22569682458432 run_af2c_mod.py:271] Total JAX model model_4_multimer_v2_p1_230118_291649 predict time (includes compilation time): 5541.7 seconds
Info: BDLD2_LABRENZIA_x10 model_4_multimer_v2_p1_230118_291649_recycled_00,  tol =   inf, pLDDT = 40.99, pTM-score = 0.1689, piTM-score = 0.1235, interface-score = 0.0839, iRes = 453  iCnt = 743 
Info: BDLD2_LABRENZIA_x10 model_4_multimer_v2_p1_230118_291649_recycled_01,  tol = 84.79, pLDDT = 42.73, pTM-score = 0.1671, piTM-score = 0.1317, interface-score = 0.0156, iRes = 68   iCnt = 64  
Info: BDLD2_LABRENZIA_x10 model_4_multimer_v2_p1_230118_291649_recycled_02,  tol = 21.13, pLDDT = 44.30, pTM-score = 0.1698, piTM-score = 0.1299, interface-score = 0.0009, iRes = 25   iCnt = 26  
Info: BDLD2_LABRENZIA_x10 model_4_multimer_v2_p1_230118_291649_recycled_03,  tol = 12.52, pLDDT = 45.68, pTM-score = 0.1689, piTM-score = 0.0029, interface-score = 0.0001, iRes = 4    iCnt = 2   
Info: BDLD2_LABRENZIA_x10 model_4_multimer_v2_p1_230118_291649_recycled_04,  tol = 14.54, pLDDT = 46.91, pTM-score = 0.1692, piTM-score = 0.1408, interface-score = 0.0161, iRes = 44   iCnt = 45  
Info: BDLD2_LABRENZIA_x10 model_4_multimer_v2_p1_230118_291649_recycled_05,  tol = 20.86, pLDDT = 47.07, pTM-score = 0.1714, piTM-score = 0.1886, interface-score = 0.0402, iRes = 167  iCnt = 245 
Info: BDLD2_LABRENZIA_x10 model_4_multimer_v2_p1_230118_291649_recycled_06,  tol = 50.73, pLDDT = 46.22, pTM-score = 0.1712, piTM-score = 0.3226, interface-score = 0.0043, iRes = 45   iCnt = 83  
Info: BDLD2_LABRENZIA_x10 model_4_multimer_v2_p1_230118_291649_recycled_07,  tol = 31.30, pLDDT = 46.51, pTM-score = 0.1722, piTM-score = 0.0015, interface-score = 0.0002, iRes = 2    iCnt = 1   
Info: BDLD2_LABRENZIA_x10 model_4_multimer_v2_p1_230118_291649_recycled_08,  tol = 21.76, pLDDT = 46.34, pTM-score = 0.1719, piTM-score = 0.3094, interface-score = 0.0299, iRes = 43   iCnt = 58  
Info: BDLD2_LABRENZIA_x10 model_4_multimer_v2_p1_230118_291649_recycled_09,  tol = 33.33, pLDDT = 46.93, pTM-score = 0.1712, piTM-score = 0.1730, interface-score = 0.0204, iRes = 61   iCnt = 72  
Info: BDLD2_LABRENZIA_x10 model_4_multimer_v2_p1_230118_291649_recycled_10,  tol = 41.65, pLDDT = 47.00, pTM-score = 0.1694, piTM-score = 0.2576, interface-score = 0.0151, iRes = 52   iCnt = 68  
Info: BDLD2_LABRENZIA_x10 model_4_multimer_v2_p1_230118_291649_recycled_11,  tol = 22.81, pLDDT = 46.78, pTM-score = 0.1720, piTM-score = 0.2067, interface-score = 0.0257, iRes = 33   iCnt = 37  
Info: BDLD2_LABRENZIA_x10 model_4_multimer_v2_p1_230118_291649_recycled_12,  tol = 15.71, pLDDT = 46.16, pTM-score = 0.1707, piTM-score = 0.0316, interface-score = 0.0025, iRes = 15   iCnt = 10  
Info: BDLD2_LABRENZIA_x10 model_4_multimer_v2_p1_230118_291649_recycled_13,  tol =  9.81, pLDDT = 46.62, pTM-score = 0.1720, piTM-score = 0.0238, interface-score = 0.0046, iRes = 14   iCnt = 8   
Info: BDLD2_LABRENZIA_x10 model_4_multimer_v2_p1_230118_291649_recycled_14,  tol = 25.89, pLDDT = 46.79, pTM-score = 0.1711, piTM-score = 0.2269, interface-score = 0.0307, iRes = 88   iCnt = 128 
Info: BDLD2_LABRENZIA_x10 model_4_multimer_v2_p1_230118_291649_recycled_15,  tol = 25.29, pLDDT = 46.98, pTM-score = 0.1694, piTM-score = 0.0127, interface-score = 0.0014, iRes = 9    iCnt = 5   
Info: BDLD2_LABRENZIA_x10 model_4_multimer_v2_p1_230118_291649_recycled_16,  tol = 33.87, pLDDT = 46.66, pTM-score = 0.1699, piTM-score = 0.0091, interface-score = 0.0015, iRes = 8    iCnt = 4   
Info: BDLD2_LABRENZIA_x10 model_4_multimer_v2_p1_230118_291649_recycled_17,  tol = 11.98, pLDDT = 46.55, pTM-score = 0.1701, piTM-score = 0.0471, interface-score = 0.0098, iRes = 19   iCnt = 12  
Info: BDLD2_LABRENZIA_x10 model_4_multimer_v2_p1_230118_291649_recycled_18,  tol =  5.75, pLDDT = 46.98, pTM-score = 0.1698, piTM-score = 0.0428, interface-score = 0.0034, iRes = 17   iCnt = 12  
Info: BDLD2_LABRENZIA_x10 model_4_multimer_v2_p1_230118_291649_recycled_19,  tol = 22.14, pLDDT = 47.22, pTM-score = 0.1700, piTM-score = 0.0213, interface-score = 0.0040, iRes = 12   iCnt = 7   
Info: BDLD2_LABRENZIA_x10 model_4_multimer_v2_p1_230118_291649 performed 20 recycles, final tol = 17.04, pLDDT = 48.00, pTM-score = 0.1700, piTM-score = 0.0204, interface-score = 0.0026, iRes = 9    iCnt = 5   
Info: num_clusters = 10, cluster_sizes = [1, 1, 1, 1, 1, 1, 1, 1, 1, 1],  clusters = [['BDLD2_LABRENZIA_0'], ['BDLD2_LABRENZIA_1'], ['BDLD2_LABRENZIA_2'], ['BDLD2_LABRENZIA_3'], ['BDLD2_LABRENZIA_4'], ['BDLD2_LABRENZIA_5'], ['BDLD2_LABRENZIA_6'], ['BDLD2_LABRENZIA_7'], ['BDLD2_LABRENZIA_8'], ['BDLD2_LABRENZIA_9']]

I0118 03:01:02.040559 22569682458432 run_af2c_mod.py:404] Final timings for BDLD2_LABRENZIA_x10: {'features': 0.63, 'process_features_model_4_multimer_v2_p1_230118_291649': 0.0, 'predict_and_compile_model_4_multimer_v2_p1_230118_291649': 5541.7}
                                  
================================= 
Global information about the job: 
================================= 
  
Job owner: flobnow(42847)
Job name:  4_AF2C
Node list: ravg1045
Job start: Wed Jan 18 01:28:10 CET 2023
Job end:   Wed Jan 18 03:01:05 CET 2023
Work dir:  /raven/u/flobnow/fluffyAlpaca/scripts/myRuns/BDLD2_LABRENZIA
Command:   /raven/u/flobnow/fluffyAlpaca/scripts/myRuns/BDLD2_LABRENZIA/script2_comp_model_4.sh
  
  
  
==========================================================================================
Information on jobsteps (Note: MaxRSS/AveRSS is the maximum/average over all 
tasks of the per-task memory high-water marks; cf. "man sacct"): 
==========================================================================================
  
JobID            JobName NNodes NTasks  NCPUS        0.00M        0.00M    Elapsed ExitCode
------------- ---------- ------ ------ ------ ------------ ------------ ---------- --------
3912896           4_AF2C      1           108                             01:32:55      0:0
3912896.0        python3      1      1    108    63977.09M    63977.09M   01:32:51      0:0
  
Maximum memory per node: 67.084837 GB (defined as MaxRSS*Ntasks/NNodes)
CPU utilization: 1.9 %
  
Info: input file name is BDLD2_LABRENZIA
Info: input target list is /u/flobnow/fluffyAlpaca/scripts/myRuns/BDLD2_LABRENZIA/target.lst
Info: input feature directory is /u/flobnow/fluffyAlpaca/feature_files
Info: result output directory is /u/flobnow/fluffyAlpaca/output_files
Info: model preset is multimer_np
Info: msa pairing is all
Info: recycling setting is 1
/bin/sh: /mpcdf/soft/SLE_15/packages/x86_64/alphafold/2.2.0/lib/libtinfo.so.6: no version information available (required by /lib64/libreadline.so.7)
Info: using preset super2
Info: set num_ensemble = 2
Info: set max_recyles = 20
Info: set recycle_tol = 0.1
Info: mas_pairing mode is all
I0118 01:57:35.337499 22750947084096 tpu_client.py:54] Starting the local TPU driver.
I0118 01:57:35.337853 22750947084096 xla_bridge.py:212] Unable to initialize backend 'tpu_driver': Not found: Unable to find driver in registry given worker: local://
I0118 01:57:35.685601 22750947084096 xla_bridge.py:212] Unable to initialize backend 'tpu': Invalid argument: TpuPlatform is not available.
Info: working on target BDLD2_LABRENZIA_x10
I0118 01:57:39.122948 22750947084096 run_af2c_mod.py:482] Have 1 models: ['model_5_multimer_v2_p1']
I0118 01:57:39.123106 22750947084096 run_af2c_mod.py:512] Using random seed 2772210112963531492 for the data pipeline
Info: BDLD2_LABRENZIA_x10 found monomer BDLD2_LABRENZIA msa_depth = 1908, seq_len = 137, num_templ = 20
Info: BDLD2_LABRENZIA reducing the number of structural templates to 4
Info: 10 chain(s) to model {'A': 'BDLD2_LABRENZIA_1', 'B': 'BDLD2_LABRENZIA_1', 'C': 'BDLD2_LABRENZIA_1', 'D': 'BDLD2_LABRENZIA_1', 'E': 'BDLD2_LABRENZIA_1', 'F': 'BDLD2_LABRENZIA_1', 'G': 'BDLD2_LABRENZIA_1', 'H': 'BDLD2_LABRENZIA_1', 'I': 'BDLD2_LABRENZIA_1', 'J': 'BDLD2_LABRENZIA_1'}
Info: modeling BDLD2_LABRENZIA_x10 with msa_depth = 1908, seq_len = 1370, num_templ = 40
I0118 01:57:39.742030 22750947084096 run_af2c_mod.py:216] Running model model_5_multimer_v2_p1_230118_531492
I0118 01:57:39.742556 22750947084096 model.py:206] Running predict with shape(feat) = {'msa': (1908, 1370), 'bert_mask': (1908, 1370), 'num_alignments': (), 'aatype': (1370,), 'seq_length': (), 'template_aatype': (40, 1370), 'template_all_atom_mask': (40, 1370, 37), 'template_all_atom_positions': (40, 1370, 37, 3), 'all_atom_positions': (1370, 37, 3), 'template_domain_names': (40,), 'asym_id': (1370,), 'sym_id': (1370,), 'entity_id': (1370,), 'residue_index': (1370,), 'deletion_matrix': (1908, 1370), 'seq_mask': (1370,), 'msa_mask': (1908, 1370), 'cluster_bias_mask': (1908,), 'pdb_residue_index': (1370,)}
I0118 03:28:05.954299 22750947084096 run_af2c_mod.py:271] Total JAX model model_5_multimer_v2_p1_230118_531492 predict time (includes compilation time): 5426.2 seconds
Info: BDLD2_LABRENZIA_x10 model_5_multimer_v2_p1_230118_531492_recycled_00,  tol =   inf, pLDDT = 37.84, pTM-score = 0.1741, piTM-score = 0.1004, interface-score = 0.0182, iRes = 68   iCnt = 90  
Info: BDLD2_LABRENZIA_x10 model_5_multimer_v2_p1_230118_531492_recycled_01,  tol = 111.20, pLDDT = 37.90, pTM-score = 0.1745, piTM-score = 0.1846, interface-score = 0.0280, iRes = 110  iCnt = 175 
Info: BDLD2_LABRENZIA_x10 model_5_multimer_v2_p1_230118_531492_recycled_02,  tol = 47.73, pLDDT = 36.40, pTM-score = 0.1739, piTM-score = 0.0514, interface-score = 0.0036, iRes = 24   iCnt = 17  
Info: BDLD2_LABRENZIA_x10 model_5_multimer_v2_p1_230118_531492_recycled_03,  tol = 25.80, pLDDT = 36.34, pTM-score = 0.1723, piTM-score = 0.0124, interface-score = 0.0005, iRes = 10   iCnt = 8   
Info: BDLD2_LABRENZIA_x10 model_5_multimer_v2_p1_230118_531492_recycled_04,  tol = 11.69, pLDDT = 36.67, pTM-score = 0.1718, piTM-score = 0.0874, interface-score = 0.0022, iRes = 23   iCnt = 21  
Info: BDLD2_LABRENZIA_x10 model_5_multimer_v2_p1_230118_531492_recycled_05,  tol =  9.64, pLDDT = 35.94, pTM-score = 0.1723, piTM-score = 0.0691, interface-score = 0.0017, iRes = 24   iCnt = 18  
Info: BDLD2_LABRENZIA_x10 model_5_multimer_v2_p1_230118_531492_recycled_06,  tol = 12.61, pLDDT = 35.84, pTM-score = 0.1708, piTM-score = 0.0773, interface-score = 0.0022, iRes = 24   iCnt = 17  
Info: BDLD2_LABRENZIA_x10 model_5_multimer_v2_p1_230118_531492_recycled_07,  tol =  8.52, pLDDT = 36.58, pTM-score = 0.1686, piTM-score = 0.0028, interface-score = 0.0000, iRes = 4    iCnt = 2   
Info: BDLD2_LABRENZIA_x10 model_5_multimer_v2_p1_230118_531492_recycled_08,  tol =  9.11, pLDDT = 36.23, pTM-score = 0.1701, piTM-score = 0.0000, interface-score = 0.0000, iRes = 0    iCnt = 0   
Info: BDLD2_LABRENZIA_x10 model_5_multimer_v2_p1_230118_531492_recycled_09,  tol =  8.86, pLDDT = 35.45, pTM-score = 0.1700, piTM-score = 0.0060, interface-score = 0.0000, iRes = 5    iCnt = 4   
Info: BDLD2_LABRENZIA_x10 model_5_multimer_v2_p1_230118_531492_recycled_10,  tol =  7.28, pLDDT = 36.00, pTM-score = 0.1695, piTM-score = 0.0014, interface-score = 0.0000, iRes = 2    iCnt = 1   
Info: BDLD2_LABRENZIA_x10 model_5_multimer_v2_p1_230118_531492_recycled_11,  tol =  6.02, pLDDT = 35.53, pTM-score = 0.1705, piTM-score = 0.0000, interface-score = 0.0000, iRes = 0    iCnt = 0   
Info: BDLD2_LABRENZIA_x10 model_5_multimer_v2_p1_230118_531492_recycled_12,  tol =  4.67, pLDDT = 34.90, pTM-score = 0.1710, piTM-score = 0.0014, interface-score = 0.0000, iRes = 2    iCnt = 1   
Info: BDLD2_LABRENZIA_x10 model_5_multimer_v2_p1_230118_531492_recycled_13,  tol =  3.56, pLDDT = 34.58, pTM-score = 0.1721, piTM-score = 0.0000, interface-score = 0.0000, iRes = 0    iCnt = 0   
Info: BDLD2_LABRENZIA_x10 model_5_multimer_v2_p1_230118_531492_recycled_14,  tol =  3.27, pLDDT = 35.20, pTM-score = 0.1722, piTM-score = 0.0000, interface-score = 0.0000, iRes = 0    iCnt = 0   
Info: BDLD2_LABRENZIA_x10 model_5_multimer_v2_p1_230118_531492_recycled_15,  tol =  3.47, pLDDT = 34.54, pTM-score = 0.1728, piTM-score = 0.0000, interface-score = 0.0000, iRes = 0    iCnt = 0   
Info: BDLD2_LABRENZIA_x10 model_5_multimer_v2_p1_230118_531492_recycled_16,  tol =  4.02, pLDDT = 35.29, pTM-score = 0.1732, piTM-score = 0.0000, interface-score = 0.0000, iRes = 0    iCnt = 0   
Info: BDLD2_LABRENZIA_x10 model_5_multimer_v2_p1_230118_531492_recycled_17,  tol =  3.86, pLDDT = 34.91, pTM-score = 0.1749, piTM-score = 0.0000, interface-score = 0.0000, iRes = 0    iCnt = 0   
Info: BDLD2_LABRENZIA_x10 model_5_multimer_v2_p1_230118_531492_recycled_18,  tol =  6.09, pLDDT = 35.08, pTM-score = 0.1742, piTM-score = 0.0000, interface-score = 0.0000, iRes = 0    iCnt = 0   
Info: BDLD2_LABRENZIA_x10 model_5_multimer_v2_p1_230118_531492_recycled_19,  tol =  4.32, pLDDT = 34.86, pTM-score = 0.1745, piTM-score = 0.0000, interface-score = 0.0000, iRes = 0    iCnt = 0   
Info: BDLD2_LABRENZIA_x10 model_5_multimer_v2_p1_230118_531492 performed 20 recycles, final tol = 4.81, pLDDT = 34.90, pTM-score = 0.1744, piTM-score = 0.0000, interface-score = 0.0000, iRes = 0    iCnt = 0   
Info: num_clusters = 10, cluster_sizes = [1, 1, 1, 1, 1, 1, 1, 1, 1, 1],  clusters = [['BDLD2_LABRENZIA_0'], ['BDLD2_LABRENZIA_1'], ['BDLD2_LABRENZIA_2'], ['BDLD2_LABRENZIA_3'], ['BDLD2_LABRENZIA_4'], ['BDLD2_LABRENZIA_5'], ['BDLD2_LABRENZIA_6'], ['BDLD2_LABRENZIA_7'], ['BDLD2_LABRENZIA_8'], ['BDLD2_LABRENZIA_9']]

I0118 03:28:11.716562 22750947084096 run_af2c_mod.py:404] Final timings for BDLD2_LABRENZIA_x10: {'features': 0.62, 'process_features_model_5_multimer_v2_p1_230118_531492': 0.0, 'predict_and_compile_model_5_multimer_v2_p1_230118_531492': 5426.2}
                                  
================================= 
Global information about the job: 
================================= 
  
Job owner: flobnow(42847)
Job name:  5_AF2C
Node list: ravg1169
Job start: Wed Jan 18 01:57:18 CET 2023
Job end:   Wed Jan 18 03:28:15 CET 2023
Work dir:  /raven/u/flobnow/fluffyAlpaca/scripts/myRuns/BDLD2_LABRENZIA
Command:   /raven/u/flobnow/fluffyAlpaca/scripts/myRuns/BDLD2_LABRENZIA/script2_comp_model_5.sh
  
  
  
==========================================================================================
Information on jobsteps (Note: MaxRSS/AveRSS is the maximum/average over all 
tasks of the per-task memory high-water marks; cf. "man sacct"): 
==========================================================================================
  
JobID            JobName NNodes NTasks  NCPUS        0.00M        0.00M    Elapsed ExitCode
------------- ---------- ------ ------ ------ ------------ ------------ ---------- --------
3912899           5_AF2C      1           108                             01:30:57      0:0
3912899.0        python3      1      1    108    63617.90M    63617.90M   01:30:52      0:0
  
Maximum memory per node: 66.708206 GB (defined as MaxRSS*Ntasks/NNodes)
CPU utilization: 1.9 %
  
Info: target file is /u/flobnow/fluffyAlpaca/scripts/myRuns/BDLD2_LABRENZIA/target.lst
Info: input directory of unrelaxed models is /u/flobnow/fluffyAlpaca/output_files
Info: output directory of relaxed models is /u/flobnow/fluffyAlpaca/output_files
/bin/sh: /mpcdf/soft/SLE_15/packages/x86_64/alphafold/2.2.0/lib/libtinfo.so.6: no version information available (required by /lib64/libreadline.so.7)
I0118 03:29:30.104894 22882546566976 run_af2c_min.py:88] BDLD2_LABRENZIA_x10 processing model_5_multimer_v2_p1_230118_531492.pdb
sh: /mpcdf/soft/SLE_15/packages/x86_64/alphafold/2.2.0/lib/libtinfo.so.6: no version information available (required by /lib64/libreadline.so.7)
sh: /mpcdf/soft/SLE_15/packages/x86_64/alphafold/2.2.0/lib/libtinfo.so.6: no version information available (required by /lib64/libreadline.so.7)
I0118 03:30:09.457496 22882546566976 amber_minimize.py:177] alterations info: {'nonstandard_residues': [], 'removed_heterogens': set(), 'missing_residues': {}, 'missing_heavy_atoms': {}, 'missing_terminals': {<Residue 136 (GLN) of chain 0>: ['OXT'], <Residue 273 (GLN) of chain 1>: ['OXT'], <Residue 410 (GLN) of chain 2>: ['OXT'], <Residue 547 (GLN) of chain 3>: ['OXT'], <Residue 684 (GLN) of chain 4>: ['OXT'], <Residue 821 (GLN) of chain 5>: ['OXT'], <Residue 958 (GLN) of chain 6>: ['OXT'], <Residue 1095 (GLN) of chain 7>: ['OXT'], <Residue 1232 (GLN) of chain 8>: ['OXT'], <Residue 1369 (GLN) of chain 9>: ['OXT']}, 'Se_in_MET': [], 'removed_chains': {0: []}}
I0118 03:30:11.447224 22882546566976 amber_minimize.py:408] Minimizing protein, attempt 1 of 100.
I0118 03:30:13.517323 22882546566976 amber_minimize.py:69] Restraining 10690 / 21450 particles.
sh: /mpcdf/soft/SLE_15/packages/x86_64/alphafold/2.2.0/lib/libtinfo.so.6: no version information available (required by /lib64/libreadline.so.7)
I0118 03:33:33.498723 22882546566976 amber_minimize.py:177] alterations info: {'nonstandard_residues': [], 'removed_heterogens': set(), 'missing_residues': {}, 'missing_heavy_atoms': {}, 'missing_terminals': {}, 'Se_in_MET': [], 'removed_chains': {0: []}}
I0118 03:33:35.656220 22882546566976 tpu_client.py:54] Starting the local TPU driver.
I0118 03:33:35.656768 22882546566976 xla_bridge.py:212] Unable to initialize backend 'tpu_driver': Not found: Unable to find driver in registry given worker: local://
I0118 03:33:35.876023 22882546566976 xla_bridge.py:212] Unable to initialize backend 'tpu': Invalid argument: TpuPlatform is not available.
I0118 03:33:53.771803 22882546566976 amber_minimize.py:500] Iteration completed: Einit 807277.57 Efinal -22701.88 Time 167.11 s num residue violations 0 num residue exclusions 0 
sh: /mpcdf/soft/SLE_15/packages/x86_64/alphafold/2.2.0/lib/libtinfo.so.6: no version information available (required by /lib64/libreadline.so.7)
sh: /mpcdf/soft/SLE_15/packages/x86_64/alphafold/2.2.0/lib/libtinfo.so.6: no version information available (required by /lib64/libreadline.so.7)
I0118 03:34:28.961408 22882546566976 amber_minimize.py:177] alterations info: {'nonstandard_residues': [], 'removed_heterogens': set(), 'missing_residues': {}, 'missing_heavy_atoms': {}, 'missing_terminals': {<Residue 136 (GLN) of chain 0>: ['OXT'], <Residue 273 (GLN) of chain 1>: ['OXT'], <Residue 410 (GLN) of chain 2>: ['OXT'], <Residue 547 (GLN) of chain 3>: ['OXT'], <Residue 684 (GLN) of chain 4>: ['OXT'], <Residue 821 (GLN) of chain 5>: ['OXT'], <Residue 958 (GLN) of chain 6>: ['OXT'], <Residue 1095 (GLN) of chain 7>: ['OXT'], <Residue 1232 (GLN) of chain 8>: ['OXT'], <Residue 1369 (GLN) of chain 9>: ['OXT']}, 'Se_in_MET': [], 'removed_chains': {0: []}}
I0118 03:34:33.177598 22882546566976 run_af2c_min.py:110] BDLD2_LABRENZIA_x10 relaxation done, time spent 302.4 seconds, Efinal -22701.88, rmsd 0.45
I0118 03:34:33.177725 22882546566976 run_af2c_min.py:88] BDLD2_LABRENZIA_x10 processing model_2_multimer_v2_p1_230118_464768.pdb
sh: /mpcdf/soft/SLE_15/packages/x86_64/alphafold/2.2.0/lib/libtinfo.so.6: no version information available (required by /lib64/libreadline.so.7)
sh: /mpcdf/soft/SLE_15/packages/x86_64/alphafold/2.2.0/lib/libtinfo.so.6: no version information available (required by /lib64/libreadline.so.7)
I0118 03:35:08.399783 22882546566976 amber_minimize.py:177] alterations info: {'nonstandard_residues': [], 'removed_heterogens': set(), 'missing_residues': {}, 'missing_heavy_atoms': {}, 'missing_terminals': {<Residue 136 (GLN) of chain 0>: ['OXT'], <Residue 273 (GLN) of chain 1>: ['OXT'], <Residue 410 (GLN) of chain 2>: ['OXT'], <Residue 547 (GLN) of chain 3>: ['OXT'], <Residue 684 (GLN) of chain 4>: ['OXT'], <Residue 821 (GLN) of chain 5>: ['OXT'], <Residue 958 (GLN) of chain 6>: ['OXT'], <Residue 1095 (GLN) of chain 7>: ['OXT'], <Residue 1232 (GLN) of chain 8>: ['OXT'], <Residue 1369 (GLN) of chain 9>: ['OXT']}, 'Se_in_MET': [], 'removed_chains': {0: []}}
I0118 03:35:10.484792 22882546566976 amber_minimize.py:408] Minimizing protein, attempt 1 of 100.
I0118 03:35:12.537782 22882546566976 amber_minimize.py:69] Restraining 10690 / 21450 particles.
sh: /mpcdf/soft/SLE_15/packages/x86_64/alphafold/2.2.0/lib/libtinfo.so.6: no version information available (required by /lib64/libreadline.so.7)
I0118 03:39:03.595449 22882546566976 amber_minimize.py:177] alterations info: {'nonstandard_residues': [], 'removed_heterogens': set(), 'missing_residues': {}, 'missing_heavy_atoms': {}, 'missing_terminals': {}, 'Se_in_MET': [], 'removed_chains': {0: []}}
I0118 03:39:11.866168 22882546566976 amber_minimize.py:500] Iteration completed: Einit 26681956280.76 Efinal -21723.73 Time 198.58 s num residue violations 0 num residue exclusions 0 
sh: /mpcdf/soft/SLE_15/packages/x86_64/alphafold/2.2.0/lib/libtinfo.so.6: no version information available (required by /lib64/libreadline.so.7)
sh: /mpcdf/soft/SLE_15/packages/x86_64/alphafold/2.2.0/lib/libtinfo.so.6: no version information available (required by /lib64/libreadline.so.7)
I0118 03:39:47.342912 22882546566976 amber_minimize.py:177] alterations info: {'nonstandard_residues': [], 'removed_heterogens': set(), 'missing_residues': {}, 'missing_heavy_atoms': {}, 'missing_terminals': {<Residue 136 (GLN) of chain 0>: ['OXT'], <Residue 273 (GLN) of chain 1>: ['OXT'], <Residue 410 (GLN) of chain 2>: ['OXT'], <Residue 547 (GLN) of chain 3>: ['OXT'], <Residue 684 (GLN) of chain 4>: ['OXT'], <Residue 821 (GLN) of chain 5>: ['OXT'], <Residue 958 (GLN) of chain 6>: ['OXT'], <Residue 1095 (GLN) of chain 7>: ['OXT'], <Residue 1232 (GLN) of chain 8>: ['OXT'], <Residue 1369 (GLN) of chain 9>: ['OXT']}, 'Se_in_MET': [], 'removed_chains': {0: []}}
I0118 03:39:51.563230 22882546566976 run_af2c_min.py:110] BDLD2_LABRENZIA_x10 relaxation done, time spent 317.7 seconds, Efinal -21723.73, rmsd 0.68
I0118 03:39:51.563365 22882546566976 run_af2c_min.py:88] BDLD2_LABRENZIA_x10 processing model_4_multimer_v2_p1_230118_291649.pdb
sh: /mpcdf/soft/SLE_15/packages/x86_64/alphafold/2.2.0/lib/libtinfo.so.6: no version information available (required by /lib64/libreadline.so.7)
sh: /mpcdf/soft/SLE_15/packages/x86_64/alphafold/2.2.0/lib/libtinfo.so.6: no version information available (required by /lib64/libreadline.so.7)
I0118 03:40:26.604562 22882546566976 amber_minimize.py:177] alterations info: {'nonstandard_residues': [], 'removed_heterogens': set(), 'missing_residues': {}, 'missing_heavy_atoms': {}, 'missing_terminals': {<Residue 136 (GLN) of chain 0>: ['OXT'], <Residue 273 (GLN) of chain 1>: ['OXT'], <Residue 410 (GLN) of chain 2>: ['OXT'], <Residue 547 (GLN) of chain 3>: ['OXT'], <Residue 684 (GLN) of chain 4>: ['OXT'], <Residue 821 (GLN) of chain 5>: ['OXT'], <Residue 958 (GLN) of chain 6>: ['OXT'], <Residue 1095 (GLN) of chain 7>: ['OXT'], <Residue 1232 (GLN) of chain 8>: ['OXT'], <Residue 1369 (GLN) of chain 9>: ['OXT']}, 'Se_in_MET': [], 'removed_chains': {0: []}}
I0118 03:40:28.620599 22882546566976 amber_minimize.py:408] Minimizing protein, attempt 1 of 100.
I0118 03:40:30.644935 22882546566976 amber_minimize.py:69] Restraining 10690 / 21450 particles.
sh: /mpcdf/soft/SLE_15/packages/x86_64/alphafold/2.2.0/lib/libtinfo.so.6: no version information available (required by /lib64/libreadline.so.7)
I0118 03:44:07.798728 22882546566976 amber_minimize.py:177] alterations info: {'nonstandard_residues': [], 'removed_heterogens': set(), 'missing_residues': {}, 'missing_heavy_atoms': {}, 'missing_terminals': {}, 'Se_in_MET': [], 'removed_chains': {0: []}}
I0118 03:44:16.075216 22882546566976 amber_minimize.py:500] Iteration completed: Einit 436624614.01 Efinal -23834.78 Time 185.20 s num residue violations 0 num residue exclusions 0 
sh: /mpcdf/soft/SLE_15/packages/x86_64/alphafold/2.2.0/lib/libtinfo.so.6: no version information available (required by /lib64/libreadline.so.7)
sh: /mpcdf/soft/SLE_15/packages/x86_64/alphafold/2.2.0/lib/libtinfo.so.6: no version information available (required by /lib64/libreadline.so.7)
I0118 03:44:50.866177 22882546566976 amber_minimize.py:177] alterations info: {'nonstandard_residues': [], 'removed_heterogens': set(), 'missing_residues': {}, 'missing_heavy_atoms': {}, 'missing_terminals': {<Residue 136 (GLN) of chain 0>: ['OXT'], <Residue 273 (GLN) of chain 1>: ['OXT'], <Residue 410 (GLN) of chain 2>: ['OXT'], <Residue 547 (GLN) of chain 3>: ['OXT'], <Residue 684 (GLN) of chain 4>: ['OXT'], <Residue 821 (GLN) of chain 5>: ['OXT'], <Residue 958 (GLN) of chain 6>: ['OXT'], <Residue 1095 (GLN) of chain 7>: ['OXT'], <Residue 1232 (GLN) of chain 8>: ['OXT'], <Residue 1369 (GLN) of chain 9>: ['OXT']}, 'Se_in_MET': [], 'removed_chains': {0: []}}
I0118 03:44:55.062227 22882546566976 run_af2c_min.py:110] BDLD2_LABRENZIA_x10 relaxation done, time spent 302.8 seconds, Efinal -23834.78, rmsd 0.43
I0118 03:44:55.062353 22882546566976 run_af2c_min.py:88] BDLD2_LABRENZIA_x10 processing model_1_multimer_v2_p1_230117_548652.pdb
sh: /mpcdf/soft/SLE_15/packages/x86_64/alphafold/2.2.0/lib/libtinfo.so.6: no version information available (required by /lib64/libreadline.so.7)
sh: /mpcdf/soft/SLE_15/packages/x86_64/alphafold/2.2.0/lib/libtinfo.so.6: no version information available (required by /lib64/libreadline.so.7)
I0118 03:45:27.073590 22882546566976 amber_minimize.py:177] alterations info: {'nonstandard_residues': [], 'removed_heterogens': set(), 'missing_residues': {}, 'missing_heavy_atoms': {}, 'missing_terminals': {<Residue 136 (GLN) of chain 0>: ['OXT'], <Residue 273 (GLN) of chain 1>: ['OXT'], <Residue 410 (GLN) of chain 2>: ['OXT'], <Residue 547 (GLN) of chain 3>: ['OXT'], <Residue 684 (GLN) of chain 4>: ['OXT'], <Residue 821 (GLN) of chain 5>: ['OXT'], <Residue 958 (GLN) of chain 6>: ['OXT'], <Residue 1095 (GLN) of chain 7>: ['OXT'], <Residue 1232 (GLN) of chain 8>: ['OXT'], <Residue 1369 (GLN) of chain 9>: ['OXT']}, 'Se_in_MET': [], 'removed_chains': {0: []}}
I0118 03:45:29.045225 22882546566976 amber_minimize.py:408] Minimizing protein, attempt 1 of 100.
I0118 03:45:31.069740 22882546566976 amber_minimize.py:69] Restraining 10690 / 21450 particles.
sh: /mpcdf/soft/SLE_15/packages/x86_64/alphafold/2.2.0/lib/libtinfo.so.6: no version information available (required by /lib64/libreadline.so.7)
I0118 03:49:23.397383 22882546566976 amber_minimize.py:177] alterations info: {'nonstandard_residues': [], 'removed_heterogens': set(), 'missing_residues': {}, 'missing_heavy_atoms': {}, 'missing_terminals': {}, 'Se_in_MET': [], 'removed_chains': {0: []}}
I0118 03:49:31.633790 22882546566976 amber_minimize.py:500] Iteration completed: Einit 84048246.36 Efinal -21678.66 Time 202.42 s num residue violations 2 num residue exclusions 0 
I0118 03:49:31.634688 22882546566976 amber_minimize.py:408] Minimizing protein, attempt 1 of 100.
I0118 03:49:33.700406 22882546566976 amber_minimize.py:69] Restraining 10673 / 21450 particles.
sh: /mpcdf/soft/SLE_15/packages/x86_64/alphafold/2.2.0/lib/libtinfo.so.6: no version information available (required by /lib64/libreadline.so.7)
I0118 03:53:10.321372 22882546566976 amber_minimize.py:177] alterations info: {'nonstandard_residues': [], 'removed_heterogens': set(), 'missing_residues': {}, 'missing_heavy_atoms': {}, 'missing_terminals': {}, 'Se_in_MET': [], 'removed_chains': {0: []}}
I0118 03:53:18.752750 22882546566976 amber_minimize.py:500] Iteration completed: Einit 31014.29 Efinal -25393.91 Time 185.48 s num residue violations 0 num residue exclusions 2 
sh: /mpcdf/soft/SLE_15/packages/x86_64/alphafold/2.2.0/lib/libtinfo.so.6: no version information available (required by /lib64/libreadline.so.7)
sh: /mpcdf/soft/SLE_15/packages/x86_64/alphafold/2.2.0/lib/libtinfo.so.6: no version information available (required by /lib64/libreadline.so.7)
I0118 03:53:50.271618 22882546566976 amber_minimize.py:177] alterations info: {'nonstandard_residues': [], 'removed_heterogens': set(), 'missing_residues': {}, 'missing_heavy_atoms': {}, 'missing_terminals': {<Residue 136 (GLN) of chain 0>: ['OXT'], <Residue 273 (GLN) of chain 1>: ['OXT'], <Residue 410 (GLN) of chain 2>: ['OXT'], <Residue 547 (GLN) of chain 3>: ['OXT'], <Residue 684 (GLN) of chain 4>: ['OXT'], <Residue 821 (GLN) of chain 5>: ['OXT'], <Residue 958 (GLN) of chain 6>: ['OXT'], <Residue 1095 (GLN) of chain 7>: ['OXT'], <Residue 1232 (GLN) of chain 8>: ['OXT'], <Residue 1369 (GLN) of chain 9>: ['OXT']}, 'Se_in_MET': [], 'removed_chains': {0: []}}
I0118 03:53:54.467898 22882546566976 run_af2c_min.py:110] BDLD2_LABRENZIA_x10 relaxation done, time spent 538.7 seconds, Efinal -25393.91, rmsd 0.39
I0118 03:53:54.468013 22882546566976 run_af2c_min.py:88] BDLD2_LABRENZIA_x10 processing model_3_multimer_v2_p1_230118_763876.pdb
sh: /mpcdf/soft/SLE_15/packages/x86_64/alphafold/2.2.0/lib/libtinfo.so.6: no version information available (required by /lib64/libreadline.so.7)
sh: /mpcdf/soft/SLE_15/packages/x86_64/alphafold/2.2.0/lib/libtinfo.so.6: no version information available (required by /lib64/libreadline.so.7)
I0118 03:54:27.138211 22882546566976 amber_minimize.py:177] alterations info: {'nonstandard_residues': [], 'removed_heterogens': set(), 'missing_residues': {}, 'missing_heavy_atoms': {}, 'missing_terminals': {<Residue 136 (GLN) of chain 0>: ['OXT'], <Residue 273 (GLN) of chain 1>: ['OXT'], <Residue 410 (GLN) of chain 2>: ['OXT'], <Residue 547 (GLN) of chain 3>: ['OXT'], <Residue 684 (GLN) of chain 4>: ['OXT'], <Residue 821 (GLN) of chain 5>: ['OXT'], <Residue 958 (GLN) of chain 6>: ['OXT'], <Residue 1095 (GLN) of chain 7>: ['OXT'], <Residue 1232 (GLN) of chain 8>: ['OXT'], <Residue 1369 (GLN) of chain 9>: ['OXT']}, 'Se_in_MET': [], 'removed_chains': {0: []}}
I0118 03:54:29.102091 22882546566976 amber_minimize.py:408] Minimizing protein, attempt 1 of 100.
I0118 03:54:31.147504 22882546566976 amber_minimize.py:69] Restraining 10690 / 21450 particles.
sh: /mpcdf/soft/SLE_15/packages/x86_64/alphafold/2.2.0/lib/libtinfo.so.6: no version information available (required by /lib64/libreadline.so.7)
I0118 03:58:15.857255 22882546566976 amber_minimize.py:177] alterations info: {'nonstandard_residues': [], 'removed_heterogens': set(), 'missing_residues': {}, 'missing_heavy_atoms': {}, 'missing_terminals': {}, 'Se_in_MET': [], 'removed_chains': {0: []}}
I0118 03:58:24.160957 22882546566976 amber_minimize.py:500] Iteration completed: Einit 50763434.39 Efinal -26522.85 Time 194.76 s num residue violations 0 num residue exclusions 0 
sh: /mpcdf/soft/SLE_15/packages/x86_64/alphafold/2.2.0/lib/libtinfo.so.6: no version information available (required by /lib64/libreadline.so.7)
sh: /mpcdf/soft/SLE_15/packages/x86_64/alphafold/2.2.0/lib/libtinfo.so.6: no version information available (required by /lib64/libreadline.so.7)
I0118 03:58:56.598210 22882546566976 amber_minimize.py:177] alterations info: {'nonstandard_residues': [], 'removed_heterogens': set(), 'missing_residues': {}, 'missing_heavy_atoms': {}, 'missing_terminals': {<Residue 136 (GLN) of chain 0>: ['OXT'], <Residue 273 (GLN) of chain 1>: ['OXT'], <Residue 410 (GLN) of chain 2>: ['OXT'], <Residue 547 (GLN) of chain 3>: ['OXT'], <Residue 684 (GLN) of chain 4>: ['OXT'], <Residue 821 (GLN) of chain 5>: ['OXT'], <Residue 958 (GLN) of chain 6>: ['OXT'], <Residue 1095 (GLN) of chain 7>: ['OXT'], <Residue 1232 (GLN) of chain 8>: ['OXT'], <Residue 1369 (GLN) of chain 9>: ['OXT']}, 'Se_in_MET': [], 'removed_chains': {0: []}}
I0118 03:59:00.828637 22882546566976 run_af2c_min.py:110] BDLD2_LABRENZIA_x10 relaxation done, time spent 305.7 seconds, Efinal -26522.85, rmsd 0.45
                                  
================================= 
Global information about the job: 
================================= 
  
Job owner: flobnow(42847)
Job name:  6_RLX
Node list: ravg1169
Job start: Wed Jan 18 03:29:17 CET 2023
Job end:   Wed Jan 18 03:59:02 CET 2023
Work dir:  /raven/u/flobnow/fluffyAlpaca/scripts/myRuns/BDLD2_LABRENZIA
Command:   /raven/u/flobnow/fluffyAlpaca/scripts/myRuns/BDLD2_LABRENZIA/script3_relaxation.sh
  
  
  
==========================================================================================
Information on jobsteps (Note: MaxRSS/AveRSS is the maximum/average over all 
tasks of the per-task memory high-water marks; cf. "man sacct"): 
==========================================================================================
  
JobID            JobName NNodes NTasks  NCPUS        0.00M        0.00M    Elapsed ExitCode
------------- ---------- ------ ------ ------ ------------ ------------ ---------- --------
3912902            6_RLX      1           108                             00:29:45      0:0
3912902.0        python3      1      1    108    24915.90M    24915.90M   00:29:40      0:0
  
Maximum memory per node: 26.126215 GB (defined as MaxRSS*Ntasks/NNodes)
CPU utilization: 62.5 %
  
