Info: input file name is BDLD_85
Info: input target list is /u/flobnow/fluffyAlpaca/scripts/myRuns/BDLD_85/target.lst
Info: input feature directory is /u/flobnow/fluffyAlpaca/feature_files
Info: result output directory is /u/flobnow/fluffyAlpaca/output_files
Info: model preset is multimer_np
Info: msa pairing is all
Info: recycling setting is 1
/bin/sh: /mpcdf/soft/SLE_15/packages/x86_64/alphafold/2.2.0/lib/libtinfo.so.6: no version information available (required by /lib64/libreadline.so.7)
Info: using preset super2
Info: set num_ensemble = 2
Info: set max_recyles = 20
Info: set recycle_tol = 0.1
Info: mas_pairing mode is all
I0116 10:23:29.219329 22814071174976 tpu_client.py:54] Starting the local TPU driver.
I0116 10:23:29.293590 22814071174976 xla_bridge.py:212] Unable to initialize backend 'tpu_driver': Not found: Unable to find driver in registry given worker: local://
I0116 10:23:29.633093 22814071174976 xla_bridge.py:212] Unable to initialize backend 'tpu': Invalid argument: TpuPlatform is not available.
I0116 10:23:33.036112 22814071174976 run_af2c_mod.py:482] Have 1 models: ['model_5_multimer_v2_p1']
Info: working on target BDLD_85_x6
I0116 10:23:34.037334 22814071174976 run_af2c_mod.py:512] Using random seed 8478709150304108745 for the data pipeline
Info: BDLD_85_x6 found monomer BDLD_85 msa_depth = 416, seq_len = 74, num_templ = 20
Info: BDLD_85 reducing the number of structural templates to 4
Info: 6 chain(s) to model {'A': 'BDLD_85_1', 'B': 'BDLD_85_1', 'C': 'BDLD_85_1', 'D': 'BDLD_85_1', 'E': 'BDLD_85_1', 'F': 'BDLD_85_1'}
Info: modeling BDLD_85_x6 with msa_depth = 512, seq_len = 444, num_templ = 24
I0116 10:23:34.096209 22814071174976 run_af2c_mod.py:216] Running model model_5_multimer_v2_p1_230116_108745
I0116 10:23:34.096653 22814071174976 model.py:206] Running predict with shape(feat) = {'msa': (512, 444), 'bert_mask': (512, 444), 'num_alignments': (), 'aatype': (444,), 'seq_length': (), 'template_aatype': (24, 444), 'template_all_atom_mask': (24, 444, 37), 'template_all_atom_positions': (24, 444, 37, 3), 'all_atom_positions': (444, 37, 3), 'template_domain_names': (24,), 'asym_id': (444,), 'sym_id': (444,), 'entity_id': (444,), 'residue_index': (444,), 'deletion_matrix': (512, 444), 'seq_mask': (444,), 'msa_mask': (512, 444), 'cluster_bias_mask': (512,), 'pdb_residue_index': (444,)}
I0116 10:26:42.384395 22814071174976 run_af2c_mod.py:271] Total JAX model model_5_multimer_v2_p1_230116_108745 predict time (includes compilation time): 188.3 seconds
Info: BDLD_85_x6 model_5_multimer_v2_p1_230116_108745_recycled_00,  tol =   inf, pLDDT = 80.68, pTM-score = 0.5156, piTM-score = 0.3958, interface-score = 0.3620, iRes = 102  iCnt = 96  
Info: BDLD_85_x6 model_5_multimer_v2_p1_230116_108745_recycled_01,  tol = 33.73, pLDDT = 79.25, pTM-score = 0.4813, piTM-score = 0.4043, interface-score = 0.3115, iRes = 85   iCnt = 78  
Info: BDLD_85_x6 model_5_multimer_v2_p1_230116_108745_recycled_02,  tol =  4.95, pLDDT = 83.43, pTM-score = 0.5796, piTM-score = 0.4815, interface-score = 0.4328, iRes = 99   iCnt = 101 
Info: BDLD_85_x6 model_5_multimer_v2_p1_230116_108745_recycled_03,  tol =  2.01, pLDDT = 86.18, pTM-score = 0.6643, piTM-score = 0.5514, interface-score = 0.5330, iRes = 102  iCnt = 106 
Info: BDLD_85_x6 model_5_multimer_v2_p1_230116_108745_recycled_04,  tol =  0.19, pLDDT = 87.93, pTM-score = 0.7126, piTM-score = 0.5896, interface-score = 0.5890, iRes = 101  iCnt = 106 
Info: BDLD_85_x6 model_5_multimer_v2_p1_230116_108745 performed 5 recycles, final tol = 0.05, pLDDT = 88.66, pTM-score = 0.7347, piTM-score = 0.6108, interface-score = 0.6164, iRes = 101  iCnt = 107 
Info: num_clusters = 1, cluster_sizes = [6],  clusters = [['BDLD_85_0', 'BDLD_85_1', 'BDLD_85_2', 'BDLD_85_3', 'BDLD_85_4', 'BDLD_85_5']]

I0116 10:26:44.441211 22814071174976 run_af2c_mod.py:404] Final timings for BDLD_85_x6: {'features': 0.05, 'process_features_model_5_multimer_v2_p1_230116_108745': 0.0, 'predict_and_compile_model_5_multimer_v2_p1_230116_108745': 188.3}
                                  
================================= 
Global information about the job: 
================================= 
  
Job owner: flobnow(42847)
Job name:  5_AF2C
Node list: ravg1112
Job start: Mon Jan 16 10:23:12 CET 2023
Job end:   Mon Jan 16 10:26:46 CET 2023
Work dir:  /raven/u/flobnow/fluffyAlpaca/scripts/myRuns/BDLD_85
Command:   /raven/u/flobnow/fluffyAlpaca/scripts/myRuns/BDLD_85/script2_comp_model_5.sh
  
  
  
==========================================================================================
Information on jobsteps (Note: MaxRSS/AveRSS is the maximum/average over all 
tasks of the per-task memory high-water marks; cf. "man sacct"): 
==========================================================================================
  
JobID            JobName NNodes NTasks  NCPUS        0.00M        0.00M    Elapsed ExitCode
------------- ---------- ------ ------ ------ ------------ ------------ ---------- --------
3891971           5_AF2C      1           108                             00:03:34      0:0
3891971.0        python3      1      1    108    16500.27M    16500.27M   00:03:30      0:0
  
Maximum memory per node: 17.301791 GB (defined as MaxRSS*Ntasks/NNodes)
CPU utilization: 1.9 %
  
