Info: input file name is BDLD_85
Info: input target list is /u/flobnow/fluffyAlpaca/scripts/myRuns/BDLD_85/target.lst
Info: input feature directory is /u/flobnow/fluffyAlpaca/feature_files
Info: result output directory is /u/flobnow/fluffyAlpaca/output_files
Info: model preset is multimer_np
Info: msa pairing is all
Info: recycling setting is 1
/bin/sh: /mpcdf/soft/SLE_15/packages/x86_64/alphafold/2.2.0/lib/libtinfo.so.6: no version information available (required by /lib64/libreadline.so.7)
Info: using preset super2
Info: set num_ensemble = 2
Info: set max_recyles = 20
Info: set recycle_tol = 0.1
Info: mas_pairing mode is all
I0116 10:23:25.708798 22457083533120 tpu_client.py:54] Starting the local TPU driver.
I0116 10:23:25.709168 22457083533120 xla_bridge.py:212] Unable to initialize backend 'tpu_driver': Not found: Unable to find driver in registry given worker: local://
I0116 10:23:26.040952 22457083533120 xla_bridge.py:212] Unable to initialize backend 'tpu': Invalid argument: TpuPlatform is not available.
I0116 10:23:29.528686 22457083533120 run_af2c_mod.py:482] Have 1 models: ['model_1_multimer_v2_p1']
Info: working on target BDLD_85_x6
I0116 10:23:35.534918 22457083533120 run_af2c_mod.py:512] Using random seed 4139200080837276575 for the data pipeline
Info: BDLD_85_x6 found monomer BDLD_85 msa_depth = 416, seq_len = 74, num_templ = 20
Info: BDLD_85 reducing the number of structural templates to 4
Info: 6 chain(s) to model {'A': 'BDLD_85_1', 'B': 'BDLD_85_1', 'C': 'BDLD_85_1', 'D': 'BDLD_85_1', 'E': 'BDLD_85_1', 'F': 'BDLD_85_1'}
Info: modeling BDLD_85_x6 with msa_depth = 512, seq_len = 444, num_templ = 24
I0116 10:23:35.591418 22457083533120 run_af2c_mod.py:216] Running model model_1_multimer_v2_p1_230116_276575
I0116 10:23:35.591867 22457083533120 model.py:206] Running predict with shape(feat) = {'msa': (512, 444), 'bert_mask': (512, 444), 'num_alignments': (), 'aatype': (444,), 'seq_length': (), 'template_aatype': (24, 444), 'template_all_atom_mask': (24, 444, 37), 'template_all_atom_positions': (24, 444, 37, 3), 'all_atom_positions': (444, 37, 3), 'template_domain_names': (24,), 'asym_id': (444,), 'sym_id': (444,), 'entity_id': (444,), 'residue_index': (444,), 'deletion_matrix': (512, 444), 'seq_mask': (444,), 'msa_mask': (512, 444), 'cluster_bias_mask': (512,), 'pdb_residue_index': (444,)}
I0116 10:26:09.592716 22457083533120 run_af2c_mod.py:271] Total JAX model model_1_multimer_v2_p1_230116_276575 predict time (includes compilation time): 154.0 seconds
Info: BDLD_85_x6 model_1_multimer_v2_p1_230116_276575_recycled_00,  tol =   inf, pLDDT = 91.27, pTM-score = 0.7893, piTM-score = 0.6737, interface-score = 0.6632, iRes = 101  iCnt = 108 
Info: BDLD_85_x6 model_1_multimer_v2_p1_230116_276575_recycled_01,  tol = 37.27, pLDDT = 92.29, pTM-score = 0.8279, piTM-score = 0.7282, interface-score = 0.7312, iRes = 107  iCnt = 111 
Info: BDLD_85_x6 model_1_multimer_v2_p1_230116_276575_recycled_02,  tol =  0.34, pLDDT = 91.92, pTM-score = 0.8038, piTM-score = 0.7092, interface-score = 0.7115, iRes = 105  iCnt = 105 
Info: BDLD_85_x6 model_1_multimer_v2_p1_230116_276575 performed 3 recycles, final tol = 0.09, pLDDT = 91.71, pTM-score = 0.7931, piTM-score = 0.7032, interface-score = 0.7012, iRes = 107  iCnt = 110 
Info: num_clusters = 1, cluster_sizes = [6],  clusters = [['BDLD_85_0', 'BDLD_85_1', 'BDLD_85_2', 'BDLD_85_3', 'BDLD_85_4', 'BDLD_85_5']]

I0116 10:26:11.664106 22457083533120 run_af2c_mod.py:404] Final timings for BDLD_85_x6: {'features': 0.06, 'process_features_model_1_multimer_v2_p1_230116_276575': 0.0, 'predict_and_compile_model_1_multimer_v2_p1_230116_276575': 154.0}
                                  
================================= 
Global information about the job: 
================================= 
  
Job owner: flobnow(42847)
Job name:  1_AF2C
Node list: ravg1040
Job start: Mon Jan 16 10:23:12 CET 2023
Job end:   Mon Jan 16 10:26:13 CET 2023
Work dir:  /raven/u/flobnow/fluffyAlpaca/scripts/myRuns/BDLD_85
Command:   /raven/u/flobnow/fluffyAlpaca/scripts/myRuns/BDLD_85/script2_comp_model_1.sh
  
  
  
==========================================================================================
Information on jobsteps (Note: MaxRSS/AveRSS is the maximum/average over all 
tasks of the per-task memory high-water marks; cf. "man sacct"): 
==========================================================================================
  
JobID            JobName NNodes NTasks  NCPUS        0.00M        0.00M    Elapsed ExitCode
------------- ---------- ------ ------ ------ ------------ ------------ ---------- --------
3891967           1_AF2C      1           108                             00:03:01      0:0
3891967.0        python3      1      1    108    16214.81M    16214.81M   00:02:58      0:0
  
Maximum memory per node: 17.002464 GB (defined as MaxRSS*Ntasks/NNodes)
CPU utilization: 2.0 %
  
