Info: input file name is MYD88-DD
Info: input target list is /u/flobnow/fluffyAlpaca/scripts/myRuns/MYD88-DD/target.lst
Info: input feature directory is /u/flobnow/fluffyAlpaca/feature_files
Info: result output directory is /u/flobnow/fluffyAlpaca/output_files
Info: model preset is multimer_np
Info: msa pairing is all
Info: recycling setting is 1
/bin/sh: /mpcdf/soft/SLE_15/packages/x86_64/alphafold/2.2.0/lib/libtinfo.so.6: no version information available (required by /lib64/libreadline.so.7)
Info: using preset super2
Info: set num_ensemble = 2
Info: set max_recyles = 20
Info: set recycle_tol = 0.1
Info: mas_pairing mode is all
I0116 15:57:17.259451 22602966857536 tpu_client.py:54] Starting the local TPU driver.
I0116 15:57:17.401093 22602966857536 xla_bridge.py:212] Unable to initialize backend 'tpu_driver': Not found: Unable to find driver in registry given worker: local://
I0116 15:57:17.803653 22602966857536 xla_bridge.py:212] Unable to initialize backend 'tpu': Invalid argument: TpuPlatform is not available.
I0116 15:57:21.248108 22602966857536 run_af2c_mod.py:482] Have 1 models: ['model_4_multimer_v2_p1']
Info: working on target MYD88-DD_x10
I0116 15:57:22.249320 22602966857536 run_af2c_mod.py:512] Using random seed 3192854228142131642 for the data pipeline
Info: MYD88-DD_x10 found monomer MYD88-DD msa_depth = 1606, seq_len = 158, num_templ = 20
Info: MYD88-DD reducing the number of structural templates to 4
Info: 10 chain(s) to model {'A': 'MYD88-DD_1', 'B': 'MYD88-DD_1', 'C': 'MYD88-DD_1', 'D': 'MYD88-DD_1', 'E': 'MYD88-DD_1', 'F': 'MYD88-DD_1', 'G': 'MYD88-DD_1', 'H': 'MYD88-DD_1', 'I': 'MYD88-DD_1', 'J': 'MYD88-DD_1'}
Info: modeling MYD88-DD_x10 with msa_depth = 1607, seq_len = 1580, num_templ = 40
I0116 15:57:23.601222 22602966857536 run_af2c_mod.py:216] Running model model_4_multimer_v2_p1_230116_131642
I0116 15:57:23.601754 22602966857536 model.py:206] Running predict with shape(feat) = {'msa': (1607, 1580), 'bert_mask': (1607, 1580), 'num_alignments': (), 'aatype': (1580,), 'seq_length': (), 'template_aatype': (40, 1580), 'template_all_atom_mask': (40, 1580, 37), 'template_all_atom_positions': (40, 1580, 37, 3), 'all_atom_positions': (1580, 37, 3), 'template_domain_names': (40,), 'asym_id': (1580,), 'sym_id': (1580,), 'entity_id': (1580,), 'residue_index': (1580,), 'deletion_matrix': (1607, 1580), 'seq_mask': (1580,), 'msa_mask': (1607, 1580), 'cluster_bias_mask': (1607,), 'pdb_residue_index': (1580,)}
I0116 18:06:04.137483 22602966857536 run_af2c_mod.py:271] Total JAX model model_4_multimer_v2_p1_230116_131642 predict time (includes compilation time): 7720.5 seconds
Info: MYD88-DD_x10 model_4_multimer_v2_p1_230116_131642_recycled_00,  tol =   inf, pLDDT = 55.89, pTM-score = 0.2685, piTM-score = 0.3071, interface-score = 0.3511, iRes = 138  iCnt = 152 
Info: MYD88-DD_x10 model_4_multimer_v2_p1_230116_131642_recycled_01,  tol = 98.17, pLDDT = 58.86, pTM-score = 0.3071, piTM-score = 0.2432, interface-score = 0.4643, iRes = 224  iCnt = 247 
Info: MYD88-DD_x10 model_4_multimer_v2_p1_230116_131642_recycled_02,  tol = 20.75, pLDDT = 58.77, pTM-score = 0.3103, piTM-score = 0.3826, interface-score = 0.4980, iRes = 409  iCnt = 872 
Info: MYD88-DD_x10 model_4_multimer_v2_p1_230116_131642_recycled_03,  tol = 12.39, pLDDT = 58.35, pTM-score = 0.3153, piTM-score = 0.3432, interface-score = 0.4952, iRes = 334  iCnt = 655 
Info: MYD88-DD_x10 model_4_multimer_v2_p1_230116_131642_recycled_04,  tol = 10.67, pLDDT = 57.69, pTM-score = 0.3091, piTM-score = 0.2918, interface-score = 0.4924, iRes = 229  iCnt = 252 
Info: MYD88-DD_x10 model_4_multimer_v2_p1_230116_131642_recycled_05,  tol = 12.00, pLDDT = 58.52, pTM-score = 0.3211, piTM-score = 0.3128, interface-score = 0.5247, iRes = 231  iCnt = 266 
Info: MYD88-DD_x10 model_4_multimer_v2_p1_230116_131642_recycled_06,  tol =  5.86, pLDDT = 58.93, pTM-score = 0.3226, piTM-score = 0.3552, interface-score = 0.4991, iRes = 325  iCnt = 528 
Info: MYD88-DD_x10 model_4_multimer_v2_p1_230116_131642_recycled_07,  tol =  9.16, pLDDT = 59.59, pTM-score = 0.3195, piTM-score = 0.3201, interface-score = 0.5237, iRes = 230  iCnt = 242 
Info: MYD88-DD_x10 model_4_multimer_v2_p1_230116_131642_recycled_08,  tol = 12.23, pLDDT = 59.86, pTM-score = 0.3261, piTM-score = 0.3353, interface-score = 0.5421, iRes = 242  iCnt = 257 
Info: MYD88-DD_x10 model_4_multimer_v2_p1_230116_131642_recycled_09,  tol =  6.76, pLDDT = 59.55, pTM-score = 0.3237, piTM-score = 0.3023, interface-score = 0.5484, iRes = 182  iCnt = 183 
Info: MYD88-DD_x10 model_4_multimer_v2_p1_230116_131642_recycled_10,  tol = 11.51, pLDDT = 60.20, pTM-score = 0.3267, piTM-score = 0.2744, interface-score = 0.5144, iRes = 205  iCnt = 214 
Info: MYD88-DD_x10 model_4_multimer_v2_p1_230116_131642_recycled_11,  tol =  8.63, pLDDT = 59.33, pTM-score = 0.3189, piTM-score = 0.3661, interface-score = 0.5103, iRes = 318  iCnt = 503 
Info: MYD88-DD_x10 model_4_multimer_v2_p1_230116_131642_recycled_12,  tol = 13.42, pLDDT = 58.27, pTM-score = 0.3217, piTM-score = 0.3925, interface-score = 0.5352, iRes = 346  iCnt = 680 
Info: MYD88-DD_x10 model_4_multimer_v2_p1_230116_131642_recycled_13,  tol = 11.61, pLDDT = 58.38, pTM-score = 0.3159, piTM-score = 0.3612, interface-score = 0.5149, iRes = 292  iCnt = 388 
Info: MYD88-DD_x10 model_4_multimer_v2_p1_230116_131642_recycled_14,  tol =  7.09, pLDDT = 58.48, pTM-score = 0.3212, piTM-score = 0.3768, interface-score = 0.5263, iRes = 316  iCnt = 582 
Info: MYD88-DD_x10 model_4_multimer_v2_p1_230116_131642_recycled_15,  tol =  7.97, pLDDT = 59.11, pTM-score = 0.3145, piTM-score = 0.2684, interface-score = 0.4956, iRes = 190  iCnt = 190 
Info: MYD88-DD_x10 model_4_multimer_v2_p1_230116_131642_recycled_16,  tol = 15.49, pLDDT = 59.27, pTM-score = 0.3272, piTM-score = 0.2992, interface-score = 0.5490, iRes = 195  iCnt = 204 
Info: MYD88-DD_x10 model_4_multimer_v2_p1_230116_131642_recycled_17,  tol =  7.57, pLDDT = 58.27, pTM-score = 0.3205, piTM-score = 0.3195, interface-score = 0.5243, iRes = 227  iCnt = 250 
Info: MYD88-DD_x10 model_4_multimer_v2_p1_230116_131642_recycled_18,  tol = 18.97, pLDDT = 58.23, pTM-score = 0.3202, piTM-score = 0.2655, interface-score = 0.5328, iRes = 204  iCnt = 212 
Info: MYD88-DD_x10 model_4_multimer_v2_p1_230116_131642_recycled_19,  tol =  9.71, pLDDT = 58.45, pTM-score = 0.3175, piTM-score = 0.3883, interface-score = 0.5046, iRes = 395  iCnt = 885 
Info: MYD88-DD_x10 model_4_multimer_v2_p1_230116_131642 performed 20 recycles, final tol = 14.48, pLDDT = 58.18, pTM-score = 0.3155, piTM-score = 0.3205, interface-score = 0.5056, iRes = 247  iCnt = 348 
Info: num_clusters = 1, cluster_sizes = [10],  clusters = [['MYD88-DD_0', 'MYD88-DD_1', 'MYD88-DD_2', 'MYD88-DD_3', 'MYD88-DD_4', 'MYD88-DD_5', 'MYD88-DD_6', 'MYD88-DD_7', 'MYD88-DD_8', 'MYD88-DD_9']]

I0116 18:06:10.927426 22602966857536 run_af2c_mod.py:404] Final timings for MYD88-DD_x10: {'features': 1.35, 'process_features_model_4_multimer_v2_p1_230116_131642': 0.0, 'predict_and_compile_model_4_multimer_v2_p1_230116_131642': 7720.5}
                                  
================================= 
Global information about the job: 
================================= 
  
Job owner: flobnow(42847)
Job name:  4_AF2C
Node list: ravg1044
Job start: Mon Jan 16 15:56:30 CET 2023
Job end:   Mon Jan 16 18:06:15 CET 2023
Work dir:  /raven/u/flobnow/fluffyAlpaca/scripts/myRuns/MYD88-DD
Command:   /raven/u/flobnow/fluffyAlpaca/scripts/myRuns/MYD88-DD/script2_comp_model_4.sh
  
  
  
==========================================================================================
Information on jobsteps (Note: MaxRSS/AveRSS is the maximum/average over all 
tasks of the per-task memory high-water marks; cf. "man sacct"): 
==========================================================================================
  
JobID            JobName NNodes NTasks  NCPUS        0.00M        0.00M    Elapsed ExitCode
------------- ---------- ------ ------ ------ ------------ ------------ ---------- --------
3897197           4_AF2C      1           108                             02:09:45      0:0
3897197.0        python3      1      1    108    79952.65M    79952.65M   02:09:38      0:0
  
Maximum memory per node: 83.836428 GB (defined as MaxRSS*Ntasks/NNodes)
CPU utilization: 1.8 %
  
