Info: input file name is BDLD1_PLANKTO
Info: input target list is /u/flobnow/fluffyAlpaca/scripts/myRuns/BDLD1_PLANKTO/target.lst
Info: input feature directory is /u/flobnow/fluffyAlpaca/feature_files
Info: result output directory is /u/flobnow/fluffyAlpaca/output_files
Info: model preset is multimer_np
Info: msa pairing is all
Info: recycling setting is 1
/bin/sh: /mpcdf/soft/SLE_15/packages/x86_64/alphafold/2.2.0/lib/libtinfo.so.6: no version information available (required by /lib64/libreadline.so.7)
Info: using preset super2
Info: set num_ensemble = 2
Info: set max_recyles = 20
Info: set recycle_tol = 0.1
Info: mas_pairing mode is all
I0117 14:08:01.426622 22927027828544 tpu_client.py:54] Starting the local TPU driver.
I0117 14:08:01.429060 22927027828544 xla_bridge.py:212] Unable to initialize backend 'tpu_driver': Not found: Unable to find driver in registry given worker: local://
I0117 14:08:01.759094 22927027828544 xla_bridge.py:212] Unable to initialize backend 'tpu': Invalid argument: TpuPlatform is not available.
I0117 14:08:05.238553 22927027828544 run_af2c_mod.py:482] Have 1 models: ['model_4_multimer_v2_p1']
Info: working on target BDLD1_PLANKTO_x6
I0117 14:08:06.239785 22927027828544 run_af2c_mod.py:512] Using random seed 2200575951309022144 for the data pipeline
Info: BDLD1_PLANKTO_x6 found monomer BDLD1_PLANKTO msa_depth = 346, seq_len = 123, num_templ = 10
Info: BDLD1_PLANKTO reducing the number of structural templates to 4
Info: 6 chain(s) to model {'A': 'BDLD1_PLANKTO_1', 'B': 'BDLD1_PLANKTO_1', 'C': 'BDLD1_PLANKTO_1', 'D': 'BDLD1_PLANKTO_1', 'E': 'BDLD1_PLANKTO_1', 'F': 'BDLD1_PLANKTO_1'}
Info: modeling BDLD1_PLANKTO_x6 with msa_depth = 512, seq_len = 738, num_templ = 24
I0117 14:08:06.342577 22927027828544 run_af2c_mod.py:216] Running model model_4_multimer_v2_p1_230117_022144
I0117 14:08:06.343038 22927027828544 model.py:206] Running predict with shape(feat) = {'msa': (512, 738), 'bert_mask': (512, 738), 'num_alignments': (), 'aatype': (738,), 'seq_length': (), 'template_aatype': (24, 738), 'template_all_atom_mask': (24, 738, 37), 'template_all_atom_positions': (24, 738, 37, 3), 'all_atom_positions': (738, 37, 3), 'template_domain_names': (24,), 'asym_id': (738,), 'sym_id': (738,), 'entity_id': (738,), 'residue_index': (738,), 'deletion_matrix': (512, 738), 'seq_mask': (738,), 'msa_mask': (512, 738), 'cluster_bias_mask': (512,), 'pdb_residue_index': (738,)}
I0117 14:27:29.323484 22927027828544 run_af2c_mod.py:271] Total JAX model model_4_multimer_v2_p1_230117_022144 predict time (includes compilation time): 1163.0 seconds
Info: BDLD1_PLANKTO_x6 model_4_multimer_v2_p1_230117_022144_recycled_00,  tol =   inf, pLDDT = 37.82, pTM-score = 0.2176, piTM-score = 0.1836, interface-score = 0.2252, iRes = 226  iCnt = 285 
Info: BDLD1_PLANKTO_x6 model_4_multimer_v2_p1_230117_022144_recycled_01,  tol = 48.22, pLDDT = 39.99, pTM-score = 0.2174, piTM-score = 0.1653, interface-score = 0.2526, iRes = 149  iCnt = 138 
Info: BDLD1_PLANKTO_x6 model_4_multimer_v2_p1_230117_022144_recycled_02,  tol = 10.80, pLDDT = 39.45, pTM-score = 0.2097, piTM-score = 0.1543, interface-score = 0.2177, iRes = 154  iCnt = 139 
Info: BDLD1_PLANKTO_x6 model_4_multimer_v2_p1_230117_022144_recycled_03,  tol =  2.00, pLDDT = 39.10, pTM-score = 0.2072, piTM-score = 0.1534, interface-score = 0.2202, iRes = 153  iCnt = 142 
Info: BDLD1_PLANKTO_x6 model_4_multimer_v2_p1_230117_022144_recycled_04,  tol =  2.06, pLDDT = 41.18, pTM-score = 0.2169, piTM-score = 0.1703, interface-score = 0.2653, iRes = 161  iCnt = 150 
Info: BDLD1_PLANKTO_x6 model_4_multimer_v2_p1_230117_022144_recycled_05,  tol =  1.36, pLDDT = 40.22, pTM-score = 0.2141, piTM-score = 0.1623, interface-score = 0.2454, iRes = 165  iCnt = 145 
Info: BDLD1_PLANKTO_x6 model_4_multimer_v2_p1_230117_022144_recycled_06,  tol =  1.13, pLDDT = 39.38, pTM-score = 0.2109, piTM-score = 0.1504, interface-score = 0.2262, iRes = 172  iCnt = 153 
Info: BDLD1_PLANKTO_x6 model_4_multimer_v2_p1_230117_022144_recycled_07,  tol =  1.31, pLDDT = 41.52, pTM-score = 0.2195, piTM-score = 0.1697, interface-score = 0.2681, iRes = 164  iCnt = 142 
Info: BDLD1_PLANKTO_x6 model_4_multimer_v2_p1_230117_022144_recycled_08,  tol =  1.78, pLDDT = 40.28, pTM-score = 0.2157, piTM-score = 0.1634, interface-score = 0.2453, iRes = 168  iCnt = 148 
Info: BDLD1_PLANKTO_x6 model_4_multimer_v2_p1_230117_022144_recycled_09,  tol =  1.41, pLDDT = 40.23, pTM-score = 0.2119, piTM-score = 0.1633, interface-score = 0.2322, iRes = 154  iCnt = 135 
Info: BDLD1_PLANKTO_x6 model_4_multimer_v2_p1_230117_022144_recycled_10,  tol =  1.28, pLDDT = 40.16, pTM-score = 0.2122, piTM-score = 0.1533, interface-score = 0.2226, iRes = 163  iCnt = 139 
Info: BDLD1_PLANKTO_x6 model_4_multimer_v2_p1_230117_022144_recycled_11,  tol =  1.14, pLDDT = 39.79, pTM-score = 0.2122, piTM-score = 0.1595, interface-score = 0.2340, iRes = 154  iCnt = 143 
Info: BDLD1_PLANKTO_x6 model_4_multimer_v2_p1_230117_022144_recycled_12,  tol =  0.64, pLDDT = 40.11, pTM-score = 0.2124, piTM-score = 0.1595, interface-score = 0.2387, iRes = 158  iCnt = 139 
Info: BDLD1_PLANKTO_x6 model_4_multimer_v2_p1_230117_022144_recycled_13,  tol =  0.88, pLDDT = 40.33, pTM-score = 0.2151, piTM-score = 0.1628, interface-score = 0.2581, iRes = 163  iCnt = 144 
Info: BDLD1_PLANKTO_x6 model_4_multimer_v2_p1_230117_022144_recycled_14,  tol =  0.58, pLDDT = 40.24, pTM-score = 0.2142, piTM-score = 0.1580, interface-score = 0.2407, iRes = 164  iCnt = 147 
Info: BDLD1_PLANKTO_x6 model_4_multimer_v2_p1_230117_022144_recycled_15,  tol =  0.42, pLDDT = 39.86, pTM-score = 0.2133, piTM-score = 0.1601, interface-score = 0.2362, iRes = 162  iCnt = 149 
Info: BDLD1_PLANKTO_x6 model_4_multimer_v2_p1_230117_022144_recycled_16,  tol =  0.64, pLDDT = 39.87, pTM-score = 0.2125, piTM-score = 0.1605, interface-score = 0.2347, iRes = 162  iCnt = 144 
Info: BDLD1_PLANKTO_x6 model_4_multimer_v2_p1_230117_022144_recycled_17,  tol =  0.66, pLDDT = 40.56, pTM-score = 0.2184, piTM-score = 0.1643, interface-score = 0.2629, iRes = 166  iCnt = 151 
Info: BDLD1_PLANKTO_x6 model_4_multimer_v2_p1_230117_022144_recycled_18,  tol =  0.62, pLDDT = 40.54, pTM-score = 0.2152, piTM-score = 0.1680, interface-score = 0.2594, iRes = 171  iCnt = 153 
Info: BDLD1_PLANKTO_x6 model_4_multimer_v2_p1_230117_022144_recycled_19,  tol =  0.71, pLDDT = 40.25, pTM-score = 0.2164, piTM-score = 0.1624, interface-score = 0.2629, iRes = 167  iCnt = 149 
Info: BDLD1_PLANKTO_x6 model_4_multimer_v2_p1_230117_022144 performed 20 recycles, final tol = 0.65, pLDDT = 40.32, pTM-score = 0.2142, piTM-score = 0.1662, interface-score = 0.2600, iRes = 167  iCnt = 152 
Info: num_clusters = 3, cluster_sizes = [2, 2, 2],  clusters = [['BDLD1_PLANKTO_0', 'BDLD1_PLANKTO_1'], ['BDLD1_PLANKTO_2', 'BDLD1_PLANKTO_3'], ['BDLD1_PLANKTO_4', 'BDLD1_PLANKTO_5']]

I0117 14:27:32.472385 22927027828544 run_af2c_mod.py:404] Final timings for BDLD1_PLANKTO_x6: {'features': 0.1, 'process_features_model_4_multimer_v2_p1_230117_022144': 0.0, 'predict_and_compile_model_4_multimer_v2_p1_230117_022144': 1163.0}
                                  
================================= 
Global information about the job: 
================================= 
  
Job owner: flobnow(42847)
Job name:  4_AF2C
Node list: ravg1064
Job start: Tue Jan 17 14:06:56 CET 2023
Job end:   Tue Jan 17 14:27:34 CET 2023
Work dir:  /raven/u/flobnow/fluffyAlpaca/scripts/myRuns/BDLD1_PLANKTO
Command:   /raven/u/flobnow/fluffyAlpaca/scripts/myRuns/BDLD1_PLANKTO/script2_comp_model_4.sh
  
  
  
==========================================================================================
Information on jobsteps (Note: MaxRSS/AveRSS is the maximum/average over all 
tasks of the per-task memory high-water marks; cf. "man sacct"): 
==========================================================================================
  
JobID            JobName NNodes NTasks  NCPUS        0.00M        0.00M    Elapsed ExitCode
------------- ---------- ------ ------ ------ ------------ ------------ ---------- --------
3906483           4_AF2C      1           108                             00:20:38      0:0
3906483.0        python3      1      1    108    28114.62M    28114.62M   00:19:50      0:0
  
Maximum memory per node: 29.480313 GB (defined as MaxRSS*Ntasks/NNodes)
CPU utilization: 1.8 %
  
