Info: input file name is BDLD1_PLANKTO
Info: input target list is /u/flobnow/fluffyAlpaca/scripts/myRuns/BDLD1_PLANKTO/target.lst
Info: input feature directory is /u/flobnow/fluffyAlpaca/feature_files
Info: result output directory is /u/flobnow/fluffyAlpaca/output_files
Info: model preset is multimer_np
Info: msa pairing is all
Info: recycling setting is 1
/bin/sh: /mpcdf/soft/SLE_15/packages/x86_64/alphafold/2.2.0/lib/libtinfo.so.6: no version information available (required by /lib64/libreadline.so.7)
Info: using preset super2
Info: set num_ensemble = 2
Info: set max_recyles = 20
Info: set recycle_tol = 0.1
Info: mas_pairing mode is all
I0117 14:08:01.400802 22913999685440 tpu_client.py:54] Starting the local TPU driver.
I0117 14:08:01.403908 22913999685440 xla_bridge.py:212] Unable to initialize backend 'tpu_driver': Not found: Unable to find driver in registry given worker: local://
I0117 14:08:01.741174 22913999685440 xla_bridge.py:212] Unable to initialize backend 'tpu': Invalid argument: TpuPlatform is not available.
I0117 14:08:05.273918 22913999685440 run_af2c_mod.py:482] Have 1 models: ['model_2_multimer_v2_p1']
Info: working on target BDLD1_PLANKTO_x6
I0117 14:08:08.274851 22913999685440 run_af2c_mod.py:512] Using random seed 3001449243733341677 for the data pipeline
Info: BDLD1_PLANKTO_x6 found monomer BDLD1_PLANKTO msa_depth = 346, seq_len = 123, num_templ = 10
Info: BDLD1_PLANKTO reducing the number of structural templates to 4
Info: 6 chain(s) to model {'A': 'BDLD1_PLANKTO_1', 'B': 'BDLD1_PLANKTO_1', 'C': 'BDLD1_PLANKTO_1', 'D': 'BDLD1_PLANKTO_1', 'E': 'BDLD1_PLANKTO_1', 'F': 'BDLD1_PLANKTO_1'}
Info: modeling BDLD1_PLANKTO_x6 with msa_depth = 512, seq_len = 738, num_templ = 24
I0117 14:08:08.347452 22913999685440 run_af2c_mod.py:216] Running model model_2_multimer_v2_p1_230117_341677
I0117 14:08:08.347918 22913999685440 model.py:206] Running predict with shape(feat) = {'msa': (512, 738), 'bert_mask': (512, 738), 'num_alignments': (), 'aatype': (738,), 'seq_length': (), 'template_aatype': (24, 738), 'template_all_atom_mask': (24, 738, 37), 'template_all_atom_positions': (24, 738, 37, 3), 'all_atom_positions': (738, 37, 3), 'template_domain_names': (24,), 'asym_id': (738,), 'sym_id': (738,), 'entity_id': (738,), 'residue_index': (738,), 'deletion_matrix': (512, 738), 'seq_mask': (738,), 'msa_mask': (512, 738), 'cluster_bias_mask': (512,), 'pdb_residue_index': (738,)}
I0117 14:27:32.544804 22913999685440 run_af2c_mod.py:271] Total JAX model model_2_multimer_v2_p1_230117_341677 predict time (includes compilation time): 1164.2 seconds
Info: BDLD1_PLANKTO_x6 model_2_multimer_v2_p1_230117_341677_recycled_00,  tol =   inf, pLDDT = 37.43, pTM-score = 0.1891, piTM-score = 0.1091, interface-score = 0.0930, iRes = 234  iCnt = 327 
Info: BDLD1_PLANKTO_x6 model_2_multimer_v2_p1_230117_341677_recycled_01,  tol = 50.41, pLDDT = 37.23, pTM-score = 0.1947, piTM-score = 0.1100, interface-score = 0.1003, iRes = 243  iCnt = 304 
Info: BDLD1_PLANKTO_x6 model_2_multimer_v2_p1_230117_341677_recycled_02,  tol = 15.20, pLDDT = 37.24, pTM-score = 0.1940, piTM-score = 0.1051, interface-score = 0.0837, iRes = 140  iCnt = 144 
Info: BDLD1_PLANKTO_x6 model_2_multimer_v2_p1_230117_341677_recycled_03,  tol =  8.32, pLDDT = 37.89, pTM-score = 0.1926, piTM-score = 0.1167, interface-score = 0.0941, iRes = 168  iCnt = 179 
Info: BDLD1_PLANKTO_x6 model_2_multimer_v2_p1_230117_341677_recycled_04,  tol =  4.96, pLDDT = 37.71, pTM-score = 0.1895, piTM-score = 0.1267, interface-score = 0.0827, iRes = 130  iCnt = 131 
Info: BDLD1_PLANKTO_x6 model_2_multimer_v2_p1_230117_341677_recycled_05,  tol =  3.03, pLDDT = 37.48, pTM-score = 0.1873, piTM-score = 0.1107, interface-score = 0.0811, iRes = 124  iCnt = 132 
Info: BDLD1_PLANKTO_x6 model_2_multimer_v2_p1_230117_341677_recycled_06,  tol =  2.19, pLDDT = 37.17, pTM-score = 0.1869, piTM-score = 0.0934, interface-score = 0.0753, iRes = 147  iCnt = 179 
Info: BDLD1_PLANKTO_x6 model_2_multimer_v2_p1_230117_341677_recycled_07,  tol =  6.31, pLDDT = 37.48, pTM-score = 0.1907, piTM-score = 0.1178, interface-score = 0.0758, iRes = 113  iCnt = 102 
Info: BDLD1_PLANKTO_x6 model_2_multimer_v2_p1_230117_341677_recycled_08,  tol =  4.13, pLDDT = 38.34, pTM-score = 0.1930, piTM-score = 0.1213, interface-score = 0.0809, iRes = 101  iCnt = 83  
Info: BDLD1_PLANKTO_x6 model_2_multimer_v2_p1_230117_341677_recycled_09,  tol =  2.40, pLDDT = 36.95, pTM-score = 0.1900, piTM-score = 0.1027, interface-score = 0.0809, iRes = 130  iCnt = 107 
Info: BDLD1_PLANKTO_x6 model_2_multimer_v2_p1_230117_341677_recycled_10,  tol =  2.45, pLDDT = 37.05, pTM-score = 0.1755, piTM-score = 0.1291, interface-score = 0.0097, iRes = 48   iCnt = 50  
Info: BDLD1_PLANKTO_x6 model_2_multimer_v2_p1_230117_341677_recycled_11,  tol = 16.20, pLDDT = 38.20, pTM-score = 0.1841, piTM-score = 0.1146, interface-score = 0.0214, iRes = 55   iCnt = 44  
Info: BDLD1_PLANKTO_x6 model_2_multimer_v2_p1_230117_341677_recycled_12,  tol = 11.24, pLDDT = 39.00, pTM-score = 0.1957, piTM-score = 0.1525, interface-score = 0.1081, iRes = 163  iCnt = 202 
Info: BDLD1_PLANKTO_x6 model_2_multimer_v2_p1_230117_341677_recycled_13,  tol = 22.17, pLDDT = 36.67, pTM-score = 0.1884, piTM-score = 0.0893, interface-score = 0.0308, iRes = 57   iCnt = 38  
Info: BDLD1_PLANKTO_x6 model_2_multimer_v2_p1_230117_341677_recycled_14,  tol =  8.76, pLDDT = 38.88, pTM-score = 0.2005, piTM-score = 0.1223, interface-score = 0.0853, iRes = 160  iCnt = 172 
Info: BDLD1_PLANKTO_x6 model_2_multimer_v2_p1_230117_341677_recycled_15,  tol = 18.58, pLDDT = 38.06, pTM-score = 0.1969, piTM-score = 0.1280, interface-score = 0.0988, iRes = 128  iCnt = 106 
Info: BDLD1_PLANKTO_x6 model_2_multimer_v2_p1_230117_341677_recycled_16,  tol = 10.44, pLDDT = 38.16, pTM-score = 0.1887, piTM-score = 0.1016, interface-score = 0.0446, iRes = 116  iCnt = 114 
Info: BDLD1_PLANKTO_x6 model_2_multimer_v2_p1_230117_341677_recycled_17,  tol = 17.57, pLDDT = 36.00, pTM-score = 0.1772, piTM-score = 0.0140, interface-score = 0.0001, iRes = 10   iCnt = 6   
Info: BDLD1_PLANKTO_x6 model_2_multimer_v2_p1_230117_341677_recycled_18,  tol = 11.28, pLDDT = 37.76, pTM-score = 0.1893, piTM-score = 0.1390, interface-score = 0.0634, iRes = 129  iCnt = 139 
Info: BDLD1_PLANKTO_x6 model_2_multimer_v2_p1_230117_341677_recycled_19,  tol = 20.92, pLDDT = 39.44, pTM-score = 0.1945, piTM-score = 0.1338, interface-score = 0.1070, iRes = 118  iCnt = 90  
Info: BDLD1_PLANKTO_x6 model_2_multimer_v2_p1_230117_341677 performed 20 recycles, final tol = 10.84, pLDDT = 36.54, pTM-score = 0.1808, piTM-score = 0.0995, interface-score = 0.0394, iRes = 97   iCnt = 81  
Info: num_clusters = 2, cluster_sizes = [5, 1],  clusters = [['BDLD1_PLANKTO_0', 'BDLD1_PLANKTO_1', 'BDLD1_PLANKTO_2', 'BDLD1_PLANKTO_3', 'BDLD1_PLANKTO_5'], ['BDLD1_PLANKTO_4']]

I0117 14:27:35.790417 22913999685440 run_af2c_mod.py:404] Final timings for BDLD1_PLANKTO_x6: {'features': 0.07, 'process_features_model_2_multimer_v2_p1_230117_341677': 0.0, 'predict_and_compile_model_2_multimer_v2_p1_230117_341677': 1164.2}
                                  
================================= 
Global information about the job: 
================================= 
  
Job owner: flobnow(42847)
Job name:  2_AF2C
Node list: ravg1059
Job start: Tue Jan 17 14:06:56 CET 2023
Job end:   Tue Jan 17 14:27:38 CET 2023
Work dir:  /raven/u/flobnow/fluffyAlpaca/scripts/myRuns/BDLD1_PLANKTO
Command:   /raven/u/flobnow/fluffyAlpaca/scripts/myRuns/BDLD1_PLANKTO/script2_comp_model_2.sh
  
  
  
==========================================================================================
Information on jobsteps (Note: MaxRSS/AveRSS is the maximum/average over all 
tasks of the per-task memory high-water marks; cf. "man sacct"): 
==========================================================================================
  
JobID            JobName NNodes NTasks  NCPUS        0.00M        0.00M    Elapsed ExitCode
------------- ---------- ------ ------ ------ ------------ ------------ ---------- --------
3906481           2_AF2C      1           108                             00:20:42      0:0
3906481.0        python3      1      1    108    28271.11M    28271.11M   00:19:54      0:0
  
Maximum memory per node: 29.644411 GB (defined as MaxRSS*Ntasks/NNodes)
CPU utilization: 1.8 %
  
