Info: input file name is BDLD1_PLANKTO
Info: input target list is /u/flobnow/fluffyAlpaca/scripts/myRuns/BDLD1_PLANKTO/target.lst
Info: input feature directory is /u/flobnow/fluffyAlpaca/feature_files
Info: result output directory is /u/flobnow/fluffyAlpaca/output_files
Info: model preset is multimer_np
Info: msa pairing is all
Info: recycling setting is 1
/bin/sh: /mpcdf/soft/SLE_15/packages/x86_64/alphafold/2.2.0/lib/libtinfo.so.6: no version information available (required by /lib64/libreadline.so.7)
Info: using preset super2
Info: set num_ensemble = 2
Info: set max_recyles = 20
Info: set recycle_tol = 0.1
Info: mas_pairing mode is all
I0117 14:08:01.386962 22979265906496 tpu_client.py:54] Starting the local TPU driver.
I0117 14:08:01.403924 22979265906496 xla_bridge.py:212] Unable to initialize backend 'tpu_driver': Not found: Unable to find driver in registry given worker: local://
I0117 14:08:01.740033 22979265906496 xla_bridge.py:212] Unable to initialize backend 'tpu': Invalid argument: TpuPlatform is not available.
I0117 14:08:05.294379 22979265906496 run_af2c_mod.py:482] Have 1 models: ['model_5_multimer_v2_p1']
Info: working on target BDLD1_PLANKTO_x6
I0117 14:08:08.297169 22979265906496 run_af2c_mod.py:512] Using random seed 8864390154754727123 for the data pipeline
Info: BDLD1_PLANKTO_x6 found monomer BDLD1_PLANKTO msa_depth = 346, seq_len = 123, num_templ = 10
Info: BDLD1_PLANKTO reducing the number of structural templates to 4
Info: 6 chain(s) to model {'A': 'BDLD1_PLANKTO_1', 'B': 'BDLD1_PLANKTO_1', 'C': 'BDLD1_PLANKTO_1', 'D': 'BDLD1_PLANKTO_1', 'E': 'BDLD1_PLANKTO_1', 'F': 'BDLD1_PLANKTO_1'}
Info: modeling BDLD1_PLANKTO_x6 with msa_depth = 512, seq_len = 738, num_templ = 24
I0117 14:08:08.371050 22979265906496 run_af2c_mod.py:216] Running model model_5_multimer_v2_p1_230117_727123
I0117 14:08:08.371514 22979265906496 model.py:206] Running predict with shape(feat) = {'msa': (512, 738), 'bert_mask': (512, 738), 'num_alignments': (), 'aatype': (738,), 'seq_length': (), 'template_aatype': (24, 738), 'template_all_atom_mask': (24, 738, 37), 'template_all_atom_positions': (24, 738, 37, 3), 'all_atom_positions': (738, 37, 3), 'template_domain_names': (24,), 'asym_id': (738,), 'sym_id': (738,), 'entity_id': (738,), 'residue_index': (738,), 'deletion_matrix': (512, 738), 'seq_mask': (738,), 'msa_mask': (512, 738), 'cluster_bias_mask': (512,), 'pdb_residue_index': (738,)}
I0117 14:27:28.897738 22979265906496 run_af2c_mod.py:271] Total JAX model model_5_multimer_v2_p1_230117_727123 predict time (includes compilation time): 1160.5 seconds
Info: BDLD1_PLANKTO_x6 model_5_multimer_v2_p1_230117_727123_recycled_00,  tol =   inf, pLDDT = 35.31, pTM-score = 0.2057, piTM-score = 0.1566, interface-score = 0.1185, iRes = 221  iCnt = 222 
Info: BDLD1_PLANKTO_x6 model_5_multimer_v2_p1_230117_727123_recycled_01,  tol = 48.98, pLDDT = 36.48, pTM-score = 0.2082, piTM-score = 0.1466, interface-score = 0.1200, iRes = 158  iCnt = 133 
Info: BDLD1_PLANKTO_x6 model_5_multimer_v2_p1_230117_727123_recycled_02,  tol =  6.47, pLDDT = 36.22, pTM-score = 0.2050, piTM-score = 0.1426, interface-score = 0.1003, iRes = 142  iCnt = 119 
Info: BDLD1_PLANKTO_x6 model_5_multimer_v2_p1_230117_727123_recycled_03,  tol =  3.33, pLDDT = 36.06, pTM-score = 0.1958, piTM-score = 0.1287, interface-score = 0.0963, iRes = 130  iCnt = 106 
Info: BDLD1_PLANKTO_x6 model_5_multimer_v2_p1_230117_727123_recycled_04,  tol =  7.97, pLDDT = 36.33, pTM-score = 0.2064, piTM-score = 0.1669, interface-score = 0.1912, iRes = 202  iCnt = 212 
Info: BDLD1_PLANKTO_x6 model_5_multimer_v2_p1_230117_727123_recycled_05,  tol =  6.51, pLDDT = 35.11, pTM-score = 0.1951, piTM-score = 0.1195, interface-score = 0.1060, iRes = 166  iCnt = 154 
Info: BDLD1_PLANKTO_x6 model_5_multimer_v2_p1_230117_727123_recycled_06,  tol =  4.63, pLDDT = 35.49, pTM-score = 0.1973, piTM-score = 0.1431, interface-score = 0.1005, iRes = 170  iCnt = 147 
Info: BDLD1_PLANKTO_x6 model_5_multimer_v2_p1_230117_727123_recycled_07,  tol =  6.93, pLDDT = 35.16, pTM-score = 0.2021, piTM-score = 0.1386, interface-score = 0.0962, iRes = 149  iCnt = 124 
Info: BDLD1_PLANKTO_x6 model_5_multimer_v2_p1_230117_727123_recycled_08,  tol =  8.13, pLDDT = 35.98, pTM-score = 0.2002, piTM-score = 0.1373, interface-score = 0.1088, iRes = 171  iCnt = 156 
Info: BDLD1_PLANKTO_x6 model_5_multimer_v2_p1_230117_727123_recycled_09,  tol =  5.99, pLDDT = 35.83, pTM-score = 0.1993, piTM-score = 0.1279, interface-score = 0.0981, iRes = 151  iCnt = 136 
Info: BDLD1_PLANKTO_x6 model_5_multimer_v2_p1_230117_727123_recycled_10,  tol =  2.63, pLDDT = 35.91, pTM-score = 0.2009, piTM-score = 0.1387, interface-score = 0.1231, iRes = 187  iCnt = 180 
Info: BDLD1_PLANKTO_x6 model_5_multimer_v2_p1_230117_727123_recycled_11,  tol =  2.51, pLDDT = 36.26, pTM-score = 0.2020, piTM-score = 0.1231, interface-score = 0.1176, iRes = 177  iCnt = 178 
Info: BDLD1_PLANKTO_x6 model_5_multimer_v2_p1_230117_727123_recycled_12,  tol =  2.22, pLDDT = 35.33, pTM-score = 0.1986, piTM-score = 0.1401, interface-score = 0.1040, iRes = 171  iCnt = 172 
Info: BDLD1_PLANKTO_x6 model_5_multimer_v2_p1_230117_727123_recycled_13,  tol =  2.61, pLDDT = 35.86, pTM-score = 0.2015, piTM-score = 0.1269, interface-score = 0.1311, iRes = 200  iCnt = 211 
Info: BDLD1_PLANKTO_x6 model_5_multimer_v2_p1_230117_727123_recycled_14,  tol =  1.62, pLDDT = 36.22, pTM-score = 0.1997, piTM-score = 0.1306, interface-score = 0.1242, iRes = 185  iCnt = 170 
Info: BDLD1_PLANKTO_x6 model_5_multimer_v2_p1_230117_727123_recycled_15,  tol =  1.84, pLDDT = 36.05, pTM-score = 0.2047, piTM-score = 0.1362, interface-score = 0.1308, iRes = 195  iCnt = 195 
Info: BDLD1_PLANKTO_x6 model_5_multimer_v2_p1_230117_727123_recycled_16,  tol =  1.83, pLDDT = 36.32, pTM-score = 0.1949, piTM-score = 0.1369, interface-score = 0.1092, iRes = 161  iCnt = 140 
Info: BDLD1_PLANKTO_x6 model_5_multimer_v2_p1_230117_727123_recycled_17,  tol = 10.59, pLDDT = 35.37, pTM-score = 0.1913, piTM-score = 0.1243, interface-score = 0.0925, iRes = 157  iCnt = 139 
Info: BDLD1_PLANKTO_x6 model_5_multimer_v2_p1_230117_727123_recycled_18,  tol =  6.15, pLDDT = 36.19, pTM-score = 0.1950, piTM-score = 0.1133, interface-score = 0.0860, iRes = 167  iCnt = 191 
Info: BDLD1_PLANKTO_x6 model_5_multimer_v2_p1_230117_727123_recycled_19,  tol = 10.91, pLDDT = 36.28, pTM-score = 0.2020, piTM-score = 0.1379, interface-score = 0.1180, iRes = 174  iCnt = 155 
Info: BDLD1_PLANKTO_x6 model_5_multimer_v2_p1_230117_727123 performed 20 recycles, final tol = 4.36, pLDDT = 35.49, pTM-score = 0.2032, piTM-score = 0.1337, interface-score = 0.1286, iRes = 220  iCnt = 240 
Info: num_clusters = 1, cluster_sizes = [6],  clusters = [['BDLD1_PLANKTO_0', 'BDLD1_PLANKTO_1', 'BDLD1_PLANKTO_2', 'BDLD1_PLANKTO_3', 'BDLD1_PLANKTO_4', 'BDLD1_PLANKTO_5']]

I0117 14:27:32.261870 22979265906496 run_af2c_mod.py:404] Final timings for BDLD1_PLANKTO_x6: {'features': 0.07, 'process_features_model_5_multimer_v2_p1_230117_727123': 0.0, 'predict_and_compile_model_5_multimer_v2_p1_230117_727123': 1160.5}
                                  
================================= 
Global information about the job: 
================================= 
  
Job owner: flobnow(42847)
Job name:  5_AF2C
Node list: ravg1067
Job start: Tue Jan 17 14:06:56 CET 2023
Job end:   Tue Jan 17 14:27:34 CET 2023
Work dir:  /raven/u/flobnow/fluffyAlpaca/scripts/myRuns/BDLD1_PLANKTO
Command:   /raven/u/flobnow/fluffyAlpaca/scripts/myRuns/BDLD1_PLANKTO/script2_comp_model_5.sh
  
  
  
==========================================================================================
Information on jobsteps (Note: MaxRSS/AveRSS is the maximum/average over all 
tasks of the per-task memory high-water marks; cf. "man sacct"): 
==========================================================================================
  
JobID            JobName NNodes NTasks  NCPUS        0.00M        0.00M    Elapsed ExitCode
------------- ---------- ------ ------ ------ ------------ ------------ ---------- --------
3906484           5_AF2C      1           108                             00:20:38      0:0
3906484.0        python3      1      1    108    28129.94M    28129.94M   00:19:50      0:0
  
Maximum memory per node: 29.496381 GB (defined as MaxRSS*Ntasks/NNodes)
CPU utilization: 1.8 %
  
