Info: input file name is BDLD_85
Info: input target list is /u/flobnow/fluffyAlpaca/scripts/myRuns/BDLD_85/target.lst
Info: input feature directory is /u/flobnow/fluffyAlpaca/feature_files
Info: result output directory is /u/flobnow/fluffyAlpaca/output_files
Info: model preset is multimer_np
Info: msa pairing is all
Info: recycling setting is 1
/bin/sh: /mpcdf/soft/SLE_15/packages/x86_64/alphafold/2.2.0/lib/libtinfo.so.6: no version information available (required by /lib64/libreadline.so.7)
Info: using preset super2
Info: set num_ensemble = 2
Info: set max_recyles = 20
Info: set recycle_tol = 0.1
Info: mas_pairing mode is all
I0116 10:34:17.544689 22652431648576 tpu_client.py:54] Starting the local TPU driver.
I0116 10:34:17.550698 22652431648576 xla_bridge.py:212] Unable to initialize backend 'tpu_driver': Not found: Unable to find driver in registry given worker: local://
I0116 10:34:17.871534 22652431648576 xla_bridge.py:212] Unable to initialize backend 'tpu': Invalid argument: TpuPlatform is not available.
I0116 10:34:21.342167 22652431648576 run_af2c_mod.py:482] Have 1 models: ['model_5_multimer_v2_p1']
Info: working on target BDLD_85_x10
I0116 10:34:27.348406 22652431648576 run_af2c_mod.py:512] Using random seed 7809761588938407201 for the data pipeline
Info: BDLD_85_x10 found monomer BDLD_85 msa_depth = 416, seq_len = 74, num_templ = 20
Info: BDLD_85 reducing the number of structural templates to 4
Info: 10 chain(s) to model {'A': 'BDLD_85_1', 'B': 'BDLD_85_1', 'C': 'BDLD_85_1', 'D': 'BDLD_85_1', 'E': 'BDLD_85_1', 'F': 'BDLD_85_1', 'G': 'BDLD_85_1', 'H': 'BDLD_85_1', 'I': 'BDLD_85_1', 'J': 'BDLD_85_1'}
Info: modeling BDLD_85_x10 with msa_depth = 512, seq_len = 740, num_templ = 40
I0116 10:34:27.450809 22652431648576 run_af2c_mod.py:216] Running model model_5_multimer_v2_p1_230116_407201
I0116 10:34:27.451281 22652431648576 model.py:206] Running predict with shape(feat) = {'msa': (512, 740), 'bert_mask': (512, 740), 'num_alignments': (), 'aatype': (740,), 'seq_length': (), 'template_aatype': (40, 740), 'template_all_atom_mask': (40, 740, 37), 'template_all_atom_positions': (40, 740, 37, 3), 'all_atom_positions': (740, 37, 3), 'template_domain_names': (40,), 'asym_id': (740,), 'sym_id': (740,), 'entity_id': (740,), 'residue_index': (740,), 'deletion_matrix': (512, 740), 'seq_mask': (740,), 'msa_mask': (512, 740), 'cluster_bias_mask': (512,), 'pdb_residue_index': (740,)}
I0116 10:57:39.793796 22652431648576 run_af2c_mod.py:271] Total JAX model model_5_multimer_v2_p1_230116_407201 predict time (includes compilation time): 1392.3 seconds
Info: BDLD_85_x10 model_5_multimer_v2_p1_230116_407201_recycled_00,  tol =   inf, pLDDT = 71.14, pTM-score = 0.2570, piTM-score = 0.2135, interface-score = 0.1539, iRes = 76   iCnt = 66  
Info: BDLD_85_x10 model_5_multimer_v2_p1_230116_407201_recycled_01,  tol = 56.56, pLDDT = 72.06, pTM-score = 0.2157, piTM-score = 0.0926, interface-score = 0.0142, iRes = 24   iCnt = 12  
Info: BDLD_85_x10 model_5_multimer_v2_p1_230116_407201_recycled_02,  tol = 27.01, pLDDT = 74.34, pTM-score = 0.2282, piTM-score = 0.0465, interface-score = 0.0057, iRes = 21   iCnt = 11  
Info: BDLD_85_x10 model_5_multimer_v2_p1_230116_407201_recycled_03,  tol = 16.89, pLDDT = 73.97, pTM-score = 0.2271, piTM-score = 0.1885, interface-score = 0.0895, iRes = 60   iCnt = 38  
Info: BDLD_85_x10 model_5_multimer_v2_p1_230116_407201_recycled_04,  tol = 18.05, pLDDT = 75.12, pTM-score = 0.2350, piTM-score = 0.0774, interface-score = 0.0312, iRes = 27   iCnt = 14  
Info: BDLD_85_x10 model_5_multimer_v2_p1_230116_407201_recycled_05,  tol = 11.58, pLDDT = 75.61, pTM-score = 0.2375, piTM-score = 0.0980, interface-score = 0.0423, iRes = 30   iCnt = 16  
Info: BDLD_85_x10 model_5_multimer_v2_p1_230116_407201_recycled_06,  tol =  1.72, pLDDT = 75.51, pTM-score = 0.2337, piTM-score = 0.0746, interface-score = 0.0267, iRes = 26   iCnt = 14  
Info: BDLD_85_x10 model_5_multimer_v2_p1_230116_407201_recycled_07,  tol =  3.74, pLDDT = 75.33, pTM-score = 0.2362, piTM-score = 0.0763, interface-score = 0.0303, iRes = 27   iCnt = 14  
Info: BDLD_85_x10 model_5_multimer_v2_p1_230116_407201_recycled_08,  tol =  3.10, pLDDT = 75.53, pTM-score = 0.2418, piTM-score = 0.0988, interface-score = 0.0453, iRes = 30   iCnt = 16  
Info: BDLD_85_x10 model_5_multimer_v2_p1_230116_407201_recycled_09,  tol =  3.85, pLDDT = 75.58, pTM-score = 0.2367, piTM-score = 0.0955, interface-score = 0.0384, iRes = 29   iCnt = 15  
Info: BDLD_85_x10 model_5_multimer_v2_p1_230116_407201_recycled_10,  tol =  6.54, pLDDT = 75.43, pTM-score = 0.2334, piTM-score = 0.0764, interface-score = 0.0301, iRes = 27   iCnt = 14  
Info: BDLD_85_x10 model_5_multimer_v2_p1_230116_407201_recycled_11,  tol =  3.41, pLDDT = 74.96, pTM-score = 0.2323, piTM-score = 0.0764, interface-score = 0.0287, iRes = 27   iCnt = 14  
Info: BDLD_85_x10 model_5_multimer_v2_p1_230116_407201_recycled_12,  tol =  1.86, pLDDT = 75.00, pTM-score = 0.2311, piTM-score = 0.0803, interface-score = 0.0323, iRes = 28   iCnt = 15  
Info: BDLD_85_x10 model_5_multimer_v2_p1_230116_407201_recycled_13,  tol =  4.93, pLDDT = 75.20, pTM-score = 0.2315, piTM-score = 0.0643, interface-score = 0.0185, iRes = 24   iCnt = 13  
Info: BDLD_85_x10 model_5_multimer_v2_p1_230116_407201_recycled_14,  tol =  0.42, pLDDT = 75.29, pTM-score = 0.2343, piTM-score = 0.0812, interface-score = 0.0340, iRes = 28   iCnt = 15  
Info: BDLD_85_x10 model_5_multimer_v2_p1_230116_407201_recycled_15,  tol =  2.42, pLDDT = 75.47, pTM-score = 0.2364, piTM-score = 0.0815, interface-score = 0.0354, iRes = 28   iCnt = 15  
Info: BDLD_85_x10 model_5_multimer_v2_p1_230116_407201_recycled_16,  tol =  2.79, pLDDT = 75.15, pTM-score = 0.2317, piTM-score = 0.0914, interface-score = 0.0346, iRes = 28   iCnt = 15  
Info: BDLD_85_x10 model_5_multimer_v2_p1_230116_407201_recycled_17,  tol =  0.94, pLDDT = 75.16, pTM-score = 0.2298, piTM-score = 0.0646, interface-score = 0.0195, iRes = 24   iCnt = 13  
Info: BDLD_85_x10 model_5_multimer_v2_p1_230116_407201_recycled_18,  tol =  2.61, pLDDT = 75.15, pTM-score = 0.2313, piTM-score = 0.0649, interface-score = 0.0201, iRes = 24   iCnt = 13  
Info: BDLD_85_x10 model_5_multimer_v2_p1_230116_407201_recycled_19,  tol =  2.50, pLDDT = 74.55, pTM-score = 0.2300, piTM-score = 0.2101, interface-score = 0.1175, iRes = 76   iCnt = 51  
Info: BDLD_85_x10 model_5_multimer_v2_p1_230116_407201 performed 20 recycles, final tol = 10.14, pLDDT = 75.12, pTM-score = 0.2344, piTM-score = 0.0653, interface-score = 0.0207, iRes = 24   iCnt = 13  
Info: num_clusters = 10, cluster_sizes = [1, 1, 1, 1, 1, 1, 1, 1, 1, 1],  clusters = [['BDLD_85_0'], ['BDLD_85_1'], ['BDLD_85_2'], ['BDLD_85_3'], ['BDLD_85_4'], ['BDLD_85_5'], ['BDLD_85_6'], ['BDLD_85_7'], ['BDLD_85_8'], ['BDLD_85_9']]

I0116 10:57:43.056767 22652431648576 run_af2c_mod.py:404] Final timings for BDLD_85_x10: {'features': 0.1, 'process_features_model_5_multimer_v2_p1_230116_407201': 0.0, 'predict_and_compile_model_5_multimer_v2_p1_230116_407201': 1392.3}
                                  
================================= 
Global information about the job: 
================================= 
  
Job owner: flobnow(42847)
Job name:  5_AF2C
Node list: ravg1056
Job start: Mon Jan 16 10:33:34 CET 2023
Job end:   Mon Jan 16 10:57:49 CET 2023
Work dir:  /raven/u/flobnow/fluffyAlpaca/scripts/myRuns/BDLD_85
Command:   /raven/u/flobnow/fluffyAlpaca/scripts/myRuns/BDLD_85/script2_comp_model_5.sh
  
  
  
==========================================================================================
Information on jobsteps (Note: MaxRSS/AveRSS is the maximum/average over all 
tasks of the per-task memory high-water marks; cf. "man sacct"): 
==========================================================================================
  
JobID            JobName NNodes NTasks  NCPUS        0.00M        0.00M    Elapsed ExitCode
------------- ---------- ------ ------ ------ ------------ ------------ ---------- --------
3892228           5_AF2C      1           108                             00:24:15      0:0
3892228.0        python3      1      1    108    28926.58M    28926.58M   00:24:07      0:0
  
Maximum memory per node: 30.331720 GB (defined as MaxRSS*Ntasks/NNodes)
CPU utilization: 1.8 %
  
