Info: input file name is BDLD_85
Info: input target list is /u/flobnow/fluffyAlpaca/scripts/myRuns/BDLD_85/target.lst
Info: input feature directory is /u/flobnow/fluffyAlpaca/feature_files
Info: result output directory is /u/flobnow/fluffyAlpaca/output_files
Info: model preset is multimer_np
Info: msa pairing is all
Info: recycling setting is 1
/bin/sh: /mpcdf/soft/SLE_15/packages/x86_64/alphafold/2.2.0/lib/libtinfo.so.6: no version information available (required by /lib64/libreadline.so.7)
Info: using preset super2
Info: set num_ensemble = 2
Info: set max_recyles = 20
Info: set recycle_tol = 0.1
Info: mas_pairing mode is all
I0116 10:33:49.778294 23286686607168 tpu_client.py:54] Starting the local TPU driver.
I0116 10:33:49.778663 23286686607168 xla_bridge.py:212] Unable to initialize backend 'tpu_driver': Not found: Unable to find driver in registry given worker: local://
I0116 10:33:50.137829 23286686607168 xla_bridge.py:212] Unable to initialize backend 'tpu': Invalid argument: TpuPlatform is not available.
I0116 10:33:53.695850 23286686607168 run_af2c_mod.py:482] Have 1 models: ['model_2_multimer_v2_p1']
Info: working on target BDLD_85_x10
I0116 10:33:53.696001 23286686607168 run_af2c_mod.py:512] Using random seed 3653473718917225747 for the data pipeline
Info: BDLD_85_x10 found monomer BDLD_85 msa_depth = 416, seq_len = 74, num_templ = 20
Info: BDLD_85 reducing the number of structural templates to 4
Info: 10 chain(s) to model {'A': 'BDLD_85_1', 'B': 'BDLD_85_1', 'C': 'BDLD_85_1', 'D': 'BDLD_85_1', 'E': 'BDLD_85_1', 'F': 'BDLD_85_1', 'G': 'BDLD_85_1', 'H': 'BDLD_85_1', 'I': 'BDLD_85_1', 'J': 'BDLD_85_1'}
Info: modeling BDLD_85_x10 with msa_depth = 512, seq_len = 740, num_templ = 40
I0116 10:33:53.842124 23286686607168 run_af2c_mod.py:216] Running model model_2_multimer_v2_p1_230116_225747
I0116 10:33:53.842591 23286686607168 model.py:206] Running predict with shape(feat) = {'msa': (512, 740), 'bert_mask': (512, 740), 'num_alignments': (), 'aatype': (740,), 'seq_length': (), 'template_aatype': (40, 740), 'template_all_atom_mask': (40, 740, 37), 'template_all_atom_positions': (40, 740, 37, 3), 'all_atom_positions': (740, 37, 3), 'template_domain_names': (40,), 'asym_id': (740,), 'sym_id': (740,), 'entity_id': (740,), 'residue_index': (740,), 'deletion_matrix': (512, 740), 'seq_mask': (740,), 'msa_mask': (512, 740), 'cluster_bias_mask': (512,), 'pdb_residue_index': (740,)}
I0116 10:44:08.611485 23286686607168 run_af2c_mod.py:271] Total JAX model model_2_multimer_v2_p1_230116_225747 predict time (includes compilation time): 614.8 seconds
Info: BDLD_85_x10 model_2_multimer_v2_p1_230116_225747_recycled_00,  tol =   inf, pLDDT = 71.17, pTM-score = 0.2415, piTM-score = 0.2282, interface-score = 0.1537, iRes = 81   iCnt = 58  
Info: BDLD_85_x10 model_2_multimer_v2_p1_230116_225747_recycled_01,  tol = 60.94, pLDDT = 71.69, pTM-score = 0.3200, piTM-score = 0.2965, interface-score = 0.1452, iRes = 52   iCnt = 33  
Info: BDLD_85_x10 model_2_multimer_v2_p1_230116_225747_recycled_02,  tol = 28.63, pLDDT = 78.93, pTM-score = 0.5189, piTM-score = 0.4701, interface-score = 0.4636, iRes = 169  iCnt = 152 
Info: BDLD_85_x10 model_2_multimer_v2_p1_230116_225747_recycled_03,  tol =  8.21, pLDDT = 76.37, pTM-score = 0.4941, piTM-score = 0.4472, interface-score = 0.4146, iRes = 141  iCnt = 116 
Info: BDLD_85_x10 model_2_multimer_v2_p1_230116_225747_recycled_04,  tol =  1.04, pLDDT = 75.21, pTM-score = 0.4710, piTM-score = 0.4221, interface-score = 0.3831, iRes = 128  iCnt = 103 
Info: BDLD_85_x10 model_2_multimer_v2_p1_230116_225747_recycled_05,  tol =  0.20, pLDDT = 75.54, pTM-score = 0.4751, piTM-score = 0.4165, interface-score = 0.3900, iRes = 136  iCnt = 110 
Info: BDLD_85_x10 model_2_multimer_v2_p1_230116_225747_recycled_06,  tol =  0.17, pLDDT = 75.75, pTM-score = 0.4834, piTM-score = 0.4263, interface-score = 0.4066, iRes = 141  iCnt = 116 
Info: BDLD_85_x10 model_2_multimer_v2_p1_230116_225747 performed 7 recycles, final tol = 0.08, pLDDT = 75.75, pTM-score = 0.4870, piTM-score = 0.4259, interface-score = 0.3993, iRes = 136  iCnt = 109 
Info: num_clusters = 9, cluster_sizes = [2, 1, 1, 1, 1, 1, 1, 1, 1],  clusters = [['BDLD_85_0', 'BDLD_85_1'], ['BDLD_85_2'], ['BDLD_85_3'], ['BDLD_85_4'], ['BDLD_85_5'], ['BDLD_85_6'], ['BDLD_85_7'], ['BDLD_85_8'], ['BDLD_85_9']]

I0116 10:44:11.796345 23286686607168 run_af2c_mod.py:404] Final timings for BDLD_85_x10: {'features': 0.09, 'process_features_model_2_multimer_v2_p1_230116_225747': 0.0, 'predict_and_compile_model_2_multimer_v2_p1_230116_225747': 614.8}
                                  
================================= 
Global information about the job: 
================================= 
  
Job owner: flobnow(42847)
Job name:  2_AF2C
Node list: ravg1176
Job start: Mon Jan 16 10:33:34 CET 2023
Job end:   Mon Jan 16 10:44:13 CET 2023
Work dir:  /raven/u/flobnow/fluffyAlpaca/scripts/myRuns/BDLD_85
Command:   /raven/u/flobnow/fluffyAlpaca/scripts/myRuns/BDLD_85/script2_comp_model_2.sh
  
  
  
==========================================================================================
Information on jobsteps (Note: MaxRSS/AveRSS is the maximum/average over all 
tasks of the per-task memory high-water marks; cf. "man sacct"): 
==========================================================================================
  
JobID            JobName NNodes NTasks  NCPUS        0.00M        0.00M    Elapsed ExitCode
------------- ---------- ------ ------ ------ ------------ ------------ ---------- --------
3892225           2_AF2C      1           108                             00:10:39      0:0
3892225.0        python3      1      1    108    22241.89M    22241.89M   00:10:36      0:0
  
Maximum memory per node: 23.322308 GB (defined as MaxRSS*Ntasks/NNodes)
CPU utilization: 2.0 %
  
