Info: input file name is BDLD_85
Info: input target list is /u/flobnow/fluffyAlpaca/scripts/myRuns/BDLD_85/target.lst
Info: input feature directory is /u/flobnow/fluffyAlpaca/feature_files
Info: result output directory is /u/flobnow/fluffyAlpaca/output_files
Info: model preset is multimer_np
Info: msa pairing is all
Info: recycling setting is 1
/bin/sh: /mpcdf/soft/SLE_15/packages/x86_64/alphafold/2.2.0/lib/libtinfo.so.6: no version information available (required by /lib64/libreadline.so.7)
Info: using preset super2
Info: set num_ensemble = 2
Info: set max_recyles = 20
Info: set recycle_tol = 0.1
Info: mas_pairing mode is all
I0116 10:33:41.743982 22737193117504 tpu_client.py:54] Starting the local TPU driver.
I0116 10:33:41.744361 22737193117504 xla_bridge.py:212] Unable to initialize backend 'tpu_driver': Not found: Unable to find driver in registry given worker: local://
I0116 10:33:42.085958 22737193117504 xla_bridge.py:212] Unable to initialize backend 'tpu': Invalid argument: TpuPlatform is not available.
I0116 10:33:45.537508 22737193117504 run_af2c_mod.py:482] Have 1 models: ['model_4_multimer_v2_p1']
Info: working on target BDLD_85_x10
I0116 10:33:55.547757 22737193117504 run_af2c_mod.py:512] Using random seed 5429903459287309841 for the data pipeline
Info: BDLD_85_x10 found monomer BDLD_85 msa_depth = 416, seq_len = 74, num_templ = 20
Info: BDLD_85 reducing the number of structural templates to 4
Info: 10 chain(s) to model {'A': 'BDLD_85_1', 'B': 'BDLD_85_1', 'C': 'BDLD_85_1', 'D': 'BDLD_85_1', 'E': 'BDLD_85_1', 'F': 'BDLD_85_1', 'G': 'BDLD_85_1', 'H': 'BDLD_85_1', 'I': 'BDLD_85_1', 'J': 'BDLD_85_1'}
Info: modeling BDLD_85_x10 with msa_depth = 512, seq_len = 740, num_templ = 40
I0116 10:33:55.712432 22737193117504 run_af2c_mod.py:216] Running model model_4_multimer_v2_p1_230116_309841
I0116 10:33:55.712895 22737193117504 model.py:206] Running predict with shape(feat) = {'msa': (512, 740), 'bert_mask': (512, 740), 'num_alignments': (), 'aatype': (740,), 'seq_length': (), 'template_aatype': (40, 740), 'template_all_atom_mask': (40, 740, 37), 'template_all_atom_positions': (40, 740, 37, 3), 'all_atom_positions': (740, 37, 3), 'template_domain_names': (40,), 'asym_id': (740,), 'sym_id': (740,), 'entity_id': (740,), 'residue_index': (740,), 'deletion_matrix': (512, 740), 'seq_mask': (740,), 'msa_mask': (512, 740), 'cluster_bias_mask': (512,), 'pdb_residue_index': (740,)}
I0116 10:44:07.650600 22737193117504 run_af2c_mod.py:271] Total JAX model model_4_multimer_v2_p1_230116_309841 predict time (includes compilation time): 611.9 seconds
Info: BDLD_85_x10 model_4_multimer_v2_p1_230116_309841_recycled_00,  tol =   inf, pLDDT = 71.12, pTM-score = 0.2914, piTM-score = 0.2537, interface-score = 0.2003, iRes = 61   iCnt = 46  
Info: BDLD_85_x10 model_4_multimer_v2_p1_230116_309841_recycled_01,  tol = 57.25, pLDDT = 72.39, pTM-score = 0.3552, piTM-score = 0.2952, interface-score = 0.3055, iRes = 127  iCnt = 124 
Info: BDLD_85_x10 model_4_multimer_v2_p1_230116_309841_recycled_02,  tol = 14.66, pLDDT = 85.61, pTM-score = 0.7342, piTM-score = 0.6519, interface-score = 0.6997, iRes = 221  iCnt = 254 
Info: BDLD_85_x10 model_4_multimer_v2_p1_230116_309841_recycled_03,  tol = 10.46, pLDDT = 86.33, pTM-score = 0.7232, piTM-score = 0.6505, interface-score = 0.7194, iRes = 219  iCnt = 237 
Info: BDLD_85_x10 model_4_multimer_v2_p1_230116_309841_recycled_04,  tol =  0.66, pLDDT = 85.74, pTM-score = 0.7117, piTM-score = 0.6405, interface-score = 0.7235, iRes = 218  iCnt = 239 
Info: BDLD_85_x10 model_4_multimer_v2_p1_230116_309841_recycled_05,  tol =  0.15, pLDDT = 85.39, pTM-score = 0.6977, piTM-score = 0.6273, interface-score = 0.7166, iRes = 217  iCnt = 236 
Info: BDLD_85_x10 model_4_multimer_v2_p1_230116_309841_recycled_06,  tol =  0.12, pLDDT = 85.28, pTM-score = 0.6966, piTM-score = 0.6274, interface-score = 0.7170, iRes = 216  iCnt = 234 
Info: BDLD_85_x10 model_4_multimer_v2_p1_230116_309841 performed 7 recycles, final tol = 0.03, pLDDT = 84.58, pTM-score = 0.6820, piTM-score = 0.6111, interface-score = 0.7039, iRes = 217  iCnt = 236 
Info: num_clusters = 1, cluster_sizes = [10],  clusters = [['BDLD_85_0', 'BDLD_85_1', 'BDLD_85_2', 'BDLD_85_3', 'BDLD_85_4', 'BDLD_85_5', 'BDLD_85_6', 'BDLD_85_7', 'BDLD_85_8', 'BDLD_85_9']]

I0116 10:44:11.511673 22737193117504 run_af2c_mod.py:404] Final timings for BDLD_85_x10: {'features': 0.09, 'process_features_model_4_multimer_v2_p1_230116_309841': 0.0, 'predict_and_compile_model_4_multimer_v2_p1_230116_309841': 611.9}
                                  
================================= 
Global information about the job: 
================================= 
  
Job owner: flobnow(42847)
Job name:  4_AF2C
Node list: ravg1042
Job start: Mon Jan 16 10:33:34 CET 2023
Job end:   Mon Jan 16 10:44:13 CET 2023
Work dir:  /raven/u/flobnow/fluffyAlpaca/scripts/myRuns/BDLD_85
Command:   /raven/u/flobnow/fluffyAlpaca/scripts/myRuns/BDLD_85/script2_comp_model_4.sh
  
  
  
==========================================================================================
Information on jobsteps (Note: MaxRSS/AveRSS is the maximum/average over all 
tasks of the per-task memory high-water marks; cf. "man sacct"): 
==========================================================================================
  
JobID            JobName NNodes NTasks  NCPUS        0.00M        0.00M    Elapsed ExitCode
------------- ---------- ------ ------ ------ ------------ ------------ ---------- --------
3892227           4_AF2C      1           108                             00:10:39      0:0
3892227.0        python3      1      1    108    22293.58M    22293.58M   00:10:37      0:0
  
Maximum memory per node: 23.376510 GB (defined as MaxRSS*Ntasks/NNodes)
CPU utilization: 2.0 %
  
