Info: input file name is BDLD1_NOSTOC
Info: input target list is /u/flobnow/fluffyAlpaca/scripts/myRuns/BDLD1_NOSTOC/target.lst
Info: input feature directory is /u/flobnow/fluffyAlpaca/feature_files
Info: result output directory is /u/flobnow/fluffyAlpaca/output_files
Info: model preset is multimer_np
Info: msa pairing is all
Info: recycling setting is 1
/bin/sh: /mpcdf/soft/SLE_15/packages/x86_64/alphafold/2.2.0/lib/libtinfo.so.6: no version information available (required by /lib64/libreadline.so.7)
Info: using preset super2
Info: set num_ensemble = 2
Info: set max_recyles = 20
Info: set recycle_tol = 0.1
Info: mas_pairing mode is all
I0117 14:08:01.379215 22416615323456 tpu_client.py:54] Starting the local TPU driver.
I0117 14:08:01.404166 22416615323456 xla_bridge.py:212] Unable to initialize backend 'tpu_driver': Not found: Unable to find driver in registry given worker: local://
I0117 14:08:01.743964 22416615323456 xla_bridge.py:212] Unable to initialize backend 'tpu': Invalid argument: TpuPlatform is not available.
I0117 14:08:05.266214 22416615323456 run_af2c_mod.py:482] Have 1 models: ['model_2_multimer_v2_p1']
Info: working on target BDLD1_NOSTOC_x6
I0117 14:08:09.270430 22416615323456 run_af2c_mod.py:512] Using random seed 2637395099760590577 for the data pipeline
Info: BDLD1_NOSTOC_x6 found monomer BDLD1_NOSTOC msa_depth = 445, seq_len = 107, num_templ = 8
Info: BDLD1_NOSTOC reducing the number of structural templates to 4
Info: 6 chain(s) to model {'A': 'BDLD1_NOSTOC_1', 'B': 'BDLD1_NOSTOC_1', 'C': 'BDLD1_NOSTOC_1', 'D': 'BDLD1_NOSTOC_1', 'E': 'BDLD1_NOSTOC_1', 'F': 'BDLD1_NOSTOC_1'}
Info: modeling BDLD1_NOSTOC_x6 with msa_depth = 512, seq_len = 642, num_templ = 24
I0117 14:08:09.387028 22416615323456 run_af2c_mod.py:216] Running model model_2_multimer_v2_p1_230117_590577
I0117 14:08:09.387481 22416615323456 model.py:206] Running predict with shape(feat) = {'msa': (512, 642), 'bert_mask': (512, 642), 'num_alignments': (), 'aatype': (642,), 'seq_length': (), 'template_aatype': (24, 642), 'template_all_atom_mask': (24, 642, 37), 'template_all_atom_positions': (24, 642, 37, 3), 'all_atom_positions': (642, 37, 3), 'template_domain_names': (24,), 'asym_id': (642,), 'sym_id': (642,), 'entity_id': (642,), 'residue_index': (642,), 'deletion_matrix': (512, 642), 'seq_mask': (642,), 'msa_mask': (512, 642), 'cluster_bias_mask': (512,), 'pdb_residue_index': (642,)}
I0117 14:22:48.074468 22416615323456 run_af2c_mod.py:271] Total JAX model model_2_multimer_v2_p1_230117_590577 predict time (includes compilation time): 878.7 seconds
Info: BDLD1_NOSTOC_x6 model_2_multimer_v2_p1_230117_590577_recycled_00,  tol =   inf, pLDDT = 40.05, pTM-score = 0.2439, piTM-score = 0.2686, interface-score = 0.3789, iRes = 299  iCnt = 528 
Info: BDLD1_NOSTOC_x6 model_2_multimer_v2_p1_230117_590577_recycled_01,  tol = 45.26, pLDDT = 43.52, pTM-score = 0.2406, piTM-score = 0.2348, interface-score = 0.2214, iRes = 133  iCnt = 98  
Info: BDLD1_NOSTOC_x6 model_2_multimer_v2_p1_230117_590577_recycled_02,  tol = 13.62, pLDDT = 41.76, pTM-score = 0.2225, piTM-score = 0.1836, interface-score = 0.1684, iRes = 154  iCnt = 168 
Info: BDLD1_NOSTOC_x6 model_2_multimer_v2_p1_230117_590577_recycled_03,  tol = 21.35, pLDDT = 44.29, pTM-score = 0.2508, piTM-score = 0.2204, interface-score = 0.3861, iRes = 153  iCnt = 147 
Info: BDLD1_NOSTOC_x6 model_2_multimer_v2_p1_230117_590577_recycled_04,  tol = 20.15, pLDDT = 47.79, pTM-score = 0.2650, piTM-score = 0.2299, interface-score = 0.3742, iRes = 160  iCnt = 148 
Info: BDLD1_NOSTOC_x6 model_2_multimer_v2_p1_230117_590577_recycled_05,  tol = 18.51, pLDDT = 48.20, pTM-score = 0.2656, piTM-score = 0.2168, interface-score = 0.3565, iRes = 198  iCnt = 187 
Info: BDLD1_NOSTOC_x6 model_2_multimer_v2_p1_230117_590577_recycled_06,  tol = 19.02, pLDDT = 46.35, pTM-score = 0.2539, piTM-score = 0.2279, interface-score = 0.3223, iRes = 184  iCnt = 217 
Info: BDLD1_NOSTOC_x6 model_2_multimer_v2_p1_230117_590577_recycled_07,  tol = 20.04, pLDDT = 44.67, pTM-score = 0.2215, piTM-score = 0.1735, interface-score = 0.1930, iRes = 186  iCnt = 209 
Info: BDLD1_NOSTOC_x6 model_2_multimer_v2_p1_230117_590577_recycled_08,  tol = 19.21, pLDDT = 46.84, pTM-score = 0.2662, piTM-score = 0.2374, interface-score = 0.3639, iRes = 177  iCnt = 165 
Info: BDLD1_NOSTOC_x6 model_2_multimer_v2_p1_230117_590577_recycled_09,  tol = 17.82, pLDDT = 44.97, pTM-score = 0.2363, piTM-score = 0.1805, interface-score = 0.2086, iRes = 163  iCnt = 164 
Info: BDLD1_NOSTOC_x6 model_2_multimer_v2_p1_230117_590577_recycled_10,  tol = 18.63, pLDDT = 48.01, pTM-score = 0.2588, piTM-score = 0.2123, interface-score = 0.3244, iRes = 171  iCnt = 153 
Info: BDLD1_NOSTOC_x6 model_2_multimer_v2_p1_230117_590577_recycled_11,  tol = 19.02, pLDDT = 45.85, pTM-score = 0.2458, piTM-score = 0.2028, interface-score = 0.2887, iRes = 170  iCnt = 150 
Info: BDLD1_NOSTOC_x6 model_2_multimer_v2_p1_230117_590577_recycled_12,  tol = 19.61, pLDDT = 46.01, pTM-score = 0.2535, piTM-score = 0.2145, interface-score = 0.3092, iRes = 177  iCnt = 153 
Info: BDLD1_NOSTOC_x6 model_2_multimer_v2_p1_230117_590577_recycled_13,  tol = 16.21, pLDDT = 48.07, pTM-score = 0.2596, piTM-score = 0.2293, interface-score = 0.3539, iRes = 174  iCnt = 164 
Info: BDLD1_NOSTOC_x6 model_2_multimer_v2_p1_230117_590577_recycled_14,  tol = 15.49, pLDDT = 52.05, pTM-score = 0.3060, piTM-score = 0.2527, interface-score = 0.3961, iRes = 232  iCnt = 232 
Info: BDLD1_NOSTOC_x6 model_2_multimer_v2_p1_230117_590577_recycled_15,  tol = 15.28, pLDDT = 53.55, pTM-score = 0.2939, piTM-score = 0.2458, interface-score = 0.4373, iRes = 210  iCnt = 220 
Info: BDLD1_NOSTOC_x6 model_2_multimer_v2_p1_230117_590577_recycled_16,  tol = 14.75, pLDDT = 51.08, pTM-score = 0.2914, piTM-score = 0.2458, interface-score = 0.3819, iRes = 216  iCnt = 209 
Info: BDLD1_NOSTOC_x6 model_2_multimer_v2_p1_230117_590577_recycled_17,  tol = 14.90, pLDDT = 51.46, pTM-score = 0.2726, piTM-score = 0.2029, interface-score = 0.3509, iRes = 245  iCnt = 283 
Info: BDLD1_NOSTOC_x6 model_2_multimer_v2_p1_230117_590577_recycled_18,  tol = 19.31, pLDDT = 46.59, pTM-score = 0.2417, piTM-score = 0.1735, interface-score = 0.2040, iRes = 173  iCnt = 200 
Info: BDLD1_NOSTOC_x6 model_2_multimer_v2_p1_230117_590577_recycled_19,  tol = 19.93, pLDDT = 44.88, pTM-score = 0.2387, piTM-score = 0.2177, interface-score = 0.2665, iRes = 145  iCnt = 127 
Info: BDLD1_NOSTOC_x6 model_2_multimer_v2_p1_230117_590577 performed 20 recycles, final tol = 20.31, pLDDT = 49.40, pTM-score = 0.2722, piTM-score = 0.2328, interface-score = 0.3796, iRes = 203  iCnt = 196 
Info: num_clusters = 3, cluster_sizes = [2, 2, 2],  clusters = [['BDLD1_NOSTOC_0', 'BDLD1_NOSTOC_5'], ['BDLD1_NOSTOC_1', 'BDLD1_NOSTOC_2'], ['BDLD1_NOSTOC_3', 'BDLD1_NOSTOC_4']]

I0117 14:22:50.727447 22416615323456 run_af2c_mod.py:404] Final timings for BDLD1_NOSTOC_x6: {'features': 0.11, 'process_features_model_2_multimer_v2_p1_230117_590577': 0.0, 'predict_and_compile_model_2_multimer_v2_p1_230117_590577': 878.7}
                                  
================================= 
Global information about the job: 
================================= 
  
Job owner: flobnow(42847)
Job name:  2_AF2C
Node list: ravg1043
Job start: Tue Jan 17 14:06:56 CET 2023
Job end:   Tue Jan 17 14:22:56 CET 2023
Work dir:  /raven/u/flobnow/fluffyAlpaca/scripts/myRuns/BDLD1_NOSTOC
Command:   /raven/u/flobnow/fluffyAlpaca/scripts/myRuns/BDLD1_NOSTOC/script2_comp_model_2.sh
  
  
  
==========================================================================================
Information on jobsteps (Note: MaxRSS/AveRSS is the maximum/average over all 
tasks of the per-task memory high-water marks; cf. "man sacct"): 
==========================================================================================
  
JobID            JobName NNodes NTasks  NCPUS        0.00M        0.00M    Elapsed ExitCode
------------- ---------- ------ ------ ------ ------------ ------------ ---------- --------
3906253           2_AF2C      1           108                             00:16:00      0:0
3906253.0        python3      1      1    108    25092.90M    25092.90M   00:15:12      0:0
  
Maximum memory per node: 26.311815 GB (defined as MaxRSS*Ntasks/NNodes)
CPU utilization: 1.8 %
  
