Info: input file name is BDLD1_NOSTOC
Info: input target list is /u/flobnow/fluffyAlpaca/scripts/myRuns/BDLD1_NOSTOC/target.lst
Info: input feature directory is /u/flobnow/fluffyAlpaca/feature_files
Info: result output directory is /u/flobnow/fluffyAlpaca/output_files
Info: model preset is multimer_np
Info: msa pairing is all
Info: recycling setting is 1
/bin/sh: /mpcdf/soft/SLE_15/packages/x86_64/alphafold/2.2.0/lib/libtinfo.so.6: no version information available (required by /lib64/libreadline.so.7)
Info: using preset super2
Info: set num_ensemble = 2
Info: set max_recyles = 20
Info: set recycle_tol = 0.1
Info: mas_pairing mode is all
I0117 14:08:01.383348 23021030721344 tpu_client.py:54] Starting the local TPU driver.
I0117 14:08:01.404035 23021030721344 xla_bridge.py:212] Unable to initialize backend 'tpu_driver': Not found: Unable to find driver in registry given worker: local://
I0117 14:08:01.732132 23021030721344 xla_bridge.py:212] Unable to initialize backend 'tpu': Invalid argument: TpuPlatform is not available.
I0117 14:08:05.203530 23021030721344 run_af2c_mod.py:482] Have 1 models: ['model_3_multimer_v2_p1']
Info: working on target BDLD1_NOSTOC_x6
I0117 14:08:10.208766 23021030721344 run_af2c_mod.py:512] Using random seed 3915777685755354821 for the data pipeline
Info: BDLD1_NOSTOC_x6 found monomer BDLD1_NOSTOC msa_depth = 445, seq_len = 107, num_templ = 8
Info: BDLD1_NOSTOC reducing the number of structural templates to 4
Info: 6 chain(s) to model {'A': 'BDLD1_NOSTOC_1', 'B': 'BDLD1_NOSTOC_1', 'C': 'BDLD1_NOSTOC_1', 'D': 'BDLD1_NOSTOC_1', 'E': 'BDLD1_NOSTOC_1', 'F': 'BDLD1_NOSTOC_1'}
Info: modeling BDLD1_NOSTOC_x6 with msa_depth = 512, seq_len = 642, num_templ = 24
I0117 14:08:10.287468 23021030721344 run_af2c_mod.py:216] Running model model_3_multimer_v2_p1_230117_354821
I0117 14:08:10.287948 23021030721344 model.py:206] Running predict with shape(feat) = {'msa': (512, 642), 'bert_mask': (512, 642), 'num_alignments': (), 'aatype': (642,), 'seq_length': (), 'template_aatype': (24, 642), 'template_all_atom_mask': (24, 642, 37), 'template_all_atom_positions': (24, 642, 37, 3), 'all_atom_positions': (642, 37, 3), 'template_domain_names': (24,), 'asym_id': (642,), 'sym_id': (642,), 'entity_id': (642,), 'residue_index': (642,), 'deletion_matrix': (512, 642), 'seq_mask': (642,), 'msa_mask': (512, 642), 'cluster_bias_mask': (512,), 'pdb_residue_index': (642,)}
I0117 14:22:51.003686 23021030721344 run_af2c_mod.py:271] Total JAX model model_3_multimer_v2_p1_230117_354821 predict time (includes compilation time): 880.7 seconds
Info: BDLD1_NOSTOC_x6 model_3_multimer_v2_p1_230117_354821_recycled_00,  tol =   inf, pLDDT = 41.71, pTM-score = 0.2517, piTM-score = 0.2105, interface-score = 0.2416, iRes = 116  iCnt = 96  
Info: BDLD1_NOSTOC_x6 model_3_multimer_v2_p1_230117_354821_recycled_01,  tol = 47.58, pLDDT = 35.95, pTM-score = 0.2219, piTM-score = 0.1954, interface-score = 0.2153, iRes = 208  iCnt = 273 
Info: BDLD1_NOSTOC_x6 model_3_multimer_v2_p1_230117_354821_recycled_02,  tol =  9.90, pLDDT = 40.02, pTM-score = 0.2325, piTM-score = 0.1755, interface-score = 0.1944, iRes = 229  iCnt = 271 
Info: BDLD1_NOSTOC_x6 model_3_multimer_v2_p1_230117_354821_recycled_03,  tol = 11.86, pLDDT = 43.03, pTM-score = 0.2324, piTM-score = 0.1542, interface-score = 0.1255, iRes = 185  iCnt = 211 
Info: BDLD1_NOSTOC_x6 model_3_multimer_v2_p1_230117_354821_recycled_04,  tol =  7.45, pLDDT = 41.09, pTM-score = 0.2076, piTM-score = 0.1116, interface-score = 0.0473, iRes = 56   iCnt = 34  
Info: BDLD1_NOSTOC_x6 model_3_multimer_v2_p1_230117_354821_recycled_05,  tol =  2.17, pLDDT = 41.91, pTM-score = 0.2036, piTM-score = 0.1518, interface-score = 0.0540, iRes = 52   iCnt = 31  
Info: BDLD1_NOSTOC_x6 model_3_multimer_v2_p1_230117_354821_recycled_06,  tol =  4.52, pLDDT = 43.20, pTM-score = 0.2090, piTM-score = 0.1483, interface-score = 0.0709, iRes = 79   iCnt = 58  
Info: BDLD1_NOSTOC_x6 model_3_multimer_v2_p1_230117_354821_recycled_07,  tol =  3.24, pLDDT = 40.03, pTM-score = 0.1941, piTM-score = 0.1288, interface-score = 0.0454, iRes = 70   iCnt = 51  
Info: BDLD1_NOSTOC_x6 model_3_multimer_v2_p1_230117_354821_recycled_08,  tol =  0.97, pLDDT = 43.91, pTM-score = 0.1942, piTM-score = 0.0949, interface-score = 0.0380, iRes = 79   iCnt = 61  
Info: BDLD1_NOSTOC_x6 model_3_multimer_v2_p1_230117_354821_recycled_09,  tol =  1.15, pLDDT = 44.49, pTM-score = 0.2043, piTM-score = 0.1069, interface-score = 0.0677, iRes = 83   iCnt = 52  
Info: BDLD1_NOSTOC_x6 model_3_multimer_v2_p1_230117_354821_recycled_10,  tol =  6.19, pLDDT = 43.06, pTM-score = 0.1990, piTM-score = 0.1000, interface-score = 0.0489, iRes = 67   iCnt = 45  
Info: BDLD1_NOSTOC_x6 model_3_multimer_v2_p1_230117_354821_recycled_11,  tol =  6.00, pLDDT = 44.65, pTM-score = 0.2063, piTM-score = 0.1343, interface-score = 0.0492, iRes = 76   iCnt = 61  
Info: BDLD1_NOSTOC_x6 model_3_multimer_v2_p1_230117_354821_recycled_12,  tol =  0.99, pLDDT = 44.79, pTM-score = 0.2037, piTM-score = 0.1165, interface-score = 0.0399, iRes = 69   iCnt = 52  
Info: BDLD1_NOSTOC_x6 model_3_multimer_v2_p1_230117_354821_recycled_13,  tol =  0.67, pLDDT = 45.07, pTM-score = 0.1975, piTM-score = 0.1077, interface-score = 0.0209, iRes = 49   iCnt = 34  
Info: BDLD1_NOSTOC_x6 model_3_multimer_v2_p1_230117_354821_recycled_14,  tol =  1.26, pLDDT = 46.94, pTM-score = 0.2068, piTM-score = 0.1213, interface-score = 0.0453, iRes = 73   iCnt = 47  
Info: BDLD1_NOSTOC_x6 model_3_multimer_v2_p1_230117_354821_recycled_15,  tol = 13.17, pLDDT = 52.12, pTM-score = 0.2510, piTM-score = 0.1858, interface-score = 0.1862, iRes = 164  iCnt = 123 
Info: BDLD1_NOSTOC_x6 model_3_multimer_v2_p1_230117_354821_recycled_16,  tol =  2.12, pLDDT = 48.78, pTM-score = 0.2121, piTM-score = 0.1163, interface-score = 0.0518, iRes = 77   iCnt = 51  
Info: BDLD1_NOSTOC_x6 model_3_multimer_v2_p1_230117_354821_recycled_17,  tol =  3.29, pLDDT = 47.82, pTM-score = 0.2234, piTM-score = 0.0947, interface-score = 0.0294, iRes = 60   iCnt = 64  
Info: BDLD1_NOSTOC_x6 model_3_multimer_v2_p1_230117_354821_recycled_18,  tol = 13.18, pLDDT = 44.84, pTM-score = 0.2236, piTM-score = 0.1765, interface-score = 0.0745, iRes = 102  iCnt = 93  
Info: BDLD1_NOSTOC_x6 model_3_multimer_v2_p1_230117_354821_recycled_19,  tol =  2.65, pLDDT = 46.26, pTM-score = 0.2168, piTM-score = 0.0894, interface-score = 0.0259, iRes = 62   iCnt = 65  
Info: BDLD1_NOSTOC_x6 model_3_multimer_v2_p1_230117_354821 performed 20 recycles, final tol = 1.26, pLDDT = 46.16, pTM-score = 0.2043, piTM-score = 0.1066, interface-score = 0.0401, iRes = 78   iCnt = 58  
Info: num_clusters = 5, cluster_sizes = [2, 1, 1, 1, 1],  clusters = [['BDLD1_NOSTOC_0', 'BDLD1_NOSTOC_1'], ['BDLD1_NOSTOC_2'], ['BDLD1_NOSTOC_3'], ['BDLD1_NOSTOC_4'], ['BDLD1_NOSTOC_5']]

I0117 14:22:53.784538 23021030721344 run_af2c_mod.py:404] Final timings for BDLD1_NOSTOC_x6: {'features': 0.08, 'process_features_model_3_multimer_v2_p1_230117_354821': 0.0, 'predict_and_compile_model_3_multimer_v2_p1_230117_354821': 880.7}
                                  
================================= 
Global information about the job: 
================================= 
  
Job owner: flobnow(42847)
Job name:  3_AF2C
Node list: ravg1044
Job start: Tue Jan 17 14:06:56 CET 2023
Job end:   Tue Jan 17 14:22:56 CET 2023
Work dir:  /raven/u/flobnow/fluffyAlpaca/scripts/myRuns/BDLD1_NOSTOC
Command:   /raven/u/flobnow/fluffyAlpaca/scripts/myRuns/BDLD1_NOSTOC/script2_comp_model_3.sh
  
  
  
==========================================================================================
Information on jobsteps (Note: MaxRSS/AveRSS is the maximum/average over all 
tasks of the per-task memory high-water marks; cf. "man sacct"): 
==========================================================================================
  
JobID            JobName NNodes NTasks  NCPUS        0.00M        0.00M    Elapsed ExitCode
------------- ---------- ------ ------ ------ ------------ ------------ ---------- --------
3906257           3_AF2C      1           108                             00:16:00      0:0
3906257.0        python3      1      1    108    24994.73M    24994.73M   00:15:12      0:0
  
Maximum memory per node: 26.208870 GB (defined as MaxRSS*Ntasks/NNodes)
CPU utilization: 1.8 %
  
