Info: input file name is BDLD1_NOSTOC
Info: input target list is /u/flobnow/fluffyAlpaca/scripts/myRuns/BDLD1_NOSTOC/target.lst
Info: input feature directory is /u/flobnow/fluffyAlpaca/feature_files
Info: result output directory is /u/flobnow/fluffyAlpaca/output_files
Info: model preset is multimer_np
Info: msa pairing is all
Info: recycling setting is 1
/bin/sh: /mpcdf/soft/SLE_15/packages/x86_64/alphafold/2.2.0/lib/libtinfo.so.6: no version information available (required by /lib64/libreadline.so.7)
Info: using preset super2
Info: set num_ensemble = 2
Info: set max_recyles = 20
Info: set recycle_tol = 0.1
Info: mas_pairing mode is all
I0117 14:08:01.361563 22441987790656 tpu_client.py:54] Starting the local TPU driver.
I0117 14:08:01.361980 22441987790656 xla_bridge.py:212] Unable to initialize backend 'tpu_driver': Not found: Unable to find driver in registry given worker: local://
I0117 14:08:01.707619 22441987790656 xla_bridge.py:212] Unable to initialize backend 'tpu': Invalid argument: TpuPlatform is not available.
I0117 14:08:05.188166 22441987790656 run_af2c_mod.py:482] Have 1 models: ['model_1_multimer_v2_p1']
Info: working on target BDLD1_NOSTOC_x6
I0117 14:08:10.193396 22441987790656 run_af2c_mod.py:512] Using random seed 8388193283059445815 for the data pipeline
Info: BDLD1_NOSTOC_x6 found monomer BDLD1_NOSTOC msa_depth = 445, seq_len = 107, num_templ = 8
Info: BDLD1_NOSTOC reducing the number of structural templates to 4
Info: 6 chain(s) to model {'A': 'BDLD1_NOSTOC_1', 'B': 'BDLD1_NOSTOC_1', 'C': 'BDLD1_NOSTOC_1', 'D': 'BDLD1_NOSTOC_1', 'E': 'BDLD1_NOSTOC_1', 'F': 'BDLD1_NOSTOC_1'}
Info: modeling BDLD1_NOSTOC_x6 with msa_depth = 512, seq_len = 642, num_templ = 24
I0117 14:08:10.268400 22441987790656 run_af2c_mod.py:216] Running model model_1_multimer_v2_p1_230117_445815
I0117 14:08:10.268868 22441987790656 model.py:206] Running predict with shape(feat) = {'msa': (512, 642), 'bert_mask': (512, 642), 'num_alignments': (), 'aatype': (642,), 'seq_length': (), 'template_aatype': (24, 642), 'template_all_atom_mask': (24, 642, 37), 'template_all_atom_positions': (24, 642, 37, 3), 'all_atom_positions': (642, 37, 3), 'template_domain_names': (24,), 'asym_id': (642,), 'sym_id': (642,), 'entity_id': (642,), 'residue_index': (642,), 'deletion_matrix': (512, 642), 'seq_mask': (642,), 'msa_mask': (512, 642), 'cluster_bias_mask': (512,), 'pdb_residue_index': (642,)}
I0117 14:22:46.975176 22441987790656 run_af2c_mod.py:271] Total JAX model model_1_multimer_v2_p1_230117_445815 predict time (includes compilation time): 876.7 seconds
Info: BDLD1_NOSTOC_x6 model_1_multimer_v2_p1_230117_445815_recycled_00,  tol =   inf, pLDDT = 41.75, pTM-score = 0.1815, piTM-score = 0.1953, interface-score = 0.0047, iRes = 31   iCnt = 35  
Info: BDLD1_NOSTOC_x6 model_1_multimer_v2_p1_230117_445815_recycled_01,  tol = 52.78, pLDDT = 42.36, pTM-score = 0.2185, piTM-score = 0.1631, interface-score = 0.0740, iRes = 54   iCnt = 42  
Info: BDLD1_NOSTOC_x6 model_1_multimer_v2_p1_230117_445815_recycled_02,  tol = 16.32, pLDDT = 43.20, pTM-score = 0.2115, piTM-score = 0.1125, interface-score = 0.0700, iRes = 70   iCnt = 52  
Info: BDLD1_NOSTOC_x6 model_1_multimer_v2_p1_230117_445815_recycled_03,  tol =  4.54, pLDDT = 43.18, pTM-score = 0.2010, piTM-score = 0.0932, interface-score = 0.0712, iRes = 70   iCnt = 47  
Info: BDLD1_NOSTOC_x6 model_1_multimer_v2_p1_230117_445815_recycled_04,  tol =  5.70, pLDDT = 43.52, pTM-score = 0.2043, piTM-score = 0.1313, interface-score = 0.1327, iRes = 127  iCnt = 113 
Info: BDLD1_NOSTOC_x6 model_1_multimer_v2_p1_230117_445815_recycled_05,  tol =  2.27, pLDDT = 48.66, pTM-score = 0.2225, piTM-score = 0.1592, interface-score = 0.2431, iRes = 188  iCnt = 159 
Info: BDLD1_NOSTOC_x6 model_1_multimer_v2_p1_230117_445815_recycled_06,  tol =  1.19, pLDDT = 54.05, pTM-score = 0.2544, piTM-score = 0.2039, interface-score = 0.3701, iRes = 202  iCnt = 227 
Info: BDLD1_NOSTOC_x6 model_1_multimer_v2_p1_230117_445815_recycled_07,  tol =  2.21, pLDDT = 54.79, pTM-score = 0.2553, piTM-score = 0.2060, interface-score = 0.3737, iRes = 204  iCnt = 247 
Info: BDLD1_NOSTOC_x6 model_1_multimer_v2_p1_230117_445815_recycled_08,  tol =  1.56, pLDDT = 60.84, pTM-score = 0.2816, piTM-score = 0.2369, interface-score = 0.5039, iRes = 208  iCnt = 254 
Info: BDLD1_NOSTOC_x6 model_1_multimer_v2_p1_230117_445815_recycled_09,  tol =  1.19, pLDDT = 61.45, pTM-score = 0.2908, piTM-score = 0.2452, interface-score = 0.4912, iRes = 218  iCnt = 280 
Info: BDLD1_NOSTOC_x6 model_1_multimer_v2_p1_230117_445815_recycled_10,  tol =  1.36, pLDDT = 64.43, pTM-score = 0.3022, piTM-score = 0.2583, interface-score = 0.5532, iRes = 201  iCnt = 269 
Info: BDLD1_NOSTOC_x6 model_1_multimer_v2_p1_230117_445815_recycled_11,  tol =  2.08, pLDDT = 65.08, pTM-score = 0.3096, piTM-score = 0.2610, interface-score = 0.5490, iRes = 199  iCnt = 276 
Info: BDLD1_NOSTOC_x6 model_1_multimer_v2_p1_230117_445815_recycled_12,  tol =  2.86, pLDDT = 65.69, pTM-score = 0.3107, piTM-score = 0.2746, interface-score = 0.5591, iRes = 210  iCnt = 282 
Info: BDLD1_NOSTOC_x6 model_1_multimer_v2_p1_230117_445815_recycled_13,  tol =  2.58, pLDDT = 68.36, pTM-score = 0.3296, piTM-score = 0.3057, interface-score = 0.6585, iRes = 229  iCnt = 310 
Info: BDLD1_NOSTOC_x6 model_1_multimer_v2_p1_230117_445815_recycled_14,  tol =  7.09, pLDDT = 71.24, pTM-score = 0.3333, piTM-score = 0.2922, interface-score = 0.6733, iRes = 213  iCnt = 292 
Info: BDLD1_NOSTOC_x6 model_1_multimer_v2_p1_230117_445815_recycled_15,  tol =  6.50, pLDDT = 71.92, pTM-score = 0.3372, piTM-score = 0.3048, interface-score = 0.7040, iRes = 210  iCnt = 301 
Info: BDLD1_NOSTOC_x6 model_1_multimer_v2_p1_230117_445815_recycled_16,  tol =  3.64, pLDDT = 72.00, pTM-score = 0.3435, piTM-score = 0.3028, interface-score = 0.7034, iRes = 213  iCnt = 302 
Info: BDLD1_NOSTOC_x6 model_1_multimer_v2_p1_230117_445815_recycled_17,  tol =  5.15, pLDDT = 73.19, pTM-score = 0.3541, piTM-score = 0.3165, interface-score = 0.7270, iRes = 221  iCnt = 311 
Info: BDLD1_NOSTOC_x6 model_1_multimer_v2_p1_230117_445815_recycled_18,  tol =  3.01, pLDDT = 73.62, pTM-score = 0.3655, piTM-score = 0.3160, interface-score = 0.7421, iRes = 229  iCnt = 322 
Info: BDLD1_NOSTOC_x6 model_1_multimer_v2_p1_230117_445815_recycled_19,  tol =  3.35, pLDDT = 74.41, pTM-score = 0.3749, piTM-score = 0.3256, interface-score = 0.7535, iRes = 223  iCnt = 319 
Info: BDLD1_NOSTOC_x6 model_1_multimer_v2_p1_230117_445815 performed 20 recycles, final tol = 2.21, pLDDT = 74.92, pTM-score = 0.3794, piTM-score = 0.3260, interface-score = 0.7683, iRes = 224  iCnt = 330 
Info: num_clusters = 3, cluster_sizes = [2, 2, 2],  clusters = [['BDLD1_NOSTOC_0', 'BDLD1_NOSTOC_1'], ['BDLD1_NOSTOC_2', 'BDLD1_NOSTOC_3'], ['BDLD1_NOSTOC_4', 'BDLD1_NOSTOC_5']]

I0117 14:22:49.705353 22441987790656 run_af2c_mod.py:404] Final timings for BDLD1_NOSTOC_x6: {'features': 0.07, 'process_features_model_1_multimer_v2_p1_230117_445815': 0.0, 'predict_and_compile_model_1_multimer_v2_p1_230117_445815': 876.7}
                                  
================================= 
Global information about the job: 
================================= 
  
Job owner: flobnow(42847)
Job name:  1_AF2C
Node list: ravg1039
Job start: Tue Jan 17 14:06:56 CET 2023
Job end:   Tue Jan 17 14:22:51 CET 2023
Work dir:  /raven/u/flobnow/fluffyAlpaca/scripts/myRuns/BDLD1_NOSTOC
Command:   /raven/u/flobnow/fluffyAlpaca/scripts/myRuns/BDLD1_NOSTOC/script2_comp_model_1.sh
  
  
  
==========================================================================================
Information on jobsteps (Note: MaxRSS/AveRSS is the maximum/average over all 
tasks of the per-task memory high-water marks; cf. "man sacct"): 
==========================================================================================
  
JobID            JobName NNodes NTasks  NCPUS        0.00M        0.00M    Elapsed ExitCode
------------- ---------- ------ ------ ------ ------------ ------------ ---------- --------
3906251           1_AF2C      1           108                             00:15:55      0:0
3906251.0        python3      1      1    108    25037.20M    25037.20M   00:15:10      0:0
  
Maximum memory per node: 26.253402 GB (defined as MaxRSS*Ntasks/NNodes)
CPU utilization: 1.8 %
  
