Info: input file name is BDLD1_NOSTOC
Info: input target list is /u/flobnow/fluffyAlpaca/scripts/myRuns/BDLD1_NOSTOC/target.lst
Info: input feature directory is /u/flobnow/fluffyAlpaca/feature_files
Info: result output directory is /u/flobnow/fluffyAlpaca/output_files
Info: model preset is multimer_np
Info: msa pairing is all
Info: recycling setting is 1
/bin/sh: /mpcdf/soft/SLE_15/packages/x86_64/alphafold/2.2.0/lib/libtinfo.so.6: no version information available (required by /lib64/libreadline.so.7)
Info: using preset super2
Info: set num_ensemble = 2
Info: set max_recyles = 20
Info: set recycle_tol = 0.1
Info: mas_pairing mode is all
I0117 14:08:01.423796 23142681593664 tpu_client.py:54] Starting the local TPU driver.
I0117 14:08:01.425683 23142681593664 xla_bridge.py:212] Unable to initialize backend 'tpu_driver': Not found: Unable to find driver in registry given worker: local://
I0117 14:08:01.761898 23142681593664 xla_bridge.py:212] Unable to initialize backend 'tpu': Invalid argument: TpuPlatform is not available.
I0117 14:08:05.252861 23142681593664 run_af2c_mod.py:482] Have 1 models: ['model_5_multimer_v2_p1']
Info: working on target BDLD1_NOSTOC_x6
I0117 14:08:14.261738 23142681593664 run_af2c_mod.py:512] Using random seed 3427061411546596298 for the data pipeline
Info: BDLD1_NOSTOC_x6 found monomer BDLD1_NOSTOC msa_depth = 445, seq_len = 107, num_templ = 8
Info: BDLD1_NOSTOC reducing the number of structural templates to 4
Info: 6 chain(s) to model {'A': 'BDLD1_NOSTOC_1', 'B': 'BDLD1_NOSTOC_1', 'C': 'BDLD1_NOSTOC_1', 'D': 'BDLD1_NOSTOC_1', 'E': 'BDLD1_NOSTOC_1', 'F': 'BDLD1_NOSTOC_1'}
Info: modeling BDLD1_NOSTOC_x6 with msa_depth = 512, seq_len = 642, num_templ = 24
I0117 14:08:14.336838 23142681593664 run_af2c_mod.py:216] Running model model_5_multimer_v2_p1_230117_596298
I0117 14:08:14.337305 23142681593664 model.py:206] Running predict with shape(feat) = {'msa': (512, 642), 'bert_mask': (512, 642), 'num_alignments': (), 'aatype': (642,), 'seq_length': (), 'template_aatype': (24, 642), 'template_all_atom_mask': (24, 642, 37), 'template_all_atom_positions': (24, 642, 37, 3), 'all_atom_positions': (642, 37, 3), 'template_domain_names': (24,), 'asym_id': (642,), 'sym_id': (642,), 'entity_id': (642,), 'residue_index': (642,), 'deletion_matrix': (512, 642), 'seq_mask': (642,), 'msa_mask': (512, 642), 'cluster_bias_mask': (512,), 'pdb_residue_index': (642,)}
I0117 14:22:54.214379 23142681593664 run_af2c_mod.py:271] Total JAX model model_5_multimer_v2_p1_230117_596298 predict time (includes compilation time): 879.9 seconds
Info: BDLD1_NOSTOC_x6 model_5_multimer_v2_p1_230117_596298_recycled_00,  tol =   inf, pLDDT = 32.09, pTM-score = 0.1937, piTM-score = 0.1232, interface-score = 0.1534, iRes = 198  iCnt = 170 
Info: BDLD1_NOSTOC_x6 model_5_multimer_v2_p1_230117_596298_recycled_01,  tol = 47.80, pLDDT = 41.13, pTM-score = 0.2303, piTM-score = 0.1824, interface-score = 0.1449, iRes = 199  iCnt = 204 
Info: BDLD1_NOSTOC_x6 model_5_multimer_v2_p1_230117_596298_recycled_02,  tol =  8.70, pLDDT = 41.69, pTM-score = 0.2130, piTM-score = 0.1367, interface-score = 0.1029, iRes = 185  iCnt = 268 
Info: BDLD1_NOSTOC_x6 model_5_multimer_v2_p1_230117_596298_recycled_03,  tol =  3.32, pLDDT = 37.88, pTM-score = 0.1918, piTM-score = 0.1545, interface-score = 0.1069, iRes = 145  iCnt = 146 
Info: BDLD1_NOSTOC_x6 model_5_multimer_v2_p1_230117_596298_recycled_04,  tol =  1.60, pLDDT = 36.71, pTM-score = 0.1935, piTM-score = 0.1687, interface-score = 0.1214, iRes = 145  iCnt = 136 
Info: BDLD1_NOSTOC_x6 model_5_multimer_v2_p1_230117_596298_recycled_05,  tol =  2.23, pLDDT = 39.73, pTM-score = 0.1983, piTM-score = 0.1519, interface-score = 0.1263, iRes = 171  iCnt = 174 
Info: BDLD1_NOSTOC_x6 model_5_multimer_v2_p1_230117_596298_recycled_06,  tol =  2.50, pLDDT = 37.20, pTM-score = 0.2041, piTM-score = 0.1635, interface-score = 0.1534, iRes = 184  iCnt = 197 
Info: BDLD1_NOSTOC_x6 model_5_multimer_v2_p1_230117_596298_recycled_07,  tol =  2.16, pLDDT = 38.12, pTM-score = 0.2094, piTM-score = 0.1709, interface-score = 0.1762, iRes = 192  iCnt = 187 
Info: BDLD1_NOSTOC_x6 model_5_multimer_v2_p1_230117_596298_recycled_08,  tol =  1.88, pLDDT = 36.32, pTM-score = 0.2016, piTM-score = 0.2025, interface-score = 0.1807, iRes = 252  iCnt = 481 
Info: BDLD1_NOSTOC_x6 model_5_multimer_v2_p1_230117_596298_recycled_09,  tol =  8.35, pLDDT = 35.76, pTM-score = 0.1938, piTM-score = 0.1493, interface-score = 0.1382, iRes = 139  iCnt = 117 
Info: BDLD1_NOSTOC_x6 model_5_multimer_v2_p1_230117_596298_recycled_10,  tol =  8.21, pLDDT = 37.95, pTM-score = 0.2060, piTM-score = 0.1577, interface-score = 0.1528, iRes = 170  iCnt = 158 
Info: BDLD1_NOSTOC_x6 model_5_multimer_v2_p1_230117_596298_recycled_11,  tol =  2.66, pLDDT = 39.91, pTM-score = 0.2188, piTM-score = 0.1786, interface-score = 0.2144, iRes = 207  iCnt = 235 
Info: BDLD1_NOSTOC_x6 model_5_multimer_v2_p1_230117_596298_recycled_12,  tol =  2.12, pLDDT = 38.04, pTM-score = 0.2035, piTM-score = 0.1669, interface-score = 0.1748, iRes = 195  iCnt = 214 
Info: BDLD1_NOSTOC_x6 model_5_multimer_v2_p1_230117_596298_recycled_13,  tol =  1.30, pLDDT = 37.32, pTM-score = 0.2002, piTM-score = 0.1741, interface-score = 0.1969, iRes = 190  iCnt = 191 
Info: BDLD1_NOSTOC_x6 model_5_multimer_v2_p1_230117_596298_recycled_14,  tol =  1.35, pLDDT = 40.03, pTM-score = 0.2218, piTM-score = 0.1660, interface-score = 0.1847, iRes = 194  iCnt = 189 
Info: BDLD1_NOSTOC_x6 model_5_multimer_v2_p1_230117_596298_recycled_15,  tol =  1.85, pLDDT = 38.81, pTM-score = 0.2199, piTM-score = 0.1853, interface-score = 0.2092, iRes = 223  iCnt = 225 
Info: BDLD1_NOSTOC_x6 model_5_multimer_v2_p1_230117_596298_recycled_16,  tol =  0.77, pLDDT = 38.70, pTM-score = 0.2108, piTM-score = 0.1967, interface-score = 0.1837, iRes = 185  iCnt = 173 
Info: BDLD1_NOSTOC_x6 model_5_multimer_v2_p1_230117_596298_recycled_17,  tol =  2.43, pLDDT = 38.26, pTM-score = 0.2064, piTM-score = 0.1834, interface-score = 0.2026, iRes = 196  iCnt = 190 
Info: BDLD1_NOSTOC_x6 model_5_multimer_v2_p1_230117_596298_recycled_18,  tol =  1.14, pLDDT = 38.75, pTM-score = 0.2115, piTM-score = 0.1777, interface-score = 0.1920, iRes = 199  iCnt = 175 
Info: BDLD1_NOSTOC_x6 model_5_multimer_v2_p1_230117_596298_recycled_19,  tol =  1.03, pLDDT = 39.26, pTM-score = 0.2134, piTM-score = 0.1816, interface-score = 0.1917, iRes = 200  iCnt = 193 
Info: BDLD1_NOSTOC_x6 model_5_multimer_v2_p1_230117_596298 performed 20 recycles, final tol = 0.91, pLDDT = 38.62, pTM-score = 0.2003, piTM-score = 0.1811, interface-score = 0.1635, iRes = 163  iCnt = 141 
Info: num_clusters = 2, cluster_sizes = [4, 2],  clusters = [['BDLD1_NOSTOC_0', 'BDLD1_NOSTOC_1', 'BDLD1_NOSTOC_2', 'BDLD1_NOSTOC_3'], ['BDLD1_NOSTOC_4', 'BDLD1_NOSTOC_5']]

I0117 14:22:56.998166 23142681593664 run_af2c_mod.py:404] Final timings for BDLD1_NOSTOC_x6: {'features': 0.07, 'process_features_model_5_multimer_v2_p1_230117_596298': 0.0, 'predict_and_compile_model_5_multimer_v2_p1_230117_596298': 879.9}
                                  
================================= 
Global information about the job: 
================================= 
  
Job owner: flobnow(42847)
Job name:  5_AF2C
Node list: ravg1198
Job start: Tue Jan 17 14:06:56 CET 2023
Job end:   Tue Jan 17 14:22:59 CET 2023
Work dir:  /raven/u/flobnow/fluffyAlpaca/scripts/myRuns/BDLD1_NOSTOC
Command:   /raven/u/flobnow/fluffyAlpaca/scripts/myRuns/BDLD1_NOSTOC/script2_comp_model_5.sh
  
  
  
==========================================================================================
Information on jobsteps (Note: MaxRSS/AveRSS is the maximum/average over all 
tasks of the per-task memory high-water marks; cf. "man sacct"): 
==========================================================================================
  
JobID            JobName NNodes NTasks  NCPUS        0.00M        0.00M    Elapsed ExitCode
------------- ---------- ------ ------ ------ ------------ ------------ ---------- --------
3906263           5_AF2C      1           108                             00:16:03      0:0
3906263.0        python3      1      1    108    24905.00M    24905.00M   00:15:15      0:0
  
Maximum memory per node: 26.114789 GB (defined as MaxRSS*Ntasks/NNodes)
CPU utilization: 1.8 %
  
