Info: input file name is BDLD1_NOSTOC
Info: input target list is /u/flobnow/fluffyAlpaca/scripts/myRuns/BDLD1_NOSTOC/target.lst
Info: input feature directory is /u/flobnow/fluffyAlpaca/feature_files
Info: result output directory is /u/flobnow/fluffyAlpaca/output_files
Info: model preset is multimer_np
Info: msa pairing is all
Info: recycling setting is 1
/bin/sh: /mpcdf/soft/SLE_15/packages/x86_64/alphafold/2.2.0/lib/libtinfo.so.6: no version information available (required by /lib64/libreadline.so.7)
Info: using preset super2
Info: set num_ensemble = 2
Info: set max_recyles = 20
Info: set recycle_tol = 0.1
Info: mas_pairing mode is all
I0117 14:08:01.432141 23315129440064 tpu_client.py:54] Starting the local TPU driver.
I0117 14:08:01.442188 23315129440064 xla_bridge.py:212] Unable to initialize backend 'tpu_driver': Not found: Unable to find driver in registry given worker: local://
I0117 14:08:01.764991 23315129440064 xla_bridge.py:212] Unable to initialize backend 'tpu': Invalid argument: TpuPlatform is not available.
I0117 14:08:05.233021 23315129440064 run_af2c_mod.py:482] Have 1 models: ['model_4_multimer_v2_p1']
Info: working on target BDLD1_NOSTOC_x6
I0117 14:08:13.239879 23315129440064 run_af2c_mod.py:512] Using random seed 9000274465588890194 for the data pipeline
Info: BDLD1_NOSTOC_x6 found monomer BDLD1_NOSTOC msa_depth = 445, seq_len = 107, num_templ = 8
Info: BDLD1_NOSTOC reducing the number of structural templates to 4
Info: 6 chain(s) to model {'A': 'BDLD1_NOSTOC_1', 'B': 'BDLD1_NOSTOC_1', 'C': 'BDLD1_NOSTOC_1', 'D': 'BDLD1_NOSTOC_1', 'E': 'BDLD1_NOSTOC_1', 'F': 'BDLD1_NOSTOC_1'}
Info: modeling BDLD1_NOSTOC_x6 with msa_depth = 512, seq_len = 642, num_templ = 24
I0117 14:08:13.314788 23315129440064 run_af2c_mod.py:216] Running model model_4_multimer_v2_p1_230117_890194
I0117 14:08:13.315250 23315129440064 model.py:206] Running predict with shape(feat) = {'msa': (512, 642), 'bert_mask': (512, 642), 'num_alignments': (), 'aatype': (642,), 'seq_length': (), 'template_aatype': (24, 642), 'template_all_atom_mask': (24, 642, 37), 'template_all_atom_positions': (24, 642, 37, 3), 'all_atom_positions': (642, 37, 3), 'template_domain_names': (24,), 'asym_id': (642,), 'sym_id': (642,), 'entity_id': (642,), 'residue_index': (642,), 'deletion_matrix': (512, 642), 'seq_mask': (642,), 'msa_mask': (512, 642), 'cluster_bias_mask': (512,), 'pdb_residue_index': (642,)}
I0117 14:22:49.210251 23315129440064 run_af2c_mod.py:271] Total JAX model model_4_multimer_v2_p1_230117_890194 predict time (includes compilation time): 875.9 seconds
Info: BDLD1_NOSTOC_x6 model_4_multimer_v2_p1_230117_890194_recycled_00,  tol =   inf, pLDDT = 37.47, pTM-score = 0.2067, piTM-score = 0.1240, interface-score = 0.1668, iRes = 205  iCnt = 242 
Info: BDLD1_NOSTOC_x6 model_4_multimer_v2_p1_230117_890194_recycled_01,  tol = 51.01, pLDDT = 37.98, pTM-score = 0.2208, piTM-score = 0.1743, interface-score = 0.2985, iRes = 248  iCnt = 317 
Info: BDLD1_NOSTOC_x6 model_4_multimer_v2_p1_230117_890194_recycled_02,  tol =  7.06, pLDDT = 39.91, pTM-score = 0.2350, piTM-score = 0.1803, interface-score = 0.3204, iRes = 230  iCnt = 279 
Info: BDLD1_NOSTOC_x6 model_4_multimer_v2_p1_230117_890194_recycled_03,  tol =  5.36, pLDDT = 41.50, pTM-score = 0.2109, piTM-score = 0.1611, interface-score = 0.2042, iRes = 159  iCnt = 151 
Info: BDLD1_NOSTOC_x6 model_4_multimer_v2_p1_230117_890194_recycled_04,  tol =  3.87, pLDDT = 41.18, pTM-score = 0.1971, piTM-score = 0.1706, interface-score = 0.1810, iRes = 168  iCnt = 137 
Info: BDLD1_NOSTOC_x6 model_4_multimer_v2_p1_230117_890194_recycled_05,  tol =  3.19, pLDDT = 41.69, pTM-score = 0.1938, piTM-score = 0.1672, interface-score = 0.1464, iRes = 163  iCnt = 136 
Info: BDLD1_NOSTOC_x6 model_4_multimer_v2_p1_230117_890194_recycled_06,  tol =  2.26, pLDDT = 40.56, pTM-score = 0.1949, piTM-score = 0.1590, interface-score = 0.1469, iRes = 182  iCnt = 163 
Info: BDLD1_NOSTOC_x6 model_4_multimer_v2_p1_230117_890194_recycled_07,  tol =  1.91, pLDDT = 39.81, pTM-score = 0.1836, piTM-score = 0.1479, interface-score = 0.0737, iRes = 101  iCnt = 83  
Info: BDLD1_NOSTOC_x6 model_4_multimer_v2_p1_230117_890194_recycled_08,  tol =  1.58, pLDDT = 40.18, pTM-score = 0.1897, piTM-score = 0.1598, interface-score = 0.1239, iRes = 144  iCnt = 135 
Info: BDLD1_NOSTOC_x6 model_4_multimer_v2_p1_230117_890194_recycled_09,  tol =  1.12, pLDDT = 41.33, pTM-score = 0.1918, piTM-score = 0.1644, interface-score = 0.0916, iRes = 123  iCnt = 107 
Info: BDLD1_NOSTOC_x6 model_4_multimer_v2_p1_230117_890194_recycled_10,  tol =  2.23, pLDDT = 40.12, pTM-score = 0.1861, piTM-score = 0.1516, interface-score = 0.0925, iRes = 131  iCnt = 112 
Info: BDLD1_NOSTOC_x6 model_4_multimer_v2_p1_230117_890194_recycled_11,  tol =  2.24, pLDDT = 39.86, pTM-score = 0.1791, piTM-score = 0.1381, interface-score = 0.0551, iRes = 89   iCnt = 62  
Info: BDLD1_NOSTOC_x6 model_4_multimer_v2_p1_230117_890194_recycled_12,  tol =  1.98, pLDDT = 39.90, pTM-score = 0.1877, piTM-score = 0.1388, interface-score = 0.0815, iRes = 136  iCnt = 112 
Info: BDLD1_NOSTOC_x6 model_4_multimer_v2_p1_230117_890194_recycled_13,  tol =  2.11, pLDDT = 41.04, pTM-score = 0.1911, piTM-score = 0.1515, interface-score = 0.0905, iRes = 130  iCnt = 106 
Info: BDLD1_NOSTOC_x6 model_4_multimer_v2_p1_230117_890194_recycled_14,  tol =  1.23, pLDDT = 39.66, pTM-score = 0.1855, piTM-score = 0.1452, interface-score = 0.0965, iRes = 151  iCnt = 125 
Info: BDLD1_NOSTOC_x6 model_4_multimer_v2_p1_230117_890194_recycled_15,  tol =  1.36, pLDDT = 39.43, pTM-score = 0.1805, piTM-score = 0.1446, interface-score = 0.0817, iRes = 107  iCnt = 79  
Info: BDLD1_NOSTOC_x6 model_4_multimer_v2_p1_230117_890194_recycled_16,  tol =  1.75, pLDDT = 39.79, pTM-score = 0.1765, piTM-score = 0.1580, interface-score = 0.1136, iRes = 122  iCnt = 107 
Info: BDLD1_NOSTOC_x6 model_4_multimer_v2_p1_230117_890194_recycled_17,  tol =  3.05, pLDDT = 41.47, pTM-score = 0.1839, piTM-score = 0.1461, interface-score = 0.0742, iRes = 106  iCnt = 79  
Info: BDLD1_NOSTOC_x6 model_4_multimer_v2_p1_230117_890194_recycled_18,  tol =  2.10, pLDDT = 40.03, pTM-score = 0.1831, piTM-score = 0.1327, interface-score = 0.0727, iRes = 123  iCnt = 92  
Info: BDLD1_NOSTOC_x6 model_4_multimer_v2_p1_230117_890194_recycled_19,  tol =  2.14, pLDDT = 39.65, pTM-score = 0.1793, piTM-score = 0.1356, interface-score = 0.0710, iRes = 106  iCnt = 76  
Info: BDLD1_NOSTOC_x6 model_4_multimer_v2_p1_230117_890194 performed 20 recycles, final tol = 1.25, pLDDT = 40.61, pTM-score = 0.1784, piTM-score = 0.1274, interface-score = 0.0773, iRes = 108  iCnt = 79  
Info: num_clusters = 3, cluster_sizes = [2, 2, 2],  clusters = [['BDLD1_NOSTOC_0', 'BDLD1_NOSTOC_1'], ['BDLD1_NOSTOC_2', 'BDLD1_NOSTOC_3'], ['BDLD1_NOSTOC_4', 'BDLD1_NOSTOC_5']]

I0117 14:22:52.314279 23315129440064 run_af2c_mod.py:404] Final timings for BDLD1_NOSTOC_x6: {'features': 0.07, 'process_features_model_4_multimer_v2_p1_230117_890194': 0.0, 'predict_and_compile_model_4_multimer_v2_p1_230117_890194': 875.9}
                                  
================================= 
Global information about the job: 
================================= 
  
Job owner: flobnow(42847)
Job name:  4_AF2C
Node list: ravg1161
Job start: Tue Jan 17 14:06:56 CET 2023
Job end:   Tue Jan 17 14:22:56 CET 2023
Work dir:  /raven/u/flobnow/fluffyAlpaca/scripts/myRuns/BDLD1_NOSTOC
Command:   /raven/u/flobnow/fluffyAlpaca/scripts/myRuns/BDLD1_NOSTOC/script2_comp_model_4.sh
  
  
  
==========================================================================================
Information on jobsteps (Note: MaxRSS/AveRSS is the maximum/average over all 
tasks of the per-task memory high-water marks; cf. "man sacct"): 
==========================================================================================
  
JobID            JobName NNodes NTasks  NCPUS        0.00M        0.00M    Elapsed ExitCode
------------- ---------- ------ ------ ------ ------------ ------------ ---------- --------
3906259           4_AF2C      1           108                             00:16:00      0:0
3906259.0        python3      1      1    108    25061.12M    25061.12M   00:15:12      0:0
  
Maximum memory per node: 26.278493 GB (defined as MaxRSS*Ntasks/NNodes)
CPU utilization: 1.8 %
  
