Info: input file name is MYD88_COMPLEX
Info: input target list is /u/flobnow/fluffyAlpaca/scripts/myRuns/MYD88_COMPLEX/target.lst
Info: input feature directory is /u/flobnow/fluffyAlpaca/feature_files
Info: result output directory is /u/flobnow/fluffyAlpaca/output_files
Info: model preset is multimer_np
Info: msa pairing is all
Info: recycling setting is 1
/bin/sh: /mpcdf/soft/SLE_15/packages/x86_64/alphafold/2.2.0/lib/libtinfo.so.6: no version information available (required by /lib64/libreadline.so.7)
Info: using preset super2
Info: set num_ensemble = 2
Info: set max_recyles = 20
Info: set recycle_tol = 0.1
Info: mas_pairing mode is all
I0114 23:04:16.114828 23175041288000 tpu_client.py:54] Starting the local TPU driver.
I0114 23:04:16.115202 23175041288000 xla_bridge.py:212] Unable to initialize backend 'tpu_driver': Not found: Unable to find driver in registry given worker: local://
I0114 23:04:16.501519 23175041288000 xla_bridge.py:212] Unable to initialize backend 'tpu': Invalid argument: TpuPlatform is not available.
I0114 23:04:20.011581 23175041288000 run_af2c_mod.py:482] Have 1 models: ['model_2_multimer_v2_p1']
Info: working on target IL1R_x1+IL1AP_x1+MYD88_x6
I0114 23:04:29.020815 23175041288000 run_af2c_mod.py:512] Using random seed 1072759771452777156 for the data pipeline
Info: IL1R_x1+IL1AP_x1+MYD88_x6 found monomer IL1R msa_depth = 13158, seq_len = 576, num_templ = 20
Info: IL1R MSA size is too large, reducing to 10000
Info: IL1R reducing the number of structural templates to 4
Info: IL1R_x1+IL1AP_x1+MYD88_x6 found monomer IL1AP msa_depth = 11997, seq_len = 570, num_templ = 20
Info: IL1AP MSA size is too large, reducing to 10000
Info: IL1AP reducing the number of structural templates to 4
Info: IL1R_x1+IL1AP_x1+MYD88_x6 found monomer MYD88 msa_depth = 5045, seq_len = 296, num_templ = 20
Info: MYD88 reducing the number of structural templates to 4
Info: 8 chain(s) to model {'A': 'IL1R_1', 'B': 'IL1AP_1', 'C': 'MYD88_1', 'D': 'MYD88_1', 'E': 'MYD88_1', 'F': 'MYD88_1', 'G': 'MYD88_1', 'H': 'MYD88_1'}
Info: modeling IL1R_x1+IL1AP_x1+MYD88_x6 with msa_depth = 14999, seq_len = 2922, num_templ = 32
I0114 23:04:33.005937 23175041288000 run_af2c_mod.py:216] Running model model_2_multimer_v2_p1_230114_777156
I0114 23:04:33.006503 23175041288000 model.py:206] Running predict with shape(feat) = {'msa': (14999, 2922), 'bert_mask': (14999, 2922), 'num_alignments': (), 'aatype': (2922,), 'seq_length': (), 'template_aatype': (32, 2922), 'template_all_atom_mask': (32, 2922, 37), 'template_all_atom_positions': (32, 2922, 37, 3), 'all_atom_positions': (2922, 37, 3), 'template_domain_names': (32,), 'asym_id': (2922,), 'sym_id': (2922,), 'entity_id': (2922,), 'residue_index': (2922,), 'deletion_matrix': (14999, 2922), 'seq_mask': (2922,), 'msa_mask': (14999, 2922), 'cluster_bias_mask': (14999,), 'pdb_residue_index': (2922,)}
I0115 09:46:57.884102 23175041288000 run_af2c_mod.py:271] Total JAX model model_2_multimer_v2_p1_230114_777156 predict time (includes compilation time): 38544.9 seconds
Info: IL1R_x1+IL1AP_x1+MYD88_x6 model_2_multimer_v2_p1_230114_777156_recycled_00,  tol =   inf, pLDDT = 56.40, pTM-score = 0.2896, piTM-score = 0.3518, interface-score = 0.0714, iRes = 223  iCnt = 558 
Info: IL1R_x1+IL1AP_x1+MYD88_x6 model_2_multimer_v2_p1_230114_777156_recycled_01,  tol = 142.19, pLDDT = 56.21, pTM-score = 0.2791, piTM-score = 0.1952, interface-score = 0.2738, iRes = 88   iCnt = 78  
Info: IL1R_x1+IL1AP_x1+MYD88_x6 model_2_multimer_v2_p1_230114_777156_recycled_02,  tol = 69.32, pLDDT = 55.84, pTM-score = 0.2745, piTM-score = 0.2486, interface-score = 0.1534, iRes = 265  iCnt = 535 
Info: IL1R_x1+IL1AP_x1+MYD88_x6 model_2_multimer_v2_p1_230114_777156_recycled_03,  tol = 34.64, pLDDT = 55.07, pTM-score = 0.2753, piTM-score = 0.2399, interface-score = 0.1381, iRes = 138  iCnt = 160 
Info: IL1R_x1+IL1AP_x1+MYD88_x6 model_2_multimer_v2_p1_230114_777156_recycled_04,  tol = 31.00, pLDDT = 55.61, pTM-score = 0.2776, piTM-score = 0.0519, interface-score = 0.0176, iRes = 23   iCnt = 13  
Info: IL1R_x1+IL1AP_x1+MYD88_x6 model_2_multimer_v2_p1_230114_777156_recycled_05,  tol = 52.02, pLDDT = 56.36, pTM-score = 0.2739, piTM-score = 0.2017, interface-score = 0.0742, iRes = 59   iCnt = 74  
Info: IL1R_x1+IL1AP_x1+MYD88_x6 model_2_multimer_v2_p1_230114_777156_recycled_06,  tol = 46.58, pLDDT = 56.60, pTM-score = 0.2764, piTM-score = 0.1907, interface-score = 0.1284, iRes = 105  iCnt = 116 
Info: IL1R_x1+IL1AP_x1+MYD88_x6 model_2_multimer_v2_p1_230114_777156_recycled_07,  tol = 41.70, pLDDT = 57.49, pTM-score = 0.2779, piTM-score = 0.0254, interface-score = 0.0048, iRes = 18   iCnt = 20  
Info: IL1R_x1+IL1AP_x1+MYD88_x6 model_2_multimer_v2_p1_230114_777156_recycled_08,  tol = 35.15, pLDDT = 57.55, pTM-score = 0.2769, piTM-score = 0.0234, interface-score = 0.0085, iRes = 15   iCnt = 10  
Info: IL1R_x1+IL1AP_x1+MYD88_x6 model_2_multimer_v2_p1_230114_777156_recycled_09,  tol = 42.51, pLDDT = 57.30, pTM-score = 0.2755, piTM-score = 0.2704, interface-score = 0.0878, iRes = 292  iCnt = 599 
Info: IL1R_x1+IL1AP_x1+MYD88_x6 model_2_multimer_v2_p1_230114_777156_recycled_10,  tol = 45.12, pLDDT = 55.62, pTM-score = 0.2723, piTM-score = 0.1135, interface-score = 0.0880, iRes = 69   iCnt = 55  
Info: IL1R_x1+IL1AP_x1+MYD88_x6 model_2_multimer_v2_p1_230114_777156_recycled_11,  tol = 56.63, pLDDT = 56.48, pTM-score = 0.2747, piTM-score = 0.0368, interface-score = 0.0108, iRes = 18   iCnt = 13  
Info: IL1R_x1+IL1AP_x1+MYD88_x6 model_2_multimer_v2_p1_230114_777156_recycled_12,  tol = 42.26, pLDDT = 57.13, pTM-score = 0.2765, piTM-score = 0.0478, interface-score = 0.0294, iRes = 23   iCnt = 15  
Info: IL1R_x1+IL1AP_x1+MYD88_x6 model_2_multimer_v2_p1_230114_777156_recycled_13,  tol = 51.28, pLDDT = 57.53, pTM-score = 0.2863, piTM-score = 0.0981, interface-score = 0.1394, iRes = 58   iCnt = 44  
Info: IL1R_x1+IL1AP_x1+MYD88_x6 model_2_multimer_v2_p1_230114_777156_recycled_14,  tol = 31.59, pLDDT = 56.23, pTM-score = 0.2776, piTM-score = 0.1244, interface-score = 0.1170, iRes = 72   iCnt = 63  
Info: IL1R_x1+IL1AP_x1+MYD88_x6 model_2_multimer_v2_p1_230114_777156_recycled_15,  tol = 35.00, pLDDT = 57.27, pTM-score = 0.2781, piTM-score = 0.0264, interface-score = 0.0126, iRes = 21   iCnt = 17  
Info: IL1R_x1+IL1AP_x1+MYD88_x6 model_2_multimer_v2_p1_230114_777156_recycled_16,  tol = 39.47, pLDDT = 55.93, pTM-score = 0.2753, piTM-score = 0.1157, interface-score = 0.1500, iRes = 100  iCnt = 86  
Info: IL1R_x1+IL1AP_x1+MYD88_x6 model_2_multimer_v2_p1_230114_777156_recycled_17,  tol = 43.23, pLDDT = 56.24, pTM-score = 0.2758, piTM-score = 0.1061, interface-score = 0.0285, iRes = 25   iCnt = 17  
Info: IL1R_x1+IL1AP_x1+MYD88_x6 model_2_multimer_v2_p1_230114_777156_recycled_18,  tol = 45.89, pLDDT = 55.63, pTM-score = 0.2757, piTM-score = 0.0186, interface-score = 0.0039, iRes = 13   iCnt = 8   
Info: IL1R_x1+IL1AP_x1+MYD88_x6 model_2_multimer_v2_p1_230114_777156_recycled_19,  tol = 36.19, pLDDT = 55.63, pTM-score = 0.2765, piTM-score = 0.1440, interface-score = 0.1445, iRes = 53   iCnt = 38  
Info: IL1R_x1+IL1AP_x1+MYD88_x6 model_2_multimer_v2_p1_230114_777156 performed 20 recycles, final tol = 50.64, pLDDT = 56.37, pTM-score = 0.2752, piTM-score = 0.3010, interface-score = 0.1026, iRes = 164  iCnt = 334 
Info: num_clusters = 6, cluster_sizes = [1, 1, 3, 1, 1, 1],  clusters = [['IL1R_0'], ['IL1AP_0'], ['MYD88_0', 'MYD88_1', 'MYD88_4'], ['MYD88_2'], ['MYD88_3'], ['MYD88_5']]

I0115 09:47:11.452126 23175041288000 run_af2c_mod.py:404] Final timings for IL1R_x1+IL1AP_x1+MYD88_x6: {'features': 3.98, 'process_features_model_2_multimer_v2_p1_230114_777156': 0.0, 'predict_and_compile_model_2_multimer_v2_p1_230114_777156': 38544.9}
                                  
================================= 
Global information about the job: 
================================= 
  
Job owner: flobnow(42847)
Job name:  2_AF2C
Node list: ravg1176
Job start: Sat Jan 14 23:04:05 CET 2023
Job end:   Sun Jan 15 09:47:23 CET 2023
Work dir:  /raven/u/flobnow/fluffyAlpaca/scripts/myRuns/MYD88_COMPLEX
Command:   /raven/u/flobnow/fluffyAlpaca/scripts/myRuns/MYD88_COMPLEX/script2_comp_model_2.sh
  
  
  
==========================================================================================
Information on jobsteps (Note: MaxRSS/AveRSS is the maximum/average over all 
tasks of the per-task memory high-water marks; cf. "man sacct"): 
==========================================================================================
  
JobID            JobName NNodes NTasks  NCPUS        0.00M        0.00M    Elapsed ExitCode
------------- ---------- ------ ------ ------ ------------ ------------ ---------- --------
3882390           2_AF2C      1           108                             10:43:18      0:0
3882390.0        python3      1      1    108   238258.96M   238258.96M   10:43:15      0:0
  
Maximum memory per node: 249.832624 GB (defined as MaxRSS*Ntasks/NNodes)
CPU utilization: 1.9 %
  
