Info: input file name is MYD88_COMPLEX
Info: input target list is /u/flobnow/fluffyAlpaca/scripts/myRuns/MYD88_COMPLEX/target.lst
Info: input feature directory is /u/flobnow/fluffyAlpaca/feature_files
Info: result output directory is /u/flobnow/fluffyAlpaca/output_files
Info: model preset is multimer_np
Info: msa pairing is all
Info: recycling setting is 1
/bin/sh: /mpcdf/soft/SLE_15/packages/x86_64/alphafold/2.2.0/lib/libtinfo.so.6: no version information available (required by /lib64/libreadline.so.7)
Info: using preset super2
Info: set num_ensemble = 2
Info: set max_recyles = 20
Info: set recycle_tol = 0.1
Info: mas_pairing mode is all
I0115 19:19:01.904072 22524447844160 tpu_client.py:54] Starting the local TPU driver.
I0115 19:19:01.989675 22524447844160 xla_bridge.py:212] Unable to initialize backend 'tpu_driver': Not found: Unable to find driver in registry given worker: local://
I0115 19:19:02.339257 22524447844160 xla_bridge.py:212] Unable to initialize backend 'tpu': Invalid argument: TpuPlatform is not available.
I0115 19:19:05.832062 22524447844160 run_af2c_mod.py:482] Have 1 models: ['model_3_multimer_v2_p1']
Info: working on target IL1R_x1+IL1AP_x1+MYD88_x6
I0115 19:19:05.832221 22524447844160 run_af2c_mod.py:512] Using random seed 7344421884324909438 for the data pipeline
Info: IL1R_x1+IL1AP_x1+MYD88_x6 found monomer IL1R msa_depth = 13158, seq_len = 576, num_templ = 20
Info: IL1R MSA size is too large, reducing to 10000
Info: IL1R reducing the number of structural templates to 4
Info: IL1R_x1+IL1AP_x1+MYD88_x6 found monomer IL1AP msa_depth = 11997, seq_len = 570, num_templ = 20
Info: IL1AP MSA size is too large, reducing to 10000
Info: IL1AP reducing the number of structural templates to 4
Info: IL1R_x1+IL1AP_x1+MYD88_x6 found monomer MYD88 msa_depth = 5045, seq_len = 296, num_templ = 20
Info: MYD88 reducing the number of structural templates to 4
Info: 8 chain(s) to model {'A': 'IL1R_1', 'B': 'IL1AP_1', 'C': 'MYD88_1', 'D': 'MYD88_1', 'E': 'MYD88_1', 'F': 'MYD88_1', 'G': 'MYD88_1', 'H': 'MYD88_1'}
Info: modeling IL1R_x1+IL1AP_x1+MYD88_x6 with msa_depth = 14999, seq_len = 2922, num_templ = 32
I0115 19:19:10.188909 22524447844160 run_af2c_mod.py:216] Running model model_3_multimer_v2_p1_230115_909438
I0115 19:19:10.189482 22524447844160 model.py:206] Running predict with shape(feat) = {'msa': (14999, 2922), 'bert_mask': (14999, 2922), 'num_alignments': (), 'aatype': (2922,), 'seq_length': (), 'template_aatype': (32, 2922), 'template_all_atom_mask': (32, 2922, 37), 'template_all_atom_positions': (32, 2922, 37, 3), 'all_atom_positions': (2922, 37, 3), 'template_domain_names': (32,), 'asym_id': (2922,), 'sym_id': (2922,), 'entity_id': (2922,), 'residue_index': (2922,), 'deletion_matrix': (14999, 2922), 'seq_mask': (2922,), 'msa_mask': (14999, 2922), 'cluster_bias_mask': (14999,), 'pdb_residue_index': (2922,)}
I0116 06:03:50.680229 22524447844160 run_af2c_mod.py:271] Total JAX model model_3_multimer_v2_p1_230115_909438 predict time (includes compilation time): 38680.5 seconds
Info: IL1R_x1+IL1AP_x1+MYD88_x6 model_3_multimer_v2_p1_230115_909438_recycled_00,  tol =   inf, pLDDT = 60.67, pTM-score = 0.2819, piTM-score = 0.4282, interface-score = 0.0427, iRes = 136  iCnt = 224 
Info: IL1R_x1+IL1AP_x1+MYD88_x6 model_3_multimer_v2_p1_230115_909438_recycled_01,  tol = 187.28, pLDDT = 62.75, pTM-score = 0.2842, piTM-score = 0.0271, interface-score = 0.0074, iRes = 14   iCnt = 11  
Info: IL1R_x1+IL1AP_x1+MYD88_x6 model_3_multimer_v2_p1_230115_909438_recycled_02,  tol = 36.21, pLDDT = 61.64, pTM-score = 0.2822, piTM-score = 0.0278, interface-score = 0.0106, iRes = 17   iCnt = 12  
Info: IL1R_x1+IL1AP_x1+MYD88_x6 model_3_multimer_v2_p1_230115_909438_recycled_03,  tol = 23.90, pLDDT = 63.39, pTM-score = 0.2866, piTM-score = 0.1867, interface-score = 0.1463, iRes = 37   iCnt = 28  
Info: IL1R_x1+IL1AP_x1+MYD88_x6 model_3_multimer_v2_p1_230115_909438_recycled_04,  tol = 51.25, pLDDT = 63.45, pTM-score = 0.3009, piTM-score = 0.2694, interface-score = 0.2806, iRes = 59   iCnt = 57  
Info: IL1R_x1+IL1AP_x1+MYD88_x6 model_3_multimer_v2_p1_230115_909438_recycled_05,  tol = 22.07, pLDDT = 62.07, pTM-score = 0.3040, piTM-score = 0.2562, interface-score = 0.2631, iRes = 81   iCnt = 74  
Info: IL1R_x1+IL1AP_x1+MYD88_x6 model_3_multimer_v2_p1_230115_909438_recycled_06,  tol = 10.70, pLDDT = 63.00, pTM-score = 0.2988, piTM-score = 0.2297, interface-score = 0.2279, iRes = 101  iCnt = 92  
Info: IL1R_x1+IL1AP_x1+MYD88_x6 model_3_multimer_v2_p1_230115_909438_recycled_07,  tol = 34.34, pLDDT = 62.32, pTM-score = 0.3115, piTM-score = 0.2167, interface-score = 0.2488, iRes = 102  iCnt = 80  
Info: IL1R_x1+IL1AP_x1+MYD88_x6 model_3_multimer_v2_p1_230115_909438_recycled_08,  tol = 61.71, pLDDT = 62.28, pTM-score = 0.3025, piTM-score = 0.2105, interface-score = 0.2249, iRes = 91   iCnt = 75  
Info: IL1R_x1+IL1AP_x1+MYD88_x6 model_3_multimer_v2_p1_230115_909438_recycled_09,  tol = 33.97, pLDDT = 62.72, pTM-score = 0.3119, piTM-score = 0.2108, interface-score = 0.2474, iRes = 138  iCnt = 128 
Info: IL1R_x1+IL1AP_x1+MYD88_x6 model_3_multimer_v2_p1_230115_909438_recycled_10,  tol = 40.58, pLDDT = 62.72, pTM-score = 0.3124, piTM-score = 0.2132, interface-score = 0.2489, iRes = 137  iCnt = 124 
Info: IL1R_x1+IL1AP_x1+MYD88_x6 model_3_multimer_v2_p1_230115_909438_recycled_11,  tol = 40.18, pLDDT = 62.42, pTM-score = 0.3125, piTM-score = 0.2371, interface-score = 0.2843, iRes = 133  iCnt = 121 
Info: IL1R_x1+IL1AP_x1+MYD88_x6 model_3_multimer_v2_p1_230115_909438_recycled_12,  tol = 11.07, pLDDT = 63.07, pTM-score = 0.3132, piTM-score = 0.2364, interface-score = 0.2666, iRes = 125  iCnt = 112 
Info: IL1R_x1+IL1AP_x1+MYD88_x6 model_3_multimer_v2_p1_230115_909438_recycled_13,  tol = 21.64, pLDDT = 62.76, pTM-score = 0.3129, piTM-score = 0.2314, interface-score = 0.2628, iRes = 136  iCnt = 129 
Info: IL1R_x1+IL1AP_x1+MYD88_x6 model_3_multimer_v2_p1_230115_909438_recycled_14,  tol = 12.86, pLDDT = 62.42, pTM-score = 0.3078, piTM-score = 0.2155, interface-score = 0.2409, iRes = 126  iCnt = 113 
Info: IL1R_x1+IL1AP_x1+MYD88_x6 model_3_multimer_v2_p1_230115_909438_recycled_15,  tol = 11.29, pLDDT = 62.23, pTM-score = 0.3122, piTM-score = 0.2423, interface-score = 0.2876, iRes = 120  iCnt = 106 
Info: IL1R_x1+IL1AP_x1+MYD88_x6 model_3_multimer_v2_p1_230115_909438_recycled_16,  tol = 15.91, pLDDT = 62.38, pTM-score = 0.3157, piTM-score = 0.2464, interface-score = 0.3077, iRes = 129  iCnt = 119 
Info: IL1R_x1+IL1AP_x1+MYD88_x6 model_3_multimer_v2_p1_230115_909438_recycled_17,  tol =  8.44, pLDDT = 62.49, pTM-score = 0.3163, piTM-score = 0.2526, interface-score = 0.3157, iRes = 130  iCnt = 120 
Info: IL1R_x1+IL1AP_x1+MYD88_x6 model_3_multimer_v2_p1_230115_909438_recycled_18,  tol =  8.07, pLDDT = 62.97, pTM-score = 0.3147, piTM-score = 0.2430, interface-score = 0.2969, iRes = 121  iCnt = 112 
Info: IL1R_x1+IL1AP_x1+MYD88_x6 model_3_multimer_v2_p1_230115_909438_recycled_19,  tol =  5.37, pLDDT = 62.60, pTM-score = 0.3116, piTM-score = 0.2377, interface-score = 0.2752, iRes = 123  iCnt = 109 
Info: IL1R_x1+IL1AP_x1+MYD88_x6 model_3_multimer_v2_p1_230115_909438 performed 20 recycles, final tol = 5.05, pLDDT = 62.48, pTM-score = 0.3091, piTM-score = 0.2498, interface-score = 0.2886, iRes = 121  iCnt = 105 
Info: num_clusters = 5, cluster_sizes = [1, 1, 4, 1, 1],  clusters = [['IL1R_0'], ['IL1AP_0'], ['MYD88_0', 'MYD88_1', 'MYD88_2', 'MYD88_3'], ['MYD88_4'], ['MYD88_5']]

I0116 06:04:04.315502 22524447844160 run_af2c_mod.py:404] Final timings for IL1R_x1+IL1AP_x1+MYD88_x6: {'features': 4.35, 'process_features_model_3_multimer_v2_p1_230115_909438': 0.0, 'predict_and_compile_model_3_multimer_v2_p1_230115_909438': 38680.5}
                                  
================================= 
Global information about the job: 
================================= 
  
Job owner: flobnow(42847)
Job name:  3_AF2C
Node list: ravg1127
Job start: Sun Jan 15 19:18:27 CET 2023
Job end:   Mon Jan 16 06:04:17 CET 2023
Work dir:  /raven/u/flobnow/fluffyAlpaca/scripts/myRuns/MYD88_COMPLEX
Command:   /raven/u/flobnow/fluffyAlpaca/scripts/myRuns/MYD88_COMPLEX/script2_comp_model_3.sh
  
  
  
==========================================================================================
Information on jobsteps (Note: MaxRSS/AveRSS is the maximum/average over all 
tasks of the per-task memory high-water marks; cf. "man sacct"): 
==========================================================================================
  
JobID            JobName NNodes NTasks  NCPUS        0.00M        0.00M    Elapsed ExitCode
------------- ---------- ------ ------ ------ ------------ ------------ ---------- --------
3887627           3_AF2C      1           108                             10:45:50      0:0
3887627.0        python3      1      1    108   235811.88M   235811.88M   10:45:42      0:0
  
Maximum memory per node: 247.266677 GB (defined as MaxRSS*Ntasks/NNodes)
CPU utilization: 1.8 %
  
