Info: input file name is MYD88_COMPLEX
Info: input target list is /u/flobnow/fluffyAlpaca/scripts/myRuns/MYD88_COMPLEX/target.lst
Info: input feature directory is /u/flobnow/fluffyAlpaca/feature_files
Info: result output directory is /u/flobnow/fluffyAlpaca/output_files
Info: model preset is multimer_np
Info: msa pairing is all
Info: recycling setting is 1
/bin/sh: /mpcdf/soft/SLE_15/packages/x86_64/alphafold/2.2.0/lib/libtinfo.so.6: no version information available (required by /lib64/libreadline.so.7)
Info: using preset super2
Info: set num_ensemble = 2
Info: set max_recyles = 20
Info: set recycle_tol = 0.1
Info: mas_pairing mode is all
I0115 19:19:01.902371 23349866600256 tpu_client.py:54] Starting the local TPU driver.
I0115 19:19:01.989516 23349866600256 xla_bridge.py:212] Unable to initialize backend 'tpu_driver': Not found: Unable to find driver in registry given worker: local://
I0115 19:19:02.311948 23349866600256 xla_bridge.py:212] Unable to initialize backend 'tpu': Invalid argument: TpuPlatform is not available.
I0115 19:19:05.783257 23349866600256 run_af2c_mod.py:482] Have 1 models: ['model_2_multimer_v2_p1']
Info: working on target IL1R_x1+IL1AP_x1+MYD88_x6
I0115 19:19:08.786507 23349866600256 run_af2c_mod.py:512] Using random seed 7092564683050955136 for the data pipeline
Info: IL1R_x1+IL1AP_x1+MYD88_x6 found monomer IL1R msa_depth = 13158, seq_len = 576, num_templ = 20
Info: IL1R MSA size is too large, reducing to 10000
Info: IL1R reducing the number of structural templates to 4
Info: IL1R_x1+IL1AP_x1+MYD88_x6 found monomer IL1AP msa_depth = 11997, seq_len = 570, num_templ = 20
Info: IL1AP MSA size is too large, reducing to 10000
Info: IL1AP reducing the number of structural templates to 4
Info: IL1R_x1+IL1AP_x1+MYD88_x6 found monomer MYD88 msa_depth = 5045, seq_len = 296, num_templ = 20
Info: MYD88 reducing the number of structural templates to 4
Info: 8 chain(s) to model {'A': 'IL1R_1', 'B': 'IL1AP_1', 'C': 'MYD88_1', 'D': 'MYD88_1', 'E': 'MYD88_1', 'F': 'MYD88_1', 'G': 'MYD88_1', 'H': 'MYD88_1'}
Info: modeling IL1R_x1+IL1AP_x1+MYD88_x6 with msa_depth = 14999, seq_len = 2922, num_templ = 32
I0115 19:19:12.736886 23349866600256 run_af2c_mod.py:216] Running model model_2_multimer_v2_p1_230115_955136
I0115 19:19:12.737436 23349866600256 model.py:206] Running predict with shape(feat) = {'msa': (14999, 2922), 'bert_mask': (14999, 2922), 'num_alignments': (), 'aatype': (2922,), 'seq_length': (), 'template_aatype': (32, 2922), 'template_all_atom_mask': (32, 2922, 37), 'template_all_atom_positions': (32, 2922, 37, 3), 'all_atom_positions': (2922, 37, 3), 'template_domain_names': (32,), 'asym_id': (2922,), 'sym_id': (2922,), 'entity_id': (2922,), 'residue_index': (2922,), 'deletion_matrix': (14999, 2922), 'seq_mask': (2922,), 'msa_mask': (14999, 2922), 'cluster_bias_mask': (14999,), 'pdb_residue_index': (2922,)}
I0116 06:00:02.795055 23349866600256 run_af2c_mod.py:271] Total JAX model model_2_multimer_v2_p1_230115_955136 predict time (includes compilation time): 38450.1 seconds
Info: IL1R_x1+IL1AP_x1+MYD88_x6 model_2_multimer_v2_p1_230115_955136_recycled_00,  tol =   inf, pLDDT = 54.66, pTM-score = 0.2867, piTM-score = 0.2413, interface-score = 0.1170, iRes = 552  iCnt = 1594
Info: IL1R_x1+IL1AP_x1+MYD88_x6 model_2_multimer_v2_p1_230115_955136_recycled_01,  tol = 162.86, pLDDT = 55.21, pTM-score = 0.2768, piTM-score = 0.1143, interface-score = 0.0283, iRes = 28   iCnt = 20  
Info: IL1R_x1+IL1AP_x1+MYD88_x6 model_2_multimer_v2_p1_230115_955136_recycled_02,  tol = 42.13, pLDDT = 55.47, pTM-score = 0.2794, piTM-score = 0.2142, interface-score = 0.1782, iRes = 75   iCnt = 63  
Info: IL1R_x1+IL1AP_x1+MYD88_x6 model_2_multimer_v2_p1_230115_955136_recycled_03,  tol = 16.62, pLDDT = 55.71, pTM-score = 0.2786, piTM-score = 0.0175, interface-score = 0.0046, iRes = 11   iCnt = 7   
Info: IL1R_x1+IL1AP_x1+MYD88_x6 model_2_multimer_v2_p1_230115_955136_recycled_04,  tol = 24.12, pLDDT = 55.76, pTM-score = 0.2773, piTM-score = 0.3308, interface-score = 0.0456, iRes = 227  iCnt = 555 
Info: IL1R_x1+IL1AP_x1+MYD88_x6 model_2_multimer_v2_p1_230115_955136_recycled_05,  tol = 38.88, pLDDT = 55.55, pTM-score = 0.2746, piTM-score = 0.1755, interface-score = 0.0808, iRes = 93   iCnt = 92  
Info: IL1R_x1+IL1AP_x1+MYD88_x6 model_2_multimer_v2_p1_230115_955136_recycled_06,  tol = 33.35, pLDDT = 56.33, pTM-score = 0.2766, piTM-score = 0.1108, interface-score = 0.0846, iRes = 37   iCnt = 25  
Info: IL1R_x1+IL1AP_x1+MYD88_x6 model_2_multimer_v2_p1_230115_955136_recycled_07,  tol = 25.28, pLDDT = 56.24, pTM-score = 0.2761, piTM-score = 0.1564, interface-score = 0.1430, iRes = 77   iCnt = 71  
Info: IL1R_x1+IL1AP_x1+MYD88_x6 model_2_multimer_v2_p1_230115_955136_recycled_08,  tol = 36.13, pLDDT = 56.87, pTM-score = 0.2779, piTM-score = 0.1420, interface-score = 0.1002, iRes = 53   iCnt = 35  
Info: IL1R_x1+IL1AP_x1+MYD88_x6 model_2_multimer_v2_p1_230115_955136_recycled_09,  tol = 48.23, pLDDT = 57.56, pTM-score = 0.2765, piTM-score = 0.0233, interface-score = 0.0040, iRes = 14   iCnt = 11  
Info: IL1R_x1+IL1AP_x1+MYD88_x6 model_2_multimer_v2_p1_230115_955136_recycled_10,  tol = 39.73, pLDDT = 56.91, pTM-score = 0.2756, piTM-score = 0.0108, interface-score = 0.0011, iRes = 7    iCnt = 4   
Info: IL1R_x1+IL1AP_x1+MYD88_x6 model_2_multimer_v2_p1_230115_955136_recycled_11,  tol = 39.25, pLDDT = 56.73, pTM-score = 0.2749, piTM-score = 0.1963, interface-score = 0.2043, iRes = 143  iCnt = 164 
Info: IL1R_x1+IL1AP_x1+MYD88_x6 model_2_multimer_v2_p1_230115_955136_recycled_12,  tol = 34.28, pLDDT = 56.32, pTM-score = 0.2775, piTM-score = 0.1359, interface-score = 0.0244, iRes = 39   iCnt = 28  
Info: IL1R_x1+IL1AP_x1+MYD88_x6 model_2_multimer_v2_p1_230115_955136_recycled_13,  tol = 21.28, pLDDT = 57.42, pTM-score = 0.2783, piTM-score = 0.0141, interface-score = 0.0016, iRes = 9    iCnt = 6   
Info: IL1R_x1+IL1AP_x1+MYD88_x6 model_2_multimer_v2_p1_230115_955136_recycled_14,  tol = 34.18, pLDDT = 56.85, pTM-score = 0.2767, piTM-score = 0.1129, interface-score = 0.1152, iRes = 46   iCnt = 34  
Info: IL1R_x1+IL1AP_x1+MYD88_x6 model_2_multimer_v2_p1_230115_955136_recycled_15,  tol = 30.30, pLDDT = 56.82, pTM-score = 0.2753, piTM-score = 0.0709, interface-score = 0.0372, iRes = 23   iCnt = 17  
Info: IL1R_x1+IL1AP_x1+MYD88_x6 model_2_multimer_v2_p1_230115_955136_recycled_16,  tol = 27.58, pLDDT = 55.65, pTM-score = 0.2757, piTM-score = 0.3075, interface-score = 0.0489, iRes = 104  iCnt = 165 
Info: IL1R_x1+IL1AP_x1+MYD88_x6 model_2_multimer_v2_p1_230115_955136_recycled_17,  tol = 40.26, pLDDT = 57.51, pTM-score = 0.2747, piTM-score = 0.0198, interface-score = 0.0037, iRes = 13   iCnt = 9   
Info: IL1R_x1+IL1AP_x1+MYD88_x6 model_2_multimer_v2_p1_230115_955136_recycled_18,  tol = 51.13, pLDDT = 56.58, pTM-score = 0.2769, piTM-score = 0.1443, interface-score = 0.1425, iRes = 86   iCnt = 80  
Info: IL1R_x1+IL1AP_x1+MYD88_x6 model_2_multimer_v2_p1_230115_955136_recycled_19,  tol = 46.05, pLDDT = 56.35, pTM-score = 0.2759, piTM-score = 0.0207, interface-score = 0.0073, iRes = 15   iCnt = 9   
Info: IL1R_x1+IL1AP_x1+MYD88_x6 model_2_multimer_v2_p1_230115_955136 performed 20 recycles, final tol = 33.56, pLDDT = 54.87, pTM-score = 0.2779, piTM-score = 0.0185, interface-score = 0.0060, iRes = 16   iCnt = 9   
Info: num_clusters = 8, cluster_sizes = [1, 1, 1, 1, 1, 1, 1, 1],  clusters = [['IL1R_0'], ['IL1AP_0'], ['MYD88_0'], ['MYD88_1'], ['MYD88_2'], ['MYD88_3'], ['MYD88_4'], ['MYD88_5']]

I0116 06:00:17.334791 23349866600256 run_af2c_mod.py:404] Final timings for IL1R_x1+IL1AP_x1+MYD88_x6: {'features': 3.95, 'process_features_model_2_multimer_v2_p1_230115_955136': 0.0, 'predict_and_compile_model_2_multimer_v2_p1_230115_955136': 38450.1}
                                  
================================= 
Global information about the job: 
================================= 
  
Job owner: flobnow(42847)
Job name:  2_AF2C
Node list: ravg1126
Job start: Sun Jan 15 19:18:27 CET 2023
Job end:   Mon Jan 16 06:00:32 CET 2023
Work dir:  /raven/u/flobnow/fluffyAlpaca/scripts/myRuns/MYD88_COMPLEX
Command:   /raven/u/flobnow/fluffyAlpaca/scripts/myRuns/MYD88_COMPLEX/script2_comp_model_2.sh
  
  
  
==========================================================================================
Information on jobsteps (Note: MaxRSS/AveRSS is the maximum/average over all 
tasks of the per-task memory high-water marks; cf. "man sacct"): 
==========================================================================================
  
JobID            JobName NNodes NTasks  NCPUS        0.00M        0.00M    Elapsed ExitCode
------------- ---------- ------ ------ ------ ------------ ------------ ---------- --------
3887626           2_AF2C      1           108                             10:42:05      0:0
3887626.0        python3      1      1    108   237711.32M   237711.32M   10:41:57      0:0
  
Maximum memory per node: 249.258390 GB (defined as MaxRSS*Ntasks/NNodes)
CPU utilization: 1.8 %
  
