Info: input file name is MYD88_COMPLEX
Info: input target list is /u/flobnow/fluffyAlpaca/scripts/myRuns/MYD88_COMPLEX/target.lst
Info: input feature directory is /u/flobnow/fluffyAlpaca/feature_files
Info: result output directory is /u/flobnow/fluffyAlpaca/output_files
Info: model preset is multimer_np
Info: msa pairing is all
Info: recycling setting is 1
/bin/sh: /mpcdf/soft/SLE_15/packages/x86_64/alphafold/2.2.0/lib/libtinfo.so.6: no version information available (required by /lib64/libreadline.so.7)
Info: using preset super2
Info: set num_ensemble = 2
Info: set max_recyles = 20
Info: set recycle_tol = 0.1
Info: mas_pairing mode is all
I0114 23:04:24.855461 22692183856960 tpu_client.py:54] Starting the local TPU driver.
I0114 23:04:24.855824 22692183856960 xla_bridge.py:212] Unable to initialize backend 'tpu_driver': Not found: Unable to find driver in registry given worker: local://
I0114 23:04:25.231091 22692183856960 xla_bridge.py:212] Unable to initialize backend 'tpu': Invalid argument: TpuPlatform is not available.
I0114 23:04:28.704363 22692183856960 run_af2c_mod.py:482] Have 1 models: ['model_3_multimer_v2_p1']
Info: working on target IL1R_x1+IL1AP_x1+MYD88_x6
I0114 23:04:29.705606 22692183856960 run_af2c_mod.py:512] Using random seed 8267134367266935371 for the data pipeline
Info: IL1R_x1+IL1AP_x1+MYD88_x6 found monomer IL1R msa_depth = 13158, seq_len = 576, num_templ = 20
Info: IL1R MSA size is too large, reducing to 10000
Info: IL1R reducing the number of structural templates to 4
Info: IL1R_x1+IL1AP_x1+MYD88_x6 found monomer IL1AP msa_depth = 11997, seq_len = 570, num_templ = 20
Info: IL1AP MSA size is too large, reducing to 10000
Info: IL1AP reducing the number of structural templates to 4
Info: IL1R_x1+IL1AP_x1+MYD88_x6 found monomer MYD88 msa_depth = 5045, seq_len = 296, num_templ = 20
Info: MYD88 reducing the number of structural templates to 4
Info: 8 chain(s) to model {'A': 'IL1R_1', 'B': 'IL1AP_1', 'C': 'MYD88_1', 'D': 'MYD88_1', 'E': 'MYD88_1', 'F': 'MYD88_1', 'G': 'MYD88_1', 'H': 'MYD88_1'}
Info: modeling IL1R_x1+IL1AP_x1+MYD88_x6 with msa_depth = 14999, seq_len = 2922, num_templ = 32
I0114 23:04:33.650367 22692183856960 run_af2c_mod.py:216] Running model model_3_multimer_v2_p1_230114_935371
I0114 23:04:33.650916 22692183856960 model.py:206] Running predict with shape(feat) = {'msa': (14999, 2922), 'bert_mask': (14999, 2922), 'num_alignments': (), 'aatype': (2922,), 'seq_length': (), 'template_aatype': (32, 2922), 'template_all_atom_mask': (32, 2922, 37), 'template_all_atom_positions': (32, 2922, 37, 3), 'all_atom_positions': (2922, 37, 3), 'template_domain_names': (32,), 'asym_id': (2922,), 'sym_id': (2922,), 'entity_id': (2922,), 'residue_index': (2922,), 'deletion_matrix': (14999, 2922), 'seq_mask': (2922,), 'msa_mask': (14999, 2922), 'cluster_bias_mask': (14999,), 'pdb_residue_index': (2922,)}
I0115 09:47:06.138213 22692183856960 run_af2c_mod.py:271] Total JAX model model_3_multimer_v2_p1_230114_935371 predict time (includes compilation time): 38552.5 seconds
Info: IL1R_x1+IL1AP_x1+MYD88_x6 model_3_multimer_v2_p1_230114_935371_recycled_00,  tol =   inf, pLDDT = 61.40, pTM-score = 0.2830, piTM-score = 0.1499, interface-score = 0.0454, iRes = 34   iCnt = 31  
Info: IL1R_x1+IL1AP_x1+MYD88_x6 model_3_multimer_v2_p1_230114_935371_recycled_01,  tol = 170.91, pLDDT = 62.85, pTM-score = 0.2901, piTM-score = 0.2551, interface-score = 0.3235, iRes = 76   iCnt = 68  
Info: IL1R_x1+IL1AP_x1+MYD88_x6 model_3_multimer_v2_p1_230114_935371_recycled_02,  tol = 35.85, pLDDT = 62.63, pTM-score = 0.2909, piTM-score = 0.2166, interface-score = 0.2616, iRes = 104  iCnt = 94  
Info: IL1R_x1+IL1AP_x1+MYD88_x6 model_3_multimer_v2_p1_230114_935371_recycled_03,  tol = 17.37, pLDDT = 63.29, pTM-score = 0.2963, piTM-score = 0.1814, interface-score = 0.2009, iRes = 124  iCnt = 109 
Info: IL1R_x1+IL1AP_x1+MYD88_x6 model_3_multimer_v2_p1_230114_935371_recycled_04,  tol = 28.75, pLDDT = 62.52, pTM-score = 0.2918, piTM-score = 0.2109, interface-score = 0.2285, iRes = 115  iCnt = 102 
Info: IL1R_x1+IL1AP_x1+MYD88_x6 model_3_multimer_v2_p1_230114_935371_recycled_05,  tol =  9.97, pLDDT = 63.79, pTM-score = 0.2994, piTM-score = 0.2110, interface-score = 0.2287, iRes = 118  iCnt = 106 
Info: IL1R_x1+IL1AP_x1+MYD88_x6 model_3_multimer_v2_p1_230114_935371_recycled_06,  tol = 18.96, pLDDT = 63.34, pTM-score = 0.3062, piTM-score = 0.1897, interface-score = 0.2225, iRes = 106  iCnt = 90  
Info: IL1R_x1+IL1AP_x1+MYD88_x6 model_3_multimer_v2_p1_230114_935371_recycled_07,  tol = 26.22, pLDDT = 63.90, pTM-score = 0.3115, piTM-score = 0.2244, interface-score = 0.2704, iRes = 161  iCnt = 149 
Info: IL1R_x1+IL1AP_x1+MYD88_x6 model_3_multimer_v2_p1_230114_935371_recycled_08,  tol =  9.74, pLDDT = 63.98, pTM-score = 0.3167, piTM-score = 0.2313, interface-score = 0.2961, iRes = 163  iCnt = 151 
Info: IL1R_x1+IL1AP_x1+MYD88_x6 model_3_multimer_v2_p1_230114_935371_recycled_09,  tol = 10.58, pLDDT = 63.99, pTM-score = 0.3163, piTM-score = 0.2198, interface-score = 0.2911, iRes = 183  iCnt = 168 
Info: IL1R_x1+IL1AP_x1+MYD88_x6 model_3_multimer_v2_p1_230114_935371_recycled_10,  tol =  6.22, pLDDT = 63.38, pTM-score = 0.3172, piTM-score = 0.2241, interface-score = 0.2933, iRes = 166  iCnt = 148 
Info: IL1R_x1+IL1AP_x1+MYD88_x6 model_3_multimer_v2_p1_230114_935371_recycled_11,  tol =  5.59, pLDDT = 63.18, pTM-score = 0.3162, piTM-score = 0.2214, interface-score = 0.2849, iRes = 173  iCnt = 158 
Info: IL1R_x1+IL1AP_x1+MYD88_x6 model_3_multimer_v2_p1_230114_935371_recycled_12,  tol =  4.69, pLDDT = 63.54, pTM-score = 0.3117, piTM-score = 0.2259, interface-score = 0.2816, iRes = 161  iCnt = 153 
Info: IL1R_x1+IL1AP_x1+MYD88_x6 model_3_multimer_v2_p1_230114_935371_recycled_13,  tol =  5.32, pLDDT = 63.79, pTM-score = 0.3167, piTM-score = 0.2286, interface-score = 0.2915, iRes = 179  iCnt = 172 
Info: IL1R_x1+IL1AP_x1+MYD88_x6 model_3_multimer_v2_p1_230114_935371_recycled_14,  tol =  4.05, pLDDT = 63.46, pTM-score = 0.3159, piTM-score = 0.2365, interface-score = 0.2922, iRes = 162  iCnt = 155 
Info: IL1R_x1+IL1AP_x1+MYD88_x6 model_3_multimer_v2_p1_230114_935371_recycled_15,  tol =  6.06, pLDDT = 63.65, pTM-score = 0.3169, piTM-score = 0.2376, interface-score = 0.2900, iRes = 155  iCnt = 144 
Info: IL1R_x1+IL1AP_x1+MYD88_x6 model_3_multimer_v2_p1_230114_935371_recycled_16,  tol =  5.05, pLDDT = 63.81, pTM-score = 0.3137, piTM-score = 0.2407, interface-score = 0.2972, iRes = 140  iCnt = 133 
Info: IL1R_x1+IL1AP_x1+MYD88_x6 model_3_multimer_v2_p1_230114_935371_recycled_17,  tol =  7.20, pLDDT = 63.65, pTM-score = 0.3103, piTM-score = 0.2309, interface-score = 0.2756, iRes = 141  iCnt = 127 
Info: IL1R_x1+IL1AP_x1+MYD88_x6 model_3_multimer_v2_p1_230114_935371_recycled_18,  tol =  5.78, pLDDT = 62.91, pTM-score = 0.3088, piTM-score = 0.2266, interface-score = 0.2736, iRes = 141  iCnt = 124 
Info: IL1R_x1+IL1AP_x1+MYD88_x6 model_3_multimer_v2_p1_230114_935371_recycled_19,  tol =  3.63, pLDDT = 62.47, pTM-score = 0.3097, piTM-score = 0.2272, interface-score = 0.2644, iRes = 140  iCnt = 125 
Info: IL1R_x1+IL1AP_x1+MYD88_x6 model_3_multimer_v2_p1_230114_935371 performed 20 recycles, final tol = 5.53, pLDDT = 63.41, pTM-score = 0.3116, piTM-score = 0.2185, interface-score = 0.2648, iRes = 156  iCnt = 141 
Info: num_clusters = 4, cluster_sizes = [1, 1, 5, 1],  clusters = [['IL1R_0'], ['IL1AP_0'], ['MYD88_0', 'MYD88_1', 'MYD88_2', 'MYD88_3', 'MYD88_4'], ['MYD88_5']]

I0115 09:47:20.818964 22692183856960 run_af2c_mod.py:404] Final timings for IL1R_x1+IL1AP_x1+MYD88_x6: {'features': 3.94, 'process_features_model_3_multimer_v2_p1_230114_935371': 0.0, 'predict_and_compile_model_3_multimer_v2_p1_230114_935371': 38552.5}
                                  
================================= 
Global information about the job: 
================================= 
  
Job owner: flobnow(42847)
Job name:  3_AF2C
Node list: ravg1073
Job start: Sat Jan 14 23:04:05 CET 2023
Job end:   Sun Jan 15 09:47:33 CET 2023
Work dir:  /raven/u/flobnow/fluffyAlpaca/scripts/myRuns/MYD88_COMPLEX
Command:   /raven/u/flobnow/fluffyAlpaca/scripts/myRuns/MYD88_COMPLEX/script2_comp_model_3.sh
  
  
  
==========================================================================================
Information on jobsteps (Note: MaxRSS/AveRSS is the maximum/average over all 
tasks of the per-task memory high-water marks; cf. "man sacct"): 
==========================================================================================
  
JobID            JobName NNodes NTasks  NCPUS        0.00M        0.00M    Elapsed ExitCode
------------- ---------- ------ ------ ------ ------------ ------------ ---------- --------
3882391           3_AF2C      1           108                             10:43:28      0:0
3882391.0        python3      1      1    108   238119.80M   238119.80M   10:43:23      0:0
  
Maximum memory per node: 249.686708 GB (defined as MaxRSS*Ntasks/NNodes)
CPU utilization: 1.8 %
  
