Info: input file name is BDLD1_PLANKTO
Info: input target list is /u/flobnow/fluffyAlpaca/scripts/myRuns/BDLD1_PLANKTO/target.lst
Info: input feature directory is /u/flobnow/fluffyAlpaca/feature_files
Info: result output directory is /u/flobnow/fluffyAlpaca/output_files
Info: model preset is multimer_np
Info: msa pairing is all
Info: recycling setting is 1
/bin/sh: /mpcdf/soft/SLE_15/packages/x86_64/alphafold/2.2.0/lib/libtinfo.so.6: no version information available (required by /lib64/libreadline.so.7)
Info: using preset super2
Info: set num_ensemble = 2
Info: set max_recyles = 20
Info: set recycle_tol = 0.1
Info: mas_pairing mode is all
I0118 00:14:45.968807 22917844416320 tpu_client.py:54] Starting the local TPU driver.
I0118 00:14:46.126567 22917844416320 xla_bridge.py:212] Unable to initialize backend 'tpu_driver': Not found: Unable to find driver in registry given worker: local://
I0118 00:14:46.486042 22917844416320 xla_bridge.py:212] Unable to initialize backend 'tpu': Invalid argument: TpuPlatform is not available.
I0118 00:14:49.993572 22917844416320 run_af2c_mod.py:482] Have 1 models: ['model_2_multimer_v2_p1']
Info: working on target BDLD1_PLANKTO_x10
I0118 00:14:59.002842 22917844416320 run_af2c_mod.py:512] Using random seed 77730912475813759 for the data pipeline
Info: BDLD1_PLANKTO_x10 found monomer BDLD1_PLANKTO msa_depth = 346, seq_len = 123, num_templ = 10
Info: BDLD1_PLANKTO reducing the number of structural templates to 4
Info: 10 chain(s) to model {'A': 'BDLD1_PLANKTO_1', 'B': 'BDLD1_PLANKTO_1', 'C': 'BDLD1_PLANKTO_1', 'D': 'BDLD1_PLANKTO_1', 'E': 'BDLD1_PLANKTO_1', 'F': 'BDLD1_PLANKTO_1', 'G': 'BDLD1_PLANKTO_1', 'H': 'BDLD1_PLANKTO_1', 'I': 'BDLD1_PLANKTO_1', 'J': 'BDLD1_PLANKTO_1'}
Info: modeling BDLD1_PLANKTO_x10 with msa_depth = 512, seq_len = 1230, num_templ = 40
I0118 00:14:59.168465 22917844416320 run_af2c_mod.py:216] Running model model_2_multimer_v2_p1_230118_813759
I0118 00:14:59.168995 22917844416320 model.py:206] Running predict with shape(feat) = {'msa': (512, 1230), 'bert_mask': (512, 1230), 'num_alignments': (), 'aatype': (1230,), 'seq_length': (), 'template_aatype': (40, 1230), 'template_all_atom_mask': (40, 1230, 37), 'template_all_atom_positions': (40, 1230, 37, 3), 'all_atom_positions': (1230, 37, 3), 'template_domain_names': (40,), 'asym_id': (1230,), 'sym_id': (1230,), 'entity_id': (1230,), 'residue_index': (1230,), 'deletion_matrix': (512, 1230), 'seq_mask': (1230,), 'msa_mask': (512, 1230), 'cluster_bias_mask': (512,), 'pdb_residue_index': (1230,)}
I0118 01:27:21.034079 22917844416320 run_af2c_mod.py:271] Total JAX model model_2_multimer_v2_p1_230118_813759 predict time (includes compilation time): 4341.9 seconds
Info: BDLD1_PLANKTO_x10 model_2_multimer_v2_p1_230118_813759_recycled_00,  tol =   inf, pLDDT = 35.99, pTM-score = 0.1975, piTM-score = 0.1263, interface-score = 0.2761, iRes = 205  iCnt = 177 
Info: BDLD1_PLANKTO_x10 model_2_multimer_v2_p1_230118_813759_recycled_01,  tol = 83.30, pLDDT = 32.70, pTM-score = 0.1852, piTM-score = 0.1309, interface-score = 0.0656, iRes = 92   iCnt = 59  
Info: BDLD1_PLANKTO_x10 model_2_multimer_v2_p1_230118_813759_recycled_02,  tol = 21.41, pLDDT = 32.31, pTM-score = 0.1791, piTM-score = 0.0978, interface-score = 0.0502, iRes = 179  iCnt = 207 
Info: BDLD1_PLANKTO_x10 model_2_multimer_v2_p1_230118_813759_recycled_03,  tol = 21.05, pLDDT = 32.88, pTM-score = 0.1771, piTM-score = 0.1074, interface-score = 0.0321, iRes = 76   iCnt = 95  
Info: BDLD1_PLANKTO_x10 model_2_multimer_v2_p1_230118_813759_recycled_04,  tol = 29.44, pLDDT = 33.60, pTM-score = 0.1821, piTM-score = 0.1217, interface-score = 0.0491, iRes = 64   iCnt = 53  
Info: BDLD1_PLANKTO_x10 model_2_multimer_v2_p1_230118_813759_recycled_05,  tol = 30.44, pLDDT = 34.37, pTM-score = 0.1847, piTM-score = 0.1556, interface-score = 0.0923, iRes = 144  iCnt = 185 
Info: BDLD1_PLANKTO_x10 model_2_multimer_v2_p1_230118_813759_recycled_06,  tol = 19.35, pLDDT = 33.38, pTM-score = 0.1745, piTM-score = 0.1340, interface-score = 0.0725, iRes = 377  iCnt = 655 
Info: BDLD1_PLANKTO_x10 model_2_multimer_v2_p1_230118_813759_recycled_07,  tol = 27.88, pLDDT = 33.48, pTM-score = 0.1766, piTM-score = 0.1955, interface-score = 0.0536, iRes = 215  iCnt = 377 
Info: BDLD1_PLANKTO_x10 model_2_multimer_v2_p1_230118_813759_recycled_08,  tol = 26.73, pLDDT = 33.14, pTM-score = 0.1777, piTM-score = 0.3177, interface-score = 0.0163, iRes = 77   iCnt = 107 
Info: BDLD1_PLANKTO_x10 model_2_multimer_v2_p1_230118_813759_recycled_09,  tol = 21.36, pLDDT = 34.83, pTM-score = 0.1821, piTM-score = 0.3619, interface-score = 0.0170, iRes = 85   iCnt = 157 
Info: BDLD1_PLANKTO_x10 model_2_multimer_v2_p1_230118_813759_recycled_10,  tol = 17.60, pLDDT = 35.61, pTM-score = 0.1828, piTM-score = 0.0902, interface-score = 0.0116, iRes = 45   iCnt = 35  
Info: BDLD1_PLANKTO_x10 model_2_multimer_v2_p1_230118_813759_recycled_11,  tol = 25.93, pLDDT = 35.15, pTM-score = 0.1813, piTM-score = 0.2988, interface-score = 0.0071, iRes = 49   iCnt = 83  
Info: BDLD1_PLANKTO_x10 model_2_multimer_v2_p1_230118_813759_recycled_12,  tol = 20.75, pLDDT = 35.36, pTM-score = 0.1769, piTM-score = 0.2242, interface-score = 0.0102, iRes = 63   iCnt = 66  
Info: BDLD1_PLANKTO_x10 model_2_multimer_v2_p1_230118_813759_recycled_13,  tol = 12.25, pLDDT = 35.14, pTM-score = 0.1764, piTM-score = 0.1421, interface-score = 0.0321, iRes = 144  iCnt = 269 
Info: BDLD1_PLANKTO_x10 model_2_multimer_v2_p1_230118_813759_recycled_14,  tol = 11.16, pLDDT = 35.80, pTM-score = 0.1801, piTM-score = 0.1372, interface-score = 0.0233, iRes = 101  iCnt = 173 
Info: BDLD1_PLANKTO_x10 model_2_multimer_v2_p1_230118_813759_recycled_15,  tol =  8.65, pLDDT = 35.59, pTM-score = 0.1788, piTM-score = 0.1371, interface-score = 0.0157, iRes = 71   iCnt = 104 
Info: BDLD1_PLANKTO_x10 model_2_multimer_v2_p1_230118_813759_recycled_16,  tol =  4.40, pLDDT = 35.77, pTM-score = 0.1794, piTM-score = 0.1159, interface-score = 0.0083, iRes = 45   iCnt = 59  
Info: BDLD1_PLANKTO_x10 model_2_multimer_v2_p1_230118_813759_recycled_17,  tol =  4.30, pLDDT = 35.46, pTM-score = 0.1796, piTM-score = 0.0862, interface-score = 0.0133, iRes = 62   iCnt = 69  
Info: BDLD1_PLANKTO_x10 model_2_multimer_v2_p1_230118_813759_recycled_18,  tol =  3.95, pLDDT = 35.66, pTM-score = 0.1814, piTM-score = 0.2163, interface-score = 0.0060, iRes = 40   iCnt = 32  
Info: BDLD1_PLANKTO_x10 model_2_multimer_v2_p1_230118_813759_recycled_19,  tol = 12.44, pLDDT = 36.01, pTM-score = 0.1881, piTM-score = 0.1462, interface-score = 0.0302, iRes = 69   iCnt = 85  
Info: BDLD1_PLANKTO_x10 model_2_multimer_v2_p1_230118_813759 performed 20 recycles, final tol = 19.04, pLDDT = 35.09, pTM-score = 0.1875, piTM-score = 0.1777, interface-score = 0.0659, iRes = 90   iCnt = 70  
Info: num_clusters = 9, cluster_sizes = [1, 1, 1, 2, 1, 1, 1, 1, 1],  clusters = [['BDLD1_PLANKTO_0'], ['BDLD1_PLANKTO_1'], ['BDLD1_PLANKTO_2'], ['BDLD1_PLANKTO_3', 'BDLD1_PLANKTO_5'], ['BDLD1_PLANKTO_4'], ['BDLD1_PLANKTO_6'], ['BDLD1_PLANKTO_7'], ['BDLD1_PLANKTO_8'], ['BDLD1_PLANKTO_9']]

I0118 01:27:26.499440 22917844416320 run_af2c_mod.py:404] Final timings for BDLD1_PLANKTO_x10: {'features': 0.16, 'process_features_model_2_multimer_v2_p1_230118_813759': 0.0, 'predict_and_compile_model_2_multimer_v2_p1_230118_813759': 4341.9}
                                  
================================= 
Global information about the job: 
================================= 
  
Job owner: flobnow(42847)
Job name:  2_AF2C
Node list: ravg1045
Job start: Wed Jan 18 00:13:36 CET 2023
Job end:   Wed Jan 18 01:27:32 CET 2023
Work dir:  /raven/u/flobnow/fluffyAlpaca/scripts/myRuns/BDLD1_PLANKTO
Command:   /raven/u/flobnow/fluffyAlpaca/scripts/myRuns/BDLD1_PLANKTO/script2_comp_model_2.sh
  
  
  
==========================================================================================
Information on jobsteps (Note: MaxRSS/AveRSS is the maximum/average over all 
tasks of the per-task memory high-water marks; cf. "man sacct"): 
==========================================================================================
  
JobID            JobName NNodes NTasks  NCPUS        0.00M        0.00M    Elapsed ExitCode
------------- ---------- ------ ------ ------ ------------ ------------ ---------- --------
3912889           2_AF2C      1           108                             01:13:56      0:0
3912889.0        python3      1      1    108    56458.95M    56458.95M   01:13:47      0:0
  
Maximum memory per node: 59.201500 GB (defined as MaxRSS*Ntasks/NNodes)
CPU utilization: 1.8 %
  
