Info: input file name is BDLD1_PLANKTO
Info: input target list is /u/flobnow/fluffyAlpaca/scripts/myRuns/BDLD1_PLANKTO/target.lst
Info: input feature directory is /u/flobnow/fluffyAlpaca/feature_files
Info: result output directory is /u/flobnow/fluffyAlpaca/output_files
Info: model preset is multimer_np
Info: msa pairing is all
Info: recycling setting is 1
/bin/sh: /mpcdf/soft/SLE_15/packages/x86_64/alphafold/2.2.0/lib/libtinfo.so.6: no version information available (required by /lib64/libreadline.so.7)
Info: using preset super2
Info: set num_ensemble = 2
Info: set max_recyles = 20
Info: set recycle_tol = 0.1
Info: mas_pairing mode is all
I0118 01:21:18.251220 23050685052736 tpu_client.py:54] Starting the local TPU driver.
I0118 01:21:18.251569 23050685052736 xla_bridge.py:212] Unable to initialize backend 'tpu_driver': Not found: Unable to find driver in registry given worker: local://
I0118 01:21:18.721143 23050685052736 xla_bridge.py:212] Unable to initialize backend 'tpu': Invalid argument: TpuPlatform is not available.
I0118 01:21:22.158298 23050685052736 run_af2c_mod.py:482] Have 1 models: ['model_4_multimer_v2_p1']
Info: working on target BDLD1_PLANKTO_x10
I0118 01:21:23.159527 23050685052736 run_af2c_mod.py:512] Using random seed 8605567447767211980 for the data pipeline
Info: BDLD1_PLANKTO_x10 found monomer BDLD1_PLANKTO msa_depth = 346, seq_len = 123, num_templ = 10
Info: BDLD1_PLANKTO reducing the number of structural templates to 4
Info: 10 chain(s) to model {'A': 'BDLD1_PLANKTO_1', 'B': 'BDLD1_PLANKTO_1', 'C': 'BDLD1_PLANKTO_1', 'D': 'BDLD1_PLANKTO_1', 'E': 'BDLD1_PLANKTO_1', 'F': 'BDLD1_PLANKTO_1', 'G': 'BDLD1_PLANKTO_1', 'H': 'BDLD1_PLANKTO_1', 'I': 'BDLD1_PLANKTO_1', 'J': 'BDLD1_PLANKTO_1'}
Info: modeling BDLD1_PLANKTO_x10 with msa_depth = 512, seq_len = 1230, num_templ = 40
I0118 01:21:23.291701 23050685052736 run_af2c_mod.py:216] Running model model_4_multimer_v2_p1_230118_211980
I0118 01:21:23.292196 23050685052736 model.py:206] Running predict with shape(feat) = {'msa': (512, 1230), 'bert_mask': (512, 1230), 'num_alignments': (), 'aatype': (1230,), 'seq_length': (), 'template_aatype': (40, 1230), 'template_all_atom_mask': (40, 1230, 37), 'template_all_atom_positions': (40, 1230, 37, 3), 'all_atom_positions': (1230, 37, 3), 'template_domain_names': (40,), 'asym_id': (1230,), 'sym_id': (1230,), 'entity_id': (1230,), 'residue_index': (1230,), 'deletion_matrix': (512, 1230), 'seq_mask': (1230,), 'msa_mask': (512, 1230), 'cluster_bias_mask': (512,), 'pdb_residue_index': (1230,)}
I0118 02:31:34.893949 23050685052736 run_af2c_mod.py:271] Total JAX model model_4_multimer_v2_p1_230118_211980 predict time (includes compilation time): 4211.6 seconds
Info: BDLD1_PLANKTO_x10 model_4_multimer_v2_p1_230118_211980_recycled_00,  tol =   inf, pLDDT = 36.38, pTM-score = 0.1816, piTM-score = 0.1315, interface-score = 0.1213, iRes = 158  iCnt = 142 
Info: BDLD1_PLANKTO_x10 model_4_multimer_v2_p1_230118_211980_recycled_01,  tol = 81.67, pLDDT = 35.92, pTM-score = 0.1712, piTM-score = 0.0824, interface-score = 0.0072, iRes = 51   iCnt = 54  
Info: BDLD1_PLANKTO_x10 model_4_multimer_v2_p1_230118_211980_recycled_02,  tol = 19.31, pLDDT = 38.57, pTM-score = 0.1723, piTM-score = 0.0000, interface-score = 0.0000, iRes = 0    iCnt = 0   
Info: BDLD1_PLANKTO_x10 model_4_multimer_v2_p1_230118_211980_recycled_03,  tol = 25.48, pLDDT = 37.94, pTM-score = 0.1729, piTM-score = 0.0000, interface-score = 0.0000, iRes = 0    iCnt = 0   
Info: BDLD1_PLANKTO_x10 model_4_multimer_v2_p1_230118_211980_recycled_04,  tol =  8.23, pLDDT = 39.22, pTM-score = 0.1790, piTM-score = 0.0000, interface-score = 0.0000, iRes = 0    iCnt = 0   
Info: BDLD1_PLANKTO_x10 model_4_multimer_v2_p1_230118_211980_recycled_05,  tol = 11.17, pLDDT = 38.91, pTM-score = 0.1806, piTM-score = 0.0000, interface-score = 0.0000, iRes = 0    iCnt = 0   
Info: BDLD1_PLANKTO_x10 model_4_multimer_v2_p1_230118_211980_recycled_06,  tol =  5.09, pLDDT = 39.91, pTM-score = 0.1793, piTM-score = 0.0000, interface-score = 0.0000, iRes = 0    iCnt = 0   
Info: BDLD1_PLANKTO_x10 model_4_multimer_v2_p1_230118_211980_recycled_07,  tol = 11.08, pLDDT = 38.50, pTM-score = 0.1794, piTM-score = 0.0000, interface-score = 0.0000, iRes = 0    iCnt = 0   
Info: BDLD1_PLANKTO_x10 model_4_multimer_v2_p1_230118_211980_recycled_08,  tol =  9.96, pLDDT = 39.27, pTM-score = 0.1790, piTM-score = 0.0000, interface-score = 0.0000, iRes = 0    iCnt = 0   
Info: BDLD1_PLANKTO_x10 model_4_multimer_v2_p1_230118_211980_recycled_09,  tol =  3.80, pLDDT = 39.40, pTM-score = 0.1795, piTM-score = 0.0000, interface-score = 0.0000, iRes = 0    iCnt = 0   
Info: BDLD1_PLANKTO_x10 model_4_multimer_v2_p1_230118_211980_recycled_10,  tol =  6.28, pLDDT = 39.36, pTM-score = 0.1814, piTM-score = 0.0014, interface-score = 0.0000, iRes = 2    iCnt = 1   
Info: BDLD1_PLANKTO_x10 model_4_multimer_v2_p1_230118_211980_recycled_11,  tol = 11.95, pLDDT = 38.28, pTM-score = 0.1814, piTM-score = 0.0043, interface-score = 0.0000, iRes = 4    iCnt = 2   
Info: BDLD1_PLANKTO_x10 model_4_multimer_v2_p1_230118_211980_recycled_12,  tol =  4.22, pLDDT = 39.78, pTM-score = 0.1800, piTM-score = 0.0000, interface-score = 0.0000, iRes = 0    iCnt = 0   
Info: BDLD1_PLANKTO_x10 model_4_multimer_v2_p1_230118_211980_recycled_13,  tol = 11.90, pLDDT = 39.37, pTM-score = 0.1791, piTM-score = 0.0000, interface-score = 0.0000, iRes = 0    iCnt = 0   
Info: BDLD1_PLANKTO_x10 model_4_multimer_v2_p1_230118_211980_recycled_14,  tol =  6.70, pLDDT = 40.71, pTM-score = 0.1840, piTM-score = 0.0000, interface-score = 0.0000, iRes = 0    iCnt = 0   
Info: BDLD1_PLANKTO_x10 model_4_multimer_v2_p1_230118_211980_recycled_15,  tol =  9.69, pLDDT = 39.53, pTM-score = 0.1824, piTM-score = 0.0000, interface-score = 0.0000, iRes = 0    iCnt = 0   
Info: BDLD1_PLANKTO_x10 model_4_multimer_v2_p1_230118_211980_recycled_16,  tol =  5.31, pLDDT = 39.70, pTM-score = 0.1801, piTM-score = 0.0000, interface-score = 0.0000, iRes = 0    iCnt = 0   
Info: BDLD1_PLANKTO_x10 model_4_multimer_v2_p1_230118_211980_recycled_17,  tol = 10.25, pLDDT = 38.76, pTM-score = 0.1804, piTM-score = 0.0093, interface-score = 0.0000, iRes = 5    iCnt = 4   
Info: BDLD1_PLANKTO_x10 model_4_multimer_v2_p1_230118_211980_recycled_18,  tol =  9.24, pLDDT = 39.49, pTM-score = 0.1800, piTM-score = 0.0000, interface-score = 0.0000, iRes = 0    iCnt = 0   
Info: BDLD1_PLANKTO_x10 model_4_multimer_v2_p1_230118_211980_recycled_19,  tol = 10.83, pLDDT = 38.15, pTM-score = 0.1812, piTM-score = 0.0067, interface-score = 0.0000, iRes = 7    iCnt = 4   
Info: BDLD1_PLANKTO_x10 model_4_multimer_v2_p1_230118_211980 performed 20 recycles, final tol = 5.55, pLDDT = 40.67, pTM-score = 0.1805, piTM-score = 0.0000, interface-score = 0.0000, iRes = 0    iCnt = 0   
Info: num_clusters = 10, cluster_sizes = [1, 1, 1, 1, 1, 1, 1, 1, 1, 1],  clusters = [['BDLD1_PLANKTO_0'], ['BDLD1_PLANKTO_1'], ['BDLD1_PLANKTO_2'], ['BDLD1_PLANKTO_3'], ['BDLD1_PLANKTO_4'], ['BDLD1_PLANKTO_5'], ['BDLD1_PLANKTO_6'], ['BDLD1_PLANKTO_7'], ['BDLD1_PLANKTO_8'], ['BDLD1_PLANKTO_9']]

I0118 02:31:40.007492 23050685052736 run_af2c_mod.py:404] Final timings for BDLD1_PLANKTO_x10: {'features': 0.13, 'process_features_model_4_multimer_v2_p1_230118_211980': 0.0, 'predict_and_compile_model_4_multimer_v2_p1_230118_211980': 4211.6}
                                  
================================= 
Global information about the job: 
================================= 
  
Job owner: flobnow(42847)
Job name:  4_AF2C
Node list: ravg1155
Job start: Wed Jan 18 01:21:03 CET 2023
Job end:   Wed Jan 18 02:31:43 CET 2023
Work dir:  /raven/u/flobnow/fluffyAlpaca/scripts/myRuns/BDLD1_PLANKTO
Command:   /raven/u/flobnow/fluffyAlpaca/scripts/myRuns/BDLD1_PLANKTO/script2_comp_model_4.sh
  
  
  
==========================================================================================
Information on jobsteps (Note: MaxRSS/AveRSS is the maximum/average over all 
tasks of the per-task memory high-water marks; cf. "man sacct"): 
==========================================================================================
  
JobID            JobName NNodes NTasks  NCPUS        0.00M        0.00M    Elapsed ExitCode
------------- ---------- ------ ------ ------ ------------ ------------ ---------- --------
3912895           4_AF2C      1           108                             01:10:40      0:0
3912895.0        python3      1      1    108    55122.46M    55122.46M   01:10:35      0:0
  
Maximum memory per node: 57.800086 GB (defined as MaxRSS*Ntasks/NNodes)
CPU utilization: 1.9 %
  
