Info: input file name is BDLD1_PLANKTO
Info: input target list is /u/flobnow/fluffyAlpaca/scripts/myRuns/BDLD1_PLANKTO/target.lst
Info: input feature directory is /u/flobnow/fluffyAlpaca/feature_files
Info: result output directory is /u/flobnow/fluffyAlpaca/output_files
Info: model preset is multimer_np
Info: msa pairing is all
Info: recycling setting is 1
/bin/sh: /mpcdf/soft/SLE_15/packages/x86_64/alphafold/2.2.0/lib/libtinfo.so.6: no version information available (required by /lib64/libreadline.so.7)
Info: using preset super2
Info: set num_ensemble = 2
Info: set max_recyles = 20
Info: set recycle_tol = 0.1
Info: mas_pairing mode is all
I0117 23:13:58.467518 22613414082368 tpu_client.py:54] Starting the local TPU driver.
I0117 23:13:58.610707 22613414082368 xla_bridge.py:212] Unable to initialize backend 'tpu_driver': Not found: Unable to find driver in registry given worker: local://
I0117 23:13:58.965928 22613414082368 xla_bridge.py:212] Unable to initialize backend 'tpu': Invalid argument: TpuPlatform is not available.
I0117 23:14:02.412970 22613414082368 run_af2c_mod.py:482] Have 1 models: ['model_1_multimer_v2_p1']
Info: working on target BDLD1_PLANKTO_x10
I0117 23:14:04.415203 22613414082368 run_af2c_mod.py:512] Using random seed 874682396540839906 for the data pipeline
Info: BDLD1_PLANKTO_x10 found monomer BDLD1_PLANKTO msa_depth = 346, seq_len = 123, num_templ = 10
Info: BDLD1_PLANKTO reducing the number of structural templates to 4
Info: 10 chain(s) to model {'A': 'BDLD1_PLANKTO_1', 'B': 'BDLD1_PLANKTO_1', 'C': 'BDLD1_PLANKTO_1', 'D': 'BDLD1_PLANKTO_1', 'E': 'BDLD1_PLANKTO_1', 'F': 'BDLD1_PLANKTO_1', 'G': 'BDLD1_PLANKTO_1', 'H': 'BDLD1_PLANKTO_1', 'I': 'BDLD1_PLANKTO_1', 'J': 'BDLD1_PLANKTO_1'}
Info: modeling BDLD1_PLANKTO_x10 with msa_depth = 512, seq_len = 1230, num_templ = 40
I0117 23:14:04.602031 22613414082368 run_af2c_mod.py:216] Running model model_1_multimer_v2_p1_230117_839906
I0117 23:14:04.602540 22613414082368 model.py:206] Running predict with shape(feat) = {'msa': (512, 1230), 'bert_mask': (512, 1230), 'num_alignments': (), 'aatype': (1230,), 'seq_length': (), 'template_aatype': (40, 1230), 'template_all_atom_mask': (40, 1230, 37), 'template_all_atom_positions': (40, 1230, 37, 3), 'all_atom_positions': (1230, 37, 3), 'template_domain_names': (40,), 'asym_id': (1230,), 'sym_id': (1230,), 'entity_id': (1230,), 'residue_index': (1230,), 'deletion_matrix': (512, 1230), 'seq_mask': (1230,), 'msa_mask': (512, 1230), 'cluster_bias_mask': (512,), 'pdb_residue_index': (1230,)}
I0118 00:26:23.236701 22613414082368 run_af2c_mod.py:271] Total JAX model model_1_multimer_v2_p1_230117_839906 predict time (includes compilation time): 4338.6 seconds
Info: BDLD1_PLANKTO_x10 model_1_multimer_v2_p1_230117_839906_recycled_00,  tol =   inf, pLDDT = 39.21, pTM-score = 0.1825, piTM-score = 0.1439, interface-score = 0.0348, iRes = 163  iCnt = 229 
Info: BDLD1_PLANKTO_x10 model_1_multimer_v2_p1_230117_839906_recycled_01,  tol = 85.19, pLDDT = 36.71, pTM-score = 0.1769, piTM-score = 0.0946, interface-score = 0.0328, iRes = 161  iCnt = 237 
Info: BDLD1_PLANKTO_x10 model_1_multimer_v2_p1_230117_839906_recycled_02,  tol = 23.91, pLDDT = 38.29, pTM-score = 0.1778, piTM-score = 0.0738, interface-score = 0.0076, iRes = 46   iCnt = 36  
Info: BDLD1_PLANKTO_x10 model_1_multimer_v2_p1_230117_839906_recycled_03,  tol = 15.56, pLDDT = 39.84, pTM-score = 0.1780, piTM-score = 0.0262, interface-score = 0.0002, iRes = 17   iCnt = 15  
Info: BDLD1_PLANKTO_x10 model_1_multimer_v2_p1_230117_839906_recycled_04,  tol = 10.97, pLDDT = 39.25, pTM-score = 0.1832, piTM-score = 0.1773, interface-score = 0.0103, iRes = 52   iCnt = 52  
Info: BDLD1_PLANKTO_x10 model_1_multimer_v2_p1_230117_839906_recycled_05,  tol = 11.91, pLDDT = 40.02, pTM-score = 0.1836, piTM-score = 0.2880, interface-score = 0.0283, iRes = 152  iCnt = 234 
Info: BDLD1_PLANKTO_x10 model_1_multimer_v2_p1_230117_839906_recycled_06,  tol = 10.19, pLDDT = 40.68, pTM-score = 0.1862, piTM-score = 0.0948, interface-score = 0.0162, iRes = 63   iCnt = 63  
Info: BDLD1_PLANKTO_x10 model_1_multimer_v2_p1_230117_839906_recycled_07,  tol =  9.70, pLDDT = 40.97, pTM-score = 0.1867, piTM-score = 0.1240, interface-score = 0.0206, iRes = 79   iCnt = 63  
Info: BDLD1_PLANKTO_x10 model_1_multimer_v2_p1_230117_839906_recycled_08,  tol =  6.22, pLDDT = 42.21, pTM-score = 0.1820, piTM-score = 0.0218, interface-score = 0.0003, iRes = 19   iCnt = 11  
Info: BDLD1_PLANKTO_x10 model_1_multimer_v2_p1_230117_839906_recycled_09,  tol =  5.57, pLDDT = 40.93, pTM-score = 0.1815, piTM-score = 0.0518, interface-score = 0.0021, iRes = 26   iCnt = 15  
Info: BDLD1_PLANKTO_x10 model_1_multimer_v2_p1_230117_839906_recycled_10,  tol =  4.16, pLDDT = 41.75, pTM-score = 0.1841, piTM-score = 0.0886, interface-score = 0.0116, iRes = 52   iCnt = 39  
Info: BDLD1_PLANKTO_x10 model_1_multimer_v2_p1_230117_839906_recycled_11,  tol =  2.80, pLDDT = 41.88, pTM-score = 0.1868, piTM-score = 0.0626, interface-score = 0.0201, iRes = 65   iCnt = 44  
Info: BDLD1_PLANKTO_x10 model_1_multimer_v2_p1_230117_839906_recycled_12,  tol =  1.91, pLDDT = 41.60, pTM-score = 0.1836, piTM-score = 0.0522, interface-score = 0.0115, iRes = 50   iCnt = 29  
Info: BDLD1_PLANKTO_x10 model_1_multimer_v2_p1_230117_839906_recycled_13,  tol =  1.02, pLDDT = 41.98, pTM-score = 0.1836, piTM-score = 0.0496, interface-score = 0.0072, iRes = 38   iCnt = 21  
Info: BDLD1_PLANKTO_x10 model_1_multimer_v2_p1_230117_839906_recycled_14,  tol =  1.27, pLDDT = 42.37, pTM-score = 0.1843, piTM-score = 0.0506, interface-score = 0.0139, iRes = 54   iCnt = 31  
Info: BDLD1_PLANKTO_x10 model_1_multimer_v2_p1_230117_839906_recycled_15,  tol =  0.96, pLDDT = 42.06, pTM-score = 0.1846, piTM-score = 0.0661, interface-score = 0.0238, iRes = 80   iCnt = 57  
Info: BDLD1_PLANKTO_x10 model_1_multimer_v2_p1_230117_839906_recycled_16,  tol =  1.49, pLDDT = 42.97, pTM-score = 0.1857, piTM-score = 0.0724, interface-score = 0.0180, iRes = 65   iCnt = 43  
Info: BDLD1_PLANKTO_x10 model_1_multimer_v2_p1_230117_839906_recycled_17,  tol =  0.97, pLDDT = 42.24, pTM-score = 0.1848, piTM-score = 0.0705, interface-score = 0.0232, iRes = 79   iCnt = 57  
Info: BDLD1_PLANKTO_x10 model_1_multimer_v2_p1_230117_839906_recycled_18,  tol =  1.17, pLDDT = 42.10, pTM-score = 0.1866, piTM-score = 0.0584, interface-score = 0.0213, iRes = 73   iCnt = 49  
Info: BDLD1_PLANKTO_x10 model_1_multimer_v2_p1_230117_839906_recycled_19,  tol =  1.72, pLDDT = 42.50, pTM-score = 0.1860, piTM-score = 0.0614, interface-score = 0.0280, iRes = 88   iCnt = 62  
Info: BDLD1_PLANKTO_x10 model_1_multimer_v2_p1_230117_839906 performed 20 recycles, final tol = 0.91, pLDDT = 42.69, pTM-score = 0.1891, piTM-score = 0.0704, interface-score = 0.0386, iRes = 109  iCnt = 79  
Info: num_clusters = 6, cluster_sizes = [2, 2, 2, 1, 1, 2],  clusters = [['BDLD1_PLANKTO_0', 'BDLD1_PLANKTO_1'], ['BDLD1_PLANKTO_2', 'BDLD1_PLANKTO_3'], ['BDLD1_PLANKTO_4', 'BDLD1_PLANKTO_5'], ['BDLD1_PLANKTO_6'], ['BDLD1_PLANKTO_7'], ['BDLD1_PLANKTO_8', 'BDLD1_PLANKTO_9']]

I0118 00:26:28.542026 22613414082368 run_af2c_mod.py:404] Final timings for BDLD1_PLANKTO_x10: {'features': 0.18, 'process_features_model_1_multimer_v2_p1_230117_839906': 0.0, 'predict_and_compile_model_1_multimer_v2_p1_230117_839906': 4338.6}
                                  
================================= 
Global information about the job: 
================================= 
  
Job owner: flobnow(42847)
Job name:  1_AF2C
Node list: ravg1155
Job start: Tue Jan 17 23:12:46 CET 2023
Job end:   Wed Jan 18 00:26:34 CET 2023
Work dir:  /raven/u/flobnow/fluffyAlpaca/scripts/myRuns/BDLD1_PLANKTO
Command:   /raven/u/flobnow/fluffyAlpaca/scripts/myRuns/BDLD1_PLANKTO/script2_comp_model_1.sh
  
  
  
==========================================================================================
Information on jobsteps (Note: MaxRSS/AveRSS is the maximum/average over all 
tasks of the per-task memory high-water marks; cf. "man sacct"): 
==========================================================================================
  
JobID            JobName NNodes NTasks  NCPUS        0.00M        0.00M    Elapsed ExitCode
------------- ---------- ------ ------ ------ ------------ ------------ ---------- --------
3912886           1_AF2C      1           108                             01:13:48      0:0
3912886.0        python3      1      1    108    55192.81M    55192.81M   01:13:36      0:0
  
Maximum memory per node: 57.873859 GB (defined as MaxRSS*Ntasks/NNodes)
CPU utilization: 1.8 %
  
