Info: input file name is BDLD1_PLANKTO
Info: input target list is /u/flobnow/fluffyAlpaca/scripts/myRuns/BDLD1_PLANKTO/target.lst
Info: input feature directory is /u/flobnow/fluffyAlpaca/feature_files
Info: result output directory is /u/flobnow/fluffyAlpaca/output_files
Info: model preset is multimer_np
Info: msa pairing is all
Info: recycling setting is 1
/bin/sh: /mpcdf/soft/SLE_15/packages/x86_64/alphafold/2.2.0/lib/libtinfo.so.6: no version information available (required by /lib64/libreadline.so.7)
Info: using preset super2
Info: set num_ensemble = 2
Info: set max_recyles = 20
Info: set recycle_tol = 0.1
Info: mas_pairing mode is all
I0118 01:57:25.912460 22763106346816 tpu_client.py:54] Starting the local TPU driver.
I0118 01:57:25.912820 22763106346816 xla_bridge.py:212] Unable to initialize backend 'tpu_driver': Not found: Unable to find driver in registry given worker: local://
I0118 01:57:26.263081 22763106346816 xla_bridge.py:212] Unable to initialize backend 'tpu': Invalid argument: TpuPlatform is not available.
I0118 01:57:29.749814 22763106346816 run_af2c_mod.py:482] Have 1 models: ['model_5_multimer_v2_p1']
Info: working on target BDLD1_PLANKTO_x10
I0118 01:57:32.753053 22763106346816 run_af2c_mod.py:512] Using random seed 72008999256926558 for the data pipeline
Info: BDLD1_PLANKTO_x10 found monomer BDLD1_PLANKTO msa_depth = 346, seq_len = 123, num_templ = 10
Info: BDLD1_PLANKTO reducing the number of structural templates to 4
Info: 10 chain(s) to model {'A': 'BDLD1_PLANKTO_1', 'B': 'BDLD1_PLANKTO_1', 'C': 'BDLD1_PLANKTO_1', 'D': 'BDLD1_PLANKTO_1', 'E': 'BDLD1_PLANKTO_1', 'F': 'BDLD1_PLANKTO_1', 'G': 'BDLD1_PLANKTO_1', 'H': 'BDLD1_PLANKTO_1', 'I': 'BDLD1_PLANKTO_1', 'J': 'BDLD1_PLANKTO_1'}
Info: modeling BDLD1_PLANKTO_x10 with msa_depth = 512, seq_len = 1230, num_templ = 40
I0118 01:57:32.902521 22763106346816 run_af2c_mod.py:216] Running model model_5_multimer_v2_p1_230118_926558
I0118 01:57:32.903013 22763106346816 model.py:206] Running predict with shape(feat) = {'msa': (512, 1230), 'bert_mask': (512, 1230), 'num_alignments': (), 'aatype': (1230,), 'seq_length': (), 'template_aatype': (40, 1230), 'template_all_atom_mask': (40, 1230, 37), 'template_all_atom_positions': (40, 1230, 37, 3), 'all_atom_positions': (1230, 37, 3), 'template_domain_names': (40,), 'asym_id': (1230,), 'sym_id': (1230,), 'entity_id': (1230,), 'residue_index': (1230,), 'deletion_matrix': (512, 1230), 'seq_mask': (1230,), 'msa_mask': (512, 1230), 'cluster_bias_mask': (512,), 'pdb_residue_index': (1230,)}
I0118 03:09:28.584339 22763106346816 run_af2c_mod.py:271] Total JAX model model_5_multimer_v2_p1_230118_926558 predict time (includes compilation time): 4315.7 seconds
Info: BDLD1_PLANKTO_x10 model_5_multimer_v2_p1_230118_926558_recycled_00,  tol =   inf, pLDDT = 34.10, pTM-score = 0.1812, piTM-score = 0.1098, interface-score = 0.0417, iRes = 143  iCnt = 158 
Info: BDLD1_PLANKTO_x10 model_5_multimer_v2_p1_230118_926558_recycled_01,  tol = 89.35, pLDDT = 33.29, pTM-score = 0.1828, piTM-score = 0.1436, interface-score = 0.0621, iRes = 220  iCnt = 273 
Info: BDLD1_PLANKTO_x10 model_5_multimer_v2_p1_230118_926558_recycled_02,  tol = 13.56, pLDDT = 33.64, pTM-score = 0.1824, piTM-score = 0.0895, interface-score = 0.0436, iRes = 122  iCnt = 106 
Info: BDLD1_PLANKTO_x10 model_5_multimer_v2_p1_230118_926558_recycled_03,  tol = 14.59, pLDDT = 34.30, pTM-score = 0.1795, piTM-score = 0.0740, interface-score = 0.0038, iRes = 30   iCnt = 27  
Info: BDLD1_PLANKTO_x10 model_5_multimer_v2_p1_230118_926558_recycled_04,  tol = 10.23, pLDDT = 33.23, pTM-score = 0.1850, piTM-score = 0.0930, interface-score = 0.0301, iRes = 79   iCnt = 63  
Info: BDLD1_PLANKTO_x10 model_5_multimer_v2_p1_230118_926558_recycled_05,  tol =  9.13, pLDDT = 34.06, pTM-score = 0.1826, piTM-score = 0.1283, interface-score = 0.0569, iRes = 150  iCnt = 182 
Info: BDLD1_PLANKTO_x10 model_5_multimer_v2_p1_230118_926558_recycled_06,  tol =  8.93, pLDDT = 33.28, pTM-score = 0.1876, piTM-score = 0.1071, interface-score = 0.0472, iRes = 82   iCnt = 56  
Info: BDLD1_PLANKTO_x10 model_5_multimer_v2_p1_230118_926558_recycled_07,  tol = 10.41, pLDDT = 36.02, pTM-score = 0.1932, piTM-score = 0.1045, interface-score = 0.1202, iRes = 119  iCnt = 92  
Info: BDLD1_PLANKTO_x10 model_5_multimer_v2_p1_230118_926558_recycled_08,  tol = 10.71, pLDDT = 35.94, pTM-score = 0.1923, piTM-score = 0.0991, interface-score = 0.1211, iRes = 121  iCnt = 85  
Info: BDLD1_PLANKTO_x10 model_5_multimer_v2_p1_230118_926558_recycled_09,  tol =  4.48, pLDDT = 36.22, pTM-score = 0.1930, piTM-score = 0.1257, interface-score = 0.0336, iRes = 50   iCnt = 36  
Info: BDLD1_PLANKTO_x10 model_5_multimer_v2_p1_230118_926558_recycled_10,  tol =  9.74, pLDDT = 35.47, pTM-score = 0.1888, piTM-score = 0.0216, interface-score = 0.0006, iRes = 17   iCnt = 12  
Info: BDLD1_PLANKTO_x10 model_5_multimer_v2_p1_230118_926558_recycled_11,  tol =  5.07, pLDDT = 35.21, pTM-score = 0.1947, piTM-score = 0.1244, interface-score = 0.0339, iRes = 55   iCnt = 37  
Info: BDLD1_PLANKTO_x10 model_5_multimer_v2_p1_230118_926558_recycled_12,  tol = 12.19, pLDDT = 35.44, pTM-score = 0.1943, piTM-score = 0.1190, interface-score = 0.0688, iRes = 77   iCnt = 51  
Info: BDLD1_PLANKTO_x10 model_5_multimer_v2_p1_230118_926558_recycled_13,  tol =  4.47, pLDDT = 35.87, pTM-score = 0.1910, piTM-score = 0.0933, interface-score = 0.0267, iRes = 47   iCnt = 33  
Info: BDLD1_PLANKTO_x10 model_5_multimer_v2_p1_230118_926558_recycled_14,  tol = 10.02, pLDDT = 36.15, pTM-score = 0.1876, piTM-score = 0.0171, interface-score = 0.0004, iRes = 17   iCnt = 10  
Info: BDLD1_PLANKTO_x10 model_5_multimer_v2_p1_230118_926558_recycled_15,  tol =  6.94, pLDDT = 35.41, pTM-score = 0.1952, piTM-score = 0.1022, interface-score = 0.0571, iRes = 80   iCnt = 60  
Info: BDLD1_PLANKTO_x10 model_5_multimer_v2_p1_230118_926558_recycled_16,  tol = 13.64, pLDDT = 34.42, pTM-score = 0.1975, piTM-score = 0.1246, interface-score = 0.0613, iRes = 114  iCnt = 97  
Info: BDLD1_PLANKTO_x10 model_5_multimer_v2_p1_230118_926558_recycled_17,  tol =  6.37, pLDDT = 34.67, pTM-score = 0.1931, piTM-score = 0.0793, interface-score = 0.0472, iRes = 73   iCnt = 51  
Info: BDLD1_PLANKTO_x10 model_5_multimer_v2_p1_230118_926558_recycled_18,  tol =  5.81, pLDDT = 34.01, pTM-score = 0.1944, piTM-score = 0.0888, interface-score = 0.0275, iRes = 54   iCnt = 40  
Info: BDLD1_PLANKTO_x10 model_5_multimer_v2_p1_230118_926558_recycled_19,  tol =  4.56, pLDDT = 34.42, pTM-score = 0.1989, piTM-score = 0.1051, interface-score = 0.0939, iRes = 112  iCnt = 72  
Info: BDLD1_PLANKTO_x10 model_5_multimer_v2_p1_230118_926558 performed 20 recycles, final tol = 4.67, pLDDT = 34.48, pTM-score = 0.1986, piTM-score = 0.1056, interface-score = 0.0656, iRes = 84   iCnt = 55  
Info: num_clusters = 8, cluster_sizes = [3, 1, 1, 1, 1, 1, 1, 1],  clusters = [['BDLD1_PLANKTO_0', 'BDLD1_PLANKTO_1', 'BDLD1_PLANKTO_2'], ['BDLD1_PLANKTO_3'], ['BDLD1_PLANKTO_4'], ['BDLD1_PLANKTO_5'], ['BDLD1_PLANKTO_6'], ['BDLD1_PLANKTO_7'], ['BDLD1_PLANKTO_8'], ['BDLD1_PLANKTO_9']]

I0118 03:09:33.886595 22763106346816 run_af2c_mod.py:404] Final timings for BDLD1_PLANKTO_x10: {'features': 0.15, 'process_features_model_5_multimer_v2_p1_230118_926558': 0.0, 'predict_and_compile_model_5_multimer_v2_p1_230118_926558': 4315.7}
                                  
================================= 
Global information about the job: 
================================= 
  
Job owner: flobnow(42847)
Job name:  5_AF2C
Node list: ravg1164
Job start: Wed Jan 18 01:57:18 CET 2023
Job end:   Wed Jan 18 03:09:38 CET 2023
Work dir:  /raven/u/flobnow/fluffyAlpaca/scripts/myRuns/BDLD1_PLANKTO
Command:   /raven/u/flobnow/fluffyAlpaca/scripts/myRuns/BDLD1_PLANKTO/script2_comp_model_5.sh
  
  
  
==========================================================================================
Information on jobsteps (Note: MaxRSS/AveRSS is the maximum/average over all 
tasks of the per-task memory high-water marks; cf. "man sacct"): 
==========================================================================================
  
JobID            JobName NNodes NTasks  NCPUS        0.00M        0.00M    Elapsed ExitCode
------------- ---------- ------ ------ ------ ------------ ------------ ---------- --------
3912898           5_AF2C      1           108                             01:12:20      0:0
3912898.0        python3      1      1    108    56348.16M    56348.16M   01:12:17      0:0
  
Maximum memory per node: 59.085324 GB (defined as MaxRSS*Ntasks/NNodes)
CPU utilization: 1.9 %
  
