Info: input file name is BDLD2_LABRENZIA
Info: input target list is /u/flobnow/fluffyAlpaca/scripts/myRuns/BDLD2_LABRENZIA/target.lst
Info: input feature directory is /u/flobnow/fluffyAlpaca/feature_files
Info: result output directory is /u/flobnow/fluffyAlpaca/output_files
Info: model preset is multimer_np
Info: msa pairing is all
Info: recycling setting is 1
/bin/sh: /mpcdf/soft/SLE_15/packages/x86_64/alphafold/2.2.0/lib/libtinfo.so.6: no version information available (required by /lib64/libreadline.so.7)
Info: using preset super2
Info: set num_ensemble = 2
Info: set max_recyles = 20
Info: set recycle_tol = 0.1
Info: mas_pairing mode is all
I0118 00:24:55.701700 23015476946752 tpu_client.py:54] Starting the local TPU driver.
I0118 00:24:55.706184 23015476946752 xla_bridge.py:212] Unable to initialize backend 'tpu_driver': Not found: Unable to find driver in registry given worker: local://
I0118 00:24:56.059995 23015476946752 xla_bridge.py:212] Unable to initialize backend 'tpu': Invalid argument: TpuPlatform is not available.
I0118 00:24:59.496131 23015476946752 run_af2c_mod.py:482] Have 1 models: ['model_2_multimer_v2_p1']
Info: working on target BDLD2_LABRENZIA_x10
I0118 00:24:59.496291 23015476946752 run_af2c_mod.py:512] Using random seed 8208585479424464768 for the data pipeline
Info: BDLD2_LABRENZIA_x10 found monomer BDLD2_LABRENZIA msa_depth = 1908, seq_len = 137, num_templ = 20
Info: BDLD2_LABRENZIA reducing the number of structural templates to 4
Info: 10 chain(s) to model {'A': 'BDLD2_LABRENZIA_1', 'B': 'BDLD2_LABRENZIA_1', 'C': 'BDLD2_LABRENZIA_1', 'D': 'BDLD2_LABRENZIA_1', 'E': 'BDLD2_LABRENZIA_1', 'F': 'BDLD2_LABRENZIA_1', 'G': 'BDLD2_LABRENZIA_1', 'H': 'BDLD2_LABRENZIA_1', 'I': 'BDLD2_LABRENZIA_1', 'J': 'BDLD2_LABRENZIA_1'}
Info: modeling BDLD2_LABRENZIA_x10 with msa_depth = 1908, seq_len = 1370, num_templ = 40
I0118 00:25:00.092743 23015476946752 run_af2c_mod.py:216] Running model model_2_multimer_v2_p1_230118_464768
I0118 00:25:00.093328 23015476946752 model.py:206] Running predict with shape(feat) = {'msa': (1908, 1370), 'bert_mask': (1908, 1370), 'num_alignments': (), 'aatype': (1370,), 'seq_length': (), 'template_aatype': (40, 1370), 'template_all_atom_mask': (40, 1370, 37), 'template_all_atom_positions': (40, 1370, 37, 3), 'all_atom_positions': (1370, 37, 3), 'template_domain_names': (40,), 'asym_id': (1370,), 'sym_id': (1370,), 'entity_id': (1370,), 'residue_index': (1370,), 'deletion_matrix': (1908, 1370), 'seq_mask': (1370,), 'msa_mask': (1908, 1370), 'cluster_bias_mask': (1908,), 'pdb_residue_index': (1370,)}
I0118 01:55:42.589043 23015476946752 run_af2c_mod.py:271] Total JAX model model_2_multimer_v2_p1_230118_464768 predict time (includes compilation time): 5442.5 seconds
Info: BDLD2_LABRENZIA_x10 model_2_multimer_v2_p1_230118_464768_recycled_00,  tol =   inf, pLDDT = 33.13, pTM-score = 0.1649, piTM-score = 0.1541, interface-score = 0.0577, iRes = 357  iCnt = 1087
Info: BDLD2_LABRENZIA_x10 model_2_multimer_v2_p1_230118_464768_recycled_01,  tol = 101.92, pLDDT = 35.01, pTM-score = 0.1646, piTM-score = 0.3634, interface-score = 0.0102, iRes = 72   iCnt = 130 
Info: BDLD2_LABRENZIA_x10 model_2_multimer_v2_p1_230118_464768_recycled_02,  tol = 28.00, pLDDT = 34.80, pTM-score = 0.1669, piTM-score = 0.1459, interface-score = 0.0274, iRes = 166  iCnt = 236 
Info: BDLD2_LABRENZIA_x10 model_2_multimer_v2_p1_230118_464768_recycled_03,  tol = 16.52, pLDDT = 34.74, pTM-score = 0.1674, piTM-score = 0.0028, interface-score = 0.0000, iRes = 4    iCnt = 2   
Info: BDLD2_LABRENZIA_x10 model_2_multimer_v2_p1_230118_464768_recycled_04,  tol = 11.67, pLDDT = 34.50, pTM-score = 0.1701, piTM-score = 0.0000, interface-score = 0.0000, iRes = 0    iCnt = 0   
Info: BDLD2_LABRENZIA_x10 model_2_multimer_v2_p1_230118_464768_recycled_05,  tol =  7.04, pLDDT = 34.12, pTM-score = 0.1695, piTM-score = 0.0893, interface-score = 0.0002, iRes = 21   iCnt = 29  
Info: BDLD2_LABRENZIA_x10 model_2_multimer_v2_p1_230118_464768_recycled_06,  tol =  9.60, pLDDT = 33.63, pTM-score = 0.1691, piTM-score = 0.0623, interface-score = 0.0006, iRes = 22   iCnt = 26  
Info: BDLD2_LABRENZIA_x10 model_2_multimer_v2_p1_230118_464768_recycled_07,  tol =  7.91, pLDDT = 33.05, pTM-score = 0.1701, piTM-score = 0.0296, interface-score = 0.0003, iRes = 18   iCnt = 17  
Info: BDLD2_LABRENZIA_x10 model_2_multimer_v2_p1_230118_464768_recycled_08,  tol =  4.47, pLDDT = 33.02, pTM-score = 0.1682, piTM-score = 0.0073, interface-score = 0.0000, iRes = 6    iCnt = 4   
Info: BDLD2_LABRENZIA_x10 model_2_multimer_v2_p1_230118_464768_recycled_09,  tol =  9.04, pLDDT = 32.94, pTM-score = 0.1697, piTM-score = 0.0200, interface-score = 0.0001, iRes = 12   iCnt = 11  
Info: BDLD2_LABRENZIA_x10 model_2_multimer_v2_p1_230118_464768_recycled_10,  tol =  6.46, pLDDT = 32.54, pTM-score = 0.1694, piTM-score = 0.0024, interface-score = 0.0000, iRes = 3    iCnt = 2   
Info: BDLD2_LABRENZIA_x10 model_2_multimer_v2_p1_230118_464768_recycled_11,  tol =  6.47, pLDDT = 33.69, pTM-score = 0.1690, piTM-score = 0.0000, interface-score = 0.0000, iRes = 0    iCnt = 0   
Info: BDLD2_LABRENZIA_x10 model_2_multimer_v2_p1_230118_464768_recycled_12,  tol =  5.66, pLDDT = 33.29, pTM-score = 0.1687, piTM-score = 0.0014, interface-score = 0.0000, iRes = 2    iCnt = 1   
Info: BDLD2_LABRENZIA_x10 model_2_multimer_v2_p1_230118_464768_recycled_13,  tol =  3.31, pLDDT = 33.17, pTM-score = 0.1683, piTM-score = 0.0000, interface-score = 0.0000, iRes = 0    iCnt = 0   
Info: BDLD2_LABRENZIA_x10 model_2_multimer_v2_p1_230118_464768_recycled_14,  tol =  4.69, pLDDT = 32.74, pTM-score = 0.1679, piTM-score = 0.0014, interface-score = 0.0000, iRes = 2    iCnt = 1   
Info: BDLD2_LABRENZIA_x10 model_2_multimer_v2_p1_230118_464768_recycled_15,  tol =  3.54, pLDDT = 33.12, pTM-score = 0.1674, piTM-score = 0.0000, interface-score = 0.0000, iRes = 0    iCnt = 0   
Info: BDLD2_LABRENZIA_x10 model_2_multimer_v2_p1_230118_464768_recycled_16,  tol =  4.34, pLDDT = 32.64, pTM-score = 0.1667, piTM-score = 0.0000, interface-score = 0.0000, iRes = 0    iCnt = 0   
Info: BDLD2_LABRENZIA_x10 model_2_multimer_v2_p1_230118_464768_recycled_17,  tol =  4.01, pLDDT = 32.78, pTM-score = 0.1679, piTM-score = 0.0000, interface-score = 0.0000, iRes = 0    iCnt = 0   
Info: BDLD2_LABRENZIA_x10 model_2_multimer_v2_p1_230118_464768_recycled_18,  tol =  5.04, pLDDT = 32.10, pTM-score = 0.1694, piTM-score = 0.0000, interface-score = 0.0000, iRes = 0    iCnt = 0   
Info: BDLD2_LABRENZIA_x10 model_2_multimer_v2_p1_230118_464768_recycled_19,  tol =  4.18, pLDDT = 32.56, pTM-score = 0.1686, piTM-score = 0.0000, interface-score = 0.0000, iRes = 0    iCnt = 0   
Info: BDLD2_LABRENZIA_x10 model_2_multimer_v2_p1_230118_464768 performed 20 recycles, final tol = 3.93, pLDDT = 32.54, pTM-score = 0.1691, piTM-score = 0.0000, interface-score = 0.0000, iRes = 0    iCnt = 0   
Info: num_clusters = 10, cluster_sizes = [1, 1, 1, 1, 1, 1, 1, 1, 1, 1],  clusters = [['BDLD2_LABRENZIA_0'], ['BDLD2_LABRENZIA_1'], ['BDLD2_LABRENZIA_2'], ['BDLD2_LABRENZIA_3'], ['BDLD2_LABRENZIA_4'], ['BDLD2_LABRENZIA_5'], ['BDLD2_LABRENZIA_6'], ['BDLD2_LABRENZIA_7'], ['BDLD2_LABRENZIA_8'], ['BDLD2_LABRENZIA_9']]

I0118 01:55:48.320347 23015476946752 run_af2c_mod.py:404] Final timings for BDLD2_LABRENZIA_x10: {'features': 0.59, 'process_features_model_2_multimer_v2_p1_230118_464768': 0.0, 'predict_and_compile_model_2_multimer_v2_p1_230118_464768': 5442.5}
                                  
================================= 
Global information about the job: 
================================= 
  
Job owner: flobnow(42847)
Job name:  2_AF2C
Node list: ravg1169
Job start: Wed Jan 18 00:24:23 CET 2023
Job end:   Wed Jan 18 01:55:52 CET 2023
Work dir:  /raven/u/flobnow/fluffyAlpaca/scripts/myRuns/BDLD2_LABRENZIA
Command:   /raven/u/flobnow/fluffyAlpaca/scripts/myRuns/BDLD2_LABRENZIA/script2_comp_model_2.sh
  
  
  
==========================================================================================
Information on jobsteps (Note: MaxRSS/AveRSS is the maximum/average over all 
tasks of the per-task memory high-water marks; cf. "man sacct"): 
==========================================================================================
  
JobID            JobName NNodes NTasks  NCPUS        0.00M        0.00M    Elapsed ExitCode
------------- ---------- ------ ------ ------ ------------ ------------ ---------- --------
3912890           2_AF2C      1           108                             01:31:29      0:0
3912890.0        python3      1      1    108    63682.54M    63682.54M   01:31:20      0:0
  
Maximum memory per node: 66.775978 GB (defined as MaxRSS*Ntasks/NNodes)
CPU utilization: 1.9 %
  
