Info: input file name is BDLD2_LABRENZIA
Info: input target list is /u/flobnow/fluffyAlpaca/scripts/myRuns/BDLD2_LABRENZIA/target.lst
Info: input feature directory is /u/flobnow/fluffyAlpaca/feature_files
Info: result output directory is /u/flobnow/fluffyAlpaca/output_files
Info: model preset is multimer_np
Info: msa pairing is all
Info: recycling setting is 1
/bin/sh: /mpcdf/soft/SLE_15/packages/x86_64/alphafold/2.2.0/lib/libtinfo.so.6: no version information available (required by /lib64/libreadline.so.7)
Info: using preset super2
Info: set num_ensemble = 2
Info: set max_recyles = 20
Info: set recycle_tol = 0.1
Info: mas_pairing mode is all
I0118 00:50:47.784404 23030670001984 tpu_client.py:54] Starting the local TPU driver.
I0118 00:50:47.784765 23030670001984 xla_bridge.py:212] Unable to initialize backend 'tpu_driver': Not found: Unable to find driver in registry given worker: local://
I0118 00:50:48.137315 23030670001984 xla_bridge.py:212] Unable to initialize backend 'tpu': Invalid argument: TpuPlatform is not available.
I0118 00:50:51.651760 23030670001984 run_af2c_mod.py:482] Have 1 models: ['model_3_multimer_v2_p1']
Info: working on target BDLD2_LABRENZIA_x10
I0118 00:50:59.660001 23030670001984 run_af2c_mod.py:512] Using random seed 8064301853863763876 for the data pipeline
Info: BDLD2_LABRENZIA_x10 found monomer BDLD2_LABRENZIA msa_depth = 1908, seq_len = 137, num_templ = 20
Info: BDLD2_LABRENZIA reducing the number of structural templates to 4
Info: 10 chain(s) to model {'A': 'BDLD2_LABRENZIA_1', 'B': 'BDLD2_LABRENZIA_1', 'C': 'BDLD2_LABRENZIA_1', 'D': 'BDLD2_LABRENZIA_1', 'E': 'BDLD2_LABRENZIA_1', 'F': 'BDLD2_LABRENZIA_1', 'G': 'BDLD2_LABRENZIA_1', 'H': 'BDLD2_LABRENZIA_1', 'I': 'BDLD2_LABRENZIA_1', 'J': 'BDLD2_LABRENZIA_1'}
Info: modeling BDLD2_LABRENZIA_x10 with msa_depth = 1908, seq_len = 1370, num_templ = 40
I0118 00:51:00.273234 23030670001984 run_af2c_mod.py:216] Running model model_3_multimer_v2_p1_230118_763876
I0118 00:51:00.273762 23030670001984 model.py:206] Running predict with shape(feat) = {'msa': (1908, 1370), 'bert_mask': (1908, 1370), 'num_alignments': (), 'aatype': (1370,), 'seq_length': (), 'template_aatype': (40, 1370), 'template_all_atom_mask': (40, 1370, 37), 'template_all_atom_positions': (40, 1370, 37, 3), 'all_atom_positions': (1370, 37, 3), 'template_domain_names': (40,), 'asym_id': (1370,), 'sym_id': (1370,), 'entity_id': (1370,), 'residue_index': (1370,), 'deletion_matrix': (1908, 1370), 'seq_mask': (1370,), 'msa_mask': (1908, 1370), 'cluster_bias_mask': (1908,), 'pdb_residue_index': (1370,)}
I0118 02:19:47.182085 23030670001984 run_af2c_mod.py:271] Total JAX model model_3_multimer_v2_p1_230118_763876 predict time (includes compilation time): 5326.9 seconds
Info: BDLD2_LABRENZIA_x10 model_3_multimer_v2_p1_230118_763876_recycled_00,  tol =   inf, pLDDT = 35.15, pTM-score = 0.1687, piTM-score = 0.1514, interface-score = 0.0316, iRes = 194  iCnt = 248 
Info: BDLD2_LABRENZIA_x10 model_3_multimer_v2_p1_230118_763876_recycled_01,  tol = 85.73, pLDDT = 36.26, pTM-score = 0.1690, piTM-score = 0.0305, interface-score = 0.0001, iRes = 13   iCnt = 13  
Info: BDLD2_LABRENZIA_x10 model_3_multimer_v2_p1_230118_763876_recycled_02,  tol = 54.90, pLDDT = 38.49, pTM-score = 0.1670, piTM-score = 0.1577, interface-score = 0.0044, iRes = 46   iCnt = 62  
Info: BDLD2_LABRENZIA_x10 model_3_multimer_v2_p1_230118_763876_recycled_03,  tol = 23.86, pLDDT = 38.50, pTM-score = 0.1701, piTM-score = 0.0000, interface-score = 0.0000, iRes = 0    iCnt = 0   
Info: BDLD2_LABRENZIA_x10 model_3_multimer_v2_p1_230118_763876_recycled_04,  tol = 14.95, pLDDT = 41.32, pTM-score = 0.1748, piTM-score = 0.0000, interface-score = 0.0000, iRes = 0    iCnt = 0   
Info: BDLD2_LABRENZIA_x10 model_3_multimer_v2_p1_230118_763876_recycled_05,  tol = 12.93, pLDDT = 41.20, pTM-score = 0.1796, piTM-score = 0.0000, interface-score = 0.0000, iRes = 0    iCnt = 0   
Info: BDLD2_LABRENZIA_x10 model_3_multimer_v2_p1_230118_763876_recycled_06,  tol =  9.74, pLDDT = 39.63, pTM-score = 0.1754, piTM-score = 0.0000, interface-score = 0.0000, iRes = 0    iCnt = 0   
Info: BDLD2_LABRENZIA_x10 model_3_multimer_v2_p1_230118_763876_recycled_07,  tol = 12.66, pLDDT = 44.22, pTM-score = 0.1826, piTM-score = 0.0000, interface-score = 0.0000, iRes = 0    iCnt = 0   
Info: BDLD2_LABRENZIA_x10 model_3_multimer_v2_p1_230118_763876_recycled_08,  tol = 14.39, pLDDT = 45.36, pTM-score = 0.1840, piTM-score = 0.0000, interface-score = 0.0000, iRes = 0    iCnt = 0   
Info: BDLD2_LABRENZIA_x10 model_3_multimer_v2_p1_230118_763876_recycled_09,  tol =  7.17, pLDDT = 42.16, pTM-score = 0.1826, piTM-score = 0.0000, interface-score = 0.0000, iRes = 0    iCnt = 0   
Info: BDLD2_LABRENZIA_x10 model_3_multimer_v2_p1_230118_763876_recycled_10,  tol =  8.36, pLDDT = 38.51, pTM-score = 0.1801, piTM-score = 0.1377, interface-score = 0.0174, iRes = 106  iCnt = 198 
Info: BDLD2_LABRENZIA_x10 model_3_multimer_v2_p1_230118_763876_recycled_11,  tol = 28.95, pLDDT = 38.95, pTM-score = 0.1777, piTM-score = 0.0000, interface-score = 0.0000, iRes = 0    iCnt = 0   
Info: BDLD2_LABRENZIA_x10 model_3_multimer_v2_p1_230118_763876_recycled_12,  tol = 25.77, pLDDT = 44.44, pTM-score = 0.1871, piTM-score = 0.0000, interface-score = 0.0000, iRes = 0    iCnt = 0   
Info: BDLD2_LABRENZIA_x10 model_3_multimer_v2_p1_230118_763876_recycled_13,  tol =  9.83, pLDDT = 44.08, pTM-score = 0.1856, piTM-score = 0.0000, interface-score = 0.0000, iRes = 0    iCnt = 0   
Info: BDLD2_LABRENZIA_x10 model_3_multimer_v2_p1_230118_763876_recycled_14,  tol =  5.46, pLDDT = 40.50, pTM-score = 0.1798, piTM-score = 0.0000, interface-score = 0.0000, iRes = 0    iCnt = 0   
Info: BDLD2_LABRENZIA_x10 model_3_multimer_v2_p1_230118_763876_recycled_15,  tol =  7.32, pLDDT = 38.21, pTM-score = 0.1796, piTM-score = 0.0000, interface-score = 0.0000, iRes = 0    iCnt = 0   
Info: BDLD2_LABRENZIA_x10 model_3_multimer_v2_p1_230118_763876_recycled_16,  tol =  7.85, pLDDT = 41.07, pTM-score = 0.1828, piTM-score = 0.0000, interface-score = 0.0000, iRes = 0    iCnt = 0   
Info: BDLD2_LABRENZIA_x10 model_3_multimer_v2_p1_230118_763876_recycled_17,  tol =  4.81, pLDDT = 43.20, pTM-score = 0.1840, piTM-score = 0.0000, interface-score = 0.0000, iRes = 0    iCnt = 0   
Info: BDLD2_LABRENZIA_x10 model_3_multimer_v2_p1_230118_763876_recycled_18,  tol =  8.07, pLDDT = 43.14, pTM-score = 0.1823, piTM-score = 0.0000, interface-score = 0.0000, iRes = 0    iCnt = 0   
Info: BDLD2_LABRENZIA_x10 model_3_multimer_v2_p1_230118_763876_recycled_19,  tol =  4.70, pLDDT = 42.03, pTM-score = 0.1840, piTM-score = 0.0000, interface-score = 0.0000, iRes = 0    iCnt = 0   
Info: BDLD2_LABRENZIA_x10 model_3_multimer_v2_p1_230118_763876 performed 20 recycles, final tol = 5.45, pLDDT = 39.13, pTM-score = 0.1806, piTM-score = 0.0000, interface-score = 0.0000, iRes = 0    iCnt = 0   
Info: num_clusters = 10, cluster_sizes = [1, 1, 1, 1, 1, 1, 1, 1, 1, 1],  clusters = [['BDLD2_LABRENZIA_0'], ['BDLD2_LABRENZIA_1'], ['BDLD2_LABRENZIA_2'], ['BDLD2_LABRENZIA_3'], ['BDLD2_LABRENZIA_4'], ['BDLD2_LABRENZIA_5'], ['BDLD2_LABRENZIA_6'], ['BDLD2_LABRENZIA_7'], ['BDLD2_LABRENZIA_8'], ['BDLD2_LABRENZIA_9']]

I0118 02:19:52.956410 23030670001984 run_af2c_mod.py:404] Final timings for BDLD2_LABRENZIA_x10: {'features': 0.61, 'process_features_model_3_multimer_v2_p1_230118_763876': 0.0, 'predict_and_compile_model_3_multimer_v2_p1_230118_763876': 5326.9}
                                  
================================= 
Global information about the job: 
================================= 
  
Job owner: flobnow(42847)
Job name:  3_AF2C
Node list: ravg1158
Job start: Wed Jan 18 00:50:34 CET 2023
Job end:   Wed Jan 18 02:19:56 CET 2023
Work dir:  /raven/u/flobnow/fluffyAlpaca/scripts/myRuns/BDLD2_LABRENZIA
Command:   /raven/u/flobnow/fluffyAlpaca/scripts/myRuns/BDLD2_LABRENZIA/script2_comp_model_3.sh
  
  
  
==========================================================================================
Information on jobsteps (Note: MaxRSS/AveRSS is the maximum/average over all 
tasks of the per-task memory high-water marks; cf. "man sacct"): 
==========================================================================================
  
JobID            JobName NNodes NTasks  NCPUS        0.00M        0.00M    Elapsed ExitCode
------------- ---------- ------ ------ ------ ------------ ------------ ---------- --------
3912893           3_AF2C      1           108                             01:29:22      0:0
3912893.0        python3      1      1    108    63745.36M    63745.36M   01:29:17      0:0
  
Maximum memory per node: 66.841858 GB (defined as MaxRSS*Ntasks/NNodes)
CPU utilization: 1.9 %
  
