Info: input file name is MYD88-DD
Info: input target list is /u/flobnow/fluffyAlpaca/scripts/myRuns/MYD88-DD/target.lst
Info: input feature directory is /u/flobnow/fluffyAlpaca/feature_files
Info: result output directory is /u/flobnow/fluffyAlpaca/output_files
Info: model preset is multimer_np
Info: msa pairing is all
Info: recycling setting is 1
/bin/sh: /mpcdf/soft/SLE_15/packages/x86_64/alphafold/2.2.0/lib/libtinfo.so.6: no version information available (required by /lib64/libreadline.so.7)
Info: using preset super2
Info: set num_ensemble = 2
Info: set max_recyles = 20
Info: set recycle_tol = 0.1
Info: mas_pairing mode is all
I0115 07:30:36.368821 23409966647104 tpu_client.py:54] Starting the local TPU driver.
I0115 07:30:36.369199 23409966647104 xla_bridge.py:212] Unable to initialize backend 'tpu_driver': Not found: Unable to find driver in registry given worker: local://
I0115 07:30:36.771733 23409966647104 xla_bridge.py:212] Unable to initialize backend 'tpu': Invalid argument: TpuPlatform is not available.
I0115 07:30:40.205846 23409966647104 run_af2c_mod.py:482] Have 1 models: ['model_2_multimer_v2_p1']
Info: working on target MYD88-DD_x6
I0115 07:30:46.212068 23409966647104 run_af2c_mod.py:512] Using random seed 7305884180671885597 for the data pipeline
Info: MYD88-DD_x6 found monomer MYD88-DD msa_depth = 1606, seq_len = 158, num_templ = 20
Info: MYD88-DD reducing the number of structural templates to 4
Info: 6 chain(s) to model {'A': 'MYD88-DD_1', 'B': 'MYD88-DD_1', 'C': 'MYD88-DD_1', 'D': 'MYD88-DD_1', 'E': 'MYD88-DD_1', 'F': 'MYD88-DD_1'}
Info: modeling MYD88-DD_x6 with msa_depth = 1607, seq_len = 948, num_templ = 24
I0115 07:30:47.057521 23409966647104 run_af2c_mod.py:216] Running model model_2_multimer_v2_p1_230115_885597
I0115 07:30:47.058048 23409966647104 model.py:206] Running predict with shape(feat) = {'msa': (1607, 948), 'bert_mask': (1607, 948), 'num_alignments': (), 'aatype': (948,), 'seq_length': (), 'template_aatype': (24, 948), 'template_all_atom_mask': (24, 948, 37), 'template_all_atom_positions': (24, 948, 37, 3), 'all_atom_positions': (948, 37, 3), 'template_domain_names': (24,), 'asym_id': (948,), 'sym_id': (948,), 'entity_id': (948,), 'residue_index': (948,), 'deletion_matrix': (1607, 948), 'seq_mask': (948,), 'msa_mask': (1607, 948), 'cluster_bias_mask': (1607,), 'pdb_residue_index': (948,)}
I0115 08:05:36.723492 23409966647104 run_af2c_mod.py:271] Total JAX model model_2_multimer_v2_p1_230115_885597 predict time (includes compilation time): 2089.7 seconds
Info: MYD88-DD_x6 model_2_multimer_v2_p1_230115_885597_recycled_00,  tol =   inf, pLDDT = 63.18, pTM-score = 0.3149, piTM-score = 0.2592, interface-score = 0.2042, iRes = 77   iCnt = 78  
Info: MYD88-DD_x6 model_2_multimer_v2_p1_230115_885597_recycled_01,  tol = 74.95, pLDDT = 63.87, pTM-score = 0.3275, piTM-score = 0.3104, interface-score = 0.2217, iRes = 59   iCnt = 46  
Info: MYD88-DD_x6 model_2_multimer_v2_p1_230115_885597_recycled_02,  tol = 28.16, pLDDT = 64.90, pTM-score = 0.3522, piTM-score = 0.3924, interface-score = 0.3160, iRes = 77   iCnt = 70  
Info: MYD88-DD_x6 model_2_multimer_v2_p1_230115_885597_recycled_03,  tol = 22.62, pLDDT = 64.31, pTM-score = 0.3282, piTM-score = 0.4009, interface-score = 0.2776, iRes = 67   iCnt = 63  
Info: MYD88-DD_x6 model_2_multimer_v2_p1_230115_885597_recycled_04,  tol = 15.23, pLDDT = 65.10, pTM-score = 0.3407, piTM-score = 0.4094, interface-score = 0.3174, iRes = 80   iCnt = 76  
Info: MYD88-DD_x6 model_2_multimer_v2_p1_230115_885597_recycled_05,  tol = 27.55, pLDDT = 64.33, pTM-score = 0.3354, piTM-score = 0.3942, interface-score = 0.3132, iRes = 85   iCnt = 82  
Info: MYD88-DD_x6 model_2_multimer_v2_p1_230115_885597_recycled_06,  tol = 29.61, pLDDT = 65.15, pTM-score = 0.3934, piTM-score = 0.4071, interface-score = 0.3973, iRes = 99   iCnt = 98  
Info: MYD88-DD_x6 model_2_multimer_v2_p1_230115_885597_recycled_07,  tol = 10.19, pLDDT = 64.06, pTM-score = 0.3693, piTM-score = 0.3948, interface-score = 0.3628, iRes = 89   iCnt = 87  
Info: MYD88-DD_x6 model_2_multimer_v2_p1_230115_885597_recycled_08,  tol =  5.40, pLDDT = 64.34, pTM-score = 0.3686, piTM-score = 0.3898, interface-score = 0.3649, iRes = 94   iCnt = 93  
Info: MYD88-DD_x6 model_2_multimer_v2_p1_230115_885597_recycled_09,  tol =  1.73, pLDDT = 64.29, pTM-score = 0.3852, piTM-score = 0.3930, interface-score = 0.3797, iRes = 101  iCnt = 101 
Info: MYD88-DD_x6 model_2_multimer_v2_p1_230115_885597_recycled_10,  tol =  3.82, pLDDT = 64.47, pTM-score = 0.3637, piTM-score = 0.3862, interface-score = 0.3651, iRes = 94   iCnt = 94  
Info: MYD88-DD_x6 model_2_multimer_v2_p1_230115_885597_recycled_11,  tol =  5.75, pLDDT = 65.44, pTM-score = 0.3551, piTM-score = 0.3930, interface-score = 0.3463, iRes = 85   iCnt = 77  
Info: MYD88-DD_x6 model_2_multimer_v2_p1_230115_885597_recycled_12,  tol = 15.97, pLDDT = 65.57, pTM-score = 0.3693, piTM-score = 0.4121, interface-score = 0.3812, iRes = 99   iCnt = 93  
Info: MYD88-DD_x6 model_2_multimer_v2_p1_230115_885597_recycled_13,  tol =  4.10, pLDDT = 67.50, pTM-score = 0.4168, piTM-score = 0.4364, interface-score = 0.4614, iRes = 114  iCnt = 113 
Info: MYD88-DD_x6 model_2_multimer_v2_p1_230115_885597_recycled_14,  tol =  3.33, pLDDT = 66.31, pTM-score = 0.3884, piTM-score = 0.4147, interface-score = 0.4223, iRes = 109  iCnt = 107 
Info: MYD88-DD_x6 model_2_multimer_v2_p1_230115_885597_recycled_15,  tol =  2.25, pLDDT = 67.20, pTM-score = 0.4110, piTM-score = 0.4204, interface-score = 0.4495, iRes = 109  iCnt = 108 
Info: MYD88-DD_x6 model_2_multimer_v2_p1_230115_885597_recycled_16,  tol =  2.54, pLDDT = 65.86, pTM-score = 0.3820, piTM-score = 0.4062, interface-score = 0.3943, iRes = 105  iCnt = 99  
Info: MYD88-DD_x6 model_2_multimer_v2_p1_230115_885597_recycled_17,  tol =  5.38, pLDDT = 68.15, pTM-score = 0.4421, piTM-score = 0.4457, interface-score = 0.4903, iRes = 122  iCnt = 122 
Info: MYD88-DD_x6 model_2_multimer_v2_p1_230115_885597_recycled_18,  tol =  4.42, pLDDT = 66.41, pTM-score = 0.3974, piTM-score = 0.4081, interface-score = 0.4320, iRes = 112  iCnt = 108 
Info: MYD88-DD_x6 model_2_multimer_v2_p1_230115_885597_recycled_19,  tol =  2.40, pLDDT = 67.98, pTM-score = 0.4373, piTM-score = 0.4448, interface-score = 0.4826, iRes = 117  iCnt = 116 
Info: MYD88-DD_x6 model_2_multimer_v2_p1_230115_885597 performed 20 recycles, final tol = 2.55, pLDDT = 66.39, pTM-score = 0.3925, piTM-score = 0.4053, interface-score = 0.4181, iRes = 112  iCnt = 109 
Info: num_clusters = 1, cluster_sizes = [6],  clusters = [['MYD88-DD_0', 'MYD88-DD_1', 'MYD88-DD_2', 'MYD88-DD_3', 'MYD88-DD_4', 'MYD88-DD_5']]

I0115 08:05:40.611196 23409966647104 run_af2c_mod.py:404] Final timings for MYD88-DD_x6: {'features': 0.84, 'process_features_model_2_multimer_v2_p1_230115_885597': 0.0, 'predict_and_compile_model_2_multimer_v2_p1_230115_885597': 2089.7}
                                  
================================= 
Global information about the job: 
================================= 
  
Job owner: flobnow(42847)
Job name:  2_AF2C
Node list: ravg1124
Job start: Sun Jan 15 07:30:20 CET 2023
Job end:   Sun Jan 15 08:05:43 CET 2023
Work dir:  /raven/u/flobnow/fluffyAlpaca/scripts/myRuns/MYD88-DD
Command:   /raven/u/flobnow/fluffyAlpaca/scripts/myRuns/MYD88-DD/script2_comp_model_2.sh
  
  
  
==========================================================================================
Information on jobsteps (Note: MaxRSS/AveRSS is the maximum/average over all 
tasks of the per-task memory high-water marks; cf. "man sacct"): 
==========================================================================================
  
JobID            JobName NNodes NTasks  NCPUS        0.00M        0.00M    Elapsed ExitCode
------------- ---------- ------ ------ ------ ------------ ------------ ---------- --------
3884202           2_AF2C      1           108                             00:35:23      0:0
3884202.0        python3      1      1    108    36475.82M    36475.82M   00:35:21      0:0
  
Maximum memory per node: 38.247666 GB (defined as MaxRSS*Ntasks/NNodes)
CPU utilization: 1.9 %
  
