Info: input file name is MYD88-DD
Info: input target list is /u/flobnow/fluffyAlpaca/scripts/myRuns/MYD88-DD/target.lst
Info: input feature directory is /u/flobnow/fluffyAlpaca/feature_files
Info: result output directory is /u/flobnow/fluffyAlpaca/output_files
Info: model preset is multimer_np
Info: msa pairing is all
Info: recycling setting is 1
/bin/sh: /mpcdf/soft/SLE_15/packages/x86_64/alphafold/2.2.0/lib/libtinfo.so.6: no version information available (required by /lib64/libreadline.so.7)
Info: using preset super2
Info: set num_ensemble = 2
Info: set max_recyles = 20
Info: set recycle_tol = 0.1
Info: mas_pairing mode is all
I0115 07:30:44.161505 22690894403392 tpu_client.py:54] Starting the local TPU driver.
I0115 07:30:44.229098 22690894403392 xla_bridge.py:212] Unable to initialize backend 'tpu_driver': Not found: Unable to find driver in registry given worker: local://
I0115 07:30:44.551186 22690894403392 xla_bridge.py:212] Unable to initialize backend 'tpu': Invalid argument: TpuPlatform is not available.
Info: working on target MYD88-DD_x6
I0115 07:30:47.991474 22690894403392 run_af2c_mod.py:482] Have 1 models: ['model_4_multimer_v2_p1']
I0115 07:30:47.991627 22690894403392 run_af2c_mod.py:512] Using random seed 2813040865405994672 for the data pipeline
Info: MYD88-DD_x6 found monomer MYD88-DD msa_depth = 1606, seq_len = 158, num_templ = 20
Info: MYD88-DD reducing the number of structural templates to 4
Info: 6 chain(s) to model {'A': 'MYD88-DD_1', 'B': 'MYD88-DD_1', 'C': 'MYD88-DD_1', 'D': 'MYD88-DD_1', 'E': 'MYD88-DD_1', 'F': 'MYD88-DD_1'}
Info: modeling MYD88-DD_x6 with msa_depth = 1607, seq_len = 948, num_templ = 24
I0115 07:30:48.833389 22690894403392 run_af2c_mod.py:216] Running model model_4_multimer_v2_p1_230115_994672
I0115 07:30:48.833936 22690894403392 model.py:206] Running predict with shape(feat) = {'msa': (1607, 948), 'bert_mask': (1607, 948), 'num_alignments': (), 'aatype': (948,), 'seq_length': (), 'template_aatype': (24, 948), 'template_all_atom_mask': (24, 948, 37), 'template_all_atom_positions': (24, 948, 37, 3), 'all_atom_positions': (948, 37, 3), 'template_domain_names': (24,), 'asym_id': (948,), 'sym_id': (948,), 'entity_id': (948,), 'residue_index': (948,), 'deletion_matrix': (1607, 948), 'seq_mask': (948,), 'msa_mask': (1607, 948), 'cluster_bias_mask': (1607,), 'pdb_residue_index': (948,)}
I0115 08:05:30.984886 22690894403392 run_af2c_mod.py:271] Total JAX model model_4_multimer_v2_p1_230115_994672 predict time (includes compilation time): 2082.2 seconds
Info: MYD88-DD_x6 model_4_multimer_v2_p1_230115_994672_recycled_00,  tol =   inf, pLDDT = 58.53, pTM-score = 0.2323, piTM-score = 0.0014, interface-score = 0.0000, iRes = 2    iCnt = 1   
Info: MYD88-DD_x6 model_4_multimer_v2_p1_230115_994672_recycled_01,  tol = 75.69, pLDDT = 60.52, pTM-score = 0.2523, piTM-score = 0.0720, interface-score = 0.0127, iRes = 22   iCnt = 18  
Info: MYD88-DD_x6 model_4_multimer_v2_p1_230115_994672_recycled_02,  tol = 22.49, pLDDT = 62.20, pTM-score = 0.3065, piTM-score = 0.2165, interface-score = 0.2325, iRes = 57   iCnt = 52  
Info: MYD88-DD_x6 model_4_multimer_v2_p1_230115_994672_recycled_03,  tol = 10.50, pLDDT = 63.42, pTM-score = 0.3189, piTM-score = 0.2432, interface-score = 0.2223, iRes = 58   iCnt = 47  
Info: MYD88-DD_x6 model_4_multimer_v2_p1_230115_994672_recycled_04,  tol =  5.95, pLDDT = 63.23, pTM-score = 0.3293, piTM-score = 0.2454, interface-score = 0.2358, iRes = 61   iCnt = 54  
Info: MYD88-DD_x6 model_4_multimer_v2_p1_230115_994672_recycled_05,  tol =  5.55, pLDDT = 64.04, pTM-score = 0.3334, piTM-score = 0.2716, interface-score = 0.2184, iRes = 54   iCnt = 46  
Info: MYD88-DD_x6 model_4_multimer_v2_p1_230115_994672_recycled_06,  tol =  3.12, pLDDT = 64.06, pTM-score = 0.3383, piTM-score = 0.2615, interface-score = 0.2245, iRes = 54   iCnt = 46  
Info: MYD88-DD_x6 model_4_multimer_v2_p1_230115_994672_recycled_07,  tol =  2.13, pLDDT = 63.68, pTM-score = 0.3322, piTM-score = 0.2434, interface-score = 0.1876, iRes = 51   iCnt = 42  
Info: MYD88-DD_x6 model_4_multimer_v2_p1_230115_994672_recycled_08,  tol =  2.66, pLDDT = 64.48, pTM-score = 0.3511, piTM-score = 0.2396, interface-score = 0.2111, iRes = 51   iCnt = 42  
Info: MYD88-DD_x6 model_4_multimer_v2_p1_230115_994672_recycled_09,  tol =  3.38, pLDDT = 64.69, pTM-score = 0.3503, piTM-score = 0.2294, interface-score = 0.1995, iRes = 51   iCnt = 44  
Info: MYD88-DD_x6 model_4_multimer_v2_p1_230115_994672_recycled_10,  tol =  3.72, pLDDT = 65.28, pTM-score = 0.3719, piTM-score = 0.2515, interface-score = 0.2518, iRes = 58   iCnt = 47  
Info: MYD88-DD_x6 model_4_multimer_v2_p1_230115_994672_recycled_11,  tol =  2.03, pLDDT = 66.13, pTM-score = 0.3944, piTM-score = 0.2577, interface-score = 0.2817, iRes = 59   iCnt = 49  
Info: MYD88-DD_x6 model_4_multimer_v2_p1_230115_994672_recycled_12,  tol =  5.35, pLDDT = 65.38, pTM-score = 0.3704, piTM-score = 0.2272, interface-score = 0.2256, iRes = 51   iCnt = 39  
Info: MYD88-DD_x6 model_4_multimer_v2_p1_230115_994672_recycled_13,  tol =  6.17, pLDDT = 65.58, pTM-score = 0.3765, piTM-score = 0.2307, interface-score = 0.2389, iRes = 54   iCnt = 41  
Info: MYD88-DD_x6 model_4_multimer_v2_p1_230115_994672_recycled_14,  tol =  2.09, pLDDT = 65.59, pTM-score = 0.3777, piTM-score = 0.2320, interface-score = 0.2398, iRes = 53   iCnt = 40  
Info: MYD88-DD_x6 model_4_multimer_v2_p1_230115_994672_recycled_15,  tol =  3.36, pLDDT = 66.39, pTM-score = 0.3990, piTM-score = 0.2556, interface-score = 0.2748, iRes = 59   iCnt = 50  
Info: MYD88-DD_x6 model_4_multimer_v2_p1_230115_994672_recycled_16,  tol =  3.21, pLDDT = 66.02, pTM-score = 0.3932, piTM-score = 0.2511, interface-score = 0.2698, iRes = 58   iCnt = 54  
Info: MYD88-DD_x6 model_4_multimer_v2_p1_230115_994672_recycled_17,  tol =  7.62, pLDDT = 66.37, pTM-score = 0.4019, piTM-score = 0.2583, interface-score = 0.2803, iRes = 59   iCnt = 49  
Info: MYD88-DD_x6 model_4_multimer_v2_p1_230115_994672_recycled_18,  tol =  7.72, pLDDT = 66.24, pTM-score = 0.4022, piTM-score = 0.2448, interface-score = 0.2737, iRes = 57   iCnt = 46  
Info: MYD88-DD_x6 model_4_multimer_v2_p1_230115_994672_recycled_19,  tol =  6.69, pLDDT = 66.24, pTM-score = 0.3975, piTM-score = 0.2462, interface-score = 0.2775, iRes = 61   iCnt = 52  
Info: MYD88-DD_x6 model_4_multimer_v2_p1_230115_994672 performed 20 recycles, final tol = 5.01, pLDDT = 66.28, pTM-score = 0.4078, piTM-score = 0.2701, interface-score = 0.2876, iRes = 62   iCnt = 56  
Info: num_clusters = 4, cluster_sizes = [2, 2, 1, 1],  clusters = [['MYD88-DD_0', 'MYD88-DD_1'], ['MYD88-DD_2', 'MYD88-DD_3'], ['MYD88-DD_4'], ['MYD88-DD_5']]

I0115 08:05:34.965932 22690894403392 run_af2c_mod.py:404] Final timings for MYD88-DD_x6: {'features': 0.84, 'process_features_model_4_multimer_v2_p1_230115_994672': 0.0, 'predict_and_compile_model_4_multimer_v2_p1_230115_994672': 2082.2}
                                  
================================= 
Global information about the job: 
================================= 
  
Job owner: flobnow(42847)
Job name:  4_AF2C
Node list: ravg1169
Job start: Sun Jan 15 07:30:20 CET 2023
Job end:   Sun Jan 15 08:05:37 CET 2023
Work dir:  /raven/u/flobnow/fluffyAlpaca/scripts/myRuns/MYD88-DD
Command:   /raven/u/flobnow/fluffyAlpaca/scripts/myRuns/MYD88-DD/script2_comp_model_4.sh
  
  
  
==========================================================================================
Information on jobsteps (Note: MaxRSS/AveRSS is the maximum/average over all 
tasks of the per-task memory high-water marks; cf. "man sacct"): 
==========================================================================================
  
JobID            JobName NNodes NTasks  NCPUS        0.00M        0.00M    Elapsed ExitCode
------------- ---------- ------ ------ ------ ------------ ------------ ---------- --------
3884204           4_AF2C      1           108                             00:35:17      0:0
3884204.0        python3      1      1    108    36764.26M    36764.26M   00:35:11      0:0
  
Maximum memory per node: 38.550122 GB (defined as MaxRSS*Ntasks/NNodes)
CPU utilization: 1.9 %
  
