Info: input file name is MYD88-DD
Info: input target list is /u/flobnow/fluffyAlpaca/scripts/myRuns/MYD88-DD/target.lst
Info: input feature directory is /u/flobnow/fluffyAlpaca/feature_files
Info: result output directory is /u/flobnow/fluffyAlpaca/output_files
Info: model preset is multimer_np
Info: msa pairing is all
Info: recycling setting is 1
/bin/sh: /mpcdf/soft/SLE_15/packages/x86_64/alphafold/2.2.0/lib/libtinfo.so.6: no version information available (required by /lib64/libreadline.so.7)
Info: using preset super2
Info: set num_ensemble = 2
Info: set max_recyles = 20
Info: set recycle_tol = 0.1
Info: mas_pairing mode is all
I0115 07:30:43.735142 23041865832256 tpu_client.py:54] Starting the local TPU driver.
I0115 07:30:43.735569 23041865832256 xla_bridge.py:212] Unable to initialize backend 'tpu_driver': Not found: Unable to find driver in registry given worker: local://
I0115 07:30:44.047340 23041865832256 xla_bridge.py:212] Unable to initialize backend 'tpu': Invalid argument: TpuPlatform is not available.
I0115 07:30:47.513597 23041865832256 run_af2c_mod.py:482] Have 1 models: ['model_3_multimer_v2_p1']
Info: working on target MYD88-DD_x6
I0115 07:30:55.521829 23041865832256 run_af2c_mod.py:512] Using random seed 9100460024784573169 for the data pipeline
Info: MYD88-DD_x6 found monomer MYD88-DD msa_depth = 1606, seq_len = 158, num_templ = 20
Info: MYD88-DD reducing the number of structural templates to 4
Info: 6 chain(s) to model {'A': 'MYD88-DD_1', 'B': 'MYD88-DD_1', 'C': 'MYD88-DD_1', 'D': 'MYD88-DD_1', 'E': 'MYD88-DD_1', 'F': 'MYD88-DD_1'}
Info: modeling MYD88-DD_x6 with msa_depth = 1607, seq_len = 948, num_templ = 24
I0115 07:30:56.362987 23041865832256 run_af2c_mod.py:216] Running model model_3_multimer_v2_p1_230115_573169
I0115 07:30:56.363525 23041865832256 model.py:206] Running predict with shape(feat) = {'msa': (1607, 948), 'bert_mask': (1607, 948), 'num_alignments': (), 'aatype': (948,), 'seq_length': (), 'template_aatype': (24, 948), 'template_all_atom_mask': (24, 948, 37), 'template_all_atom_positions': (24, 948, 37, 3), 'all_atom_positions': (948, 37, 3), 'template_domain_names': (24,), 'asym_id': (948,), 'sym_id': (948,), 'entity_id': (948,), 'residue_index': (948,), 'deletion_matrix': (1607, 948), 'seq_mask': (948,), 'msa_mask': (1607, 948), 'cluster_bias_mask': (1607,), 'pdb_residue_index': (948,)}
I0115 08:05:43.781826 23041865832256 run_af2c_mod.py:271] Total JAX model model_3_multimer_v2_p1_230115_573169 predict time (includes compilation time): 2087.4 seconds
Info: MYD88-DD_x6 model_3_multimer_v2_p1_230115_573169_recycled_00,  tol =   inf, pLDDT = 62.52, pTM-score = 0.2596, piTM-score = 0.1661, interface-score = 0.0434, iRes = 40   iCnt = 29  
Info: MYD88-DD_x6 model_3_multimer_v2_p1_230115_573169_recycled_01,  tol = 75.49, pLDDT = 63.02, pTM-score = 0.3167, piTM-score = 0.2924, interface-score = 0.2391, iRes = 132  iCnt = 165 
Info: MYD88-DD_x6 model_3_multimer_v2_p1_230115_573169_recycled_02,  tol = 20.56, pLDDT = 64.06, pTM-score = 0.2913, piTM-score = 0.1723, interface-score = 0.0817, iRes = 40   iCnt = 30  
Info: MYD88-DD_x6 model_3_multimer_v2_p1_230115_573169_recycled_03,  tol = 21.00, pLDDT = 63.94, pTM-score = 0.2935, piTM-score = 0.1479, interface-score = 0.0687, iRes = 40   iCnt = 29  
Info: MYD88-DD_x6 model_3_multimer_v2_p1_230115_573169_recycled_04,  tol =  5.67, pLDDT = 64.35, pTM-score = 0.3111, piTM-score = 0.1904, interface-score = 0.0945, iRes = 45   iCnt = 35  
Info: MYD88-DD_x6 model_3_multimer_v2_p1_230115_573169_recycled_05,  tol =  6.70, pLDDT = 65.18, pTM-score = 0.3374, piTM-score = 0.2098, interface-score = 0.1398, iRes = 55   iCnt = 43  
Info: MYD88-DD_x6 model_3_multimer_v2_p1_230115_573169_recycled_06,  tol =  4.95, pLDDT = 65.09, pTM-score = 0.3477, piTM-score = 0.2236, interface-score = 0.1676, iRes = 58   iCnt = 46  
Info: MYD88-DD_x6 model_3_multimer_v2_p1_230115_573169_recycled_07,  tol =  6.33, pLDDT = 65.35, pTM-score = 0.3654, piTM-score = 0.2296, interface-score = 0.1874, iRes = 61   iCnt = 49  
Info: MYD88-DD_x6 model_3_multimer_v2_p1_230115_573169_recycled_08,  tol =  7.21, pLDDT = 65.59, pTM-score = 0.3749, piTM-score = 0.2307, interface-score = 0.2080, iRes = 64   iCnt = 52  
Info: MYD88-DD_x6 model_3_multimer_v2_p1_230115_573169_recycled_09,  tol =  5.81, pLDDT = 65.82, pTM-score = 0.3798, piTM-score = 0.2443, interface-score = 0.2195, iRes = 67   iCnt = 55  
Info: MYD88-DD_x6 model_3_multimer_v2_p1_230115_573169_recycled_10,  tol =  7.28, pLDDT = 66.00, pTM-score = 0.3873, piTM-score = 0.2484, interface-score = 0.2213, iRes = 65   iCnt = 53  
Info: MYD88-DD_x6 model_3_multimer_v2_p1_230115_573169_recycled_11,  tol =  8.54, pLDDT = 65.67, pTM-score = 0.3791, piTM-score = 0.2431, interface-score = 0.2191, iRes = 65   iCnt = 52  
Info: MYD88-DD_x6 model_3_multimer_v2_p1_230115_573169_recycled_12,  tol =  4.89, pLDDT = 65.72, pTM-score = 0.3924, piTM-score = 0.2388, interface-score = 0.2289, iRes = 66   iCnt = 54  
Info: MYD88-DD_x6 model_3_multimer_v2_p1_230115_573169_recycled_13,  tol =  2.09, pLDDT = 65.91, pTM-score = 0.3964, piTM-score = 0.2532, interface-score = 0.2394, iRes = 68   iCnt = 57  
Info: MYD88-DD_x6 model_3_multimer_v2_p1_230115_573169_recycled_14,  tol =  5.04, pLDDT = 65.60, pTM-score = 0.3892, piTM-score = 0.2485, interface-score = 0.2412, iRes = 69   iCnt = 57  
Info: MYD88-DD_x6 model_3_multimer_v2_p1_230115_573169_recycled_15,  tol =  7.21, pLDDT = 66.05, pTM-score = 0.4012, piTM-score = 0.2578, interface-score = 0.2511, iRes = 68   iCnt = 56  
Info: MYD88-DD_x6 model_3_multimer_v2_p1_230115_573169_recycled_16,  tol =  3.17, pLDDT = 65.75, pTM-score = 0.4041, piTM-score = 0.2762, interface-score = 0.2596, iRes = 72   iCnt = 57  
Info: MYD88-DD_x6 model_3_multimer_v2_p1_230115_573169_recycled_17,  tol =  7.91, pLDDT = 66.13, pTM-score = 0.4070, piTM-score = 0.2734, interface-score = 0.2598, iRes = 73   iCnt = 60  
Info: MYD88-DD_x6 model_3_multimer_v2_p1_230115_573169_recycled_18,  tol =  8.15, pLDDT = 66.57, pTM-score = 0.4186, piTM-score = 0.2813, interface-score = 0.2769, iRes = 74   iCnt = 61  
Info: MYD88-DD_x6 model_3_multimer_v2_p1_230115_573169_recycled_19,  tol =  4.12, pLDDT = 67.15, pTM-score = 0.4390, piTM-score = 0.2980, interface-score = 0.3000, iRes = 75   iCnt = 65  
Info: MYD88-DD_x6 model_3_multimer_v2_p1_230115_573169 performed 20 recycles, final tol = 7.03, pLDDT = 65.31, pTM-score = 0.3831, piTM-score = 0.2608, interface-score = 0.2357, iRes = 68   iCnt = 54  
Info: num_clusters = 4, cluster_sizes = [3, 1, 1, 1],  clusters = [['MYD88-DD_0', 'MYD88-DD_1', 'MYD88-DD_2'], ['MYD88-DD_3'], ['MYD88-DD_4'], ['MYD88-DD_5']]

I0115 08:05:47.827261 23041865832256 run_af2c_mod.py:404] Final timings for MYD88-DD_x6: {'features': 0.84, 'process_features_model_3_multimer_v2_p1_230115_573169': 0.0, 'predict_and_compile_model_3_multimer_v2_p1_230115_573169': 2087.4}
                                  
================================= 
Global information about the job: 
================================= 
  
Job owner: flobnow(42847)
Job name:  3_AF2C
Node list: ravg1128
Job start: Sun Jan 15 07:30:20 CET 2023
Job end:   Sun Jan 15 08:05:50 CET 2023
Work dir:  /raven/u/flobnow/fluffyAlpaca/scripts/myRuns/MYD88-DD
Command:   /raven/u/flobnow/fluffyAlpaca/scripts/myRuns/MYD88-DD/script2_comp_model_3.sh
  
  
  
==========================================================================================
Information on jobsteps (Note: MaxRSS/AveRSS is the maximum/average over all 
tasks of the per-task memory high-water marks; cf. "man sacct"): 
==========================================================================================
  
JobID            JobName NNodes NTasks  NCPUS        0.00M        0.00M    Elapsed ExitCode
------------- ---------- ------ ------ ------ ------------ ------------ ---------- --------
3884203           3_AF2C      1           108                             00:35:30      0:0
3884203.0        python3      1      1    108    36359.70M    36359.70M   00:35:24      0:0
  
Maximum memory per node: 38.125908 GB (defined as MaxRSS*Ntasks/NNodes)
CPU utilization: 1.8 %
  
