Info: input file name is MYD88-DD
Info: input target list is /u/flobnow/fluffyAlpaca/scripts/myRuns/MYD88-DD/target.lst
Info: input feature directory is /u/flobnow/fluffyAlpaca/feature_files
Info: result output directory is /u/flobnow/fluffyAlpaca/output_files
Info: model preset is multimer_np
Info: msa pairing is all
Info: recycling setting is 1
/bin/sh: /mpcdf/soft/SLE_15/packages/x86_64/alphafold/2.2.0/lib/libtinfo.so.6: no version information available (required by /lib64/libreadline.so.7)
Info: using preset super2
Info: set num_ensemble = 2
Info: set max_recyles = 20
Info: set recycle_tol = 0.1
Info: mas_pairing mode is all
I0115 07:30:44.149449 22578553030464 tpu_client.py:54] Starting the local TPU driver.
I0115 07:30:44.229201 22578553030464 xla_bridge.py:212] Unable to initialize backend 'tpu_driver': Not found: Unable to find driver in registry given worker: local://
I0115 07:30:44.580690 22578553030464 xla_bridge.py:212] Unable to initialize backend 'tpu': Invalid argument: TpuPlatform is not available.
I0115 07:30:47.991431 22578553030464 run_af2c_mod.py:482] Have 1 models: ['model_5_multimer_v2_p1']
Info: working on target MYD88-DD_x6
I0115 07:30:48.992654 22578553030464 run_af2c_mod.py:512] Using random seed 2956494058099295440 for the data pipeline
Info: MYD88-DD_x6 found monomer MYD88-DD msa_depth = 1606, seq_len = 158, num_templ = 20
Info: MYD88-DD reducing the number of structural templates to 4
Info: 6 chain(s) to model {'A': 'MYD88-DD_1', 'B': 'MYD88-DD_1', 'C': 'MYD88-DD_1', 'D': 'MYD88-DD_1', 'E': 'MYD88-DD_1', 'F': 'MYD88-DD_1'}
Info: modeling MYD88-DD_x6 with msa_depth = 1607, seq_len = 948, num_templ = 24
I0115 07:30:49.828753 22578553030464 run_af2c_mod.py:216] Running model model_5_multimer_v2_p1_230115_295440
I0115 07:30:49.829280 22578553030464 model.py:206] Running predict with shape(feat) = {'msa': (1607, 948), 'bert_mask': (1607, 948), 'num_alignments': (), 'aatype': (948,), 'seq_length': (), 'template_aatype': (24, 948), 'template_all_atom_mask': (24, 948, 37), 'template_all_atom_positions': (24, 948, 37, 3), 'all_atom_positions': (948, 37, 3), 'template_domain_names': (24,), 'asym_id': (948,), 'sym_id': (948,), 'entity_id': (948,), 'residue_index': (948,), 'deletion_matrix': (1607, 948), 'seq_mask': (948,), 'msa_mask': (1607, 948), 'cluster_bias_mask': (1607,), 'pdb_residue_index': (948,)}
I0115 08:05:31.752906 22578553030464 run_af2c_mod.py:271] Total JAX model model_5_multimer_v2_p1_230115_295440 predict time (includes compilation time): 2081.9 seconds
Info: MYD88-DD_x6 model_5_multimer_v2_p1_230115_295440_recycled_00,  tol =   inf, pLDDT = 63.88, pTM-score = 0.3718, piTM-score = 0.3648, interface-score = 0.3594, iRes = 86   iCnt = 83  
Info: MYD88-DD_x6 model_5_multimer_v2_p1_230115_295440_recycled_01,  tol = 73.40, pLDDT = 65.54, pTM-score = 0.3910, piTM-score = 0.4211, interface-score = 0.4060, iRes = 97   iCnt = 95  
Info: MYD88-DD_x6 model_5_multimer_v2_p1_230115_295440_recycled_02,  tol = 10.27, pLDDT = 69.35, pTM-score = 0.4617, piTM-score = 0.4432, interface-score = 0.5461, iRes = 132  iCnt = 140 
Info: MYD88-DD_x6 model_5_multimer_v2_p1_230115_295440_recycled_03,  tol =  5.34, pLDDT = 68.44, pTM-score = 0.4435, piTM-score = 0.4280, interface-score = 0.5367, iRes = 132  iCnt = 141 
Info: MYD88-DD_x6 model_5_multimer_v2_p1_230115_295440_recycled_04,  tol =  5.71, pLDDT = 68.28, pTM-score = 0.4322, piTM-score = 0.4264, interface-score = 0.5277, iRes = 138  iCnt = 144 
Info: MYD88-DD_x6 model_5_multimer_v2_p1_230115_295440_recycled_05,  tol =  5.51, pLDDT = 68.68, pTM-score = 0.4450, piTM-score = 0.4374, interface-score = 0.5485, iRes = 134  iCnt = 143 
Info: MYD88-DD_x6 model_5_multimer_v2_p1_230115_295440_recycled_06,  tol =  1.31, pLDDT = 68.56, pTM-score = 0.4386, piTM-score = 0.4318, interface-score = 0.5339, iRes = 137  iCnt = 145 
Info: MYD88-DD_x6 model_5_multimer_v2_p1_230115_295440_recycled_07,  tol =  1.72, pLDDT = 68.20, pTM-score = 0.4355, piTM-score = 0.4252, interface-score = 0.5278, iRes = 131  iCnt = 140 
Info: MYD88-DD_x6 model_5_multimer_v2_p1_230115_295440_recycled_08,  tol =  6.26, pLDDT = 68.41, pTM-score = 0.4401, piTM-score = 0.4340, interface-score = 0.5401, iRes = 141  iCnt = 150 
Info: MYD88-DD_x6 model_5_multimer_v2_p1_230115_295440_recycled_09,  tol =  6.00, pLDDT = 68.25, pTM-score = 0.4385, piTM-score = 0.4311, interface-score = 0.5354, iRes = 139  iCnt = 147 
Info: MYD88-DD_x6 model_5_multimer_v2_p1_230115_295440_recycled_10,  tol =  4.99, pLDDT = 68.12, pTM-score = 0.4307, piTM-score = 0.4223, interface-score = 0.5266, iRes = 139  iCnt = 146 
Info: MYD88-DD_x6 model_5_multimer_v2_p1_230115_295440_recycled_11,  tol =  3.35, pLDDT = 68.15, pTM-score = 0.4365, piTM-score = 0.4304, interface-score = 0.5324, iRes = 138  iCnt = 146 
Info: MYD88-DD_x6 model_5_multimer_v2_p1_230115_295440_recycled_12,  tol =  4.06, pLDDT = 67.97, pTM-score = 0.4319, piTM-score = 0.4285, interface-score = 0.5307, iRes = 137  iCnt = 145 
Info: MYD88-DD_x6 model_5_multimer_v2_p1_230115_295440_recycled_13,  tol =  2.58, pLDDT = 68.16, pTM-score = 0.4340, piTM-score = 0.4306, interface-score = 0.5309, iRes = 141  iCnt = 151 
Info: MYD88-DD_x6 model_5_multimer_v2_p1_230115_295440_recycled_14,  tol =  2.50, pLDDT = 68.06, pTM-score = 0.4336, piTM-score = 0.4276, interface-score = 0.5282, iRes = 130  iCnt = 138 
Info: MYD88-DD_x6 model_5_multimer_v2_p1_230115_295440_recycled_15,  tol =  5.84, pLDDT = 68.06, pTM-score = 0.4364, piTM-score = 0.4336, interface-score = 0.5404, iRes = 138  iCnt = 147 
Info: MYD88-DD_x6 model_5_multimer_v2_p1_230115_295440_recycled_16,  tol =  4.92, pLDDT = 68.41, pTM-score = 0.4422, piTM-score = 0.4395, interface-score = 0.5451, iRes = 138  iCnt = 147 
Info: MYD88-DD_x6 model_5_multimer_v2_p1_230115_295440_recycled_17,  tol =  3.84, pLDDT = 68.02, pTM-score = 0.4358, piTM-score = 0.4301, interface-score = 0.5384, iRes = 136  iCnt = 145 
Info: MYD88-DD_x6 model_5_multimer_v2_p1_230115_295440_recycled_18,  tol =  3.57, pLDDT = 67.97, pTM-score = 0.4401, piTM-score = 0.4360, interface-score = 0.5384, iRes = 140  iCnt = 143 
Info: MYD88-DD_x6 model_5_multimer_v2_p1_230115_295440_recycled_19,  tol =  2.11, pLDDT = 68.26, pTM-score = 0.4359, piTM-score = 0.4324, interface-score = 0.5338, iRes = 136  iCnt = 141 
Info: MYD88-DD_x6 model_5_multimer_v2_p1_230115_295440 performed 20 recycles, final tol = 4.76, pLDDT = 67.99, pTM-score = 0.4324, piTM-score = 0.4291, interface-score = 0.5337, iRes = 138  iCnt = 144 
Info: num_clusters = 1, cluster_sizes = [6],  clusters = [['MYD88-DD_0', 'MYD88-DD_1', 'MYD88-DD_2', 'MYD88-DD_3', 'MYD88-DD_4', 'MYD88-DD_5']]

I0115 08:05:35.720149 22578553030464 run_af2c_mod.py:404] Final timings for MYD88-DD_x6: {'features': 0.83, 'process_features_model_5_multimer_v2_p1_230115_295440': 0.0, 'predict_and_compile_model_5_multimer_v2_p1_230115_295440': 2081.9}
                                  
================================= 
Global information about the job: 
================================= 
  
Job owner: flobnow(42847)
Job name:  5_AF2C
Node list: ravg1170
Job start: Sun Jan 15 07:30:20 CET 2023
Job end:   Sun Jan 15 08:05:38 CET 2023
Work dir:  /raven/u/flobnow/fluffyAlpaca/scripts/myRuns/MYD88-DD
Command:   /raven/u/flobnow/fluffyAlpaca/scripts/myRuns/MYD88-DD/script2_comp_model_5.sh
  
  
  
==========================================================================================
Information on jobsteps (Note: MaxRSS/AveRSS is the maximum/average over all 
tasks of the per-task memory high-water marks; cf. "man sacct"): 
==========================================================================================
  
JobID            JobName NNodes NTasks  NCPUS        0.00M        0.00M    Elapsed ExitCode
------------- ---------- ------ ------ ------ ------------ ------------ ---------- --------
3884205           5_AF2C      1           108                             00:35:18      0:0
3884205.0        python3      1      1    108    36747.78M    36747.78M   00:35:12      0:0
  
Maximum memory per node: 38.532841 GB (defined as MaxRSS*Ntasks/NNodes)
CPU utilization: 1.9 %
  
