Info: input file name is IL1B
Info: input target list is /u/flobnow/fluffyAlpaca/scripts/myRuns/IL1B/target.lst
Info: input feature directory is /u/flobnow/fluffyAlpaca/feature_files
Info: result output directory is /u/flobnow/fluffyAlpaca/output_files
Info: model preset is multimer_np
Info: msa pairing is all
Info: recycling setting is 1
/bin/sh: /mpcdf/soft/SLE_15/packages/x86_64/alphafold/2.2.0/lib/libtinfo.so.6: no version information available (required by /lib64/libreadline.so.7)
Info: using preset super2
Info: set num_ensemble = 2
Info: set max_recyles = 20
Info: set recycle_tol = 0.1
Info: mas_pairing mode is all
I0117 10:03:59.000581 23094154921792 tpu_client.py:54] Starting the local TPU driver.
I0117 10:03:59.080311 23094154921792 xla_bridge.py:212] Unable to initialize backend 'tpu_driver': Not found: Unable to find driver in registry given worker: local://
I0117 10:03:59.467453 23094154921792 xla_bridge.py:212] Unable to initialize backend 'tpu': Invalid argument: TpuPlatform is not available.
I0117 10:04:02.874279 23094154921792 run_af2c_mod.py:482] Have 1 models: ['model_3_multimer_v2_p1']
Info: working on target IL1B_x6
I0117 10:04:04.876517 23094154921792 run_af2c_mod.py:512] Using random seed 6217776796398179917 for the data pipeline
Info: IL1B_x6 found monomer IL1B msa_depth = 1546, seq_len = 269, num_templ = 20
Info: IL1B reducing the number of structural templates to 4
Info: 6 chain(s) to model {'A': 'IL1B_1', 'B': 'IL1B_1', 'C': 'IL1B_1', 'D': 'IL1B_1', 'E': 'IL1B_1', 'F': 'IL1B_1'}
Info: modeling IL1B_x6 with msa_depth = 1547, seq_len = 1614, num_templ = 24
I0117 10:04:05.653905 23094154921792 run_af2c_mod.py:216] Running model model_3_multimer_v2_p1_230117_179917
I0117 10:04:05.654479 23094154921792 model.py:206] Running predict with shape(feat) = {'msa': (1547, 1614), 'bert_mask': (1547, 1614), 'num_alignments': (), 'aatype': (1614,), 'seq_length': (), 'template_aatype': (24, 1614), 'template_all_atom_mask': (24, 1614, 37), 'template_all_atom_positions': (24, 1614, 37, 3), 'all_atom_positions': (1614, 37, 3), 'template_domain_names': (24,), 'asym_id': (1614,), 'sym_id': (1614,), 'entity_id': (1614,), 'residue_index': (1614,), 'deletion_matrix': (1547, 1614), 'seq_mask': (1614,), 'msa_mask': (1547, 1614), 'cluster_bias_mask': (1547,), 'pdb_residue_index': (1614,)}
I0117 11:54:36.709840 23094154921792 run_af2c_mod.py:271] Total JAX model model_3_multimer_v2_p1_230117_179917 predict time (includes compilation time): 6631.1 seconds
Info: IL1B_x6 model_3_multimer_v2_p1_230117_179917_recycled_00,  tol =   inf, pLDDT = 53.09, pTM-score = 0.2347, piTM-score = 0.3066, interface-score = 0.0373, iRes = 225  iCnt = 486 
Info: IL1B_x6 model_3_multimer_v2_p1_230117_179917_recycled_01,  tol = 89.32, pLDDT = 55.24, pTM-score = 0.2378, piTM-score = 0.0690, interface-score = 0.0222, iRes = 97   iCnt = 127 
Info: IL1B_x6 model_3_multimer_v2_p1_230117_179917_recycled_02,  tol = 18.18, pLDDT = 55.71, pTM-score = 0.2412, piTM-score = 0.0795, interface-score = 0.0262, iRes = 104  iCnt = 154 
Info: IL1B_x6 model_3_multimer_v2_p1_230117_179917_recycled_03,  tol = 15.58, pLDDT = 55.55, pTM-score = 0.2455, piTM-score = 0.0770, interface-score = 0.0144, iRes = 49   iCnt = 48  
Info: IL1B_x6 model_3_multimer_v2_p1_230117_179917_recycled_04,  tol =  9.42, pLDDT = 55.82, pTM-score = 0.2434, piTM-score = 0.0885, interface-score = 0.0108, iRes = 46   iCnt = 44  
Info: IL1B_x6 model_3_multimer_v2_p1_230117_179917_recycled_05,  tol =  8.85, pLDDT = 56.57, pTM-score = 0.2416, piTM-score = 0.0146, interface-score = 0.0001, iRes = 12   iCnt = 8   
Info: IL1B_x6 model_3_multimer_v2_p1_230117_179917_recycled_06,  tol =  8.58, pLDDT = 56.62, pTM-score = 0.2407, piTM-score = 0.0043, interface-score = 0.0000, iRes = 4    iCnt = 3   
Info: IL1B_x6 model_3_multimer_v2_p1_230117_179917_recycled_07,  tol =  4.09, pLDDT = 56.46, pTM-score = 0.2414, piTM-score = 0.0181, interface-score = 0.0002, iRes = 13   iCnt = 14  
Info: IL1B_x6 model_3_multimer_v2_p1_230117_179917_recycled_08,  tol =  5.25, pLDDT = 55.91, pTM-score = 0.2419, piTM-score = 0.0159, interface-score = 0.0002, iRes = 12   iCnt = 10  
Info: IL1B_x6 model_3_multimer_v2_p1_230117_179917_recycled_09,  tol =  5.13, pLDDT = 56.09, pTM-score = 0.2446, piTM-score = 0.0099, interface-score = 0.0001, iRes = 9    iCnt = 6   
Info: IL1B_x6 model_3_multimer_v2_p1_230117_179917_recycled_10,  tol =  3.48, pLDDT = 55.87, pTM-score = 0.2449, piTM-score = 0.0174, interface-score = 0.0003, iRes = 18   iCnt = 10  
Info: IL1B_x6 model_3_multimer_v2_p1_230117_179917_recycled_11,  tol =  6.57, pLDDT = 56.29, pTM-score = 0.2446, piTM-score = 0.0128, interface-score = 0.0001, iRes = 12   iCnt = 7   
Info: IL1B_x6 model_3_multimer_v2_p1_230117_179917_recycled_12,  tol =  6.88, pLDDT = 56.15, pTM-score = 0.2450, piTM-score = 0.0223, interface-score = 0.0004, iRes = 20   iCnt = 15  
Info: IL1B_x6 model_3_multimer_v2_p1_230117_179917_recycled_13,  tol =  4.55, pLDDT = 56.36, pTM-score = 0.2446, piTM-score = 0.0133, interface-score = 0.0001, iRes = 10   iCnt = 7   
Info: IL1B_x6 model_3_multimer_v2_p1_230117_179917_recycled_14,  tol =  6.80, pLDDT = 56.43, pTM-score = 0.2427, piTM-score = 0.0159, interface-score = 0.0002, iRes = 14   iCnt = 9   
Info: IL1B_x6 model_3_multimer_v2_p1_230117_179917_recycled_15,  tol =  6.27, pLDDT = 56.37, pTM-score = 0.2423, piTM-score = 0.0195, interface-score = 0.0002, iRes = 15   iCnt = 11  
Info: IL1B_x6 model_3_multimer_v2_p1_230117_179917_recycled_16,  tol =  3.22, pLDDT = 56.23, pTM-score = 0.2438, piTM-score = 0.0180, interface-score = 0.0002, iRes = 15   iCnt = 9   
Info: IL1B_x6 model_3_multimer_v2_p1_230117_179917_recycled_17,  tol =  6.66, pLDDT = 56.00, pTM-score = 0.2438, piTM-score = 0.0219, interface-score = 0.0003, iRes = 17   iCnt = 11  
Info: IL1B_x6 model_3_multimer_v2_p1_230117_179917_recycled_18,  tol =  4.55, pLDDT = 55.90, pTM-score = 0.2455, piTM-score = 0.0272, interface-score = 0.0005, iRes = 21   iCnt = 15  
Info: IL1B_x6 model_3_multimer_v2_p1_230117_179917_recycled_19,  tol =  4.06, pLDDT = 55.92, pTM-score = 0.2438, piTM-score = 0.0488, interface-score = 0.0012, iRes = 23   iCnt = 19  
Info: IL1B_x6 model_3_multimer_v2_p1_230117_179917 performed 20 recycles, final tol = 4.16, pLDDT = 55.94, pTM-score = 0.2450, piTM-score = 0.0599, interface-score = 0.0021, iRes = 25   iCnt = 18  
Info: num_clusters = 6, cluster_sizes = [1, 1, 1, 1, 1, 1],  clusters = [['IL1B_0'], ['IL1B_1'], ['IL1B_2'], ['IL1B_3'], ['IL1B_4'], ['IL1B_5']]

I0117 11:54:46.578485 23094154921792 run_af2c_mod.py:404] Final timings for IL1B_x6: {'features': 0.77, 'process_features_model_3_multimer_v2_p1_230117_179917': 0.0, 'predict_and_compile_model_3_multimer_v2_p1_230117_179917': 6631.1}
                                  
================================= 
Global information about the job: 
================================= 
  
Job owner: flobnow(42847)
Job name:  3_AF2C
Node list: ravg1145
Job start: Tue Jan 17 10:03:20 CET 2023
Job end:   Tue Jan 17 11:54:51 CET 2023
Work dir:  /raven/u/flobnow/fluffyAlpaca/scripts/myRuns/IL1B
Command:   /raven/u/flobnow/fluffyAlpaca/scripts/myRuns/IL1B/script2_comp_model_3.sh
  
  
  
==========================================================================================
Information on jobsteps (Note: MaxRSS/AveRSS is the maximum/average over all 
tasks of the per-task memory high-water marks; cf. "man sacct"): 
==========================================================================================
  
JobID            JobName NNodes NTasks  NCPUS        0.00M        0.00M    Elapsed ExitCode
------------- ---------- ------ ------ ------ ------------ ------------ ---------- --------
3904187           3_AF2C      1           108                             01:51:31      0:0
3904187.0        python3      1      1    108    80729.20M    80729.20M   01:51:22      0:0
  
Maximum memory per node: 84.650697 GB (defined as MaxRSS*Ntasks/NNodes)
CPU utilization: 1.8 %
  
