Info: input file name is IL1B
Info: input target list is /u/flobnow/fluffyAlpaca/scripts/myRuns/IL1B/target.lst
Info: input feature directory is /u/flobnow/fluffyAlpaca/feature_files
Info: result output directory is /u/flobnow/fluffyAlpaca/output_files
Info: model preset is multimer_np
Info: msa pairing is all
Info: recycling setting is 1
/bin/sh: /mpcdf/soft/SLE_15/packages/x86_64/alphafold/2.2.0/lib/libtinfo.so.6: no version information available (required by /lib64/libreadline.so.7)
Info: using preset super2
Info: set num_ensemble = 2
Info: set max_recyles = 20
Info: set recycle_tol = 0.1
Info: mas_pairing mode is all
I0117 10:03:59.005158 22870433060672 tpu_client.py:54] Starting the local TPU driver.
I0117 10:03:59.080328 22870433060672 xla_bridge.py:212] Unable to initialize backend 'tpu_driver': Not found: Unable to find driver in registry given worker: local://
I0117 10:03:59.400798 22870433060672 xla_bridge.py:212] Unable to initialize backend 'tpu': Invalid argument: TpuPlatform is not available.
I0117 10:04:02.892184 22870433060672 run_af2c_mod.py:482] Have 1 models: ['model_2_multimer_v2_p1']
Info: working on target IL1B_x6
I0117 10:04:05.895017 22870433060672 run_af2c_mod.py:512] Using random seed 4436718582261361720 for the data pipeline
Info: IL1B_x6 found monomer IL1B msa_depth = 1546, seq_len = 269, num_templ = 20
Info: IL1B reducing the number of structural templates to 4
Info: 6 chain(s) to model {'A': 'IL1B_1', 'B': 'IL1B_1', 'C': 'IL1B_1', 'D': 'IL1B_1', 'E': 'IL1B_1', 'F': 'IL1B_1'}
Info: modeling IL1B_x6 with msa_depth = 1547, seq_len = 1614, num_templ = 24
I0117 10:04:06.692524 22870433060672 run_af2c_mod.py:216] Running model model_2_multimer_v2_p1_230117_361720
I0117 10:04:06.693072 22870433060672 model.py:206] Running predict with shape(feat) = {'msa': (1547, 1614), 'bert_mask': (1547, 1614), 'num_alignments': (), 'aatype': (1614,), 'seq_length': (), 'template_aatype': (24, 1614), 'template_all_atom_mask': (24, 1614, 37), 'template_all_atom_positions': (24, 1614, 37, 3), 'all_atom_positions': (1614, 37, 3), 'template_domain_names': (24,), 'asym_id': (1614,), 'sym_id': (1614,), 'entity_id': (1614,), 'residue_index': (1614,), 'deletion_matrix': (1547, 1614), 'seq_mask': (1614,), 'msa_mask': (1547, 1614), 'cluster_bias_mask': (1547,), 'pdb_residue_index': (1614,)}
I0117 11:55:18.124603 22870433060672 run_af2c_mod.py:271] Total JAX model model_2_multimer_v2_p1_230117_361720 predict time (includes compilation time): 6671.4 seconds
Info: IL1B_x6 model_2_multimer_v2_p1_230117_361720_recycled_00,  tol =   inf, pLDDT = 46.83, pTM-score = 0.2334, piTM-score = 0.1105, interface-score = 0.0292, iRes = 125  iCnt = 133 
Info: IL1B_x6 model_2_multimer_v2_p1_230117_361720_recycled_01,  tol = 86.10, pLDDT = 51.50, pTM-score = 0.2364, piTM-score = 0.1358, interface-score = 0.0101, iRes = 47   iCnt = 68  
Info: IL1B_x6 model_2_multimer_v2_p1_230117_361720_recycled_02,  tol = 13.89, pLDDT = 51.34, pTM-score = 0.2369, piTM-score = 0.1254, interface-score = 0.0100, iRes = 47   iCnt = 65  
Info: IL1B_x6 model_2_multimer_v2_p1_230117_361720_recycled_03,  tol =  8.52, pLDDT = 51.33, pTM-score = 0.2368, piTM-score = 0.0856, interface-score = 0.0150, iRes = 68   iCnt = 85  
Info: IL1B_x6 model_2_multimer_v2_p1_230117_361720_recycled_04,  tol =  9.82, pLDDT = 51.20, pTM-score = 0.2362, piTM-score = 0.0854, interface-score = 0.0055, iRes = 39   iCnt = 40  
Info: IL1B_x6 model_2_multimer_v2_p1_230117_361720_recycled_05,  tol = 10.39, pLDDT = 51.13, pTM-score = 0.2357, piTM-score = 0.0764, interface-score = 0.0047, iRes = 37   iCnt = 36  
Info: IL1B_x6 model_2_multimer_v2_p1_230117_361720_recycled_06,  tol =  5.62, pLDDT = 51.55, pTM-score = 0.2366, piTM-score = 0.0113, interface-score = 0.0000, iRes = 8    iCnt = 6   
Info: IL1B_x6 model_2_multimer_v2_p1_230117_361720_recycled_07,  tol = 16.97, pLDDT = 51.60, pTM-score = 0.2387, piTM-score = 0.0228, interface-score = 0.0003, iRes = 16   iCnt = 10  
Info: IL1B_x6 model_2_multimer_v2_p1_230117_361720_recycled_08,  tol = 10.21, pLDDT = 51.96, pTM-score = 0.2416, piTM-score = 0.0792, interface-score = 0.0069, iRes = 45   iCnt = 40  
Info: IL1B_x6 model_2_multimer_v2_p1_230117_361720_recycled_09,  tol =  6.56, pLDDT = 51.81, pTM-score = 0.2432, piTM-score = 0.0695, interface-score = 0.0099, iRes = 56   iCnt = 53  
Info: IL1B_x6 model_2_multimer_v2_p1_230117_361720_recycled_10,  tol =  6.41, pLDDT = 51.28, pTM-score = 0.2428, piTM-score = 0.0789, interface-score = 0.0086, iRes = 51   iCnt = 59  
Info: IL1B_x6 model_2_multimer_v2_p1_230117_361720_recycled_11,  tol =  5.88, pLDDT = 51.28, pTM-score = 0.2419, piTM-score = 0.0762, interface-score = 0.0105, iRes = 58   iCnt = 61  
Info: IL1B_x6 model_2_multimer_v2_p1_230117_361720_recycled_12,  tol =  6.54, pLDDT = 51.52, pTM-score = 0.2416, piTM-score = 0.0800, interface-score = 0.0117, iRes = 64   iCnt = 72  
Info: IL1B_x6 model_2_multimer_v2_p1_230117_361720_recycled_13,  tol = 11.04, pLDDT = 51.21, pTM-score = 0.2420, piTM-score = 0.0758, interface-score = 0.0065, iRes = 45   iCnt = 50  
Info: IL1B_x6 model_2_multimer_v2_p1_230117_361720_recycled_14,  tol = 10.02, pLDDT = 51.02, pTM-score = 0.2423, piTM-score = 0.0379, interface-score = 0.0006, iRes = 22   iCnt = 16  
Info: IL1B_x6 model_2_multimer_v2_p1_230117_361720_recycled_15,  tol = 11.10, pLDDT = 50.83, pTM-score = 0.2416, piTM-score = 0.0284, interface-score = 0.0003, iRes = 19   iCnt = 20  
Info: IL1B_x6 model_2_multimer_v2_p1_230117_361720_recycled_16,  tol =  9.82, pLDDT = 50.93, pTM-score = 0.2410, piTM-score = 0.1019, interface-score = 0.0031, iRes = 31   iCnt = 38  
Info: IL1B_x6 model_2_multimer_v2_p1_230117_361720_recycled_17,  tol = 11.37, pLDDT = 50.92, pTM-score = 0.2389, piTM-score = 0.0281, interface-score = 0.0002, iRes = 17   iCnt = 14  
Info: IL1B_x6 model_2_multimer_v2_p1_230117_361720_recycled_18,  tol =  6.84, pLDDT = 51.02, pTM-score = 0.2388, piTM-score = 0.0316, interface-score = 0.0003, iRes = 18   iCnt = 24  
Info: IL1B_x6 model_2_multimer_v2_p1_230117_361720_recycled_19,  tol =  9.41, pLDDT = 51.17, pTM-score = 0.2389, piTM-score = 0.0301, interface-score = 0.0003, iRes = 19   iCnt = 12  
Info: IL1B_x6 model_2_multimer_v2_p1_230117_361720 performed 20 recycles, final tol = 6.06, pLDDT = 51.43, pTM-score = 0.2386, piTM-score = 0.0236, interface-score = 0.0002, iRes = 16   iCnt = 12  
Info: num_clusters = 6, cluster_sizes = [1, 1, 1, 1, 1, 1],  clusters = [['IL1B_0'], ['IL1B_1'], ['IL1B_2'], ['IL1B_3'], ['IL1B_4'], ['IL1B_5']]

I0117 11:55:25.886473 22870433060672 run_af2c_mod.py:404] Final timings for IL1B_x6: {'features': 0.8, 'process_features_model_2_multimer_v2_p1_230117_361720': 0.0, 'predict_and_compile_model_2_multimer_v2_p1_230117_361720': 6671.4}
                                  
================================= 
Global information about the job: 
================================= 
  
Job owner: flobnow(42847)
Job name:  2_AF2C
Node list: ravg1199
Job start: Tue Jan 17 10:03:20 CET 2023
Job end:   Tue Jan 17 11:55:29 CET 2023
Work dir:  /raven/u/flobnow/fluffyAlpaca/scripts/myRuns/IL1B
Command:   /raven/u/flobnow/fluffyAlpaca/scripts/myRuns/IL1B/script2_comp_model_2.sh
  
  
  
==========================================================================================
Information on jobsteps (Note: MaxRSS/AveRSS is the maximum/average over all 
tasks of the per-task memory high-water marks; cf. "man sacct"): 
==========================================================================================
  
JobID            JobName NNodes NTasks  NCPUS        0.00M        0.00M    Elapsed ExitCode
------------- ---------- ------ ------ ------ ------------ ------------ ---------- --------
3904186           2_AF2C      1           108                             01:52:09      0:0
3904186.0        python3      1      1    108    79624.19M    79624.19M   01:52:00      0:0
  
Maximum memory per node: 83.492016 GB (defined as MaxRSS*Ntasks/NNodes)
CPU utilization: 1.9 %
  
