Info: input file name is BDLD1_PLANKTO
Info: input target list is /u/flobnow/fluffyAlpaca/scripts/myRuns/BDLD1_PLANKTO/target.lst
Info: input feature directory is /u/flobnow/fluffyAlpaca/feature_files
Info: result output directory is /u/flobnow/fluffyAlpaca/output_files
Info: model preset is multimer_np
Info: msa pairing is all
Info: recycling setting is 1
/bin/sh: /mpcdf/soft/SLE_15/packages/x86_64/alphafold/2.2.0/lib/libtinfo.so.6: no version information available (required by /lib64/libreadline.so.7)
Info: using preset super2
Info: set num_ensemble = 2
Info: set max_recyles = 20
Info: set recycle_tol = 0.1
Info: mas_pairing mode is all
I0117 23:13:58.467518 22613414082368 tpu_client.py:54] Starting the local TPU driver.
I0117 23:13:58.610707 22613414082368 xla_bridge.py:212] Unable to initialize backend 'tpu_driver': Not found: Unable to find driver in registry given worker: local://
I0117 23:13:58.965928 22613414082368 xla_bridge.py:212] Unable to initialize backend 'tpu': Invalid argument: TpuPlatform is not available.
I0117 23:14:02.412970 22613414082368 run_af2c_mod.py:482] Have 1 models: ['model_1_multimer_v2_p1']
Info: working on target BDLD1_PLANKTO_x10
I0117 23:14:04.415203 22613414082368 run_af2c_mod.py:512] Using random seed 874682396540839906 for the data pipeline
Info: BDLD1_PLANKTO_x10 found monomer BDLD1_PLANKTO msa_depth = 346, seq_len = 123, num_templ = 10
Info: BDLD1_PLANKTO reducing the number of structural templates to 4
Info: 10 chain(s) to model {'A': 'BDLD1_PLANKTO_1', 'B': 'BDLD1_PLANKTO_1', 'C': 'BDLD1_PLANKTO_1', 'D': 'BDLD1_PLANKTO_1', 'E': 'BDLD1_PLANKTO_1', 'F': 'BDLD1_PLANKTO_1', 'G': 'BDLD1_PLANKTO_1', 'H': 'BDLD1_PLANKTO_1', 'I': 'BDLD1_PLANKTO_1', 'J': 'BDLD1_PLANKTO_1'}
Info: modeling BDLD1_PLANKTO_x10 with msa_depth = 512, seq_len = 1230, num_templ = 40
I0117 23:14:04.602031 22613414082368 run_af2c_mod.py:216] Running model model_1_multimer_v2_p1_230117_839906
I0117 23:14:04.602540 22613414082368 model.py:206] Running predict with shape(feat) = {'msa': (512, 1230), 'bert_mask': (512, 1230), 'num_alignments': (), 'aatype': (1230,), 'seq_length': (), 'template_aatype': (40, 1230), 'template_all_atom_mask': (40, 1230, 37), 'template_all_atom_positions': (40, 1230, 37, 3), 'all_atom_positions': (1230, 37, 3), 'template_domain_names': (40,), 'asym_id': (1230,), 'sym_id': (1230,), 'entity_id': (1230,), 'residue_index': (1230,), 'deletion_matrix': (512, 1230), 'seq_mask': (1230,), 'msa_mask': (512, 1230), 'cluster_bias_mask': (512,), 'pdb_residue_index': (1230,)}
I0118 00:26:23.236701 22613414082368 run_af2c_mod.py:271] Total JAX model model_1_multimer_v2_p1_230117_839906 predict time (includes compilation time): 4338.6 seconds
Info: BDLD1_PLANKTO_x10 model_1_multimer_v2_p1_230117_839906_recycled_00,  tol =   inf, pLDDT = 39.21, pTM-score = 0.1825, piTM-score = 0.1439, interface-score = 0.0348, iRes = 163  iCnt = 229 
Info: BDLD1_PLANKTO_x10 model_1_multimer_v2_p1_230117_839906_recycled_01,  tol = 85.19, pLDDT = 36.71, pTM-score = 0.1769, piTM-score = 0.0946, interface-score = 0.0328, iRes = 161  iCnt = 237 
Info: BDLD1_PLANKTO_x10 model_1_multimer_v2_p1_230117_839906_recycled_02,  tol = 23.91, pLDDT = 38.29, pTM-score = 0.1778, piTM-score = 0.0738, interface-score = 0.0076, iRes = 46   iCnt = 36  
Info: BDLD1_PLANKTO_x10 model_1_multimer_v2_p1_230117_839906_recycled_03,  tol = 15.56, pLDDT = 39.84, pTM-score = 0.1780, piTM-score = 0.0262, interface-score = 0.0002, iRes = 17   iCnt = 15  
Info: BDLD1_PLANKTO_x10 model_1_multimer_v2_p1_230117_839906_recycled_04,  tol = 10.97, pLDDT = 39.25, pTM-score = 0.1832, piTM-score = 0.1773, interface-score = 0.0103, iRes = 52   iCnt = 52  
Info: BDLD1_PLANKTO_x10 model_1_multimer_v2_p1_230117_839906_recycled_05,  tol = 11.91, pLDDT = 40.02, pTM-score = 0.1836, piTM-score = 0.2880, interface-score = 0.0283, iRes = 152  iCnt = 234 
Info: BDLD1_PLANKTO_x10 model_1_multimer_v2_p1_230117_839906_recycled_06,  tol = 10.19, pLDDT = 40.68, pTM-score = 0.1862, piTM-score = 0.0948, interface-score = 0.0162, iRes = 63   iCnt = 63  
Info: BDLD1_PLANKTO_x10 model_1_multimer_v2_p1_230117_839906_recycled_07,  tol =  9.70, pLDDT = 40.97, pTM-score = 0.1867, piTM-score = 0.1240, interface-score = 0.0206, iRes = 79   iCnt = 63  
Info: BDLD1_PLANKTO_x10 model_1_multimer_v2_p1_230117_839906_recycled_08,  tol =  6.22, pLDDT = 42.21, pTM-score = 0.1820, piTM-score = 0.0218, interface-score = 0.0003, iRes = 19   iCnt = 11  
Info: BDLD1_PLANKTO_x10 model_1_multimer_v2_p1_230117_839906_recycled_09,  tol =  5.57, pLDDT = 40.93, pTM-score = 0.1815, piTM-score = 0.0518, interface-score = 0.0021, iRes = 26   iCnt = 15  
Info: BDLD1_PLANKTO_x10 model_1_multimer_v2_p1_230117_839906_recycled_10,  tol =  4.16, pLDDT = 41.75, pTM-score = 0.1841, piTM-score = 0.0886, interface-score = 0.0116, iRes = 52   iCnt = 39  
Info: BDLD1_PLANKTO_x10 model_1_multimer_v2_p1_230117_839906_recycled_11,  tol =  2.80, pLDDT = 41.88, pTM-score = 0.1868, piTM-score = 0.0626, interface-score = 0.0201, iRes = 65   iCnt = 44  
Info: BDLD1_PLANKTO_x10 model_1_multimer_v2_p1_230117_839906_recycled_12,  tol =  1.91, pLDDT = 41.60, pTM-score = 0.1836, piTM-score = 0.0522, interface-score = 0.0115, iRes = 50   iCnt = 29  
Info: BDLD1_PLANKTO_x10 model_1_multimer_v2_p1_230117_839906_recycled_13,  tol =  1.02, pLDDT = 41.98, pTM-score = 0.1836, piTM-score = 0.0496, interface-score = 0.0072, iRes = 38   iCnt = 21  
Info: BDLD1_PLANKTO_x10 model_1_multimer_v2_p1_230117_839906_recycled_14,  tol =  1.27, pLDDT = 42.37, pTM-score = 0.1843, piTM-score = 0.0506, interface-score = 0.0139, iRes = 54   iCnt = 31  
Info: BDLD1_PLANKTO_x10 model_1_multimer_v2_p1_230117_839906_recycled_15,  tol =  0.96, pLDDT = 42.06, pTM-score = 0.1846, piTM-score = 0.0661, interface-score = 0.0238, iRes = 80   iCnt = 57  
Info: BDLD1_PLANKTO_x10 model_1_multimer_v2_p1_230117_839906_recycled_16,  tol =  1.49, pLDDT = 42.97, pTM-score = 0.1857, piTM-score = 0.0724, interface-score = 0.0180, iRes = 65   iCnt = 43  
Info: BDLD1_PLANKTO_x10 model_1_multimer_v2_p1_230117_839906_recycled_17,  tol =  0.97, pLDDT = 42.24, pTM-score = 0.1848, piTM-score = 0.0705, interface-score = 0.0232, iRes = 79   iCnt = 57  
Info: BDLD1_PLANKTO_x10 model_1_multimer_v2_p1_230117_839906_recycled_18,  tol =  1.17, pLDDT = 42.10, pTM-score = 0.1866, piTM-score = 0.0584, interface-score = 0.0213, iRes = 73   iCnt = 49  
Info: BDLD1_PLANKTO_x10 model_1_multimer_v2_p1_230117_839906_recycled_19,  tol =  1.72, pLDDT = 42.50, pTM-score = 0.1860, piTM-score = 0.0614, interface-score = 0.0280, iRes = 88   iCnt = 62  
Info: BDLD1_PLANKTO_x10 model_1_multimer_v2_p1_230117_839906 performed 20 recycles, final tol = 0.91, pLDDT = 42.69, pTM-score = 0.1891, piTM-score = 0.0704, interface-score = 0.0386, iRes = 109  iCnt = 79  
Info: num_clusters = 6, cluster_sizes = [2, 2, 2, 1, 1, 2],  clusters = [['BDLD1_PLANKTO_0', 'BDLD1_PLANKTO_1'], ['BDLD1_PLANKTO_2', 'BDLD1_PLANKTO_3'], ['BDLD1_PLANKTO_4', 'BDLD1_PLANKTO_5'], ['BDLD1_PLANKTO_6'], ['BDLD1_PLANKTO_7'], ['BDLD1_PLANKTO_8', 'BDLD1_PLANKTO_9']]

I0118 00:26:28.542026 22613414082368 run_af2c_mod.py:404] Final timings for BDLD1_PLANKTO_x10: {'features': 0.18, 'process_features_model_1_multimer_v2_p1_230117_839906': 0.0, 'predict_and_compile_model_1_multimer_v2_p1_230117_839906': 4338.6}
                                  
================================= 
Global information about the job: 
================================= 
  
Job owner: flobnow(42847)
Job name:  1_AF2C
Node list: ravg1155
Job start: Tue Jan 17 23:12:46 CET 2023
Job end:   Wed Jan 18 00:26:34 CET 2023
Work dir:  /raven/u/flobnow/fluffyAlpaca/scripts/myRuns/BDLD1_PLANKTO
Command:   /raven/u/flobnow/fluffyAlpaca/scripts/myRuns/BDLD1_PLANKTO/script2_comp_model_1.sh
  
  
  
==========================================================================================
Information on jobsteps (Note: MaxRSS/AveRSS is the maximum/average over all 
tasks of the per-task memory high-water marks; cf. "man sacct"): 
==========================================================================================
  
JobID            JobName NNodes NTasks  NCPUS        0.00M        0.00M    Elapsed ExitCode
------------- ---------- ------ ------ ------ ------------ ------------ ---------- --------
3912886           1_AF2C      1           108                             01:13:48      0:0
3912886.0        python3      1      1    108    55192.81M    55192.81M   01:13:36      0:0
  
Maximum memory per node: 57.873859 GB (defined as MaxRSS*Ntasks/NNodes)
CPU utilization: 1.8 %
  
Info: input file name is BDLD1_PLANKTO
Info: input target list is /u/flobnow/fluffyAlpaca/scripts/myRuns/BDLD1_PLANKTO/target.lst
Info: input feature directory is /u/flobnow/fluffyAlpaca/feature_files
Info: result output directory is /u/flobnow/fluffyAlpaca/output_files
Info: model preset is multimer_np
Info: msa pairing is all
Info: recycling setting is 1
/bin/sh: /mpcdf/soft/SLE_15/packages/x86_64/alphafold/2.2.0/lib/libtinfo.so.6: no version information available (required by /lib64/libreadline.so.7)
Info: using preset super2
Info: set num_ensemble = 2
Info: set max_recyles = 20
Info: set recycle_tol = 0.1
Info: mas_pairing mode is all
I0118 00:14:45.968807 22917844416320 tpu_client.py:54] Starting the local TPU driver.
I0118 00:14:46.126567 22917844416320 xla_bridge.py:212] Unable to initialize backend 'tpu_driver': Not found: Unable to find driver in registry given worker: local://
I0118 00:14:46.486042 22917844416320 xla_bridge.py:212] Unable to initialize backend 'tpu': Invalid argument: TpuPlatform is not available.
I0118 00:14:49.993572 22917844416320 run_af2c_mod.py:482] Have 1 models: ['model_2_multimer_v2_p1']
Info: working on target BDLD1_PLANKTO_x10
I0118 00:14:59.002842 22917844416320 run_af2c_mod.py:512] Using random seed 77730912475813759 for the data pipeline
Info: BDLD1_PLANKTO_x10 found monomer BDLD1_PLANKTO msa_depth = 346, seq_len = 123, num_templ = 10
Info: BDLD1_PLANKTO reducing the number of structural templates to 4
Info: 10 chain(s) to model {'A': 'BDLD1_PLANKTO_1', 'B': 'BDLD1_PLANKTO_1', 'C': 'BDLD1_PLANKTO_1', 'D': 'BDLD1_PLANKTO_1', 'E': 'BDLD1_PLANKTO_1', 'F': 'BDLD1_PLANKTO_1', 'G': 'BDLD1_PLANKTO_1', 'H': 'BDLD1_PLANKTO_1', 'I': 'BDLD1_PLANKTO_1', 'J': 'BDLD1_PLANKTO_1'}
Info: modeling BDLD1_PLANKTO_x10 with msa_depth = 512, seq_len = 1230, num_templ = 40
I0118 00:14:59.168465 22917844416320 run_af2c_mod.py:216] Running model model_2_multimer_v2_p1_230118_813759
I0118 00:14:59.168995 22917844416320 model.py:206] Running predict with shape(feat) = {'msa': (512, 1230), 'bert_mask': (512, 1230), 'num_alignments': (), 'aatype': (1230,), 'seq_length': (), 'template_aatype': (40, 1230), 'template_all_atom_mask': (40, 1230, 37), 'template_all_atom_positions': (40, 1230, 37, 3), 'all_atom_positions': (1230, 37, 3), 'template_domain_names': (40,), 'asym_id': (1230,), 'sym_id': (1230,), 'entity_id': (1230,), 'residue_index': (1230,), 'deletion_matrix': (512, 1230), 'seq_mask': (1230,), 'msa_mask': (512, 1230), 'cluster_bias_mask': (512,), 'pdb_residue_index': (1230,)}
I0118 01:27:21.034079 22917844416320 run_af2c_mod.py:271] Total JAX model model_2_multimer_v2_p1_230118_813759 predict time (includes compilation time): 4341.9 seconds
Info: BDLD1_PLANKTO_x10 model_2_multimer_v2_p1_230118_813759_recycled_00,  tol =   inf, pLDDT = 35.99, pTM-score = 0.1975, piTM-score = 0.1263, interface-score = 0.2761, iRes = 205  iCnt = 177 
Info: BDLD1_PLANKTO_x10 model_2_multimer_v2_p1_230118_813759_recycled_01,  tol = 83.30, pLDDT = 32.70, pTM-score = 0.1852, piTM-score = 0.1309, interface-score = 0.0656, iRes = 92   iCnt = 59  
Info: BDLD1_PLANKTO_x10 model_2_multimer_v2_p1_230118_813759_recycled_02,  tol = 21.41, pLDDT = 32.31, pTM-score = 0.1791, piTM-score = 0.0978, interface-score = 0.0502, iRes = 179  iCnt = 207 
Info: BDLD1_PLANKTO_x10 model_2_multimer_v2_p1_230118_813759_recycled_03,  tol = 21.05, pLDDT = 32.88, pTM-score = 0.1771, piTM-score = 0.1074, interface-score = 0.0321, iRes = 76   iCnt = 95  
Info: BDLD1_PLANKTO_x10 model_2_multimer_v2_p1_230118_813759_recycled_04,  tol = 29.44, pLDDT = 33.60, pTM-score = 0.1821, piTM-score = 0.1217, interface-score = 0.0491, iRes = 64   iCnt = 53  
Info: BDLD1_PLANKTO_x10 model_2_multimer_v2_p1_230118_813759_recycled_05,  tol = 30.44, pLDDT = 34.37, pTM-score = 0.1847, piTM-score = 0.1556, interface-score = 0.0923, iRes = 144  iCnt = 185 
Info: BDLD1_PLANKTO_x10 model_2_multimer_v2_p1_230118_813759_recycled_06,  tol = 19.35, pLDDT = 33.38, pTM-score = 0.1745, piTM-score = 0.1340, interface-score = 0.0725, iRes = 377  iCnt = 655 
Info: BDLD1_PLANKTO_x10 model_2_multimer_v2_p1_230118_813759_recycled_07,  tol = 27.88, pLDDT = 33.48, pTM-score = 0.1766, piTM-score = 0.1955, interface-score = 0.0536, iRes = 215  iCnt = 377 
Info: BDLD1_PLANKTO_x10 model_2_multimer_v2_p1_230118_813759_recycled_08,  tol = 26.73, pLDDT = 33.14, pTM-score = 0.1777, piTM-score = 0.3177, interface-score = 0.0163, iRes = 77   iCnt = 107 
Info: BDLD1_PLANKTO_x10 model_2_multimer_v2_p1_230118_813759_recycled_09,  tol = 21.36, pLDDT = 34.83, pTM-score = 0.1821, piTM-score = 0.3619, interface-score = 0.0170, iRes = 85   iCnt = 157 
Info: BDLD1_PLANKTO_x10 model_2_multimer_v2_p1_230118_813759_recycled_10,  tol = 17.60, pLDDT = 35.61, pTM-score = 0.1828, piTM-score = 0.0902, interface-score = 0.0116, iRes = 45   iCnt = 35  
Info: BDLD1_PLANKTO_x10 model_2_multimer_v2_p1_230118_813759_recycled_11,  tol = 25.93, pLDDT = 35.15, pTM-score = 0.1813, piTM-score = 0.2988, interface-score = 0.0071, iRes = 49   iCnt = 83  
Info: BDLD1_PLANKTO_x10 model_2_multimer_v2_p1_230118_813759_recycled_12,  tol = 20.75, pLDDT = 35.36, pTM-score = 0.1769, piTM-score = 0.2242, interface-score = 0.0102, iRes = 63   iCnt = 66  
Info: BDLD1_PLANKTO_x10 model_2_multimer_v2_p1_230118_813759_recycled_13,  tol = 12.25, pLDDT = 35.14, pTM-score = 0.1764, piTM-score = 0.1421, interface-score = 0.0321, iRes = 144  iCnt = 269 
Info: BDLD1_PLANKTO_x10 model_2_multimer_v2_p1_230118_813759_recycled_14,  tol = 11.16, pLDDT = 35.80, pTM-score = 0.1801, piTM-score = 0.1372, interface-score = 0.0233, iRes = 101  iCnt = 173 
Info: BDLD1_PLANKTO_x10 model_2_multimer_v2_p1_230118_813759_recycled_15,  tol =  8.65, pLDDT = 35.59, pTM-score = 0.1788, piTM-score = 0.1371, interface-score = 0.0157, iRes = 71   iCnt = 104 
Info: BDLD1_PLANKTO_x10 model_2_multimer_v2_p1_230118_813759_recycled_16,  tol =  4.40, pLDDT = 35.77, pTM-score = 0.1794, piTM-score = 0.1159, interface-score = 0.0083, iRes = 45   iCnt = 59  
Info: BDLD1_PLANKTO_x10 model_2_multimer_v2_p1_230118_813759_recycled_17,  tol =  4.30, pLDDT = 35.46, pTM-score = 0.1796, piTM-score = 0.0862, interface-score = 0.0133, iRes = 62   iCnt = 69  
Info: BDLD1_PLANKTO_x10 model_2_multimer_v2_p1_230118_813759_recycled_18,  tol =  3.95, pLDDT = 35.66, pTM-score = 0.1814, piTM-score = 0.2163, interface-score = 0.0060, iRes = 40   iCnt = 32  
Info: BDLD1_PLANKTO_x10 model_2_multimer_v2_p1_230118_813759_recycled_19,  tol = 12.44, pLDDT = 36.01, pTM-score = 0.1881, piTM-score = 0.1462, interface-score = 0.0302, iRes = 69   iCnt = 85  
Info: BDLD1_PLANKTO_x10 model_2_multimer_v2_p1_230118_813759 performed 20 recycles, final tol = 19.04, pLDDT = 35.09, pTM-score = 0.1875, piTM-score = 0.1777, interface-score = 0.0659, iRes = 90   iCnt = 70  
Info: num_clusters = 9, cluster_sizes = [1, 1, 1, 2, 1, 1, 1, 1, 1],  clusters = [['BDLD1_PLANKTO_0'], ['BDLD1_PLANKTO_1'], ['BDLD1_PLANKTO_2'], ['BDLD1_PLANKTO_3', 'BDLD1_PLANKTO_5'], ['BDLD1_PLANKTO_4'], ['BDLD1_PLANKTO_6'], ['BDLD1_PLANKTO_7'], ['BDLD1_PLANKTO_8'], ['BDLD1_PLANKTO_9']]

I0118 01:27:26.499440 22917844416320 run_af2c_mod.py:404] Final timings for BDLD1_PLANKTO_x10: {'features': 0.16, 'process_features_model_2_multimer_v2_p1_230118_813759': 0.0, 'predict_and_compile_model_2_multimer_v2_p1_230118_813759': 4341.9}
                                  
================================= 
Global information about the job: 
================================= 
  
Job owner: flobnow(42847)
Job name:  2_AF2C
Node list: ravg1045
Job start: Wed Jan 18 00:13:36 CET 2023
Job end:   Wed Jan 18 01:27:32 CET 2023
Work dir:  /raven/u/flobnow/fluffyAlpaca/scripts/myRuns/BDLD1_PLANKTO
Command:   /raven/u/flobnow/fluffyAlpaca/scripts/myRuns/BDLD1_PLANKTO/script2_comp_model_2.sh
  
  
  
==========================================================================================
Information on jobsteps (Note: MaxRSS/AveRSS is the maximum/average over all 
tasks of the per-task memory high-water marks; cf. "man sacct"): 
==========================================================================================
  
JobID            JobName NNodes NTasks  NCPUS        0.00M        0.00M    Elapsed ExitCode
------------- ---------- ------ ------ ------ ------------ ------------ ---------- --------
3912889           2_AF2C      1           108                             01:13:56      0:0
3912889.0        python3      1      1    108    56458.95M    56458.95M   01:13:47      0:0
  
Maximum memory per node: 59.201500 GB (defined as MaxRSS*Ntasks/NNodes)
CPU utilization: 1.8 %
  
Info: input file name is BDLD1_PLANKTO
Info: input target list is /u/flobnow/fluffyAlpaca/scripts/myRuns/BDLD1_PLANKTO/target.lst
Info: input feature directory is /u/flobnow/fluffyAlpaca/feature_files
Info: result output directory is /u/flobnow/fluffyAlpaca/output_files
Info: model preset is multimer_np
Info: msa pairing is all
Info: recycling setting is 1
/bin/sh: /mpcdf/soft/SLE_15/packages/x86_64/alphafold/2.2.0/lib/libtinfo.so.6: no version information available (required by /lib64/libreadline.so.7)
Info: using preset super2
Info: set num_ensemble = 2
Info: set max_recyles = 20
Info: set recycle_tol = 0.1
Info: mas_pairing mode is all
I0118 00:46:29.935877 23067566122816 tpu_client.py:54] Starting the local TPU driver.
I0118 00:46:29.936226 23067566122816 xla_bridge.py:212] Unable to initialize backend 'tpu_driver': Not found: Unable to find driver in registry given worker: local://
I0118 00:46:30.283078 23067566122816 xla_bridge.py:212] Unable to initialize backend 'tpu': Invalid argument: TpuPlatform is not available.
I0118 00:46:33.750419 23067566122816 run_af2c_mod.py:482] Have 1 models: ['model_3_multimer_v2_p1']
Info: working on target BDLD1_PLANKTO_x10
I0118 00:46:41.758660 23067566122816 run_af2c_mod.py:512] Using random seed 179939881280947962 for the data pipeline
Info: BDLD1_PLANKTO_x10 found monomer BDLD1_PLANKTO msa_depth = 346, seq_len = 123, num_templ = 10
Info: BDLD1_PLANKTO reducing the number of structural templates to 4
Info: 10 chain(s) to model {'A': 'BDLD1_PLANKTO_1', 'B': 'BDLD1_PLANKTO_1', 'C': 'BDLD1_PLANKTO_1', 'D': 'BDLD1_PLANKTO_1', 'E': 'BDLD1_PLANKTO_1', 'F': 'BDLD1_PLANKTO_1', 'G': 'BDLD1_PLANKTO_1', 'H': 'BDLD1_PLANKTO_1', 'I': 'BDLD1_PLANKTO_1', 'J': 'BDLD1_PLANKTO_1'}
Info: modeling BDLD1_PLANKTO_x10 with msa_depth = 512, seq_len = 1230, num_templ = 40
I0118 00:46:41.894861 23067566122816 run_af2c_mod.py:216] Running model model_3_multimer_v2_p1_230118_947962
I0118 00:46:41.895357 23067566122816 model.py:206] Running predict with shape(feat) = {'msa': (512, 1230), 'bert_mask': (512, 1230), 'num_alignments': (), 'aatype': (1230,), 'seq_length': (), 'template_aatype': (40, 1230), 'template_all_atom_mask': (40, 1230, 37), 'template_all_atom_positions': (40, 1230, 37, 3), 'all_atom_positions': (1230, 37, 3), 'template_domain_names': (40,), 'asym_id': (1230,), 'sym_id': (1230,), 'entity_id': (1230,), 'residue_index': (1230,), 'deletion_matrix': (512, 1230), 'seq_mask': (1230,), 'msa_mask': (512, 1230), 'cluster_bias_mask': (512,), 'pdb_residue_index': (1230,)}
I0118 01:57:00.898584 23067566122816 run_af2c_mod.py:271] Total JAX model model_3_multimer_v2_p1_230118_947962 predict time (includes compilation time): 4219.0 seconds
Info: BDLD1_PLANKTO_x10 model_3_multimer_v2_p1_230118_947962_recycled_00,  tol =   inf, pLDDT = 35.04, pTM-score = 0.1706, piTM-score = 0.1674, interface-score = 0.0302, iRes = 202  iCnt = 323 
Info: BDLD1_PLANKTO_x10 model_3_multimer_v2_p1_230118_947962_recycled_01,  tol = 84.68, pLDDT = 42.97, pTM-score = 0.1797, piTM-score = 0.0204, interface-score = 0.0001, iRes = 15   iCnt = 19  
Info: BDLD1_PLANKTO_x10 model_3_multimer_v2_p1_230118_947962_recycled_02,  tol = 34.78, pLDDT = 45.47, pTM-score = 0.1809, piTM-score = 0.0032, interface-score = 0.0000, iRes = 3    iCnt = 2   
Info: BDLD1_PLANKTO_x10 model_3_multimer_v2_p1_230118_947962_recycled_03,  tol = 28.65, pLDDT = 42.59, pTM-score = 0.1788, piTM-score = 0.0000, interface-score = 0.0000, iRes = 0    iCnt = 0   
Info: BDLD1_PLANKTO_x10 model_3_multimer_v2_p1_230118_947962_recycled_04,  tol = 26.89, pLDDT = 45.99, pTM-score = 0.1819, piTM-score = 0.0000, interface-score = 0.0000, iRes = 0    iCnt = 0   
Info: BDLD1_PLANKTO_x10 model_3_multimer_v2_p1_230118_947962_recycled_05,  tol = 12.36, pLDDT = 44.05, pTM-score = 0.1839, piTM-score = 0.0000, interface-score = 0.0000, iRes = 0    iCnt = 0   
Info: BDLD1_PLANKTO_x10 model_3_multimer_v2_p1_230118_947962_recycled_06,  tol = 17.79, pLDDT = 41.50, pTM-score = 0.1804, piTM-score = 0.0000, interface-score = 0.0000, iRes = 0    iCnt = 0   
Info: BDLD1_PLANKTO_x10 model_3_multimer_v2_p1_230118_947962_recycled_07,  tol =  6.99, pLDDT = 44.28, pTM-score = 0.1857, piTM-score = 0.0000, interface-score = 0.0000, iRes = 0    iCnt = 0   
Info: BDLD1_PLANKTO_x10 model_3_multimer_v2_p1_230118_947962_recycled_08,  tol =  5.34, pLDDT = 42.36, pTM-score = 0.1853, piTM-score = 0.0127, interface-score = 0.0000, iRes = 7    iCnt = 6   
Info: BDLD1_PLANKTO_x10 model_3_multimer_v2_p1_230118_947962_recycled_09,  tol =  5.68, pLDDT = 42.36, pTM-score = 0.1867, piTM-score = 0.0397, interface-score = 0.0001, iRes = 14   iCnt = 15  
Info: BDLD1_PLANKTO_x10 model_3_multimer_v2_p1_230118_947962_recycled_10,  tol =  8.37, pLDDT = 43.01, pTM-score = 0.1844, piTM-score = 0.0000, interface-score = 0.0000, iRes = 0    iCnt = 0   
Info: BDLD1_PLANKTO_x10 model_3_multimer_v2_p1_230118_947962_recycled_11,  tol =  6.66, pLDDT = 42.46, pTM-score = 0.1840, piTM-score = 0.0000, interface-score = 0.0000, iRes = 0    iCnt = 0   
Info: BDLD1_PLANKTO_x10 model_3_multimer_v2_p1_230118_947962_recycled_12,  tol = 12.51, pLDDT = 42.77, pTM-score = 0.1863, piTM-score = 0.0000, interface-score = 0.0000, iRes = 0    iCnt = 0   
Info: BDLD1_PLANKTO_x10 model_3_multimer_v2_p1_230118_947962_recycled_13,  tol =  9.06, pLDDT = 43.30, pTM-score = 0.1871, piTM-score = 0.0000, interface-score = 0.0000, iRes = 0    iCnt = 0   
Info: BDLD1_PLANKTO_x10 model_3_multimer_v2_p1_230118_947962_recycled_14,  tol =  7.39, pLDDT = 48.72, pTM-score = 0.1922, piTM-score = 0.2896, interface-score = 0.0328, iRes = 187  iCnt = 500 
Info: BDLD1_PLANKTO_x10 model_3_multimer_v2_p1_230118_947962_recycled_15,  tol = 22.50, pLDDT = 48.24, pTM-score = 0.1917, piTM-score = 0.0734, interface-score = 0.0002, iRes = 19   iCnt = 34  
Info: BDLD1_PLANKTO_x10 model_3_multimer_v2_p1_230118_947962_recycled_16,  tol = 24.07, pLDDT = 43.92, pTM-score = 0.1867, piTM-score = 0.3564, interface-score = 0.0041, iRes = 42   iCnt = 85  
Info: BDLD1_PLANKTO_x10 model_3_multimer_v2_p1_230118_947962_recycled_17,  tol = 13.20, pLDDT = 44.99, pTM-score = 0.1850, piTM-score = 0.0414, interface-score = 0.0002, iRes = 19   iCnt = 20  
Info: BDLD1_PLANKTO_x10 model_3_multimer_v2_p1_230118_947962_recycled_18,  tol = 18.35, pLDDT = 49.52, pTM-score = 0.1934, piTM-score = 0.0000, interface-score = 0.0000, iRes = 0    iCnt = 0   
Info: BDLD1_PLANKTO_x10 model_3_multimer_v2_p1_230118_947962_recycled_19,  tol = 14.33, pLDDT = 51.66, pTM-score = 0.1958, piTM-score = 0.0000, interface-score = 0.0000, iRes = 0    iCnt = 0   
Info: BDLD1_PLANKTO_x10 model_3_multimer_v2_p1_230118_947962 performed 20 recycles, final tol = 7.68, pLDDT = 48.63, pTM-score = 0.1913, piTM-score = 0.0000, interface-score = 0.0000, iRes = 0    iCnt = 0   
Info: num_clusters = 10, cluster_sizes = [1, 1, 1, 1, 1, 1, 1, 1, 1, 1],  clusters = [['BDLD1_PLANKTO_0'], ['BDLD1_PLANKTO_1'], ['BDLD1_PLANKTO_2'], ['BDLD1_PLANKTO_3'], ['BDLD1_PLANKTO_4'], ['BDLD1_PLANKTO_5'], ['BDLD1_PLANKTO_6'], ['BDLD1_PLANKTO_7'], ['BDLD1_PLANKTO_8'], ['BDLD1_PLANKTO_9']]

I0118 01:57:06.256640 23067566122816 run_af2c_mod.py:404] Final timings for BDLD1_PLANKTO_x10: {'features': 0.13, 'process_features_model_3_multimer_v2_p1_230118_947962': 0.0, 'predict_and_compile_model_3_multimer_v2_p1_230118_947962': 4219.0}
                                  
================================= 
Global information about the job: 
================================= 
  
Job owner: flobnow(42847)
Job name:  3_AF2C
Node list: ravg1164
Job start: Wed Jan 18 00:46:22 CET 2023
Job end:   Wed Jan 18 01:57:09 CET 2023
Work dir:  /raven/u/flobnow/fluffyAlpaca/scripts/myRuns/BDLD1_PLANKTO
Command:   /raven/u/flobnow/fluffyAlpaca/scripts/myRuns/BDLD1_PLANKTO/script2_comp_model_3.sh
  
  
  
==========================================================================================
Information on jobsteps (Note: MaxRSS/AveRSS is the maximum/average over all 
tasks of the per-task memory high-water marks; cf. "man sacct"): 
==========================================================================================
  
JobID            JobName NNodes NTasks  NCPUS        0.00M        0.00M    Elapsed ExitCode
------------- ---------- ------ ------ ------ ------------ ------------ ---------- --------
3912892           3_AF2C      1           108                             01:10:47      0:0
3912892.0        python3      1      1    108    55495.53M    55495.53M   01:10:44      0:0
  
Maximum memory per node: 58.191282 GB (defined as MaxRSS*Ntasks/NNodes)
CPU utilization: 1.9 %
  
Info: input file name is BDLD1_PLANKTO
Info: input target list is /u/flobnow/fluffyAlpaca/scripts/myRuns/BDLD1_PLANKTO/target.lst
Info: input feature directory is /u/flobnow/fluffyAlpaca/feature_files
Info: result output directory is /u/flobnow/fluffyAlpaca/output_files
Info: model preset is multimer_np
Info: msa pairing is all
Info: recycling setting is 1
/bin/sh: /mpcdf/soft/SLE_15/packages/x86_64/alphafold/2.2.0/lib/libtinfo.so.6: no version information available (required by /lib64/libreadline.so.7)
Info: using preset super2
Info: set num_ensemble = 2
Info: set max_recyles = 20
Info: set recycle_tol = 0.1
Info: mas_pairing mode is all
I0118 01:21:18.251220 23050685052736 tpu_client.py:54] Starting the local TPU driver.
I0118 01:21:18.251569 23050685052736 xla_bridge.py:212] Unable to initialize backend 'tpu_driver': Not found: Unable to find driver in registry given worker: local://
I0118 01:21:18.721143 23050685052736 xla_bridge.py:212] Unable to initialize backend 'tpu': Invalid argument: TpuPlatform is not available.
I0118 01:21:22.158298 23050685052736 run_af2c_mod.py:482] Have 1 models: ['model_4_multimer_v2_p1']
Info: working on target BDLD1_PLANKTO_x10
I0118 01:21:23.159527 23050685052736 run_af2c_mod.py:512] Using random seed 8605567447767211980 for the data pipeline
Info: BDLD1_PLANKTO_x10 found monomer BDLD1_PLANKTO msa_depth = 346, seq_len = 123, num_templ = 10
Info: BDLD1_PLANKTO reducing the number of structural templates to 4
Info: 10 chain(s) to model {'A': 'BDLD1_PLANKTO_1', 'B': 'BDLD1_PLANKTO_1', 'C': 'BDLD1_PLANKTO_1', 'D': 'BDLD1_PLANKTO_1', 'E': 'BDLD1_PLANKTO_1', 'F': 'BDLD1_PLANKTO_1', 'G': 'BDLD1_PLANKTO_1', 'H': 'BDLD1_PLANKTO_1', 'I': 'BDLD1_PLANKTO_1', 'J': 'BDLD1_PLANKTO_1'}
Info: modeling BDLD1_PLANKTO_x10 with msa_depth = 512, seq_len = 1230, num_templ = 40
I0118 01:21:23.291701 23050685052736 run_af2c_mod.py:216] Running model model_4_multimer_v2_p1_230118_211980
I0118 01:21:23.292196 23050685052736 model.py:206] Running predict with shape(feat) = {'msa': (512, 1230), 'bert_mask': (512, 1230), 'num_alignments': (), 'aatype': (1230,), 'seq_length': (), 'template_aatype': (40, 1230), 'template_all_atom_mask': (40, 1230, 37), 'template_all_atom_positions': (40, 1230, 37, 3), 'all_atom_positions': (1230, 37, 3), 'template_domain_names': (40,), 'asym_id': (1230,), 'sym_id': (1230,), 'entity_id': (1230,), 'residue_index': (1230,), 'deletion_matrix': (512, 1230), 'seq_mask': (1230,), 'msa_mask': (512, 1230), 'cluster_bias_mask': (512,), 'pdb_residue_index': (1230,)}
I0118 02:31:34.893949 23050685052736 run_af2c_mod.py:271] Total JAX model model_4_multimer_v2_p1_230118_211980 predict time (includes compilation time): 4211.6 seconds
Info: BDLD1_PLANKTO_x10 model_4_multimer_v2_p1_230118_211980_recycled_00,  tol =   inf, pLDDT = 36.38, pTM-score = 0.1816, piTM-score = 0.1315, interface-score = 0.1213, iRes = 158  iCnt = 142 
Info: BDLD1_PLANKTO_x10 model_4_multimer_v2_p1_230118_211980_recycled_01,  tol = 81.67, pLDDT = 35.92, pTM-score = 0.1712, piTM-score = 0.0824, interface-score = 0.0072, iRes = 51   iCnt = 54  
Info: BDLD1_PLANKTO_x10 model_4_multimer_v2_p1_230118_211980_recycled_02,  tol = 19.31, pLDDT = 38.57, pTM-score = 0.1723, piTM-score = 0.0000, interface-score = 0.0000, iRes = 0    iCnt = 0   
Info: BDLD1_PLANKTO_x10 model_4_multimer_v2_p1_230118_211980_recycled_03,  tol = 25.48, pLDDT = 37.94, pTM-score = 0.1729, piTM-score = 0.0000, interface-score = 0.0000, iRes = 0    iCnt = 0   
Info: BDLD1_PLANKTO_x10 model_4_multimer_v2_p1_230118_211980_recycled_04,  tol =  8.23, pLDDT = 39.22, pTM-score = 0.1790, piTM-score = 0.0000, interface-score = 0.0000, iRes = 0    iCnt = 0   
Info: BDLD1_PLANKTO_x10 model_4_multimer_v2_p1_230118_211980_recycled_05,  tol = 11.17, pLDDT = 38.91, pTM-score = 0.1806, piTM-score = 0.0000, interface-score = 0.0000, iRes = 0    iCnt = 0   
Info: BDLD1_PLANKTO_x10 model_4_multimer_v2_p1_230118_211980_recycled_06,  tol =  5.09, pLDDT = 39.91, pTM-score = 0.1793, piTM-score = 0.0000, interface-score = 0.0000, iRes = 0    iCnt = 0   
Info: BDLD1_PLANKTO_x10 model_4_multimer_v2_p1_230118_211980_recycled_07,  tol = 11.08, pLDDT = 38.50, pTM-score = 0.1794, piTM-score = 0.0000, interface-score = 0.0000, iRes = 0    iCnt = 0   
Info: BDLD1_PLANKTO_x10 model_4_multimer_v2_p1_230118_211980_recycled_08,  tol =  9.96, pLDDT = 39.27, pTM-score = 0.1790, piTM-score = 0.0000, interface-score = 0.0000, iRes = 0    iCnt = 0   
Info: BDLD1_PLANKTO_x10 model_4_multimer_v2_p1_230118_211980_recycled_09,  tol =  3.80, pLDDT = 39.40, pTM-score = 0.1795, piTM-score = 0.0000, interface-score = 0.0000, iRes = 0    iCnt = 0   
Info: BDLD1_PLANKTO_x10 model_4_multimer_v2_p1_230118_211980_recycled_10,  tol =  6.28, pLDDT = 39.36, pTM-score = 0.1814, piTM-score = 0.0014, interface-score = 0.0000, iRes = 2    iCnt = 1   
Info: BDLD1_PLANKTO_x10 model_4_multimer_v2_p1_230118_211980_recycled_11,  tol = 11.95, pLDDT = 38.28, pTM-score = 0.1814, piTM-score = 0.0043, interface-score = 0.0000, iRes = 4    iCnt = 2   
Info: BDLD1_PLANKTO_x10 model_4_multimer_v2_p1_230118_211980_recycled_12,  tol =  4.22, pLDDT = 39.78, pTM-score = 0.1800, piTM-score = 0.0000, interface-score = 0.0000, iRes = 0    iCnt = 0   
Info: BDLD1_PLANKTO_x10 model_4_multimer_v2_p1_230118_211980_recycled_13,  tol = 11.90, pLDDT = 39.37, pTM-score = 0.1791, piTM-score = 0.0000, interface-score = 0.0000, iRes = 0    iCnt = 0   
Info: BDLD1_PLANKTO_x10 model_4_multimer_v2_p1_230118_211980_recycled_14,  tol =  6.70, pLDDT = 40.71, pTM-score = 0.1840, piTM-score = 0.0000, interface-score = 0.0000, iRes = 0    iCnt = 0   
Info: BDLD1_PLANKTO_x10 model_4_multimer_v2_p1_230118_211980_recycled_15,  tol =  9.69, pLDDT = 39.53, pTM-score = 0.1824, piTM-score = 0.0000, interface-score = 0.0000, iRes = 0    iCnt = 0   
Info: BDLD1_PLANKTO_x10 model_4_multimer_v2_p1_230118_211980_recycled_16,  tol =  5.31, pLDDT = 39.70, pTM-score = 0.1801, piTM-score = 0.0000, interface-score = 0.0000, iRes = 0    iCnt = 0   
Info: BDLD1_PLANKTO_x10 model_4_multimer_v2_p1_230118_211980_recycled_17,  tol = 10.25, pLDDT = 38.76, pTM-score = 0.1804, piTM-score = 0.0093, interface-score = 0.0000, iRes = 5    iCnt = 4   
Info: BDLD1_PLANKTO_x10 model_4_multimer_v2_p1_230118_211980_recycled_18,  tol =  9.24, pLDDT = 39.49, pTM-score = 0.1800, piTM-score = 0.0000, interface-score = 0.0000, iRes = 0    iCnt = 0   
Info: BDLD1_PLANKTO_x10 model_4_multimer_v2_p1_230118_211980_recycled_19,  tol = 10.83, pLDDT = 38.15, pTM-score = 0.1812, piTM-score = 0.0067, interface-score = 0.0000, iRes = 7    iCnt = 4   
Info: BDLD1_PLANKTO_x10 model_4_multimer_v2_p1_230118_211980 performed 20 recycles, final tol = 5.55, pLDDT = 40.67, pTM-score = 0.1805, piTM-score = 0.0000, interface-score = 0.0000, iRes = 0    iCnt = 0   
Info: num_clusters = 10, cluster_sizes = [1, 1, 1, 1, 1, 1, 1, 1, 1, 1],  clusters = [['BDLD1_PLANKTO_0'], ['BDLD1_PLANKTO_1'], ['BDLD1_PLANKTO_2'], ['BDLD1_PLANKTO_3'], ['BDLD1_PLANKTO_4'], ['BDLD1_PLANKTO_5'], ['BDLD1_PLANKTO_6'], ['BDLD1_PLANKTO_7'], ['BDLD1_PLANKTO_8'], ['BDLD1_PLANKTO_9']]

I0118 02:31:40.007492 23050685052736 run_af2c_mod.py:404] Final timings for BDLD1_PLANKTO_x10: {'features': 0.13, 'process_features_model_4_multimer_v2_p1_230118_211980': 0.0, 'predict_and_compile_model_4_multimer_v2_p1_230118_211980': 4211.6}
                                  
================================= 
Global information about the job: 
================================= 
  
Job owner: flobnow(42847)
Job name:  4_AF2C
Node list: ravg1155
Job start: Wed Jan 18 01:21:03 CET 2023
Job end:   Wed Jan 18 02:31:43 CET 2023
Work dir:  /raven/u/flobnow/fluffyAlpaca/scripts/myRuns/BDLD1_PLANKTO
Command:   /raven/u/flobnow/fluffyAlpaca/scripts/myRuns/BDLD1_PLANKTO/script2_comp_model_4.sh
  
  
  
==========================================================================================
Information on jobsteps (Note: MaxRSS/AveRSS is the maximum/average over all 
tasks of the per-task memory high-water marks; cf. "man sacct"): 
==========================================================================================
  
JobID            JobName NNodes NTasks  NCPUS        0.00M        0.00M    Elapsed ExitCode
------------- ---------- ------ ------ ------ ------------ ------------ ---------- --------
3912895           4_AF2C      1           108                             01:10:40      0:0
3912895.0        python3      1      1    108    55122.46M    55122.46M   01:10:35      0:0
  
Maximum memory per node: 57.800086 GB (defined as MaxRSS*Ntasks/NNodes)
CPU utilization: 1.9 %
  
Info: input file name is BDLD1_PLANKTO
Info: input target list is /u/flobnow/fluffyAlpaca/scripts/myRuns/BDLD1_PLANKTO/target.lst
Info: input feature directory is /u/flobnow/fluffyAlpaca/feature_files
Info: result output directory is /u/flobnow/fluffyAlpaca/output_files
Info: model preset is multimer_np
Info: msa pairing is all
Info: recycling setting is 1
/bin/sh: /mpcdf/soft/SLE_15/packages/x86_64/alphafold/2.2.0/lib/libtinfo.so.6: no version information available (required by /lib64/libreadline.so.7)
Info: using preset super2
Info: set num_ensemble = 2
Info: set max_recyles = 20
Info: set recycle_tol = 0.1
Info: mas_pairing mode is all
I0118 01:57:25.912460 22763106346816 tpu_client.py:54] Starting the local TPU driver.
I0118 01:57:25.912820 22763106346816 xla_bridge.py:212] Unable to initialize backend 'tpu_driver': Not found: Unable to find driver in registry given worker: local://
I0118 01:57:26.263081 22763106346816 xla_bridge.py:212] Unable to initialize backend 'tpu': Invalid argument: TpuPlatform is not available.
I0118 01:57:29.749814 22763106346816 run_af2c_mod.py:482] Have 1 models: ['model_5_multimer_v2_p1']
Info: working on target BDLD1_PLANKTO_x10
I0118 01:57:32.753053 22763106346816 run_af2c_mod.py:512] Using random seed 72008999256926558 for the data pipeline
Info: BDLD1_PLANKTO_x10 found monomer BDLD1_PLANKTO msa_depth = 346, seq_len = 123, num_templ = 10
Info: BDLD1_PLANKTO reducing the number of structural templates to 4
Info: 10 chain(s) to model {'A': 'BDLD1_PLANKTO_1', 'B': 'BDLD1_PLANKTO_1', 'C': 'BDLD1_PLANKTO_1', 'D': 'BDLD1_PLANKTO_1', 'E': 'BDLD1_PLANKTO_1', 'F': 'BDLD1_PLANKTO_1', 'G': 'BDLD1_PLANKTO_1', 'H': 'BDLD1_PLANKTO_1', 'I': 'BDLD1_PLANKTO_1', 'J': 'BDLD1_PLANKTO_1'}
Info: modeling BDLD1_PLANKTO_x10 with msa_depth = 512, seq_len = 1230, num_templ = 40
I0118 01:57:32.902521 22763106346816 run_af2c_mod.py:216] Running model model_5_multimer_v2_p1_230118_926558
I0118 01:57:32.903013 22763106346816 model.py:206] Running predict with shape(feat) = {'msa': (512, 1230), 'bert_mask': (512, 1230), 'num_alignments': (), 'aatype': (1230,), 'seq_length': (), 'template_aatype': (40, 1230), 'template_all_atom_mask': (40, 1230, 37), 'template_all_atom_positions': (40, 1230, 37, 3), 'all_atom_positions': (1230, 37, 3), 'template_domain_names': (40,), 'asym_id': (1230,), 'sym_id': (1230,), 'entity_id': (1230,), 'residue_index': (1230,), 'deletion_matrix': (512, 1230), 'seq_mask': (1230,), 'msa_mask': (512, 1230), 'cluster_bias_mask': (512,), 'pdb_residue_index': (1230,)}
I0118 03:09:28.584339 22763106346816 run_af2c_mod.py:271] Total JAX model model_5_multimer_v2_p1_230118_926558 predict time (includes compilation time): 4315.7 seconds
Info: BDLD1_PLANKTO_x10 model_5_multimer_v2_p1_230118_926558_recycled_00,  tol =   inf, pLDDT = 34.10, pTM-score = 0.1812, piTM-score = 0.1098, interface-score = 0.0417, iRes = 143  iCnt = 158 
Info: BDLD1_PLANKTO_x10 model_5_multimer_v2_p1_230118_926558_recycled_01,  tol = 89.35, pLDDT = 33.29, pTM-score = 0.1828, piTM-score = 0.1436, interface-score = 0.0621, iRes = 220  iCnt = 273 
Info: BDLD1_PLANKTO_x10 model_5_multimer_v2_p1_230118_926558_recycled_02,  tol = 13.56, pLDDT = 33.64, pTM-score = 0.1824, piTM-score = 0.0895, interface-score = 0.0436, iRes = 122  iCnt = 106 
Info: BDLD1_PLANKTO_x10 model_5_multimer_v2_p1_230118_926558_recycled_03,  tol = 14.59, pLDDT = 34.30, pTM-score = 0.1795, piTM-score = 0.0740, interface-score = 0.0038, iRes = 30   iCnt = 27  
Info: BDLD1_PLANKTO_x10 model_5_multimer_v2_p1_230118_926558_recycled_04,  tol = 10.23, pLDDT = 33.23, pTM-score = 0.1850, piTM-score = 0.0930, interface-score = 0.0301, iRes = 79   iCnt = 63  
Info: BDLD1_PLANKTO_x10 model_5_multimer_v2_p1_230118_926558_recycled_05,  tol =  9.13, pLDDT = 34.06, pTM-score = 0.1826, piTM-score = 0.1283, interface-score = 0.0569, iRes = 150  iCnt = 182 
Info: BDLD1_PLANKTO_x10 model_5_multimer_v2_p1_230118_926558_recycled_06,  tol =  8.93, pLDDT = 33.28, pTM-score = 0.1876, piTM-score = 0.1071, interface-score = 0.0472, iRes = 82   iCnt = 56  
Info: BDLD1_PLANKTO_x10 model_5_multimer_v2_p1_230118_926558_recycled_07,  tol = 10.41, pLDDT = 36.02, pTM-score = 0.1932, piTM-score = 0.1045, interface-score = 0.1202, iRes = 119  iCnt = 92  
Info: BDLD1_PLANKTO_x10 model_5_multimer_v2_p1_230118_926558_recycled_08,  tol = 10.71, pLDDT = 35.94, pTM-score = 0.1923, piTM-score = 0.0991, interface-score = 0.1211, iRes = 121  iCnt = 85  
Info: BDLD1_PLANKTO_x10 model_5_multimer_v2_p1_230118_926558_recycled_09,  tol =  4.48, pLDDT = 36.22, pTM-score = 0.1930, piTM-score = 0.1257, interface-score = 0.0336, iRes = 50   iCnt = 36  
Info: BDLD1_PLANKTO_x10 model_5_multimer_v2_p1_230118_926558_recycled_10,  tol =  9.74, pLDDT = 35.47, pTM-score = 0.1888, piTM-score = 0.0216, interface-score = 0.0006, iRes = 17   iCnt = 12  
Info: BDLD1_PLANKTO_x10 model_5_multimer_v2_p1_230118_926558_recycled_11,  tol =  5.07, pLDDT = 35.21, pTM-score = 0.1947, piTM-score = 0.1244, interface-score = 0.0339, iRes = 55   iCnt = 37  
Info: BDLD1_PLANKTO_x10 model_5_multimer_v2_p1_230118_926558_recycled_12,  tol = 12.19, pLDDT = 35.44, pTM-score = 0.1943, piTM-score = 0.1190, interface-score = 0.0688, iRes = 77   iCnt = 51  
Info: BDLD1_PLANKTO_x10 model_5_multimer_v2_p1_230118_926558_recycled_13,  tol =  4.47, pLDDT = 35.87, pTM-score = 0.1910, piTM-score = 0.0933, interface-score = 0.0267, iRes = 47   iCnt = 33  
Info: BDLD1_PLANKTO_x10 model_5_multimer_v2_p1_230118_926558_recycled_14,  tol = 10.02, pLDDT = 36.15, pTM-score = 0.1876, piTM-score = 0.0171, interface-score = 0.0004, iRes = 17   iCnt = 10  
Info: BDLD1_PLANKTO_x10 model_5_multimer_v2_p1_230118_926558_recycled_15,  tol =  6.94, pLDDT = 35.41, pTM-score = 0.1952, piTM-score = 0.1022, interface-score = 0.0571, iRes = 80   iCnt = 60  
Info: BDLD1_PLANKTO_x10 model_5_multimer_v2_p1_230118_926558_recycled_16,  tol = 13.64, pLDDT = 34.42, pTM-score = 0.1975, piTM-score = 0.1246, interface-score = 0.0613, iRes = 114  iCnt = 97  
Info: BDLD1_PLANKTO_x10 model_5_multimer_v2_p1_230118_926558_recycled_17,  tol =  6.37, pLDDT = 34.67, pTM-score = 0.1931, piTM-score = 0.0793, interface-score = 0.0472, iRes = 73   iCnt = 51  
Info: BDLD1_PLANKTO_x10 model_5_multimer_v2_p1_230118_926558_recycled_18,  tol =  5.81, pLDDT = 34.01, pTM-score = 0.1944, piTM-score = 0.0888, interface-score = 0.0275, iRes = 54   iCnt = 40  
Info: BDLD1_PLANKTO_x10 model_5_multimer_v2_p1_230118_926558_recycled_19,  tol =  4.56, pLDDT = 34.42, pTM-score = 0.1989, piTM-score = 0.1051, interface-score = 0.0939, iRes = 112  iCnt = 72  
Info: BDLD1_PLANKTO_x10 model_5_multimer_v2_p1_230118_926558 performed 20 recycles, final tol = 4.67, pLDDT = 34.48, pTM-score = 0.1986, piTM-score = 0.1056, interface-score = 0.0656, iRes = 84   iCnt = 55  
Info: num_clusters = 8, cluster_sizes = [3, 1, 1, 1, 1, 1, 1, 1],  clusters = [['BDLD1_PLANKTO_0', 'BDLD1_PLANKTO_1', 'BDLD1_PLANKTO_2'], ['BDLD1_PLANKTO_3'], ['BDLD1_PLANKTO_4'], ['BDLD1_PLANKTO_5'], ['BDLD1_PLANKTO_6'], ['BDLD1_PLANKTO_7'], ['BDLD1_PLANKTO_8'], ['BDLD1_PLANKTO_9']]

I0118 03:09:33.886595 22763106346816 run_af2c_mod.py:404] Final timings for BDLD1_PLANKTO_x10: {'features': 0.15, 'process_features_model_5_multimer_v2_p1_230118_926558': 0.0, 'predict_and_compile_model_5_multimer_v2_p1_230118_926558': 4315.7}
                                  
================================= 
Global information about the job: 
================================= 
  
Job owner: flobnow(42847)
Job name:  5_AF2C
Node list: ravg1164
Job start: Wed Jan 18 01:57:18 CET 2023
Job end:   Wed Jan 18 03:09:38 CET 2023
Work dir:  /raven/u/flobnow/fluffyAlpaca/scripts/myRuns/BDLD1_PLANKTO
Command:   /raven/u/flobnow/fluffyAlpaca/scripts/myRuns/BDLD1_PLANKTO/script2_comp_model_5.sh
  
  
  
==========================================================================================
Information on jobsteps (Note: MaxRSS/AveRSS is the maximum/average over all 
tasks of the per-task memory high-water marks; cf. "man sacct"): 
==========================================================================================
  
JobID            JobName NNodes NTasks  NCPUS        0.00M        0.00M    Elapsed ExitCode
------------- ---------- ------ ------ ------ ------------ ------------ ---------- --------
3912898           5_AF2C      1           108                             01:12:20      0:0
3912898.0        python3      1      1    108    56348.16M    56348.16M   01:12:17      0:0
  
Maximum memory per node: 59.085324 GB (defined as MaxRSS*Ntasks/NNodes)
CPU utilization: 1.9 %
  
Info: target file is /u/flobnow/fluffyAlpaca/scripts/myRuns/BDLD1_PLANKTO/target.lst
Info: input directory of unrelaxed models is /u/flobnow/fluffyAlpaca/output_files
Info: output directory of relaxed models is /u/flobnow/fluffyAlpaca/output_files
/bin/sh: /mpcdf/soft/SLE_15/packages/x86_64/alphafold/2.2.0/lib/libtinfo.so.6: no version information available (required by /lib64/libreadline.so.7)
I0118 03:11:56.116374 23368903526208 run_af2c_min.py:88] BDLD1_PLANKTO_x10 processing model_3_multimer_v2_p1_230118_947962.pdb
sh: /mpcdf/soft/SLE_15/packages/x86_64/alphafold/2.2.0/lib/libtinfo.so.6: no version information available (required by /lib64/libreadline.so.7)
sh: /mpcdf/soft/SLE_15/packages/x86_64/alphafold/2.2.0/lib/libtinfo.so.6: no version information available (required by /lib64/libreadline.so.7)
I0118 03:12:22.746009 23368903526208 amber_minimize.py:177] alterations info: {'nonstandard_residues': [], 'removed_heterogens': set(), 'missing_residues': {}, 'missing_heavy_atoms': {}, 'missing_terminals': {<Residue 122 (GLN) of chain 0>: ['OXT'], <Residue 245 (GLN) of chain 1>: ['OXT'], <Residue 368 (GLN) of chain 2>: ['OXT'], <Residue 491 (GLN) of chain 3>: ['OXT'], <Residue 614 (GLN) of chain 4>: ['OXT'], <Residue 737 (GLN) of chain 5>: ['OXT'], <Residue 860 (GLN) of chain 6>: ['OXT'], <Residue 983 (GLN) of chain 7>: ['OXT'], <Residue 1106 (GLN) of chain 8>: ['OXT'], <Residue 1229 (GLN) of chain 9>: ['OXT']}, 'Se_in_MET': [], 'removed_chains': {0: []}}
I0118 03:12:24.788557 23368903526208 amber_minimize.py:408] Minimizing protein, attempt 1 of 100.
I0118 03:12:26.799529 23368903526208 amber_minimize.py:69] Restraining 10350 / 20420 particles.
sh: /mpcdf/soft/SLE_15/packages/x86_64/alphafold/2.2.0/lib/libtinfo.so.6: no version information available (required by /lib64/libreadline.so.7)
I0118 03:15:35.653340 23368903526208 amber_minimize.py:177] alterations info: {'nonstandard_residues': [], 'removed_heterogens': set(), 'missing_residues': {}, 'missing_heavy_atoms': {}, 'missing_terminals': {}, 'Se_in_MET': [], 'removed_chains': {0: []}}
I0118 03:15:37.666524 23368903526208 tpu_client.py:54] Starting the local TPU driver.
I0118 03:15:37.666825 23368903526208 xla_bridge.py:212] Unable to initialize backend 'tpu_driver': Not found: Unable to find driver in registry given worker: local://
I0118 03:15:37.883853 23368903526208 xla_bridge.py:212] Unable to initialize backend 'tpu': Invalid argument: TpuPlatform is not available.
I0118 03:15:52.679903 23368903526208 amber_minimize.py:500] Iteration completed: Einit 149278.98 Efinal -18506.48 Time 166.25 s num residue violations 0 num residue exclusions 0 
sh: /mpcdf/soft/SLE_15/packages/x86_64/alphafold/2.2.0/lib/libtinfo.so.6: no version information available (required by /lib64/libreadline.so.7)
sh: /mpcdf/soft/SLE_15/packages/x86_64/alphafold/2.2.0/lib/libtinfo.so.6: no version information available (required by /lib64/libreadline.so.7)
I0118 03:16:15.007714 23368903526208 amber_minimize.py:177] alterations info: {'nonstandard_residues': [], 'removed_heterogens': set(), 'missing_residues': {}, 'missing_heavy_atoms': {}, 'missing_terminals': {<Residue 122 (GLN) of chain 0>: ['OXT'], <Residue 245 (GLN) of chain 1>: ['OXT'], <Residue 368 (GLN) of chain 2>: ['OXT'], <Residue 491 (GLN) of chain 3>: ['OXT'], <Residue 614 (GLN) of chain 4>: ['OXT'], <Residue 737 (GLN) of chain 5>: ['OXT'], <Residue 860 (GLN) of chain 6>: ['OXT'], <Residue 983 (GLN) of chain 7>: ['OXT'], <Residue 1106 (GLN) of chain 8>: ['OXT'], <Residue 1229 (GLN) of chain 9>: ['OXT']}, 'Se_in_MET': [], 'removed_chains': {0: []}}
I0118 03:16:19.021891 23368903526208 run_af2c_min.py:110] BDLD1_PLANKTO_x10 relaxation done, time spent 262.3 seconds, Efinal -18506.48, rmsd 0.46
I0118 03:16:19.022014 23368903526208 run_af2c_min.py:88] BDLD1_PLANKTO_x10 processing model_4_multimer_v2_p1_230118_211980.pdb
sh: /mpcdf/soft/SLE_15/packages/x86_64/alphafold/2.2.0/lib/libtinfo.so.6: no version information available (required by /lib64/libreadline.so.7)
sh: /mpcdf/soft/SLE_15/packages/x86_64/alphafold/2.2.0/lib/libtinfo.so.6: no version information available (required by /lib64/libreadline.so.7)
I0118 03:16:41.537402 23368903526208 amber_minimize.py:177] alterations info: {'nonstandard_residues': [], 'removed_heterogens': set(), 'missing_residues': {}, 'missing_heavy_atoms': {}, 'missing_terminals': {<Residue 122 (GLN) of chain 0>: ['OXT'], <Residue 245 (GLN) of chain 1>: ['OXT'], <Residue 368 (GLN) of chain 2>: ['OXT'], <Residue 491 (GLN) of chain 3>: ['OXT'], <Residue 614 (GLN) of chain 4>: ['OXT'], <Residue 737 (GLN) of chain 5>: ['OXT'], <Residue 860 (GLN) of chain 6>: ['OXT'], <Residue 983 (GLN) of chain 7>: ['OXT'], <Residue 1106 (GLN) of chain 8>: ['OXT'], <Residue 1229 (GLN) of chain 9>: ['OXT']}, 'Se_in_MET': [], 'removed_chains': {0: []}}
I0118 03:16:43.460994 23368903526208 amber_minimize.py:408] Minimizing protein, attempt 1 of 100.
I0118 03:16:45.424361 23368903526208 amber_minimize.py:69] Restraining 10350 / 20420 particles.
sh: /mpcdf/soft/SLE_15/packages/x86_64/alphafold/2.2.0/lib/libtinfo.so.6: no version information available (required by /lib64/libreadline.so.7)
I0118 03:20:26.576187 23368903526208 amber_minimize.py:177] alterations info: {'nonstandard_residues': [], 'removed_heterogens': set(), 'missing_residues': {}, 'missing_heavy_atoms': {}, 'missing_terminals': {}, 'Se_in_MET': [], 'removed_chains': {0: []}}
I0118 03:20:33.627424 23368903526208 amber_minimize.py:500] Iteration completed: Einit 1299418234028.12 Efinal -15971.67 Time 199.82 s num residue violations 0 num residue exclusions 0 
sh: /mpcdf/soft/SLE_15/packages/x86_64/alphafold/2.2.0/lib/libtinfo.so.6: no version information available (required by /lib64/libreadline.so.7)
sh: /mpcdf/soft/SLE_15/packages/x86_64/alphafold/2.2.0/lib/libtinfo.so.6: no version information available (required by /lib64/libreadline.so.7)
I0118 03:20:55.568325 23368903526208 amber_minimize.py:177] alterations info: {'nonstandard_residues': [], 'removed_heterogens': set(), 'missing_residues': {}, 'missing_heavy_atoms': {}, 'missing_terminals': {<Residue 122 (GLN) of chain 0>: ['OXT'], <Residue 245 (GLN) of chain 1>: ['OXT'], <Residue 368 (GLN) of chain 2>: ['OXT'], <Residue 491 (GLN) of chain 3>: ['OXT'], <Residue 614 (GLN) of chain 4>: ['OXT'], <Residue 737 (GLN) of chain 5>: ['OXT'], <Residue 860 (GLN) of chain 6>: ['OXT'], <Residue 983 (GLN) of chain 7>: ['OXT'], <Residue 1106 (GLN) of chain 8>: ['OXT'], <Residue 1229 (GLN) of chain 9>: ['OXT']}, 'Se_in_MET': [], 'removed_chains': {0: []}}
I0118 03:20:59.527463 23368903526208 run_af2c_min.py:110] BDLD1_PLANKTO_x10 relaxation done, time spent 279.9 seconds, Efinal -15971.67, rmsd 0.44
I0118 03:20:59.527583 23368903526208 run_af2c_min.py:88] BDLD1_PLANKTO_x10 processing model_2_multimer_v2_p1_230118_813759.pdb
sh: /mpcdf/soft/SLE_15/packages/x86_64/alphafold/2.2.0/lib/libtinfo.so.6: no version information available (required by /lib64/libreadline.so.7)
sh: /mpcdf/soft/SLE_15/packages/x86_64/alphafold/2.2.0/lib/libtinfo.so.6: no version information available (required by /lib64/libreadline.so.7)
I0118 03:21:22.046711 23368903526208 amber_minimize.py:177] alterations info: {'nonstandard_residues': [], 'removed_heterogens': set(), 'missing_residues': {}, 'missing_heavy_atoms': {}, 'missing_terminals': {<Residue 122 (GLN) of chain 0>: ['OXT'], <Residue 245 (GLN) of chain 1>: ['OXT'], <Residue 368 (GLN) of chain 2>: ['OXT'], <Residue 491 (GLN) of chain 3>: ['OXT'], <Residue 614 (GLN) of chain 4>: ['OXT'], <Residue 737 (GLN) of chain 5>: ['OXT'], <Residue 860 (GLN) of chain 6>: ['OXT'], <Residue 983 (GLN) of chain 7>: ['OXT'], <Residue 1106 (GLN) of chain 8>: ['OXT'], <Residue 1229 (GLN) of chain 9>: ['OXT']}, 'Se_in_MET': [], 'removed_chains': {0: []}}
I0118 03:21:24.039305 23368903526208 amber_minimize.py:408] Minimizing protein, attempt 1 of 100.
I0118 03:21:26.007592 23368903526208 amber_minimize.py:69] Restraining 10350 / 20420 particles.
sh: /mpcdf/soft/SLE_15/packages/x86_64/alphafold/2.2.0/lib/libtinfo.so.6: no version information available (required by /lib64/libreadline.so.7)
I0118 03:25:12.443930 23368903526208 amber_minimize.py:177] alterations info: {'nonstandard_residues': [], 'removed_heterogens': set(), 'missing_residues': {}, 'missing_heavy_atoms': {}, 'missing_terminals': {}, 'Se_in_MET': [], 'removed_chains': {0: []}}
I0118 03:25:19.508331 23368903526208 amber_minimize.py:500] Iteration completed: Einit 1371188706.26 Efinal -7741.52 Time 205.99 s num residue violations 3 num residue exclusions 0 
I0118 03:25:19.509048 23368903526208 amber_minimize.py:408] Minimizing protein, attempt 1 of 100.
I0118 03:25:21.512208 23368903526208 amber_minimize.py:69] Restraining 10324 / 20420 particles.
sh: /mpcdf/soft/SLE_15/packages/x86_64/alphafold/2.2.0/lib/libtinfo.so.6: no version information available (required by /lib64/libreadline.so.7)
I0118 03:28:20.291246 23368903526208 amber_minimize.py:177] alterations info: {'nonstandard_residues': [], 'removed_heterogens': set(), 'missing_residues': {}, 'missing_heavy_atoms': {}, 'missing_terminals': {}, 'Se_in_MET': [], 'removed_chains': {0: []}}
I0118 03:28:27.381072 23368903526208 amber_minimize.py:500] Iteration completed: Einit 51998.73 Efinal -13510.41 Time 155.72 s num residue violations 3 num residue exclusions 3 
I0118 03:28:27.381943 23368903526208 amber_minimize.py:408] Minimizing protein, attempt 1 of 100.
I0118 03:28:29.375830 23368903526208 amber_minimize.py:69] Restraining 10324 / 20420 particles.
sh: /mpcdf/soft/SLE_15/packages/x86_64/alphafold/2.2.0/lib/libtinfo.so.6: no version information available (required by /lib64/libreadline.so.7)
I0118 03:31:14.725388 23368903526208 amber_minimize.py:177] alterations info: {'nonstandard_residues': [], 'removed_heterogens': set(), 'missing_residues': {}, 'missing_heavy_atoms': {}, 'missing_terminals': {}, 'Se_in_MET': [], 'removed_chains': {0: []}}
I0118 03:31:21.744793 23368903526208 amber_minimize.py:500] Iteration completed: Einit 48062.93 Efinal -15304.97 Time 142.52 s num residue violations 2 num residue exclusions 3 
sh: /mpcdf/soft/SLE_15/packages/x86_64/alphafold/2.2.0/lib/libtinfo.so.6: no version information available (required by /lib64/libreadline.so.7)
sh: /mpcdf/soft/SLE_15/packages/x86_64/alphafold/2.2.0/lib/libtinfo.so.6: no version information available (required by /lib64/libreadline.so.7)
I0118 03:31:44.012885 23368903526208 amber_minimize.py:177] alterations info: {'nonstandard_residues': [], 'removed_heterogens': set(), 'missing_residues': {}, 'missing_heavy_atoms': {}, 'missing_terminals': {<Residue 122 (GLN) of chain 0>: ['OXT'], <Residue 245 (GLN) of chain 1>: ['OXT'], <Residue 368 (GLN) of chain 2>: ['OXT'], <Residue 491 (GLN) of chain 3>: ['OXT'], <Residue 614 (GLN) of chain 4>: ['OXT'], <Residue 737 (GLN) of chain 5>: ['OXT'], <Residue 860 (GLN) of chain 6>: ['OXT'], <Residue 983 (GLN) of chain 7>: ['OXT'], <Residue 1106 (GLN) of chain 8>: ['OXT'], <Residue 1229 (GLN) of chain 9>: ['OXT']}, 'Se_in_MET': [], 'removed_chains': {0: []}}
I0118 03:31:48.012788 23368903526208 run_af2c_min.py:110] BDLD1_PLANKTO_x10 relaxation done, time spent 647.9 seconds, Efinal -15304.97, rmsd 0.38
I0118 03:31:48.012914 23368903526208 run_af2c_min.py:88] BDLD1_PLANKTO_x10 processing model_1_multimer_v2_p1_230117_839906.pdb
sh: /mpcdf/soft/SLE_15/packages/x86_64/alphafold/2.2.0/lib/libtinfo.so.6: no version information available (required by /lib64/libreadline.so.7)
sh: /mpcdf/soft/SLE_15/packages/x86_64/alphafold/2.2.0/lib/libtinfo.so.6: no version information available (required by /lib64/libreadline.so.7)
I0118 03:32:12.019504 23368903526208 amber_minimize.py:177] alterations info: {'nonstandard_residues': [], 'removed_heterogens': set(), 'missing_residues': {}, 'missing_heavy_atoms': {}, 'missing_terminals': {<Residue 122 (GLN) of chain 0>: ['OXT'], <Residue 245 (GLN) of chain 1>: ['OXT'], <Residue 368 (GLN) of chain 2>: ['OXT'], <Residue 491 (GLN) of chain 3>: ['OXT'], <Residue 614 (GLN) of chain 4>: ['OXT'], <Residue 737 (GLN) of chain 5>: ['OXT'], <Residue 860 (GLN) of chain 6>: ['OXT'], <Residue 983 (GLN) of chain 7>: ['OXT'], <Residue 1106 (GLN) of chain 8>: ['OXT'], <Residue 1229 (GLN) of chain 9>: ['OXT']}, 'Se_in_MET': [], 'removed_chains': {0: []}}
I0118 03:32:14.008008 23368903526208 amber_minimize.py:408] Minimizing protein, attempt 1 of 100.
I0118 03:32:16.003667 23368903526208 amber_minimize.py:69] Restraining 10350 / 20400 particles.
sh: /mpcdf/soft/SLE_15/packages/x86_64/alphafold/2.2.0/lib/libtinfo.so.6: no version information available (required by /lib64/libreadline.so.7)
I0118 03:35:31.283736 23368903526208 amber_minimize.py:177] alterations info: {'nonstandard_residues': [], 'removed_heterogens': set(), 'missing_residues': {}, 'missing_heavy_atoms': {}, 'missing_terminals': {}, 'Se_in_MET': [], 'removed_chains': {0: []}}
I0118 03:35:38.374400 23368903526208 amber_minimize.py:500] Iteration completed: Einit 14367646769.48 Efinal -15025.61 Time 175.00 s num residue violations 0 num residue exclusions 0 
sh: /mpcdf/soft/SLE_15/packages/x86_64/alphafold/2.2.0/lib/libtinfo.so.6: no version information available (required by /lib64/libreadline.so.7)
sh: /mpcdf/soft/SLE_15/packages/x86_64/alphafold/2.2.0/lib/libtinfo.so.6: no version information available (required by /lib64/libreadline.so.7)
I0118 03:36:00.667667 23368903526208 amber_minimize.py:177] alterations info: {'nonstandard_residues': [], 'removed_heterogens': set(), 'missing_residues': {}, 'missing_heavy_atoms': {}, 'missing_terminals': {<Residue 122 (GLN) of chain 0>: ['OXT'], <Residue 245 (GLN) of chain 1>: ['OXT'], <Residue 368 (GLN) of chain 2>: ['OXT'], <Residue 491 (GLN) of chain 3>: ['OXT'], <Residue 614 (GLN) of chain 4>: ['OXT'], <Residue 737 (GLN) of chain 5>: ['OXT'], <Residue 860 (GLN) of chain 6>: ['OXT'], <Residue 983 (GLN) of chain 7>: ['OXT'], <Residue 1106 (GLN) of chain 8>: ['OXT'], <Residue 1229 (GLN) of chain 9>: ['OXT']}, 'Se_in_MET': [], 'removed_chains': {0: []}}
I0118 03:36:04.751610 23368903526208 run_af2c_min.py:110] BDLD1_PLANKTO_x10 relaxation done, time spent 256.2 seconds, Efinal -15025.61, rmsd 0.46
I0118 03:36:04.751867 23368903526208 run_af2c_min.py:88] BDLD1_PLANKTO_x10 processing model_5_multimer_v2_p1_230118_926558.pdb
sh: /mpcdf/soft/SLE_15/packages/x86_64/alphafold/2.2.0/lib/libtinfo.so.6: no version information available (required by /lib64/libreadline.so.7)
sh: /mpcdf/soft/SLE_15/packages/x86_64/alphafold/2.2.0/lib/libtinfo.so.6: no version information available (required by /lib64/libreadline.so.7)
I0118 03:36:27.118509 23368903526208 amber_minimize.py:177] alterations info: {'nonstandard_residues': [], 'removed_heterogens': set(), 'missing_residues': {}, 'missing_heavy_atoms': {}, 'missing_terminals': {<Residue 122 (GLN) of chain 0>: ['OXT'], <Residue 245 (GLN) of chain 1>: ['OXT'], <Residue 368 (GLN) of chain 2>: ['OXT'], <Residue 491 (GLN) of chain 3>: ['OXT'], <Residue 614 (GLN) of chain 4>: ['OXT'], <Residue 737 (GLN) of chain 5>: ['OXT'], <Residue 860 (GLN) of chain 6>: ['OXT'], <Residue 983 (GLN) of chain 7>: ['OXT'], <Residue 1106 (GLN) of chain 8>: ['OXT'], <Residue 1229 (GLN) of chain 9>: ['OXT']}, 'Se_in_MET': [], 'removed_chains': {0: []}}
I0118 03:36:29.024347 23368903526208 amber_minimize.py:408] Minimizing protein, attempt 1 of 100.
I0118 03:36:30.994176 23368903526208 amber_minimize.py:69] Restraining 10350 / 20420 particles.
sh: /mpcdf/soft/SLE_15/packages/x86_64/alphafold/2.2.0/lib/libtinfo.so.6: no version information available (required by /lib64/libreadline.so.7)
I0118 03:39:47.182622 23368903526208 amber_minimize.py:177] alterations info: {'nonstandard_residues': [], 'removed_heterogens': set(), 'missing_residues': {}, 'missing_heavy_atoms': {}, 'missing_terminals': {}, 'Se_in_MET': [], 'removed_chains': {0: []}}
I0118 03:39:54.272770 23368903526208 amber_minimize.py:500] Iteration completed: Einit 943986881.50 Efinal -13984.74 Time 173.58 s num residue violations 1 num residue exclusions 0 
I0118 03:39:54.273389 23368903526208 amber_minimize.py:408] Minimizing protein, attempt 1 of 100.
I0118 03:39:56.215201 23368903526208 amber_minimize.py:69] Restraining 10339 / 20420 particles.
sh: /mpcdf/soft/SLE_15/packages/x86_64/alphafold/2.2.0/lib/libtinfo.so.6: no version information available (required by /lib64/libreadline.so.7)
I0118 03:42:47.836256 23368903526208 amber_minimize.py:177] alterations info: {'nonstandard_residues': [], 'removed_heterogens': set(), 'missing_residues': {}, 'missing_heavy_atoms': {}, 'missing_terminals': {}, 'Se_in_MET': [], 'removed_chains': {0: []}}
I0118 03:42:54.861718 23368903526208 amber_minimize.py:500] Iteration completed: Einit 40294.24 Efinal -18245.67 Time 148.55 s num residue violations 0 num residue exclusions 1 
sh: /mpcdf/soft/SLE_15/packages/x86_64/alphafold/2.2.0/lib/libtinfo.so.6: no version information available (required by /lib64/libreadline.so.7)
sh: /mpcdf/soft/SLE_15/packages/x86_64/alphafold/2.2.0/lib/libtinfo.so.6: no version information available (required by /lib64/libreadline.so.7)
I0118 03:43:17.192550 23368903526208 amber_minimize.py:177] alterations info: {'nonstandard_residues': [], 'removed_heterogens': set(), 'missing_residues': {}, 'missing_heavy_atoms': {}, 'missing_terminals': {<Residue 122 (GLN) of chain 0>: ['OXT'], <Residue 245 (GLN) of chain 1>: ['OXT'], <Residue 368 (GLN) of chain 2>: ['OXT'], <Residue 491 (GLN) of chain 3>: ['OXT'], <Residue 614 (GLN) of chain 4>: ['OXT'], <Residue 737 (GLN) of chain 5>: ['OXT'], <Residue 860 (GLN) of chain 6>: ['OXT'], <Residue 983 (GLN) of chain 7>: ['OXT'], <Residue 1106 (GLN) of chain 8>: ['OXT'], <Residue 1229 (GLN) of chain 9>: ['OXT']}, 'Se_in_MET': [], 'removed_chains': {0: []}}
I0118 03:43:21.337247 23368903526208 run_af2c_min.py:110] BDLD1_PLANKTO_x10 relaxation done, time spent 435.9 seconds, Efinal -18245.67, rmsd 0.39
                                  
================================= 
Global information about the job: 
================================= 
  
Job owner: flobnow(42847)
Job name:  6_RLX
Node list: ravg1164
Job start: Wed Jan 18 03:11:45 CET 2023
Job end:   Wed Jan 18 03:43:23 CET 2023
Work dir:  /raven/u/flobnow/fluffyAlpaca/scripts/myRuns/BDLD1_PLANKTO
Command:   /raven/u/flobnow/fluffyAlpaca/scripts/myRuns/BDLD1_PLANKTO/script3_relaxation.sh
  
  
  
==========================================================================================
Information on jobsteps (Note: MaxRSS/AveRSS is the maximum/average over all 
tasks of the per-task memory high-water marks; cf. "man sacct"): 
==========================================================================================
  
JobID            JobName NNodes NTasks  NCPUS        0.00M        0.00M    Elapsed ExitCode
------------- ---------- ------ ------ ------ ------------ ------------ ---------- --------
3912901            6_RLX      1           108                             00:31:38      0:0
3912901.0        python3      1      1    108    19877.53M    19877.53M   00:31:33      0:0
  
Maximum memory per node: 20.843097 GB (defined as MaxRSS*Ntasks/NNodes)
CPU utilization: 70.6 %
  
