Info: input file name is BDLD1_NOSTOC
Info: input target list is /u/flobnow/fluffyAlpaca/scripts/myRuns/BDLD1_NOSTOC/target.lst
Info: input feature directory is /u/flobnow/fluffyAlpaca/feature_files
Info: result output directory is /u/flobnow/fluffyAlpaca/output_files
Info: model preset is multimer_np
Info: msa pairing is all
Info: recycling setting is 1
/bin/sh: /mpcdf/soft/SLE_15/packages/x86_64/alphafold/2.2.0/lib/libtinfo.so.6: no version information available (required by /lib64/libreadline.so.7)
Info: using preset super2
Info: set num_ensemble = 2
Info: set max_recyles = 20
Info: set recycle_tol = 0.1
Info: mas_pairing mode is all
I0117 22:57:35.940044 22755653912384 tpu_client.py:54] Starting the local TPU driver.
I0117 22:57:36.043549 22755653912384 xla_bridge.py:212] Unable to initialize backend 'tpu_driver': Not found: Unable to find driver in registry given worker: local://
I0117 22:57:36.397444 22755653912384 xla_bridge.py:212] Unable to initialize backend 'tpu': Invalid argument: TpuPlatform is not available.
I0117 22:57:39.909554 22755653912384 run_af2c_mod.py:482] Have 1 models: ['model_1_multimer_v2_p1']
Info: working on target BDLD1_NOSTOC_x10
I0117 22:57:44.914782 22755653912384 run_af2c_mod.py:512] Using random seed 5159993530648690099 for the data pipeline
Info: BDLD1_NOSTOC_x10 found monomer BDLD1_NOSTOC msa_depth = 445, seq_len = 107, num_templ = 8
Info: BDLD1_NOSTOC reducing the number of structural templates to 4
Info: 10 chain(s) to model {'A': 'BDLD1_NOSTOC_1', 'B': 'BDLD1_NOSTOC_1', 'C': 'BDLD1_NOSTOC_1', 'D': 'BDLD1_NOSTOC_1', 'E': 'BDLD1_NOSTOC_1', 'F': 'BDLD1_NOSTOC_1', 'G': 'BDLD1_NOSTOC_1', 'H': 'BDLD1_NOSTOC_1', 'I': 'BDLD1_NOSTOC_1', 'J': 'BDLD1_NOSTOC_1'}
Info: modeling BDLD1_NOSTOC_x10 with msa_depth = 512, seq_len = 1070, num_templ = 40
I0117 22:57:45.084408 22755653912384 run_af2c_mod.py:216] Running model model_1_multimer_v2_p1_230117_690099
I0117 22:57:45.084908 22755653912384 model.py:206] Running predict with shape(feat) = {'msa': (512, 1070), 'bert_mask': (512, 1070), 'num_alignments': (), 'aatype': (1070,), 'seq_length': (), 'template_aatype': (40, 1070), 'template_all_atom_mask': (40, 1070, 37), 'template_all_atom_positions': (40, 1070, 37, 3), 'all_atom_positions': (1070, 37, 3), 'template_domain_names': (40,), 'asym_id': (1070,), 'sym_id': (1070,), 'entity_id': (1070,), 'residue_index': (1070,), 'deletion_matrix': (512, 1070), 'seq_mask': (1070,), 'msa_mask': (512, 1070), 'cluster_bias_mask': (512,), 'pdb_residue_index': (1070,)}
I0117 23:50:52.425039 22755653912384 run_af2c_mod.py:271] Total JAX model model_1_multimer_v2_p1_230117_690099 predict time (includes compilation time): 3187.3 seconds
Info: BDLD1_NOSTOC_x10 model_1_multimer_v2_p1_230117_690099_recycled_00,  tol =   inf, pLDDT = 41.72, pTM-score = 0.1941, piTM-score = 0.0899, interface-score = 0.0822, iRes = 82   iCnt = 58  
Info: BDLD1_NOSTOC_x10 model_1_multimer_v2_p1_230117_690099_recycled_01,  tol = 81.63, pLDDT = 43.62, pTM-score = 0.1979, piTM-score = 0.0815, interface-score = 0.0865, iRes = 133  iCnt = 107 
Info: BDLD1_NOSTOC_x10 model_1_multimer_v2_p1_230117_690099_recycled_02,  tol = 22.37, pLDDT = 44.96, pTM-score = 0.2412, piTM-score = 0.2095, interface-score = 0.3092, iRes = 286  iCnt = 293 
Info: BDLD1_NOSTOC_x10 model_1_multimer_v2_p1_230117_690099_recycled_03,  tol = 18.78, pLDDT = 44.25, pTM-score = 0.2207, piTM-score = 0.2565, interface-score = 0.3049, iRes = 303  iCnt = 649 
Info: BDLD1_NOSTOC_x10 model_1_multimer_v2_p1_230117_690099_recycled_04,  tol = 23.12, pLDDT = 44.66, pTM-score = 0.1906, piTM-score = 0.0939, interface-score = 0.0884, iRes = 120  iCnt = 83  
Info: BDLD1_NOSTOC_x10 model_1_multimer_v2_p1_230117_690099_recycled_05,  tol = 27.15, pLDDT = 45.19, pTM-score = 0.1934, piTM-score = 0.1270, interface-score = 0.2111, iRes = 164  iCnt = 130 
Info: BDLD1_NOSTOC_x10 model_1_multimer_v2_p1_230117_690099_recycled_06,  tol =  8.32, pLDDT = 42.02, pTM-score = 0.2065, piTM-score = 0.1705, interface-score = 0.1363, iRes = 142  iCnt = 124 
Info: BDLD1_NOSTOC_x10 model_1_multimer_v2_p1_230117_690099_recycled_07,  tol = 21.00, pLDDT = 44.49, pTM-score = 0.1838, piTM-score = 0.0054, interface-score = 0.0000, iRes = 4    iCnt = 3   
Info: BDLD1_NOSTOC_x10 model_1_multimer_v2_p1_230117_690099_recycled_08,  tol = 35.30, pLDDT = 46.23, pTM-score = 0.1834, piTM-score = 0.0014, interface-score = 0.0000, iRes = 2    iCnt = 1   
Info: BDLD1_NOSTOC_x10 model_1_multimer_v2_p1_230117_690099_recycled_09,  tol = 15.07, pLDDT = 46.14, pTM-score = 0.1846, piTM-score = 0.1842, interface-score = 0.0459, iRes = 182  iCnt = 373 
Info: BDLD1_NOSTOC_x10 model_1_multimer_v2_p1_230117_690099_recycled_10,  tol = 31.37, pLDDT = 47.91, pTM-score = 0.1835, piTM-score = 0.2233, interface-score = 0.0464, iRes = 171  iCnt = 334 
Info: BDLD1_NOSTOC_x10 model_1_multimer_v2_p1_230117_690099_recycled_11,  tol = 17.43, pLDDT = 48.94, pTM-score = 0.1760, piTM-score = 0.0000, interface-score = 0.0000, iRes = 0    iCnt = 0   
Info: BDLD1_NOSTOC_x10 model_1_multimer_v2_p1_230117_690099_recycled_12,  tol = 13.23, pLDDT = 47.04, pTM-score = 0.1776, piTM-score = 0.2488, interface-score = 0.0284, iRes = 111  iCnt = 248 
Info: BDLD1_NOSTOC_x10 model_1_multimer_v2_p1_230117_690099_recycled_13,  tol =  9.66, pLDDT = 48.67, pTM-score = 0.1772, piTM-score = 0.0247, interface-score = 0.0002, iRes = 17   iCnt = 12  
Info: BDLD1_NOSTOC_x10 model_1_multimer_v2_p1_230117_690099_recycled_14,  tol = 10.63, pLDDT = 46.66, pTM-score = 0.1788, piTM-score = 0.2536, interface-score = 0.0204, iRes = 80   iCnt = 149 
Info: BDLD1_NOSTOC_x10 model_1_multimer_v2_p1_230117_690099_recycled_15,  tol = 15.17, pLDDT = 48.52, pTM-score = 0.1783, piTM-score = 0.1241, interface-score = 0.0015, iRes = 25   iCnt = 34  
Info: BDLD1_NOSTOC_x10 model_1_multimer_v2_p1_230117_690099_recycled_16,  tol = 11.66, pLDDT = 45.95, pTM-score = 0.1817, piTM-score = 0.1978, interface-score = 0.1006, iRes = 333  iCnt = 758 
Info: BDLD1_NOSTOC_x10 model_1_multimer_v2_p1_230117_690099_recycled_17,  tol = 17.73, pLDDT = 47.65, pTM-score = 0.1785, piTM-score = 0.1582, interface-score = 0.0047, iRes = 47   iCnt = 76  
Info: BDLD1_NOSTOC_x10 model_1_multimer_v2_p1_230117_690099_recycled_18,  tol = 29.80, pLDDT = 47.20, pTM-score = 0.1803, piTM-score = 0.0363, interface-score = 0.0002, iRes = 13   iCnt = 10  
Info: BDLD1_NOSTOC_x10 model_1_multimer_v2_p1_230117_690099_recycled_19,  tol = 23.74, pLDDT = 51.39, pTM-score = 0.1821, piTM-score = 0.0014, interface-score = 0.0000, iRes = 2    iCnt = 1   
Info: BDLD1_NOSTOC_x10 model_1_multimer_v2_p1_230117_690099 performed 20 recycles, final tol = 10.60, pLDDT = 52.64, pTM-score = 0.1876, piTM-score = 0.0045, interface-score = 0.0000, iRes = 4    iCnt = 3   
Info: num_clusters = 10, cluster_sizes = [1, 1, 1, 1, 1, 1, 1, 1, 1, 1],  clusters = [['BDLD1_NOSTOC_0'], ['BDLD1_NOSTOC_1'], ['BDLD1_NOSTOC_2'], ['BDLD1_NOSTOC_3'], ['BDLD1_NOSTOC_4'], ['BDLD1_NOSTOC_5'], ['BDLD1_NOSTOC_6'], ['BDLD1_NOSTOC_7'], ['BDLD1_NOSTOC_8'], ['BDLD1_NOSTOC_9']]

I0117 23:50:57.055402 22755653912384 run_af2c_mod.py:404] Final timings for BDLD1_NOSTOC_x10: {'features': 0.17, 'process_features_model_1_multimer_v2_p1_230117_690099': 0.0, 'predict_and_compile_model_1_multimer_v2_p1_230117_690099': 3187.3}
                                  
================================= 
Global information about the job: 
================================= 
  
Job owner: flobnow(42847)
Job name:  1_AF2C
Node list: ravg1164
Job start: Tue Jan 17 22:56:43 CET 2023
Job end:   Tue Jan 17 23:51:02 CET 2023
Work dir:  /raven/u/flobnow/fluffyAlpaca/scripts/myRuns/BDLD1_NOSTOC
Command:   /raven/u/flobnow/fluffyAlpaca/scripts/myRuns/BDLD1_NOSTOC/script2_comp_model_1.sh
  
  
  
==========================================================================================
Information on jobsteps (Note: MaxRSS/AveRSS is the maximum/average over all 
tasks of the per-task memory high-water marks; cf. "man sacct"): 
==========================================================================================
  
JobID            JobName NNodes NTasks  NCPUS        0.00M        0.00M    Elapsed ExitCode
------------- ---------- ------ ------ ------ ------------ ------------ ---------- --------
3912885           1_AF2C      1           108                             00:54:19      0:0
3912885.0        python3      1      1    108    45066.97M    45066.97M   00:54:07      0:0
  
Maximum memory per node: 47.256146 GB (defined as MaxRSS*Ntasks/NNodes)
CPU utilization: 1.8 %
  
Info: input file name is BDLD1_NOSTOC
Info: input target list is /u/flobnow/fluffyAlpaca/scripts/myRuns/BDLD1_NOSTOC/target.lst
Info: input feature directory is /u/flobnow/fluffyAlpaca/feature_files
Info: result output directory is /u/flobnow/fluffyAlpaca/output_files
Info: model preset is multimer_np
Info: msa pairing is all
Info: recycling setting is 1
/bin/sh: /mpcdf/soft/SLE_15/packages/x86_64/alphafold/2.2.0/lib/libtinfo.so.6: no version information available (required by /lib64/libreadline.so.7)
Info: using preset super2
Info: set num_ensemble = 2
Info: set max_recyles = 20
Info: set recycle_tol = 0.1
Info: mas_pairing mode is all
I0117 23:51:41.411879 23432888473408 tpu_client.py:54] Starting the local TPU driver.
I0117 23:51:41.412233 23432888473408 xla_bridge.py:212] Unable to initialize backend 'tpu_driver': Not found: Unable to find driver in registry given worker: local://
I0117 23:51:41.759188 23432888473408 xla_bridge.py:212] Unable to initialize backend 'tpu': Invalid argument: TpuPlatform is not available.
Info: working on target BDLD1_NOSTOC_x10
I0117 23:51:45.275557 23432888473408 run_af2c_mod.py:482] Have 1 models: ['model_2_multimer_v2_p1']
I0117 23:51:45.275714 23432888473408 run_af2c_mod.py:512] Using random seed 4309520016906042037 for the data pipeline
Info: BDLD1_NOSTOC_x10 found monomer BDLD1_NOSTOC msa_depth = 445, seq_len = 107, num_templ = 8
Info: BDLD1_NOSTOC reducing the number of structural templates to 4
Info: 10 chain(s) to model {'A': 'BDLD1_NOSTOC_1', 'B': 'BDLD1_NOSTOC_1', 'C': 'BDLD1_NOSTOC_1', 'D': 'BDLD1_NOSTOC_1', 'E': 'BDLD1_NOSTOC_1', 'F': 'BDLD1_NOSTOC_1', 'G': 'BDLD1_NOSTOC_1', 'H': 'BDLD1_NOSTOC_1', 'I': 'BDLD1_NOSTOC_1', 'J': 'BDLD1_NOSTOC_1'}
Info: modeling BDLD1_NOSTOC_x10 with msa_depth = 512, seq_len = 1070, num_templ = 40
I0117 23:51:45.409545 23432888473408 run_af2c_mod.py:216] Running model model_2_multimer_v2_p1_230117_042037
I0117 23:51:45.410044 23432888473408 model.py:206] Running predict with shape(feat) = {'msa': (512, 1070), 'bert_mask': (512, 1070), 'num_alignments': (), 'aatype': (1070,), 'seq_length': (), 'template_aatype': (40, 1070), 'template_all_atom_mask': (40, 1070, 37), 'template_all_atom_positions': (40, 1070, 37, 3), 'all_atom_positions': (1070, 37, 3), 'template_domain_names': (40,), 'asym_id': (1070,), 'sym_id': (1070,), 'entity_id': (1070,), 'residue_index': (1070,), 'deletion_matrix': (512, 1070), 'seq_mask': (1070,), 'msa_mask': (512, 1070), 'cluster_bias_mask': (512,), 'pdb_residue_index': (1070,)}
I0118 00:44:20.348598 23432888473408 run_af2c_mod.py:271] Total JAX model model_2_multimer_v2_p1_230117_042037 predict time (includes compilation time): 3154.9 seconds
Info: BDLD1_NOSTOC_x10 model_2_multimer_v2_p1_230117_042037_recycled_00,  tol =   inf, pLDDT = 33.69, pTM-score = 0.1873, piTM-score = 0.1352, interface-score = 0.1011, iRes = 180  iCnt = 183 
Info: BDLD1_NOSTOC_x10 model_2_multimer_v2_p1_230117_042037_recycled_01,  tol = 83.93, pLDDT = 36.56, pTM-score = 0.1937, piTM-score = 0.1034, interface-score = 0.1013, iRes = 226  iCnt = 348 
Info: BDLD1_NOSTOC_x10 model_2_multimer_v2_p1_230117_042037_recycled_02,  tol = 20.46, pLDDT = 38.41, pTM-score = 0.1968, piTM-score = 0.1632, interface-score = 0.1804, iRes = 150  iCnt = 120 
Info: BDLD1_NOSTOC_x10 model_2_multimer_v2_p1_230117_042037_recycled_03,  tol = 31.98, pLDDT = 43.57, pTM-score = 0.2248, piTM-score = 0.1883, interface-score = 0.3839, iRes = 278  iCnt = 254 
Info: BDLD1_NOSTOC_x10 model_2_multimer_v2_p1_230117_042037_recycled_04,  tol = 32.12, pLDDT = 40.32, pTM-score = 0.2127, piTM-score = 0.2063, interface-score = 0.2903, iRes = 275  iCnt = 421 
Info: BDLD1_NOSTOC_x10 model_2_multimer_v2_p1_230117_042037_recycled_05,  tol = 33.69, pLDDT = 42.78, pTM-score = 0.2212, piTM-score = 0.1786, interface-score = 0.4441, iRes = 265  iCnt = 245 
Info: BDLD1_NOSTOC_x10 model_2_multimer_v2_p1_230117_042037_recycled_06,  tol = 25.04, pLDDT = 41.95, pTM-score = 0.2076, piTM-score = 0.1726, interface-score = 0.2794, iRes = 253  iCnt = 223 
Info: BDLD1_NOSTOC_x10 model_2_multimer_v2_p1_230117_042037_recycled_07,  tol = 28.65, pLDDT = 45.29, pTM-score = 0.2209, piTM-score = 0.1760, interface-score = 0.3967, iRes = 403  iCnt = 430 
Info: BDLD1_NOSTOC_x10 model_2_multimer_v2_p1_230117_042037_recycled_08,  tol = 25.96, pLDDT = 41.32, pTM-score = 0.2021, piTM-score = 0.1562, interface-score = 0.3014, iRes = 239  iCnt = 222 
Info: BDLD1_NOSTOC_x10 model_2_multimer_v2_p1_230117_042037_recycled_09,  tol = 26.87, pLDDT = 40.57, pTM-score = 0.2013, piTM-score = 0.1817, interface-score = 0.2522, iRes = 378  iCnt = 500 
Info: BDLD1_NOSTOC_x10 model_2_multimer_v2_p1_230117_042037_recycled_10,  tol = 31.61, pLDDT = 41.85, pTM-score = 0.2056, piTM-score = 0.1589, interface-score = 0.3079, iRes = 238  iCnt = 220 
Info: BDLD1_NOSTOC_x10 model_2_multimer_v2_p1_230117_042037_recycled_11,  tol = 27.02, pLDDT = 41.27, pTM-score = 0.2056, piTM-score = 0.2548, interface-score = 0.3007, iRes = 254  iCnt = 425 
Info: BDLD1_NOSTOC_x10 model_2_multimer_v2_p1_230117_042037_recycled_12,  tol = 27.85, pLDDT = 41.81, pTM-score = 0.2052, piTM-score = 0.2168, interface-score = 0.2295, iRes = 188  iCnt = 180 
Info: BDLD1_NOSTOC_x10 model_2_multimer_v2_p1_230117_042037_recycled_13,  tol = 23.77, pLDDT = 41.63, pTM-score = 0.2136, piTM-score = 0.1613, interface-score = 0.3191, iRes = 307  iCnt = 393 
Info: BDLD1_NOSTOC_x10 model_2_multimer_v2_p1_230117_042037_recycled_14,  tol = 24.23, pLDDT = 43.02, pTM-score = 0.2135, piTM-score = 0.1759, interface-score = 0.3246, iRes = 311  iCnt = 295 
Info: BDLD1_NOSTOC_x10 model_2_multimer_v2_p1_230117_042037_recycled_15,  tol = 23.22, pLDDT = 43.04, pTM-score = 0.2147, piTM-score = 0.1743, interface-score = 0.3554, iRes = 302  iCnt = 276 
Info: BDLD1_NOSTOC_x10 model_2_multimer_v2_p1_230117_042037_recycled_16,  tol = 21.22, pLDDT = 42.47, pTM-score = 0.2054, piTM-score = 0.1617, interface-score = 0.2799, iRes = 252  iCnt = 252 
Info: BDLD1_NOSTOC_x10 model_2_multimer_v2_p1_230117_042037_recycled_17,  tol = 22.10, pLDDT = 42.97, pTM-score = 0.2170, piTM-score = 0.1820, interface-score = 0.3900, iRes = 220  iCnt = 187 
Info: BDLD1_NOSTOC_x10 model_2_multimer_v2_p1_230117_042037_recycled_18,  tol = 19.74, pLDDT = 43.69, pTM-score = 0.2225, piTM-score = 0.1886, interface-score = 0.3633, iRes = 249  iCnt = 216 
Info: BDLD1_NOSTOC_x10 model_2_multimer_v2_p1_230117_042037_recycled_19,  tol = 19.21, pLDDT = 43.34, pTM-score = 0.2221, piTM-score = 0.1851, interface-score = 0.4061, iRes = 228  iCnt = 205 
Info: BDLD1_NOSTOC_x10 model_2_multimer_v2_p1_230117_042037 performed 20 recycles, final tol = 19.81, pLDDT = 39.71, pTM-score = 0.2062, piTM-score = 0.1575, interface-score = 0.0983, iRes = 83   iCnt = 61  
Info: num_clusters = 7, cluster_sizes = [2, 2, 1, 2, 1, 1, 1],  clusters = [['BDLD1_NOSTOC_0', 'BDLD1_NOSTOC_1'], ['BDLD1_NOSTOC_2', 'BDLD1_NOSTOC_4'], ['BDLD1_NOSTOC_3'], ['BDLD1_NOSTOC_5', 'BDLD1_NOSTOC_6'], ['BDLD1_NOSTOC_7'], ['BDLD1_NOSTOC_8'], ['BDLD1_NOSTOC_9']]

I0118 00:44:24.876636 23432888473408 run_af2c_mod.py:404] Final timings for BDLD1_NOSTOC_x10: {'features': 0.13, 'process_features_model_2_multimer_v2_p1_230117_042037': 0.0, 'predict_and_compile_model_2_multimer_v2_p1_230117_042037': 3154.9}
                                  
================================= 
Global information about the job: 
================================= 
  
Job owner: flobnow(42847)
Job name:  2_AF2C
Node list: ravg1164
Job start: Tue Jan 17 23:51:31 CET 2023
Job end:   Wed Jan 18 00:44:27 CET 2023
Work dir:  /raven/u/flobnow/fluffyAlpaca/scripts/myRuns/BDLD1_NOSTOC
Command:   /raven/u/flobnow/fluffyAlpaca/scripts/myRuns/BDLD1_NOSTOC/script2_comp_model_2.sh
  
  
  
==========================================================================================
Information on jobsteps (Note: MaxRSS/AveRSS is the maximum/average over all 
tasks of the per-task memory high-water marks; cf. "man sacct"): 
==========================================================================================
  
JobID            JobName NNodes NTasks  NCPUS        0.00M        0.00M    Elapsed ExitCode
------------- ---------- ------ ------ ------ ------------ ------------ ---------- --------
3912888           2_AF2C      1           108                             00:52:56      0:0
3912888.0        python3      1      1    108    45354.69M    45354.69M   00:52:54      0:0
  
Maximum memory per node: 47.557837 GB (defined as MaxRSS*Ntasks/NNodes)
CPU utilization: 1.9 %
  
Info: input file name is BDLD1_NOSTOC
Info: input target list is /u/flobnow/fluffyAlpaca/scripts/myRuns/BDLD1_NOSTOC/target.lst
Info: input feature directory is /u/flobnow/fluffyAlpaca/feature_files
Info: result output directory is /u/flobnow/fluffyAlpaca/output_files
Info: model preset is multimer_np
Info: msa pairing is all
Info: recycling setting is 1
/bin/sh: /mpcdf/soft/SLE_15/packages/x86_64/alphafold/2.2.0/lib/libtinfo.so.6: no version information available (required by /lib64/libreadline.so.7)
Info: using preset super2
Info: set num_ensemble = 2
Info: set max_recyles = 20
Info: set recycle_tol = 0.1
Info: mas_pairing mode is all
I0118 00:26:54.331834 23116527241024 tpu_client.py:54] Starting the local TPU driver.
I0118 00:26:54.332209 23116527241024 xla_bridge.py:212] Unable to initialize backend 'tpu_driver': Not found: Unable to find driver in registry given worker: local://
I0118 00:26:54.691516 23116527241024 xla_bridge.py:212] Unable to initialize backend 'tpu': Invalid argument: TpuPlatform is not available.
I0118 00:26:58.178323 23116527241024 run_af2c_mod.py:482] Have 1 models: ['model_3_multimer_v2_p1']
Info: working on target BDLD1_NOSTOC_x10
I0118 00:27:06.186572 23116527241024 run_af2c_mod.py:512] Using random seed 7039233242084452743 for the data pipeline
Info: BDLD1_NOSTOC_x10 found monomer BDLD1_NOSTOC msa_depth = 445, seq_len = 107, num_templ = 8
Info: BDLD1_NOSTOC reducing the number of structural templates to 4
Info: 10 chain(s) to model {'A': 'BDLD1_NOSTOC_1', 'B': 'BDLD1_NOSTOC_1', 'C': 'BDLD1_NOSTOC_1', 'D': 'BDLD1_NOSTOC_1', 'E': 'BDLD1_NOSTOC_1', 'F': 'BDLD1_NOSTOC_1', 'G': 'BDLD1_NOSTOC_1', 'H': 'BDLD1_NOSTOC_1', 'I': 'BDLD1_NOSTOC_1', 'J': 'BDLD1_NOSTOC_1'}
Info: modeling BDLD1_NOSTOC_x10 with msa_depth = 512, seq_len = 1070, num_templ = 40
I0118 00:27:06.329169 23116527241024 run_af2c_mod.py:216] Running model model_3_multimer_v2_p1_230118_452743
I0118 00:27:06.329715 23116527241024 model.py:206] Running predict with shape(feat) = {'msa': (512, 1070), 'bert_mask': (512, 1070), 'num_alignments': (), 'aatype': (1070,), 'seq_length': (), 'template_aatype': (40, 1070), 'template_all_atom_mask': (40, 1070, 37), 'template_all_atom_positions': (40, 1070, 37, 3), 'all_atom_positions': (1070, 37, 3), 'template_domain_names': (40,), 'asym_id': (1070,), 'sym_id': (1070,), 'entity_id': (1070,), 'residue_index': (1070,), 'deletion_matrix': (512, 1070), 'seq_mask': (1070,), 'msa_mask': (512, 1070), 'cluster_bias_mask': (512,), 'pdb_residue_index': (1070,)}
I0118 01:20:07.304360 23116527241024 run_af2c_mod.py:271] Total JAX model model_3_multimer_v2_p1_230118_452743 predict time (includes compilation time): 3181.0 seconds
Info: BDLD1_NOSTOC_x10 model_3_multimer_v2_p1_230118_452743_recycled_00,  tol =   inf, pLDDT = 37.66, pTM-score = 0.1968, piTM-score = 0.2552, interface-score = 0.1066, iRes = 78   iCnt = 102 
Info: BDLD1_NOSTOC_x10 model_3_multimer_v2_p1_230118_452743_recycled_01,  tol = 71.89, pLDDT = 42.80, pTM-score = 0.1998, piTM-score = 0.1267, interface-score = 0.0766, iRes = 90   iCnt = 60  
Info: BDLD1_NOSTOC_x10 model_3_multimer_v2_p1_230118_452743_recycled_02,  tol = 13.43, pLDDT = 44.59, pTM-score = 0.1988, piTM-score = 0.0991, interface-score = 0.0333, iRes = 44   iCnt = 34  
Info: BDLD1_NOSTOC_x10 model_3_multimer_v2_p1_230118_452743_recycled_03,  tol =  9.36, pLDDT = 44.45, pTM-score = 0.1986, piTM-score = 0.1078, interface-score = 0.0860, iRes = 89   iCnt = 59  
Info: BDLD1_NOSTOC_x10 model_3_multimer_v2_p1_230118_452743_recycled_04,  tol =  5.42, pLDDT = 45.74, pTM-score = 0.1938, piTM-score = 0.0983, interface-score = 0.0202, iRes = 50   iCnt = 38  
Info: BDLD1_NOSTOC_x10 model_3_multimer_v2_p1_230118_452743_recycled_05,  tol =  3.18, pLDDT = 47.12, pTM-score = 0.1940, piTM-score = 0.0580, interface-score = 0.0042, iRes = 25   iCnt = 15  
Info: BDLD1_NOSTOC_x10 model_3_multimer_v2_p1_230118_452743_recycled_06,  tol =  2.03, pLDDT = 48.10, pTM-score = 0.1921, piTM-score = 0.0164, interface-score = 0.0009, iRes = 20   iCnt = 15  
Info: BDLD1_NOSTOC_x10 model_3_multimer_v2_p1_230118_452743_recycled_07,  tol =  3.33, pLDDT = 49.02, pTM-score = 0.1966, piTM-score = 0.0619, interface-score = 0.0067, iRes = 27   iCnt = 20  
Info: BDLD1_NOSTOC_x10 model_3_multimer_v2_p1_230118_452743_recycled_08,  tol =  2.48, pLDDT = 49.97, pTM-score = 0.1974, piTM-score = 0.0621, interface-score = 0.0067, iRes = 27   iCnt = 20  
Info: BDLD1_NOSTOC_x10 model_3_multimer_v2_p1_230118_452743_recycled_09,  tol =  3.61, pLDDT = 49.22, pTM-score = 0.1930, piTM-score = 0.0626, interface-score = 0.0123, iRes = 36   iCnt = 28  
Info: BDLD1_NOSTOC_x10 model_3_multimer_v2_p1_230118_452743_recycled_10,  tol =  5.59, pLDDT = 49.60, pTM-score = 0.1942, piTM-score = 0.0881, interface-score = 0.0056, iRes = 27   iCnt = 20  
Info: BDLD1_NOSTOC_x10 model_3_multimer_v2_p1_230118_452743_recycled_11,  tol =  2.12, pLDDT = 49.31, pTM-score = 0.1942, piTM-score = 0.0609, interface-score = 0.0058, iRes = 27   iCnt = 21  
Info: BDLD1_NOSTOC_x10 model_3_multimer_v2_p1_230118_452743_recycled_12,  tol =  2.02, pLDDT = 49.96, pTM-score = 0.1954, piTM-score = 0.1113, interface-score = 0.0106, iRes = 33   iCnt = 25  
Info: BDLD1_NOSTOC_x10 model_3_multimer_v2_p1_230118_452743_recycled_13,  tol =  3.98, pLDDT = 51.05, pTM-score = 0.1938, piTM-score = 0.0526, interface-score = 0.0014, iRes = 22   iCnt = 14  
Info: BDLD1_NOSTOC_x10 model_3_multimer_v2_p1_230118_452743_recycled_14,  tol =  3.93, pLDDT = 49.67, pTM-score = 0.1914, piTM-score = 0.0230, interface-score = 0.0007, iRes = 19   iCnt = 12  
Info: BDLD1_NOSTOC_x10 model_3_multimer_v2_p1_230118_452743_recycled_15,  tol =  2.93, pLDDT = 49.47, pTM-score = 0.1922, piTM-score = 0.0275, interface-score = 0.0006, iRes = 19   iCnt = 13  
Info: BDLD1_NOSTOC_x10 model_3_multimer_v2_p1_230118_452743_recycled_16,  tol =  3.80, pLDDT = 48.19, pTM-score = 0.1932, piTM-score = 0.0289, interface-score = 0.0003, iRes = 14   iCnt = 11  
Info: BDLD1_NOSTOC_x10 model_3_multimer_v2_p1_230118_452743_recycled_17,  tol =  2.40, pLDDT = 49.88, pTM-score = 0.1923, piTM-score = 0.0308, interface-score = 0.0007, iRes = 20   iCnt = 14  
Info: BDLD1_NOSTOC_x10 model_3_multimer_v2_p1_230118_452743_recycled_18,  tol =  2.49, pLDDT = 47.08, pTM-score = 0.1954, piTM-score = 0.1171, interface-score = 0.0110, iRes = 34   iCnt = 23  
Info: BDLD1_NOSTOC_x10 model_3_multimer_v2_p1_230118_452743_recycled_19,  tol =  3.40, pLDDT = 48.54, pTM-score = 0.1932, piTM-score = 0.0861, interface-score = 0.0092, iRes = 33   iCnt = 27  
Info: BDLD1_NOSTOC_x10 model_3_multimer_v2_p1_230118_452743 performed 20 recycles, final tol = 3.75, pLDDT = 49.85, pTM-score = 0.1917, piTM-score = 0.0200, interface-score = 0.0008, iRes = 21   iCnt = 15  
Info: num_clusters = 10, cluster_sizes = [1, 1, 1, 1, 1, 1, 1, 1, 1, 1],  clusters = [['BDLD1_NOSTOC_0'], ['BDLD1_NOSTOC_1'], ['BDLD1_NOSTOC_2'], ['BDLD1_NOSTOC_3'], ['BDLD1_NOSTOC_4'], ['BDLD1_NOSTOC_5'], ['BDLD1_NOSTOC_6'], ['BDLD1_NOSTOC_7'], ['BDLD1_NOSTOC_8'], ['BDLD1_NOSTOC_9']]

I0118 01:20:11.981898 23116527241024 run_af2c_mod.py:404] Final timings for BDLD1_NOSTOC_x10: {'features': 0.14, 'process_features_model_3_multimer_v2_p1_230118_452743': 0.0, 'predict_and_compile_model_3_multimer_v2_p1_230118_452743': 3181.0}
                                  
================================= 
Global information about the job: 
================================= 
  
Job owner: flobnow(42847)
Job name:  3_AF2C
Node list: ravg1155
Job start: Wed Jan 18 00:26:43 CET 2023
Job end:   Wed Jan 18 01:20:15 CET 2023
Work dir:  /raven/u/flobnow/fluffyAlpaca/scripts/myRuns/BDLD1_NOSTOC
Command:   /raven/u/flobnow/fluffyAlpaca/scripts/myRuns/BDLD1_NOSTOC/script2_comp_model_3.sh
  
  
  
==========================================================================================
Information on jobsteps (Note: MaxRSS/AveRSS is the maximum/average over all 
tasks of the per-task memory high-water marks; cf. "man sacct"): 
==========================================================================================
  
JobID            JobName NNodes NTasks  NCPUS        0.00M        0.00M    Elapsed ExitCode
------------- ---------- ------ ------ ------ ------------ ------------ ---------- --------
3912891           3_AF2C      1           108                             00:53:32      0:0
3912891.0        python3      1      1    108    45309.46M    45309.46M   00:53:27      0:0
  
Maximum memory per node: 47.510417 GB (defined as MaxRSS*Ntasks/NNodes)
CPU utilization: 1.9 %
  
Info: input file name is BDLD1_NOSTOC
Info: input target list is /u/flobnow/fluffyAlpaca/scripts/myRuns/BDLD1_NOSTOC/target.lst
Info: input feature directory is /u/flobnow/fluffyAlpaca/feature_files
Info: result output directory is /u/flobnow/fluffyAlpaca/output_files
Info: model preset is multimer_np
Info: msa pairing is all
Info: recycling setting is 1
/bin/sh: /mpcdf/soft/SLE_15/packages/x86_64/alphafold/2.2.0/lib/libtinfo.so.6: no version information available (required by /lib64/libreadline.so.7)
Info: using preset super2
Info: set num_ensemble = 2
Info: set max_recyles = 20
Info: set recycle_tol = 0.1
Info: mas_pairing mode is all
I0118 00:55:36.208971 22463273641792 tpu_client.py:54] Starting the local TPU driver.
I0118 00:55:36.281256 22463273641792 xla_bridge.py:212] Unable to initialize backend 'tpu_driver': Not found: Unable to find driver in registry given worker: local://
I0118 00:55:36.624700 22463273641792 xla_bridge.py:212] Unable to initialize backend 'tpu': Invalid argument: TpuPlatform is not available.
I0118 00:55:40.023154 22463273641792 run_af2c_mod.py:482] Have 1 models: ['model_4_multimer_v2_p1']
Info: working on target BDLD1_NOSTOC_x10
I0118 00:55:42.025373 22463273641792 run_af2c_mod.py:512] Using random seed 2579716773741251995 for the data pipeline
Info: BDLD1_NOSTOC_x10 found monomer BDLD1_NOSTOC msa_depth = 445, seq_len = 107, num_templ = 8
Info: BDLD1_NOSTOC reducing the number of structural templates to 4
Info: 10 chain(s) to model {'A': 'BDLD1_NOSTOC_1', 'B': 'BDLD1_NOSTOC_1', 'C': 'BDLD1_NOSTOC_1', 'D': 'BDLD1_NOSTOC_1', 'E': 'BDLD1_NOSTOC_1', 'F': 'BDLD1_NOSTOC_1', 'G': 'BDLD1_NOSTOC_1', 'H': 'BDLD1_NOSTOC_1', 'I': 'BDLD1_NOSTOC_1', 'J': 'BDLD1_NOSTOC_1'}
Info: modeling BDLD1_NOSTOC_x10 with msa_depth = 512, seq_len = 1070, num_templ = 40
I0118 00:55:42.165562 22463273641792 run_af2c_mod.py:216] Running model model_4_multimer_v2_p1_230118_251995
I0118 00:55:42.166064 22463273641792 model.py:206] Running predict with shape(feat) = {'msa': (512, 1070), 'bert_mask': (512, 1070), 'num_alignments': (), 'aatype': (1070,), 'seq_length': (), 'template_aatype': (40, 1070), 'template_all_atom_mask': (40, 1070, 37), 'template_all_atom_positions': (40, 1070, 37, 3), 'all_atom_positions': (1070, 37, 3), 'template_domain_names': (40,), 'asym_id': (1070,), 'sym_id': (1070,), 'entity_id': (1070,), 'residue_index': (1070,), 'deletion_matrix': (512, 1070), 'seq_mask': (1070,), 'msa_mask': (512, 1070), 'cluster_bias_mask': (512,), 'pdb_residue_index': (1070,)}
I0118 01:48:27.781332 22463273641792 run_af2c_mod.py:271] Total JAX model model_4_multimer_v2_p1_230118_251995 predict time (includes compilation time): 3165.6 seconds
Info: BDLD1_NOSTOC_x10 model_4_multimer_v2_p1_230118_251995_recycled_00,  tol =   inf, pLDDT = 35.08, pTM-score = 0.1790, piTM-score = 0.1516, interface-score = 0.0836, iRes = 201  iCnt = 254 
Info: BDLD1_NOSTOC_x10 model_4_multimer_v2_p1_230118_251995_recycled_01,  tol = 67.03, pLDDT = 37.74, pTM-score = 0.1913, piTM-score = 0.0956, interface-score = 0.0542, iRes = 136  iCnt = 210 
Info: BDLD1_NOSTOC_x10 model_4_multimer_v2_p1_230118_251995_recycled_02,  tol = 13.37, pLDDT = 37.81, pTM-score = 0.1918, piTM-score = 0.1010, interface-score = 0.0307, iRes = 48   iCnt = 37  
Info: BDLD1_NOSTOC_x10 model_4_multimer_v2_p1_230118_251995_recycled_03,  tol =  8.13, pLDDT = 39.04, pTM-score = 0.1961, piTM-score = 0.0965, interface-score = 0.0537, iRes = 62   iCnt = 44  
Info: BDLD1_NOSTOC_x10 model_4_multimer_v2_p1_230118_251995_recycled_04,  tol =  5.37, pLDDT = 38.73, pTM-score = 0.1947, piTM-score = 0.0809, interface-score = 0.0405, iRes = 59   iCnt = 42  
Info: BDLD1_NOSTOC_x10 model_4_multimer_v2_p1_230118_251995_recycled_05,  tol =  2.63, pLDDT = 40.30, pTM-score = 0.1973, piTM-score = 0.0834, interface-score = 0.0675, iRes = 74   iCnt = 55  
Info: BDLD1_NOSTOC_x10 model_4_multimer_v2_p1_230118_251995_recycled_06,  tol =  2.58, pLDDT = 40.22, pTM-score = 0.2016, piTM-score = 0.1235, interface-score = 0.1295, iRes = 107  iCnt = 80  
Info: BDLD1_NOSTOC_x10 model_4_multimer_v2_p1_230118_251995_recycled_07,  tol =  2.27, pLDDT = 39.96, pTM-score = 0.1985, piTM-score = 0.1018, interface-score = 0.1158, iRes = 120  iCnt = 87  
Info: BDLD1_NOSTOC_x10 model_4_multimer_v2_p1_230118_251995_recycled_08,  tol =  1.82, pLDDT = 40.25, pTM-score = 0.2004, piTM-score = 0.0942, interface-score = 0.0787, iRes = 86   iCnt = 63  
Info: BDLD1_NOSTOC_x10 model_4_multimer_v2_p1_230118_251995_recycled_09,  tol =  1.93, pLDDT = 38.89, pTM-score = 0.1945, piTM-score = 0.1117, interface-score = 0.0807, iRes = 92   iCnt = 62  
Info: BDLD1_NOSTOC_x10 model_4_multimer_v2_p1_230118_251995_recycled_10,  tol =  1.81, pLDDT = 39.22, pTM-score = 0.1947, piTM-score = 0.1072, interface-score = 0.0898, iRes = 87   iCnt = 64  
Info: BDLD1_NOSTOC_x10 model_4_multimer_v2_p1_230118_251995_recycled_11,  tol =  5.31, pLDDT = 39.16, pTM-score = 0.1967, piTM-score = 0.1063, interface-score = 0.0972, iRes = 105  iCnt = 75  
Info: BDLD1_NOSTOC_x10 model_4_multimer_v2_p1_230118_251995_recycled_12,  tol =  3.97, pLDDT = 39.20, pTM-score = 0.1958, piTM-score = 0.0787, interface-score = 0.0527, iRes = 72   iCnt = 48  
Info: BDLD1_NOSTOC_x10 model_4_multimer_v2_p1_230118_251995_recycled_13,  tol =  2.25, pLDDT = 38.59, pTM-score = 0.1946, piTM-score = 0.0763, interface-score = 0.0460, iRes = 67   iCnt = 46  
Info: BDLD1_NOSTOC_x10 model_4_multimer_v2_p1_230118_251995_recycled_14,  tol =  1.78, pLDDT = 39.11, pTM-score = 0.1960, piTM-score = 0.0722, interface-score = 0.0466, iRes = 60   iCnt = 44  
Info: BDLD1_NOSTOC_x10 model_4_multimer_v2_p1_230118_251995_recycled_15,  tol =  2.21, pLDDT = 39.06, pTM-score = 0.1949, piTM-score = 0.0701, interface-score = 0.0401, iRes = 54   iCnt = 37  
Info: BDLD1_NOSTOC_x10 model_4_multimer_v2_p1_230118_251995_recycled_16,  tol =  2.27, pLDDT = 39.51, pTM-score = 0.1936, piTM-score = 0.0753, interface-score = 0.0133, iRes = 30   iCnt = 18  
Info: BDLD1_NOSTOC_x10 model_4_multimer_v2_p1_230118_251995_recycled_17,  tol =  2.02, pLDDT = 38.91, pTM-score = 0.1937, piTM-score = 0.0750, interface-score = 0.0123, iRes = 34   iCnt = 22  
Info: BDLD1_NOSTOC_x10 model_4_multimer_v2_p1_230118_251995_recycled_18,  tol =  2.13, pLDDT = 39.08, pTM-score = 0.1952, piTM-score = 0.0617, interface-score = 0.0240, iRes = 44   iCnt = 29  
Info: BDLD1_NOSTOC_x10 model_4_multimer_v2_p1_230118_251995_recycled_19,  tol =  1.38, pLDDT = 39.26, pTM-score = 0.1938, piTM-score = 0.0778, interface-score = 0.0243, iRes = 42   iCnt = 28  
Info: BDLD1_NOSTOC_x10 model_4_multimer_v2_p1_230118_251995 performed 20 recycles, final tol = 1.86, pLDDT = 39.77, pTM-score = 0.1950, piTM-score = 0.0693, interface-score = 0.0214, iRes = 39   iCnt = 23  
Info: num_clusters = 10, cluster_sizes = [1, 1, 1, 1, 1, 1, 1, 1, 1, 1],  clusters = [['BDLD1_NOSTOC_0'], ['BDLD1_NOSTOC_1'], ['BDLD1_NOSTOC_2'], ['BDLD1_NOSTOC_3'], ['BDLD1_NOSTOC_4'], ['BDLD1_NOSTOC_5'], ['BDLD1_NOSTOC_6'], ['BDLD1_NOSTOC_7'], ['BDLD1_NOSTOC_8'], ['BDLD1_NOSTOC_9']]

I0118 01:48:32.266689 22463273641792 run_af2c_mod.py:404] Final timings for BDLD1_NOSTOC_x10: {'features': 0.14, 'process_features_model_4_multimer_v2_p1_230118_251995': 0.0, 'predict_and_compile_model_4_multimer_v2_p1_230118_251995': 3165.6}
                                  
================================= 
Global information about the job: 
================================= 
  
Job owner: flobnow(42847)
Job name:  4_AF2C
Node list: ravg1047
Job start: Wed Jan 18 00:54:52 CET 2023
Job end:   Wed Jan 18 01:48:37 CET 2023
Work dir:  /raven/u/flobnow/fluffyAlpaca/scripts/myRuns/BDLD1_NOSTOC
Command:   /raven/u/flobnow/fluffyAlpaca/scripts/myRuns/BDLD1_NOSTOC/script2_comp_model_4.sh
  
  
  
==========================================================================================
Information on jobsteps (Note: MaxRSS/AveRSS is the maximum/average over all 
tasks of the per-task memory high-water marks; cf. "man sacct"): 
==========================================================================================
  
JobID            JobName NNodes NTasks  NCPUS        0.00M        0.00M    Elapsed ExitCode
------------- ---------- ------ ------ ------ ------------ ------------ ---------- --------
3912894           4_AF2C      1           108                             00:53:45      0:0
3912894.0        python3      1      1    108    45036.67M    45036.67M   00:53:38      0:0
  
Maximum memory per node: 47.224369 GB (defined as MaxRSS*Ntasks/NNodes)
CPU utilization: 1.9 %
  
Info: input file name is BDLD1_NOSTOC
Info: input target list is /u/flobnow/fluffyAlpaca/scripts/myRuns/BDLD1_NOSTOC/target.lst
Info: input feature directory is /u/flobnow/fluffyAlpaca/feature_files
Info: result output directory is /u/flobnow/fluffyAlpaca/output_files
Info: model preset is multimer_np
Info: msa pairing is all
Info: recycling setting is 1
/bin/sh: /mpcdf/soft/SLE_15/packages/x86_64/alphafold/2.2.0/lib/libtinfo.so.6: no version information available (required by /lib64/libreadline.so.7)
Info: using preset super2
Info: set num_ensemble = 2
Info: set max_recyles = 20
Info: set recycle_tol = 0.1
Info: mas_pairing mode is all
I0118 01:50:47.121315 22489276507968 tpu_client.py:54] Starting the local TPU driver.
I0118 01:50:47.121657 22489276507968 xla_bridge.py:212] Unable to initialize backend 'tpu_driver': Not found: Unable to find driver in registry given worker: local://
I0118 01:50:47.467797 22489276507968 xla_bridge.py:212] Unable to initialize backend 'tpu': Invalid argument: TpuPlatform is not available.
I0118 01:50:50.847674 22489276507968 run_af2c_mod.py:482] Have 1 models: ['model_5_multimer_v2_p1']
Info: working on target BDLD1_NOSTOC_x10
I0118 01:50:59.856889 22489276507968 run_af2c_mod.py:512] Using random seed 5845635891343121927 for the data pipeline
Info: BDLD1_NOSTOC_x10 found monomer BDLD1_NOSTOC msa_depth = 445, seq_len = 107, num_templ = 8
Info: BDLD1_NOSTOC reducing the number of structural templates to 4
Info: 10 chain(s) to model {'A': 'BDLD1_NOSTOC_1', 'B': 'BDLD1_NOSTOC_1', 'C': 'BDLD1_NOSTOC_1', 'D': 'BDLD1_NOSTOC_1', 'E': 'BDLD1_NOSTOC_1', 'F': 'BDLD1_NOSTOC_1', 'G': 'BDLD1_NOSTOC_1', 'H': 'BDLD1_NOSTOC_1', 'I': 'BDLD1_NOSTOC_1', 'J': 'BDLD1_NOSTOC_1'}
Info: modeling BDLD1_NOSTOC_x10 with msa_depth = 512, seq_len = 1070, num_templ = 40
I0118 01:50:59.973572 22489276507968 run_af2c_mod.py:216] Running model model_5_multimer_v2_p1_230118_121927
I0118 01:50:59.974052 22489276507968 model.py:206] Running predict with shape(feat) = {'msa': (512, 1070), 'bert_mask': (512, 1070), 'num_alignments': (), 'aatype': (1070,), 'seq_length': (), 'template_aatype': (40, 1070), 'template_all_atom_mask': (40, 1070, 37), 'template_all_atom_positions': (40, 1070, 37, 3), 'all_atom_positions': (1070, 37, 3), 'template_domain_names': (40,), 'asym_id': (1070,), 'sym_id': (1070,), 'entity_id': (1070,), 'residue_index': (1070,), 'deletion_matrix': (512, 1070), 'seq_mask': (1070,), 'msa_mask': (512, 1070), 'cluster_bias_mask': (512,), 'pdb_residue_index': (1070,)}
I0118 02:43:35.843964 22489276507968 run_af2c_mod.py:271] Total JAX model model_5_multimer_v2_p1_230118_121927 predict time (includes compilation time): 3155.9 seconds
Info: BDLD1_NOSTOC_x10 model_5_multimer_v2_p1_230118_121927_recycled_00,  tol =   inf, pLDDT = 30.77, pTM-score = 0.1706, piTM-score = 0.0953, interface-score = 0.0491, iRes = 130  iCnt = 151 
Info: BDLD1_NOSTOC_x10 model_5_multimer_v2_p1_230118_121927_recycled_01,  tol = 82.04, pLDDT = 36.55, pTM-score = 0.1993, piTM-score = 0.1429, interface-score = 0.2009, iRes = 230  iCnt = 258 
Info: BDLD1_NOSTOC_x10 model_5_multimer_v2_p1_230118_121927_recycled_02,  tol = 20.51, pLDDT = 38.54, pTM-score = 0.1987, piTM-score = 0.1212, interface-score = 0.0484, iRes = 64   iCnt = 54  
Info: BDLD1_NOSTOC_x10 model_5_multimer_v2_p1_230118_121927_recycled_03,  tol = 27.43, pLDDT = 39.71, pTM-score = 0.1984, piTM-score = 0.1006, interface-score = 0.0192, iRes = 40   iCnt = 29  
Info: BDLD1_NOSTOC_x10 model_5_multimer_v2_p1_230118_121927_recycled_04,  tol =  6.85, pLDDT = 40.26, pTM-score = 0.1926, piTM-score = 0.1280, interface-score = 0.0190, iRes = 41   iCnt = 34  
Info: BDLD1_NOSTOC_x10 model_5_multimer_v2_p1_230118_121927_recycled_05,  tol =  5.61, pLDDT = 41.12, pTM-score = 0.1932, piTM-score = 0.0731, interface-score = 0.0042, iRes = 25   iCnt = 21  
Info: BDLD1_NOSTOC_x10 model_5_multimer_v2_p1_230118_121927_recycled_06,  tol =  3.43, pLDDT = 42.22, pTM-score = 0.1937, piTM-score = 0.1349, interface-score = 0.0165, iRes = 41   iCnt = 33  
Info: BDLD1_NOSTOC_x10 model_5_multimer_v2_p1_230118_121927_recycled_07,  tol =  2.93, pLDDT = 42.60, pTM-score = 0.1914, piTM-score = 0.0643, interface-score = 0.0031, iRes = 24   iCnt = 19  
Info: BDLD1_NOSTOC_x10 model_5_multimer_v2_p1_230118_121927_recycled_08,  tol =  4.01, pLDDT = 43.20, pTM-score = 0.1913, piTM-score = 0.0984, interface-score = 0.0058, iRes = 26   iCnt = 23  
Info: BDLD1_NOSTOC_x10 model_5_multimer_v2_p1_230118_121927_recycled_09,  tol =  3.67, pLDDT = 42.56, pTM-score = 0.1921, piTM-score = 0.0786, interface-score = 0.0052, iRes = 26   iCnt = 18  
Info: BDLD1_NOSTOC_x10 model_5_multimer_v2_p1_230118_121927_recycled_10,  tol =  3.08, pLDDT = 43.68, pTM-score = 0.1933, piTM-score = 0.0322, interface-score = 0.0009, iRes = 19   iCnt = 13  
Info: BDLD1_NOSTOC_x10 model_5_multimer_v2_p1_230118_121927_recycled_11,  tol =  4.00, pLDDT = 44.08, pTM-score = 0.1901, piTM-score = 0.0348, interface-score = 0.0006, iRes = 16   iCnt = 13  
Info: BDLD1_NOSTOC_x10 model_5_multimer_v2_p1_230118_121927_recycled_12,  tol =  7.24, pLDDT = 44.85, pTM-score = 0.1933, piTM-score = 0.0973, interface-score = 0.0039, iRes = 24   iCnt = 19  
Info: BDLD1_NOSTOC_x10 model_5_multimer_v2_p1_230118_121927_recycled_13,  tol =  5.90, pLDDT = 44.13, pTM-score = 0.1908, piTM-score = 0.0357, interface-score = 0.0009, iRes = 21   iCnt = 16  
Info: BDLD1_NOSTOC_x10 model_5_multimer_v2_p1_230118_121927_recycled_14,  tol =  2.86, pLDDT = 44.33, pTM-score = 0.1896, piTM-score = 0.0528, interface-score = 0.0016, iRes = 22   iCnt = 16  
Info: BDLD1_NOSTOC_x10 model_5_multimer_v2_p1_230118_121927_recycled_15,  tol =  2.81, pLDDT = 44.39, pTM-score = 0.1890, piTM-score = 0.0405, interface-score = 0.0008, iRes = 19   iCnt = 16  
Info: BDLD1_NOSTOC_x10 model_5_multimer_v2_p1_230118_121927_recycled_16,  tol =  4.52, pLDDT = 45.13, pTM-score = 0.1928, piTM-score = 0.0309, interface-score = 0.0010, iRes = 20   iCnt = 15  
Info: BDLD1_NOSTOC_x10 model_5_multimer_v2_p1_230118_121927_recycled_17,  tol =  4.99, pLDDT = 44.42, pTM-score = 0.1899, piTM-score = 0.0418, interface-score = 0.0015, iRes = 22   iCnt = 16  
Info: BDLD1_NOSTOC_x10 model_5_multimer_v2_p1_230118_121927_recycled_18,  tol =  3.08, pLDDT = 45.71, pTM-score = 0.1907, piTM-score = 0.0364, interface-score = 0.0009, iRes = 19   iCnt = 14  
Info: BDLD1_NOSTOC_x10 model_5_multimer_v2_p1_230118_121927_recycled_19,  tol =  3.66, pLDDT = 44.74, pTM-score = 0.1900, piTM-score = 0.0681, interface-score = 0.0021, iRes = 23   iCnt = 17  
Info: BDLD1_NOSTOC_x10 model_5_multimer_v2_p1_230118_121927 performed 20 recycles, final tol = 2.72, pLDDT = 44.79, pTM-score = 0.1899, piTM-score = 0.0227, interface-score = 0.0006, iRes = 17   iCnt = 11  
Info: num_clusters = 10, cluster_sizes = [1, 1, 1, 1, 1, 1, 1, 1, 1, 1],  clusters = [['BDLD1_NOSTOC_0'], ['BDLD1_NOSTOC_1'], ['BDLD1_NOSTOC_2'], ['BDLD1_NOSTOC_3'], ['BDLD1_NOSTOC_4'], ['BDLD1_NOSTOC_5'], ['BDLD1_NOSTOC_6'], ['BDLD1_NOSTOC_7'], ['BDLD1_NOSTOC_8'], ['BDLD1_NOSTOC_9']]

I0118 02:43:40.303020 22489276507968 run_af2c_mod.py:404] Final timings for BDLD1_NOSTOC_x10: {'features': 0.12, 'process_features_model_5_multimer_v2_p1_230118_121927': 0.0, 'predict_and_compile_model_5_multimer_v2_p1_230118_121927': 3155.9}
                                  
================================= 
Global information about the job: 
================================= 
  
Job owner: flobnow(42847)
Job name:  5_AF2C
Node list: ravg1047
Job start: Wed Jan 18 01:50:37 CET 2023
Job end:   Wed Jan 18 02:43:43 CET 2023
Work dir:  /raven/u/flobnow/fluffyAlpaca/scripts/myRuns/BDLD1_NOSTOC
Command:   /raven/u/flobnow/fluffyAlpaca/scripts/myRuns/BDLD1_NOSTOC/script2_comp_model_5.sh
  
  
  
==========================================================================================
Information on jobsteps (Note: MaxRSS/AveRSS is the maximum/average over all 
tasks of the per-task memory high-water marks; cf. "man sacct"): 
==========================================================================================
  
JobID            JobName NNodes NTasks  NCPUS        0.00M        0.00M    Elapsed ExitCode
------------- ---------- ------ ------ ------ ------------ ------------ ---------- --------
3912897           5_AF2C      1           108                             00:53:06      0:0
3912897.0        python3      1      1    108    45133.21M    45133.21M   00:53:01      0:0
  
Maximum memory per node: 47.325602 GB (defined as MaxRSS*Ntasks/NNodes)
CPU utilization: 1.9 %
  
Info: target file is /u/flobnow/fluffyAlpaca/scripts/myRuns/BDLD1_NOSTOC/target.lst
Info: input directory of unrelaxed models is /u/flobnow/fluffyAlpaca/output_files
Info: output directory of relaxed models is /u/flobnow/fluffyAlpaca/output_files
/bin/sh: /mpcdf/soft/SLE_15/packages/x86_64/alphafold/2.2.0/lib/libtinfo.so.6: no version information available (required by /lib64/libreadline.so.7)
I0118 02:44:14.781183 22568359761728 run_af2c_min.py:88] BDLD1_NOSTOC_x10 processing model_5_multimer_v2_p1_230118_121927.pdb
sh: /mpcdf/soft/SLE_15/packages/x86_64/alphafold/2.2.0/lib/libtinfo.so.6: no version information available (required by /lib64/libreadline.so.7)
sh: /mpcdf/soft/SLE_15/packages/x86_64/alphafold/2.2.0/lib/libtinfo.so.6: no version information available (required by /lib64/libreadline.so.7)
I0118 02:44:40.354597 22568359761728 amber_minimize.py:177] alterations info: {'nonstandard_residues': [], 'removed_heterogens': set(), 'missing_residues': {}, 'missing_heavy_atoms': {}, 'missing_terminals': {<Residue 106 (ASP) of chain 0>: ['OXT'], <Residue 213 (ASP) of chain 1>: ['OXT'], <Residue 320 (ASP) of chain 2>: ['OXT'], <Residue 427 (ASP) of chain 3>: ['OXT'], <Residue 534 (ASP) of chain 4>: ['OXT'], <Residue 641 (ASP) of chain 5>: ['OXT'], <Residue 748 (ASP) of chain 6>: ['OXT'], <Residue 855 (ASP) of chain 7>: ['OXT'], <Residue 962 (ASP) of chain 8>: ['OXT'], <Residue 1069 (ASP) of chain 9>: ['OXT']}, 'Se_in_MET': [], 'removed_chains': {0: []}}
I0118 02:44:42.073996 22568359761728 amber_minimize.py:408] Minimizing protein, attempt 1 of 100.
I0118 02:44:43.846842 22568359761728 amber_minimize.py:69] Restraining 8970 / 17750 particles.
sh: /mpcdf/soft/SLE_15/packages/x86_64/alphafold/2.2.0/lib/libtinfo.so.6: no version information available (required by /lib64/libreadline.so.7)
I0118 02:47:20.247048 22568359761728 amber_minimize.py:177] alterations info: {'nonstandard_residues': [], 'removed_heterogens': set(), 'missing_residues': {}, 'missing_heavy_atoms': {}, 'missing_terminals': {}, 'Se_in_MET': [], 'removed_chains': {0: []}}
I0118 02:47:21.891521 22568359761728 tpu_client.py:54] Starting the local TPU driver.
I0118 02:47:21.891820 22568359761728 xla_bridge.py:212] Unable to initialize backend 'tpu_driver': Not found: Unable to find driver in registry given worker: local://
I0118 02:47:22.112403 22568359761728 xla_bridge.py:212] Unable to initialize backend 'tpu': Invalid argument: TpuPlatform is not available.
I0118 02:47:35.333271 22568359761728 amber_minimize.py:500] Iteration completed: Einit 13261573844.56 Efinal -3539.55 Time 139.29 s num residue violations 4 num residue exclusions 0 
I0118 02:47:35.377029 22568359761728 amber_minimize.py:408] Minimizing protein, attempt 1 of 100.
I0118 02:47:37.049333 22568359761728 amber_minimize.py:69] Restraining 8934 / 17750 particles.
sh: /mpcdf/soft/SLE_15/packages/x86_64/alphafold/2.2.0/lib/libtinfo.so.6: no version information available (required by /lib64/libreadline.so.7)
I0118 02:50:08.319613 22568359761728 amber_minimize.py:177] alterations info: {'nonstandard_residues': [], 'removed_heterogens': set(), 'missing_residues': {}, 'missing_heavy_atoms': {}, 'missing_terminals': {}, 'Se_in_MET': [], 'removed_chains': {0: []}}
I0118 02:50:13.847342 22568359761728 amber_minimize.py:500] Iteration completed: Einit 44873.58 Efinal -8576.75 Time 135.27 s num residue violations 0 num residue exclusions 4 
sh: /mpcdf/soft/SLE_15/packages/x86_64/alphafold/2.2.0/lib/libtinfo.so.6: no version information available (required by /lib64/libreadline.so.7)
sh: /mpcdf/soft/SLE_15/packages/x86_64/alphafold/2.2.0/lib/libtinfo.so.6: no version information available (required by /lib64/libreadline.so.7)
I0118 02:50:35.310474 22568359761728 amber_minimize.py:177] alterations info: {'nonstandard_residues': [], 'removed_heterogens': set(), 'missing_residues': {}, 'missing_heavy_atoms': {}, 'missing_terminals': {<Residue 106 (ASP) of chain 0>: ['OXT'], <Residue 213 (ASP) of chain 1>: ['OXT'], <Residue 320 (ASP) of chain 2>: ['OXT'], <Residue 427 (ASP) of chain 3>: ['OXT'], <Residue 534 (ASP) of chain 4>: ['OXT'], <Residue 641 (ASP) of chain 5>: ['OXT'], <Residue 748 (ASP) of chain 6>: ['OXT'], <Residue 855 (ASP) of chain 7>: ['OXT'], <Residue 962 (ASP) of chain 8>: ['OXT'], <Residue 1069 (ASP) of chain 9>: ['OXT']}, 'Se_in_MET': [], 'removed_chains': {0: []}}
I0118 02:50:38.728834 22568359761728 run_af2c_min.py:110] BDLD1_NOSTOC_x10 relaxation done, time spent 383.4 seconds, Efinal -8576.75, rmsd 0.40
I0118 02:50:38.728962 22568359761728 run_af2c_min.py:88] BDLD1_NOSTOC_x10 processing model_2_multimer_v2_p1_230117_042037.pdb
sh: /mpcdf/soft/SLE_15/packages/x86_64/alphafold/2.2.0/lib/libtinfo.so.6: no version information available (required by /lib64/libreadline.so.7)
sh: /mpcdf/soft/SLE_15/packages/x86_64/alphafold/2.2.0/lib/libtinfo.so.6: no version information available (required by /lib64/libreadline.so.7)
I0118 02:51:02.738710 22568359761728 amber_minimize.py:177] alterations info: {'nonstandard_residues': [], 'removed_heterogens': set(), 'missing_residues': {}, 'missing_heavy_atoms': {}, 'missing_terminals': {<Residue 106 (ASP) of chain 0>: ['OXT'], <Residue 213 (ASP) of chain 1>: ['OXT'], <Residue 320 (ASP) of chain 2>: ['OXT'], <Residue 427 (ASP) of chain 3>: ['OXT'], <Residue 534 (ASP) of chain 4>: ['OXT'], <Residue 641 (ASP) of chain 5>: ['OXT'], <Residue 748 (ASP) of chain 6>: ['OXT'], <Residue 855 (ASP) of chain 7>: ['OXT'], <Residue 962 (ASP) of chain 8>: ['OXT'], <Residue 1069 (ASP) of chain 9>: ['OXT']}, 'Se_in_MET': [], 'removed_chains': {0: []}}
I0118 02:51:04.472024 22568359761728 amber_minimize.py:408] Minimizing protein, attempt 1 of 100.
I0118 02:51:06.151256 22568359761728 amber_minimize.py:69] Restraining 8970 / 17750 particles.
sh: /mpcdf/soft/SLE_15/packages/x86_64/alphafold/2.2.0/lib/libtinfo.so.6: no version information available (required by /lib64/libreadline.so.7)
I0118 02:53:47.455019 22568359761728 amber_minimize.py:177] alterations info: {'nonstandard_residues': [], 'removed_heterogens': set(), 'missing_residues': {}, 'missing_heavy_atoms': {}, 'missing_terminals': {}, 'Se_in_MET': [], 'removed_chains': {0: []}}
I0118 02:53:52.882682 22568359761728 amber_minimize.py:500] Iteration completed: Einit 47232378.40 Efinal -2026.55 Time 140.37 s num residue violations 0 num residue exclusions 0 
sh: /mpcdf/soft/SLE_15/packages/x86_64/alphafold/2.2.0/lib/libtinfo.so.6: no version information available (required by /lib64/libreadline.so.7)
sh: /mpcdf/soft/SLE_15/packages/x86_64/alphafold/2.2.0/lib/libtinfo.so.6: no version information available (required by /lib64/libreadline.so.7)
I0118 02:54:16.847512 22568359761728 amber_minimize.py:177] alterations info: {'nonstandard_residues': [], 'removed_heterogens': set(), 'missing_residues': {}, 'missing_heavy_atoms': {}, 'missing_terminals': {<Residue 106 (ASP) of chain 0>: ['OXT'], <Residue 213 (ASP) of chain 1>: ['OXT'], <Residue 320 (ASP) of chain 2>: ['OXT'], <Residue 427 (ASP) of chain 3>: ['OXT'], <Residue 534 (ASP) of chain 4>: ['OXT'], <Residue 641 (ASP) of chain 5>: ['OXT'], <Residue 748 (ASP) of chain 6>: ['OXT'], <Residue 855 (ASP) of chain 7>: ['OXT'], <Residue 962 (ASP) of chain 8>: ['OXT'], <Residue 1069 (ASP) of chain 9>: ['OXT']}, 'Se_in_MET': [], 'removed_chains': {0: []}}
I0118 02:54:20.382627 22568359761728 run_af2c_min.py:110] BDLD1_NOSTOC_x10 relaxation done, time spent 221.1 seconds, Efinal -2026.55, rmsd 0.47
I0118 02:54:20.382752 22568359761728 run_af2c_min.py:88] BDLD1_NOSTOC_x10 processing model_4_multimer_v2_p1_230118_251995.pdb
sh: /mpcdf/soft/SLE_15/packages/x86_64/alphafold/2.2.0/lib/libtinfo.so.6: no version information available (required by /lib64/libreadline.so.7)
sh: /mpcdf/soft/SLE_15/packages/x86_64/alphafold/2.2.0/lib/libtinfo.so.6: no version information available (required by /lib64/libreadline.so.7)
I0118 02:54:44.326156 22568359761728 amber_minimize.py:177] alterations info: {'nonstandard_residues': [], 'removed_heterogens': set(), 'missing_residues': {}, 'missing_heavy_atoms': {}, 'missing_terminals': {<Residue 106 (ASP) of chain 0>: ['OXT'], <Residue 213 (ASP) of chain 1>: ['OXT'], <Residue 320 (ASP) of chain 2>: ['OXT'], <Residue 427 (ASP) of chain 3>: ['OXT'], <Residue 534 (ASP) of chain 4>: ['OXT'], <Residue 641 (ASP) of chain 5>: ['OXT'], <Residue 748 (ASP) of chain 6>: ['OXT'], <Residue 855 (ASP) of chain 7>: ['OXT'], <Residue 962 (ASP) of chain 8>: ['OXT'], <Residue 1069 (ASP) of chain 9>: ['OXT']}, 'Se_in_MET': [], 'removed_chains': {0: []}}
I0118 02:54:45.956181 22568359761728 amber_minimize.py:408] Minimizing protein, attempt 1 of 100.
I0118 02:54:47.651011 22568359761728 amber_minimize.py:69] Restraining 8970 / 17750 particles.
sh: /mpcdf/soft/SLE_15/packages/x86_64/alphafold/2.2.0/lib/libtinfo.so.6: no version information available (required by /lib64/libreadline.so.7)
I0118 02:57:07.855404 22568359761728 amber_minimize.py:177] alterations info: {'nonstandard_residues': [], 'removed_heterogens': set(), 'missing_residues': {}, 'missing_heavy_atoms': {}, 'missing_terminals': {}, 'Se_in_MET': [], 'removed_chains': {0: []}}
I0118 02:57:13.220261 22568359761728 amber_minimize.py:500] Iteration completed: Einit 294148527706.66 Efinal -3232.38 Time 118.66 s num residue violations 0 num residue exclusions 0 
sh: /mpcdf/soft/SLE_15/packages/x86_64/alphafold/2.2.0/lib/libtinfo.so.6: no version information available (required by /lib64/libreadline.so.7)
sh: /mpcdf/soft/SLE_15/packages/x86_64/alphafold/2.2.0/lib/libtinfo.so.6: no version information available (required by /lib64/libreadline.so.7)
I0118 02:57:37.142920 22568359761728 amber_minimize.py:177] alterations info: {'nonstandard_residues': [], 'removed_heterogens': set(), 'missing_residues': {}, 'missing_heavy_atoms': {}, 'missing_terminals': {<Residue 106 (ASP) of chain 0>: ['OXT'], <Residue 213 (ASP) of chain 1>: ['OXT'], <Residue 320 (ASP) of chain 2>: ['OXT'], <Residue 427 (ASP) of chain 3>: ['OXT'], <Residue 534 (ASP) of chain 4>: ['OXT'], <Residue 641 (ASP) of chain 5>: ['OXT'], <Residue 748 (ASP) of chain 6>: ['OXT'], <Residue 855 (ASP) of chain 7>: ['OXT'], <Residue 962 (ASP) of chain 8>: ['OXT'], <Residue 1069 (ASP) of chain 9>: ['OXT']}, 'Se_in_MET': [], 'removed_chains': {0: []}}
I0118 02:57:40.622827 22568359761728 run_af2c_min.py:110] BDLD1_NOSTOC_x10 relaxation done, time spent 199.7 seconds, Efinal -3232.38, rmsd 0.44
I0118 02:57:40.622952 22568359761728 run_af2c_min.py:88] BDLD1_NOSTOC_x10 processing model_3_multimer_v2_p1_230118_452743.pdb
sh: /mpcdf/soft/SLE_15/packages/x86_64/alphafold/2.2.0/lib/libtinfo.so.6: no version information available (required by /lib64/libreadline.so.7)
sh: /mpcdf/soft/SLE_15/packages/x86_64/alphafold/2.2.0/lib/libtinfo.so.6: no version information available (required by /lib64/libreadline.so.7)
I0118 02:58:04.558359 22568359761728 amber_minimize.py:177] alterations info: {'nonstandard_residues': [], 'removed_heterogens': set(), 'missing_residues': {}, 'missing_heavy_atoms': {}, 'missing_terminals': {<Residue 106 (ASP) of chain 0>: ['OXT'], <Residue 213 (ASP) of chain 1>: ['OXT'], <Residue 320 (ASP) of chain 2>: ['OXT'], <Residue 427 (ASP) of chain 3>: ['OXT'], <Residue 534 (ASP) of chain 4>: ['OXT'], <Residue 641 (ASP) of chain 5>: ['OXT'], <Residue 748 (ASP) of chain 6>: ['OXT'], <Residue 855 (ASP) of chain 7>: ['OXT'], <Residue 962 (ASP) of chain 8>: ['OXT'], <Residue 1069 (ASP) of chain 9>: ['OXT']}, 'Se_in_MET': [], 'removed_chains': {0: []}}
I0118 02:58:06.286760 22568359761728 amber_minimize.py:408] Minimizing protein, attempt 1 of 100.
I0118 02:58:07.983928 22568359761728 amber_minimize.py:69] Restraining 8970 / 17750 particles.
sh: /mpcdf/soft/SLE_15/packages/x86_64/alphafold/2.2.0/lib/libtinfo.so.6: no version information available (required by /lib64/libreadline.so.7)
I0118 03:00:47.227947 22568359761728 amber_minimize.py:177] alterations info: {'nonstandard_residues': [], 'removed_heterogens': set(), 'missing_residues': {}, 'missing_heavy_atoms': {}, 'missing_terminals': {}, 'Se_in_MET': [], 'removed_chains': {0: []}}
I0118 03:00:52.677428 22568359761728 amber_minimize.py:500] Iteration completed: Einit 12953861582.44 Efinal -7122.93 Time 137.53 s num residue violations 0 num residue exclusions 0 
sh: /mpcdf/soft/SLE_15/packages/x86_64/alphafold/2.2.0/lib/libtinfo.so.6: no version information available (required by /lib64/libreadline.so.7)
sh: /mpcdf/soft/SLE_15/packages/x86_64/alphafold/2.2.0/lib/libtinfo.so.6: no version information available (required by /lib64/libreadline.so.7)
I0118 03:01:16.828667 22568359761728 amber_minimize.py:177] alterations info: {'nonstandard_residues': [], 'removed_heterogens': set(), 'missing_residues': {}, 'missing_heavy_atoms': {}, 'missing_terminals': {<Residue 106 (ASP) of chain 0>: ['OXT'], <Residue 213 (ASP) of chain 1>: ['OXT'], <Residue 320 (ASP) of chain 2>: ['OXT'], <Residue 427 (ASP) of chain 3>: ['OXT'], <Residue 534 (ASP) of chain 4>: ['OXT'], <Residue 641 (ASP) of chain 5>: ['OXT'], <Residue 748 (ASP) of chain 6>: ['OXT'], <Residue 855 (ASP) of chain 7>: ['OXT'], <Residue 962 (ASP) of chain 8>: ['OXT'], <Residue 1069 (ASP) of chain 9>: ['OXT']}, 'Se_in_MET': [], 'removed_chains': {0: []}}
I0118 03:01:20.328716 22568359761728 run_af2c_min.py:110] BDLD1_NOSTOC_x10 relaxation done, time spent 219.2 seconds, Efinal -7122.93, rmsd 0.44
I0118 03:01:20.328847 22568359761728 run_af2c_min.py:88] BDLD1_NOSTOC_x10 processing model_1_multimer_v2_p1_230117_690099.pdb
sh: /mpcdf/soft/SLE_15/packages/x86_64/alphafold/2.2.0/lib/libtinfo.so.6: no version information available (required by /lib64/libreadline.so.7)
sh: /mpcdf/soft/SLE_15/packages/x86_64/alphafold/2.2.0/lib/libtinfo.so.6: no version information available (required by /lib64/libreadline.so.7)
I0118 03:01:44.319664 22568359761728 amber_minimize.py:177] alterations info: {'nonstandard_residues': [], 'removed_heterogens': set(), 'missing_residues': {}, 'missing_heavy_atoms': {}, 'missing_terminals': {<Residue 106 (ASP) of chain 0>: ['OXT'], <Residue 213 (ASP) of chain 1>: ['OXT'], <Residue 320 (ASP) of chain 2>: ['OXT'], <Residue 427 (ASP) of chain 3>: ['OXT'], <Residue 534 (ASP) of chain 4>: ['OXT'], <Residue 641 (ASP) of chain 5>: ['OXT'], <Residue 748 (ASP) of chain 6>: ['OXT'], <Residue 855 (ASP) of chain 7>: ['OXT'], <Residue 962 (ASP) of chain 8>: ['OXT'], <Residue 1069 (ASP) of chain 9>: ['OXT']}, 'Se_in_MET': [], 'removed_chains': {0: []}}
I0118 03:01:46.003808 22568359761728 amber_minimize.py:408] Minimizing protein, attempt 1 of 100.
I0118 03:01:47.751831 22568359761728 amber_minimize.py:69] Restraining 8970 / 17750 particles.
sh: /mpcdf/soft/SLE_15/packages/x86_64/alphafold/2.2.0/lib/libtinfo.so.6: no version information available (required by /lib64/libreadline.so.7)
I0118 03:04:20.286978 22568359761728 amber_minimize.py:177] alterations info: {'nonstandard_residues': [], 'removed_heterogens': set(), 'missing_residues': {}, 'missing_heavy_atoms': {}, 'missing_terminals': {}, 'Se_in_MET': [], 'removed_chains': {0: []}}
I0118 03:04:25.750491 22568359761728 amber_minimize.py:500] Iteration completed: Einit 291256964710509.81 Efinal -7870.18 Time 130.79 s num residue violations 0 num residue exclusions 0 
sh: /mpcdf/soft/SLE_15/packages/x86_64/alphafold/2.2.0/lib/libtinfo.so.6: no version information available (required by /lib64/libreadline.so.7)
sh: /mpcdf/soft/SLE_15/packages/x86_64/alphafold/2.2.0/lib/libtinfo.so.6: no version information available (required by /lib64/libreadline.so.7)
I0118 03:04:49.635563 22568359761728 amber_minimize.py:177] alterations info: {'nonstandard_residues': [], 'removed_heterogens': set(), 'missing_residues': {}, 'missing_heavy_atoms': {}, 'missing_terminals': {<Residue 106 (ASP) of chain 0>: ['OXT'], <Residue 213 (ASP) of chain 1>: ['OXT'], <Residue 320 (ASP) of chain 2>: ['OXT'], <Residue 427 (ASP) of chain 3>: ['OXT'], <Residue 534 (ASP) of chain 4>: ['OXT'], <Residue 641 (ASP) of chain 5>: ['OXT'], <Residue 748 (ASP) of chain 6>: ['OXT'], <Residue 855 (ASP) of chain 7>: ['OXT'], <Residue 962 (ASP) of chain 8>: ['OXT'], <Residue 1069 (ASP) of chain 9>: ['OXT']}, 'Se_in_MET': [], 'removed_chains': {0: []}}
I0118 03:04:53.124542 22568359761728 run_af2c_min.py:110] BDLD1_NOSTOC_x10 relaxation done, time spent 212.3 seconds, Efinal -7870.18, rmsd 0.45
                                  
================================= 
Global information about the job: 
================================= 
  
Job owner: flobnow(42847)
Job name:  6_RLX
Node list: ravg1047
Job start: Wed Jan 18 02:44:07 CET 2023
Job end:   Wed Jan 18 03:04:54 CET 2023
Work dir:  /raven/u/flobnow/fluffyAlpaca/scripts/myRuns/BDLD1_NOSTOC
Command:   /raven/u/flobnow/fluffyAlpaca/scripts/myRuns/BDLD1_NOSTOC/script3_relaxation.sh
  
  
  
==========================================================================================
Information on jobsteps (Note: MaxRSS/AveRSS is the maximum/average over all 
tasks of the per-task memory high-water marks; cf. "man sacct"): 
==========================================================================================
  
JobID            JobName NNodes NTasks  NCPUS        0.00M        0.00M    Elapsed ExitCode
------------- ---------- ------ ------ ------ ------------ ------------ ---------- --------
3912900            6_RLX      1           108                             00:20:47      0:0
3912900.0        python3      1      1    108    16493.64M    16493.64M   00:20:45      0:0
  
Maximum memory per node: 17.294832 GB (defined as MaxRSS*Ntasks/NNodes)
CPU utilization: 63.0 %
  
