Info: input file name is BDLD1_NOSTOC
Info: input target list is /u/flobnow/fluffyAlpaca/scripts/myRuns/BDLD1_NOSTOC/target.lst
Info: input feature directory is /u/flobnow/fluffyAlpaca/feature_files
Info: result output directory is /u/flobnow/fluffyAlpaca/output_files
Info: model preset is multimer_np
Info: msa pairing is all
Info: recycling setting is 1
/bin/sh: /mpcdf/soft/SLE_15/packages/x86_64/alphafold/2.2.0/lib/libtinfo.so.6: no version information available (required by /lib64/libreadline.so.7)
Info: using preset super2
Info: set num_ensemble = 2
Info: set max_recyles = 20
Info: set recycle_tol = 0.1
Info: mas_pairing mode is all
I0118 00:55:36.208971 22463273641792 tpu_client.py:54] Starting the local TPU driver.
I0118 00:55:36.281256 22463273641792 xla_bridge.py:212] Unable to initialize backend 'tpu_driver': Not found: Unable to find driver in registry given worker: local://
I0118 00:55:36.624700 22463273641792 xla_bridge.py:212] Unable to initialize backend 'tpu': Invalid argument: TpuPlatform is not available.
I0118 00:55:40.023154 22463273641792 run_af2c_mod.py:482] Have 1 models: ['model_4_multimer_v2_p1']
Info: working on target BDLD1_NOSTOC_x10
I0118 00:55:42.025373 22463273641792 run_af2c_mod.py:512] Using random seed 2579716773741251995 for the data pipeline
Info: BDLD1_NOSTOC_x10 found monomer BDLD1_NOSTOC msa_depth = 445, seq_len = 107, num_templ = 8
Info: BDLD1_NOSTOC reducing the number of structural templates to 4
Info: 10 chain(s) to model {'A': 'BDLD1_NOSTOC_1', 'B': 'BDLD1_NOSTOC_1', 'C': 'BDLD1_NOSTOC_1', 'D': 'BDLD1_NOSTOC_1', 'E': 'BDLD1_NOSTOC_1', 'F': 'BDLD1_NOSTOC_1', 'G': 'BDLD1_NOSTOC_1', 'H': 'BDLD1_NOSTOC_1', 'I': 'BDLD1_NOSTOC_1', 'J': 'BDLD1_NOSTOC_1'}
Info: modeling BDLD1_NOSTOC_x10 with msa_depth = 512, seq_len = 1070, num_templ = 40
I0118 00:55:42.165562 22463273641792 run_af2c_mod.py:216] Running model model_4_multimer_v2_p1_230118_251995
I0118 00:55:42.166064 22463273641792 model.py:206] Running predict with shape(feat) = {'msa': (512, 1070), 'bert_mask': (512, 1070), 'num_alignments': (), 'aatype': (1070,), 'seq_length': (), 'template_aatype': (40, 1070), 'template_all_atom_mask': (40, 1070, 37), 'template_all_atom_positions': (40, 1070, 37, 3), 'all_atom_positions': (1070, 37, 3), 'template_domain_names': (40,), 'asym_id': (1070,), 'sym_id': (1070,), 'entity_id': (1070,), 'residue_index': (1070,), 'deletion_matrix': (512, 1070), 'seq_mask': (1070,), 'msa_mask': (512, 1070), 'cluster_bias_mask': (512,), 'pdb_residue_index': (1070,)}
I0118 01:48:27.781332 22463273641792 run_af2c_mod.py:271] Total JAX model model_4_multimer_v2_p1_230118_251995 predict time (includes compilation time): 3165.6 seconds
Info: BDLD1_NOSTOC_x10 model_4_multimer_v2_p1_230118_251995_recycled_00,  tol =   inf, pLDDT = 35.08, pTM-score = 0.1790, piTM-score = 0.1516, interface-score = 0.0836, iRes = 201  iCnt = 254 
Info: BDLD1_NOSTOC_x10 model_4_multimer_v2_p1_230118_251995_recycled_01,  tol = 67.03, pLDDT = 37.74, pTM-score = 0.1913, piTM-score = 0.0956, interface-score = 0.0542, iRes = 136  iCnt = 210 
Info: BDLD1_NOSTOC_x10 model_4_multimer_v2_p1_230118_251995_recycled_02,  tol = 13.37, pLDDT = 37.81, pTM-score = 0.1918, piTM-score = 0.1010, interface-score = 0.0307, iRes = 48   iCnt = 37  
Info: BDLD1_NOSTOC_x10 model_4_multimer_v2_p1_230118_251995_recycled_03,  tol =  8.13, pLDDT = 39.04, pTM-score = 0.1961, piTM-score = 0.0965, interface-score = 0.0537, iRes = 62   iCnt = 44  
Info: BDLD1_NOSTOC_x10 model_4_multimer_v2_p1_230118_251995_recycled_04,  tol =  5.37, pLDDT = 38.73, pTM-score = 0.1947, piTM-score = 0.0809, interface-score = 0.0405, iRes = 59   iCnt = 42  
Info: BDLD1_NOSTOC_x10 model_4_multimer_v2_p1_230118_251995_recycled_05,  tol =  2.63, pLDDT = 40.30, pTM-score = 0.1973, piTM-score = 0.0834, interface-score = 0.0675, iRes = 74   iCnt = 55  
Info: BDLD1_NOSTOC_x10 model_4_multimer_v2_p1_230118_251995_recycled_06,  tol =  2.58, pLDDT = 40.22, pTM-score = 0.2016, piTM-score = 0.1235, interface-score = 0.1295, iRes = 107  iCnt = 80  
Info: BDLD1_NOSTOC_x10 model_4_multimer_v2_p1_230118_251995_recycled_07,  tol =  2.27, pLDDT = 39.96, pTM-score = 0.1985, piTM-score = 0.1018, interface-score = 0.1158, iRes = 120  iCnt = 87  
Info: BDLD1_NOSTOC_x10 model_4_multimer_v2_p1_230118_251995_recycled_08,  tol =  1.82, pLDDT = 40.25, pTM-score = 0.2004, piTM-score = 0.0942, interface-score = 0.0787, iRes = 86   iCnt = 63  
Info: BDLD1_NOSTOC_x10 model_4_multimer_v2_p1_230118_251995_recycled_09,  tol =  1.93, pLDDT = 38.89, pTM-score = 0.1945, piTM-score = 0.1117, interface-score = 0.0807, iRes = 92   iCnt = 62  
Info: BDLD1_NOSTOC_x10 model_4_multimer_v2_p1_230118_251995_recycled_10,  tol =  1.81, pLDDT = 39.22, pTM-score = 0.1947, piTM-score = 0.1072, interface-score = 0.0898, iRes = 87   iCnt = 64  
Info: BDLD1_NOSTOC_x10 model_4_multimer_v2_p1_230118_251995_recycled_11,  tol =  5.31, pLDDT = 39.16, pTM-score = 0.1967, piTM-score = 0.1063, interface-score = 0.0972, iRes = 105  iCnt = 75  
Info: BDLD1_NOSTOC_x10 model_4_multimer_v2_p1_230118_251995_recycled_12,  tol =  3.97, pLDDT = 39.20, pTM-score = 0.1958, piTM-score = 0.0787, interface-score = 0.0527, iRes = 72   iCnt = 48  
Info: BDLD1_NOSTOC_x10 model_4_multimer_v2_p1_230118_251995_recycled_13,  tol =  2.25, pLDDT = 38.59, pTM-score = 0.1946, piTM-score = 0.0763, interface-score = 0.0460, iRes = 67   iCnt = 46  
Info: BDLD1_NOSTOC_x10 model_4_multimer_v2_p1_230118_251995_recycled_14,  tol =  1.78, pLDDT = 39.11, pTM-score = 0.1960, piTM-score = 0.0722, interface-score = 0.0466, iRes = 60   iCnt = 44  
Info: BDLD1_NOSTOC_x10 model_4_multimer_v2_p1_230118_251995_recycled_15,  tol =  2.21, pLDDT = 39.06, pTM-score = 0.1949, piTM-score = 0.0701, interface-score = 0.0401, iRes = 54   iCnt = 37  
Info: BDLD1_NOSTOC_x10 model_4_multimer_v2_p1_230118_251995_recycled_16,  tol =  2.27, pLDDT = 39.51, pTM-score = 0.1936, piTM-score = 0.0753, interface-score = 0.0133, iRes = 30   iCnt = 18  
Info: BDLD1_NOSTOC_x10 model_4_multimer_v2_p1_230118_251995_recycled_17,  tol =  2.02, pLDDT = 38.91, pTM-score = 0.1937, piTM-score = 0.0750, interface-score = 0.0123, iRes = 34   iCnt = 22  
Info: BDLD1_NOSTOC_x10 model_4_multimer_v2_p1_230118_251995_recycled_18,  tol =  2.13, pLDDT = 39.08, pTM-score = 0.1952, piTM-score = 0.0617, interface-score = 0.0240, iRes = 44   iCnt = 29  
Info: BDLD1_NOSTOC_x10 model_4_multimer_v2_p1_230118_251995_recycled_19,  tol =  1.38, pLDDT = 39.26, pTM-score = 0.1938, piTM-score = 0.0778, interface-score = 0.0243, iRes = 42   iCnt = 28  
Info: BDLD1_NOSTOC_x10 model_4_multimer_v2_p1_230118_251995 performed 20 recycles, final tol = 1.86, pLDDT = 39.77, pTM-score = 0.1950, piTM-score = 0.0693, interface-score = 0.0214, iRes = 39   iCnt = 23  
Info: num_clusters = 10, cluster_sizes = [1, 1, 1, 1, 1, 1, 1, 1, 1, 1],  clusters = [['BDLD1_NOSTOC_0'], ['BDLD1_NOSTOC_1'], ['BDLD1_NOSTOC_2'], ['BDLD1_NOSTOC_3'], ['BDLD1_NOSTOC_4'], ['BDLD1_NOSTOC_5'], ['BDLD1_NOSTOC_6'], ['BDLD1_NOSTOC_7'], ['BDLD1_NOSTOC_8'], ['BDLD1_NOSTOC_9']]

I0118 01:48:32.266689 22463273641792 run_af2c_mod.py:404] Final timings for BDLD1_NOSTOC_x10: {'features': 0.14, 'process_features_model_4_multimer_v2_p1_230118_251995': 0.0, 'predict_and_compile_model_4_multimer_v2_p1_230118_251995': 3165.6}
                                  
================================= 
Global information about the job: 
================================= 
  
Job owner: flobnow(42847)
Job name:  4_AF2C
Node list: ravg1047
Job start: Wed Jan 18 00:54:52 CET 2023
Job end:   Wed Jan 18 01:48:37 CET 2023
Work dir:  /raven/u/flobnow/fluffyAlpaca/scripts/myRuns/BDLD1_NOSTOC
Command:   /raven/u/flobnow/fluffyAlpaca/scripts/myRuns/BDLD1_NOSTOC/script2_comp_model_4.sh
  
  
  
==========================================================================================
Information on jobsteps (Note: MaxRSS/AveRSS is the maximum/average over all 
tasks of the per-task memory high-water marks; cf. "man sacct"): 
==========================================================================================
  
JobID            JobName NNodes NTasks  NCPUS        0.00M        0.00M    Elapsed ExitCode
------------- ---------- ------ ------ ------ ------------ ------------ ---------- --------
3912894           4_AF2C      1           108                             00:53:45      0:0
3912894.0        python3      1      1    108    45036.67M    45036.67M   00:53:38      0:0
  
Maximum memory per node: 47.224369 GB (defined as MaxRSS*Ntasks/NNodes)
CPU utilization: 1.9 %
  
