Info: input file name is BDLD1_NOSTOC
Info: input target list is /u/flobnow/fluffyAlpaca/scripts/myRuns/BDLD1_NOSTOC/target.lst
Info: input feature directory is /u/flobnow/fluffyAlpaca/feature_files
Info: result output directory is /u/flobnow/fluffyAlpaca/output_files
Info: model preset is multimer_np
Info: msa pairing is all
Info: recycling setting is 1
/bin/sh: /mpcdf/soft/SLE_15/packages/x86_64/alphafold/2.2.0/lib/libtinfo.so.6: no version information available (required by /lib64/libreadline.so.7)
Info: using preset super2
Info: set num_ensemble = 2
Info: set max_recyles = 20
Info: set recycle_tol = 0.1
Info: mas_pairing mode is all
I0118 00:26:54.331834 23116527241024 tpu_client.py:54] Starting the local TPU driver.
I0118 00:26:54.332209 23116527241024 xla_bridge.py:212] Unable to initialize backend 'tpu_driver': Not found: Unable to find driver in registry given worker: local://
I0118 00:26:54.691516 23116527241024 xla_bridge.py:212] Unable to initialize backend 'tpu': Invalid argument: TpuPlatform is not available.
I0118 00:26:58.178323 23116527241024 run_af2c_mod.py:482] Have 1 models: ['model_3_multimer_v2_p1']
Info: working on target BDLD1_NOSTOC_x10
I0118 00:27:06.186572 23116527241024 run_af2c_mod.py:512] Using random seed 7039233242084452743 for the data pipeline
Info: BDLD1_NOSTOC_x10 found monomer BDLD1_NOSTOC msa_depth = 445, seq_len = 107, num_templ = 8
Info: BDLD1_NOSTOC reducing the number of structural templates to 4
Info: 10 chain(s) to model {'A': 'BDLD1_NOSTOC_1', 'B': 'BDLD1_NOSTOC_1', 'C': 'BDLD1_NOSTOC_1', 'D': 'BDLD1_NOSTOC_1', 'E': 'BDLD1_NOSTOC_1', 'F': 'BDLD1_NOSTOC_1', 'G': 'BDLD1_NOSTOC_1', 'H': 'BDLD1_NOSTOC_1', 'I': 'BDLD1_NOSTOC_1', 'J': 'BDLD1_NOSTOC_1'}
Info: modeling BDLD1_NOSTOC_x10 with msa_depth = 512, seq_len = 1070, num_templ = 40
I0118 00:27:06.329169 23116527241024 run_af2c_mod.py:216] Running model model_3_multimer_v2_p1_230118_452743
I0118 00:27:06.329715 23116527241024 model.py:206] Running predict with shape(feat) = {'msa': (512, 1070), 'bert_mask': (512, 1070), 'num_alignments': (), 'aatype': (1070,), 'seq_length': (), 'template_aatype': (40, 1070), 'template_all_atom_mask': (40, 1070, 37), 'template_all_atom_positions': (40, 1070, 37, 3), 'all_atom_positions': (1070, 37, 3), 'template_domain_names': (40,), 'asym_id': (1070,), 'sym_id': (1070,), 'entity_id': (1070,), 'residue_index': (1070,), 'deletion_matrix': (512, 1070), 'seq_mask': (1070,), 'msa_mask': (512, 1070), 'cluster_bias_mask': (512,), 'pdb_residue_index': (1070,)}
I0118 01:20:07.304360 23116527241024 run_af2c_mod.py:271] Total JAX model model_3_multimer_v2_p1_230118_452743 predict time (includes compilation time): 3181.0 seconds
Info: BDLD1_NOSTOC_x10 model_3_multimer_v2_p1_230118_452743_recycled_00,  tol =   inf, pLDDT = 37.66, pTM-score = 0.1968, piTM-score = 0.2552, interface-score = 0.1066, iRes = 78   iCnt = 102 
Info: BDLD1_NOSTOC_x10 model_3_multimer_v2_p1_230118_452743_recycled_01,  tol = 71.89, pLDDT = 42.80, pTM-score = 0.1998, piTM-score = 0.1267, interface-score = 0.0766, iRes = 90   iCnt = 60  
Info: BDLD1_NOSTOC_x10 model_3_multimer_v2_p1_230118_452743_recycled_02,  tol = 13.43, pLDDT = 44.59, pTM-score = 0.1988, piTM-score = 0.0991, interface-score = 0.0333, iRes = 44   iCnt = 34  
Info: BDLD1_NOSTOC_x10 model_3_multimer_v2_p1_230118_452743_recycled_03,  tol =  9.36, pLDDT = 44.45, pTM-score = 0.1986, piTM-score = 0.1078, interface-score = 0.0860, iRes = 89   iCnt = 59  
Info: BDLD1_NOSTOC_x10 model_3_multimer_v2_p1_230118_452743_recycled_04,  tol =  5.42, pLDDT = 45.74, pTM-score = 0.1938, piTM-score = 0.0983, interface-score = 0.0202, iRes = 50   iCnt = 38  
Info: BDLD1_NOSTOC_x10 model_3_multimer_v2_p1_230118_452743_recycled_05,  tol =  3.18, pLDDT = 47.12, pTM-score = 0.1940, piTM-score = 0.0580, interface-score = 0.0042, iRes = 25   iCnt = 15  
Info: BDLD1_NOSTOC_x10 model_3_multimer_v2_p1_230118_452743_recycled_06,  tol =  2.03, pLDDT = 48.10, pTM-score = 0.1921, piTM-score = 0.0164, interface-score = 0.0009, iRes = 20   iCnt = 15  
Info: BDLD1_NOSTOC_x10 model_3_multimer_v2_p1_230118_452743_recycled_07,  tol =  3.33, pLDDT = 49.02, pTM-score = 0.1966, piTM-score = 0.0619, interface-score = 0.0067, iRes = 27   iCnt = 20  
Info: BDLD1_NOSTOC_x10 model_3_multimer_v2_p1_230118_452743_recycled_08,  tol =  2.48, pLDDT = 49.97, pTM-score = 0.1974, piTM-score = 0.0621, interface-score = 0.0067, iRes = 27   iCnt = 20  
Info: BDLD1_NOSTOC_x10 model_3_multimer_v2_p1_230118_452743_recycled_09,  tol =  3.61, pLDDT = 49.22, pTM-score = 0.1930, piTM-score = 0.0626, interface-score = 0.0123, iRes = 36   iCnt = 28  
Info: BDLD1_NOSTOC_x10 model_3_multimer_v2_p1_230118_452743_recycled_10,  tol =  5.59, pLDDT = 49.60, pTM-score = 0.1942, piTM-score = 0.0881, interface-score = 0.0056, iRes = 27   iCnt = 20  
Info: BDLD1_NOSTOC_x10 model_3_multimer_v2_p1_230118_452743_recycled_11,  tol =  2.12, pLDDT = 49.31, pTM-score = 0.1942, piTM-score = 0.0609, interface-score = 0.0058, iRes = 27   iCnt = 21  
Info: BDLD1_NOSTOC_x10 model_3_multimer_v2_p1_230118_452743_recycled_12,  tol =  2.02, pLDDT = 49.96, pTM-score = 0.1954, piTM-score = 0.1113, interface-score = 0.0106, iRes = 33   iCnt = 25  
Info: BDLD1_NOSTOC_x10 model_3_multimer_v2_p1_230118_452743_recycled_13,  tol =  3.98, pLDDT = 51.05, pTM-score = 0.1938, piTM-score = 0.0526, interface-score = 0.0014, iRes = 22   iCnt = 14  
Info: BDLD1_NOSTOC_x10 model_3_multimer_v2_p1_230118_452743_recycled_14,  tol =  3.93, pLDDT = 49.67, pTM-score = 0.1914, piTM-score = 0.0230, interface-score = 0.0007, iRes = 19   iCnt = 12  
Info: BDLD1_NOSTOC_x10 model_3_multimer_v2_p1_230118_452743_recycled_15,  tol =  2.93, pLDDT = 49.47, pTM-score = 0.1922, piTM-score = 0.0275, interface-score = 0.0006, iRes = 19   iCnt = 13  
Info: BDLD1_NOSTOC_x10 model_3_multimer_v2_p1_230118_452743_recycled_16,  tol =  3.80, pLDDT = 48.19, pTM-score = 0.1932, piTM-score = 0.0289, interface-score = 0.0003, iRes = 14   iCnt = 11  
Info: BDLD1_NOSTOC_x10 model_3_multimer_v2_p1_230118_452743_recycled_17,  tol =  2.40, pLDDT = 49.88, pTM-score = 0.1923, piTM-score = 0.0308, interface-score = 0.0007, iRes = 20   iCnt = 14  
Info: BDLD1_NOSTOC_x10 model_3_multimer_v2_p1_230118_452743_recycled_18,  tol =  2.49, pLDDT = 47.08, pTM-score = 0.1954, piTM-score = 0.1171, interface-score = 0.0110, iRes = 34   iCnt = 23  
Info: BDLD1_NOSTOC_x10 model_3_multimer_v2_p1_230118_452743_recycled_19,  tol =  3.40, pLDDT = 48.54, pTM-score = 0.1932, piTM-score = 0.0861, interface-score = 0.0092, iRes = 33   iCnt = 27  
Info: BDLD1_NOSTOC_x10 model_3_multimer_v2_p1_230118_452743 performed 20 recycles, final tol = 3.75, pLDDT = 49.85, pTM-score = 0.1917, piTM-score = 0.0200, interface-score = 0.0008, iRes = 21   iCnt = 15  
Info: num_clusters = 10, cluster_sizes = [1, 1, 1, 1, 1, 1, 1, 1, 1, 1],  clusters = [['BDLD1_NOSTOC_0'], ['BDLD1_NOSTOC_1'], ['BDLD1_NOSTOC_2'], ['BDLD1_NOSTOC_3'], ['BDLD1_NOSTOC_4'], ['BDLD1_NOSTOC_5'], ['BDLD1_NOSTOC_6'], ['BDLD1_NOSTOC_7'], ['BDLD1_NOSTOC_8'], ['BDLD1_NOSTOC_9']]

I0118 01:20:11.981898 23116527241024 run_af2c_mod.py:404] Final timings for BDLD1_NOSTOC_x10: {'features': 0.14, 'process_features_model_3_multimer_v2_p1_230118_452743': 0.0, 'predict_and_compile_model_3_multimer_v2_p1_230118_452743': 3181.0}
                                  
================================= 
Global information about the job: 
================================= 
  
Job owner: flobnow(42847)
Job name:  3_AF2C
Node list: ravg1155
Job start: Wed Jan 18 00:26:43 CET 2023
Job end:   Wed Jan 18 01:20:15 CET 2023
Work dir:  /raven/u/flobnow/fluffyAlpaca/scripts/myRuns/BDLD1_NOSTOC
Command:   /raven/u/flobnow/fluffyAlpaca/scripts/myRuns/BDLD1_NOSTOC/script2_comp_model_3.sh
  
  
  
==========================================================================================
Information on jobsteps (Note: MaxRSS/AveRSS is the maximum/average over all 
tasks of the per-task memory high-water marks; cf. "man sacct"): 
==========================================================================================
  
JobID            JobName NNodes NTasks  NCPUS        0.00M        0.00M    Elapsed ExitCode
------------- ---------- ------ ------ ------ ------------ ------------ ---------- --------
3912891           3_AF2C      1           108                             00:53:32      0:0
3912891.0        python3      1      1    108    45309.46M    45309.46M   00:53:27      0:0
  
Maximum memory per node: 47.510417 GB (defined as MaxRSS*Ntasks/NNodes)
CPU utilization: 1.9 %
  
