Info: input file name is BDLD1_NOSTOC
Info: input target list is /u/flobnow/fluffyAlpaca/scripts/myRuns/BDLD1_NOSTOC/target.lst
Info: input feature directory is /u/flobnow/fluffyAlpaca/feature_files
Info: result output directory is /u/flobnow/fluffyAlpaca/output_files
Info: model preset is multimer_np
Info: msa pairing is all
Info: recycling setting is 1
/bin/sh: /mpcdf/soft/SLE_15/packages/x86_64/alphafold/2.2.0/lib/libtinfo.so.6: no version information available (required by /lib64/libreadline.so.7)
Info: using preset super2
Info: set num_ensemble = 2
Info: set max_recyles = 20
Info: set recycle_tol = 0.1
Info: mas_pairing mode is all
I0117 22:57:35.940044 22755653912384 tpu_client.py:54] Starting the local TPU driver.
I0117 22:57:36.043549 22755653912384 xla_bridge.py:212] Unable to initialize backend 'tpu_driver': Not found: Unable to find driver in registry given worker: local://
I0117 22:57:36.397444 22755653912384 xla_bridge.py:212] Unable to initialize backend 'tpu': Invalid argument: TpuPlatform is not available.
I0117 22:57:39.909554 22755653912384 run_af2c_mod.py:482] Have 1 models: ['model_1_multimer_v2_p1']
Info: working on target BDLD1_NOSTOC_x10
I0117 22:57:44.914782 22755653912384 run_af2c_mod.py:512] Using random seed 5159993530648690099 for the data pipeline
Info: BDLD1_NOSTOC_x10 found monomer BDLD1_NOSTOC msa_depth = 445, seq_len = 107, num_templ = 8
Info: BDLD1_NOSTOC reducing the number of structural templates to 4
Info: 10 chain(s) to model {'A': 'BDLD1_NOSTOC_1', 'B': 'BDLD1_NOSTOC_1', 'C': 'BDLD1_NOSTOC_1', 'D': 'BDLD1_NOSTOC_1', 'E': 'BDLD1_NOSTOC_1', 'F': 'BDLD1_NOSTOC_1', 'G': 'BDLD1_NOSTOC_1', 'H': 'BDLD1_NOSTOC_1', 'I': 'BDLD1_NOSTOC_1', 'J': 'BDLD1_NOSTOC_1'}
Info: modeling BDLD1_NOSTOC_x10 with msa_depth = 512, seq_len = 1070, num_templ = 40
I0117 22:57:45.084408 22755653912384 run_af2c_mod.py:216] Running model model_1_multimer_v2_p1_230117_690099
I0117 22:57:45.084908 22755653912384 model.py:206] Running predict with shape(feat) = {'msa': (512, 1070), 'bert_mask': (512, 1070), 'num_alignments': (), 'aatype': (1070,), 'seq_length': (), 'template_aatype': (40, 1070), 'template_all_atom_mask': (40, 1070, 37), 'template_all_atom_positions': (40, 1070, 37, 3), 'all_atom_positions': (1070, 37, 3), 'template_domain_names': (40,), 'asym_id': (1070,), 'sym_id': (1070,), 'entity_id': (1070,), 'residue_index': (1070,), 'deletion_matrix': (512, 1070), 'seq_mask': (1070,), 'msa_mask': (512, 1070), 'cluster_bias_mask': (512,), 'pdb_residue_index': (1070,)}
I0117 23:50:52.425039 22755653912384 run_af2c_mod.py:271] Total JAX model model_1_multimer_v2_p1_230117_690099 predict time (includes compilation time): 3187.3 seconds
Info: BDLD1_NOSTOC_x10 model_1_multimer_v2_p1_230117_690099_recycled_00,  tol =   inf, pLDDT = 41.72, pTM-score = 0.1941, piTM-score = 0.0899, interface-score = 0.0822, iRes = 82   iCnt = 58  
Info: BDLD1_NOSTOC_x10 model_1_multimer_v2_p1_230117_690099_recycled_01,  tol = 81.63, pLDDT = 43.62, pTM-score = 0.1979, piTM-score = 0.0815, interface-score = 0.0865, iRes = 133  iCnt = 107 
Info: BDLD1_NOSTOC_x10 model_1_multimer_v2_p1_230117_690099_recycled_02,  tol = 22.37, pLDDT = 44.96, pTM-score = 0.2412, piTM-score = 0.2095, interface-score = 0.3092, iRes = 286  iCnt = 293 
Info: BDLD1_NOSTOC_x10 model_1_multimer_v2_p1_230117_690099_recycled_03,  tol = 18.78, pLDDT = 44.25, pTM-score = 0.2207, piTM-score = 0.2565, interface-score = 0.3049, iRes = 303  iCnt = 649 
Info: BDLD1_NOSTOC_x10 model_1_multimer_v2_p1_230117_690099_recycled_04,  tol = 23.12, pLDDT = 44.66, pTM-score = 0.1906, piTM-score = 0.0939, interface-score = 0.0884, iRes = 120  iCnt = 83  
Info: BDLD1_NOSTOC_x10 model_1_multimer_v2_p1_230117_690099_recycled_05,  tol = 27.15, pLDDT = 45.19, pTM-score = 0.1934, piTM-score = 0.1270, interface-score = 0.2111, iRes = 164  iCnt = 130 
Info: BDLD1_NOSTOC_x10 model_1_multimer_v2_p1_230117_690099_recycled_06,  tol =  8.32, pLDDT = 42.02, pTM-score = 0.2065, piTM-score = 0.1705, interface-score = 0.1363, iRes = 142  iCnt = 124 
Info: BDLD1_NOSTOC_x10 model_1_multimer_v2_p1_230117_690099_recycled_07,  tol = 21.00, pLDDT = 44.49, pTM-score = 0.1838, piTM-score = 0.0054, interface-score = 0.0000, iRes = 4    iCnt = 3   
Info: BDLD1_NOSTOC_x10 model_1_multimer_v2_p1_230117_690099_recycled_08,  tol = 35.30, pLDDT = 46.23, pTM-score = 0.1834, piTM-score = 0.0014, interface-score = 0.0000, iRes = 2    iCnt = 1   
Info: BDLD1_NOSTOC_x10 model_1_multimer_v2_p1_230117_690099_recycled_09,  tol = 15.07, pLDDT = 46.14, pTM-score = 0.1846, piTM-score = 0.1842, interface-score = 0.0459, iRes = 182  iCnt = 373 
Info: BDLD1_NOSTOC_x10 model_1_multimer_v2_p1_230117_690099_recycled_10,  tol = 31.37, pLDDT = 47.91, pTM-score = 0.1835, piTM-score = 0.2233, interface-score = 0.0464, iRes = 171  iCnt = 334 
Info: BDLD1_NOSTOC_x10 model_1_multimer_v2_p1_230117_690099_recycled_11,  tol = 17.43, pLDDT = 48.94, pTM-score = 0.1760, piTM-score = 0.0000, interface-score = 0.0000, iRes = 0    iCnt = 0   
Info: BDLD1_NOSTOC_x10 model_1_multimer_v2_p1_230117_690099_recycled_12,  tol = 13.23, pLDDT = 47.04, pTM-score = 0.1776, piTM-score = 0.2488, interface-score = 0.0284, iRes = 111  iCnt = 248 
Info: BDLD1_NOSTOC_x10 model_1_multimer_v2_p1_230117_690099_recycled_13,  tol =  9.66, pLDDT = 48.67, pTM-score = 0.1772, piTM-score = 0.0247, interface-score = 0.0002, iRes = 17   iCnt = 12  
Info: BDLD1_NOSTOC_x10 model_1_multimer_v2_p1_230117_690099_recycled_14,  tol = 10.63, pLDDT = 46.66, pTM-score = 0.1788, piTM-score = 0.2536, interface-score = 0.0204, iRes = 80   iCnt = 149 
Info: BDLD1_NOSTOC_x10 model_1_multimer_v2_p1_230117_690099_recycled_15,  tol = 15.17, pLDDT = 48.52, pTM-score = 0.1783, piTM-score = 0.1241, interface-score = 0.0015, iRes = 25   iCnt = 34  
Info: BDLD1_NOSTOC_x10 model_1_multimer_v2_p1_230117_690099_recycled_16,  tol = 11.66, pLDDT = 45.95, pTM-score = 0.1817, piTM-score = 0.1978, interface-score = 0.1006, iRes = 333  iCnt = 758 
Info: BDLD1_NOSTOC_x10 model_1_multimer_v2_p1_230117_690099_recycled_17,  tol = 17.73, pLDDT = 47.65, pTM-score = 0.1785, piTM-score = 0.1582, interface-score = 0.0047, iRes = 47   iCnt = 76  
Info: BDLD1_NOSTOC_x10 model_1_multimer_v2_p1_230117_690099_recycled_18,  tol = 29.80, pLDDT = 47.20, pTM-score = 0.1803, piTM-score = 0.0363, interface-score = 0.0002, iRes = 13   iCnt = 10  
Info: BDLD1_NOSTOC_x10 model_1_multimer_v2_p1_230117_690099_recycled_19,  tol = 23.74, pLDDT = 51.39, pTM-score = 0.1821, piTM-score = 0.0014, interface-score = 0.0000, iRes = 2    iCnt = 1   
Info: BDLD1_NOSTOC_x10 model_1_multimer_v2_p1_230117_690099 performed 20 recycles, final tol = 10.60, pLDDT = 52.64, pTM-score = 0.1876, piTM-score = 0.0045, interface-score = 0.0000, iRes = 4    iCnt = 3   
Info: num_clusters = 10, cluster_sizes = [1, 1, 1, 1, 1, 1, 1, 1, 1, 1],  clusters = [['BDLD1_NOSTOC_0'], ['BDLD1_NOSTOC_1'], ['BDLD1_NOSTOC_2'], ['BDLD1_NOSTOC_3'], ['BDLD1_NOSTOC_4'], ['BDLD1_NOSTOC_5'], ['BDLD1_NOSTOC_6'], ['BDLD1_NOSTOC_7'], ['BDLD1_NOSTOC_8'], ['BDLD1_NOSTOC_9']]

I0117 23:50:57.055402 22755653912384 run_af2c_mod.py:404] Final timings for BDLD1_NOSTOC_x10: {'features': 0.17, 'process_features_model_1_multimer_v2_p1_230117_690099': 0.0, 'predict_and_compile_model_1_multimer_v2_p1_230117_690099': 3187.3}
                                  
================================= 
Global information about the job: 
================================= 
  
Job owner: flobnow(42847)
Job name:  1_AF2C
Node list: ravg1164
Job start: Tue Jan 17 22:56:43 CET 2023
Job end:   Tue Jan 17 23:51:02 CET 2023
Work dir:  /raven/u/flobnow/fluffyAlpaca/scripts/myRuns/BDLD1_NOSTOC
Command:   /raven/u/flobnow/fluffyAlpaca/scripts/myRuns/BDLD1_NOSTOC/script2_comp_model_1.sh
  
  
  
==========================================================================================
Information on jobsteps (Note: MaxRSS/AveRSS is the maximum/average over all 
tasks of the per-task memory high-water marks; cf. "man sacct"): 
==========================================================================================
  
JobID            JobName NNodes NTasks  NCPUS        0.00M        0.00M    Elapsed ExitCode
------------- ---------- ------ ------ ------ ------------ ------------ ---------- --------
3912885           1_AF2C      1           108                             00:54:19      0:0
3912885.0        python3      1      1    108    45066.97M    45066.97M   00:54:07      0:0
  
Maximum memory per node: 47.256146 GB (defined as MaxRSS*Ntasks/NNodes)
CPU utilization: 1.8 %
  
