Info: input file name is BDLD1_NOSTOC
Info: input target list is /u/flobnow/fluffyAlpaca/scripts/myRuns/BDLD1_NOSTOC/target.lst
Info: input feature directory is /u/flobnow/fluffyAlpaca/feature_files
Info: result output directory is /u/flobnow/fluffyAlpaca/output_files
Info: model preset is multimer_np
Info: msa pairing is all
Info: recycling setting is 1
/bin/sh: /mpcdf/soft/SLE_15/packages/x86_64/alphafold/2.2.0/lib/libtinfo.so.6: no version information available (required by /lib64/libreadline.so.7)
Info: using preset super2
Info: set num_ensemble = 2
Info: set max_recyles = 20
Info: set recycle_tol = 0.1
Info: mas_pairing mode is all
I0118 01:50:47.121315 22489276507968 tpu_client.py:54] Starting the local TPU driver.
I0118 01:50:47.121657 22489276507968 xla_bridge.py:212] Unable to initialize backend 'tpu_driver': Not found: Unable to find driver in registry given worker: local://
I0118 01:50:47.467797 22489276507968 xla_bridge.py:212] Unable to initialize backend 'tpu': Invalid argument: TpuPlatform is not available.
I0118 01:50:50.847674 22489276507968 run_af2c_mod.py:482] Have 1 models: ['model_5_multimer_v2_p1']
Info: working on target BDLD1_NOSTOC_x10
I0118 01:50:59.856889 22489276507968 run_af2c_mod.py:512] Using random seed 5845635891343121927 for the data pipeline
Info: BDLD1_NOSTOC_x10 found monomer BDLD1_NOSTOC msa_depth = 445, seq_len = 107, num_templ = 8
Info: BDLD1_NOSTOC reducing the number of structural templates to 4
Info: 10 chain(s) to model {'A': 'BDLD1_NOSTOC_1', 'B': 'BDLD1_NOSTOC_1', 'C': 'BDLD1_NOSTOC_1', 'D': 'BDLD1_NOSTOC_1', 'E': 'BDLD1_NOSTOC_1', 'F': 'BDLD1_NOSTOC_1', 'G': 'BDLD1_NOSTOC_1', 'H': 'BDLD1_NOSTOC_1', 'I': 'BDLD1_NOSTOC_1', 'J': 'BDLD1_NOSTOC_1'}
Info: modeling BDLD1_NOSTOC_x10 with msa_depth = 512, seq_len = 1070, num_templ = 40
I0118 01:50:59.973572 22489276507968 run_af2c_mod.py:216] Running model model_5_multimer_v2_p1_230118_121927
I0118 01:50:59.974052 22489276507968 model.py:206] Running predict with shape(feat) = {'msa': (512, 1070), 'bert_mask': (512, 1070), 'num_alignments': (), 'aatype': (1070,), 'seq_length': (), 'template_aatype': (40, 1070), 'template_all_atom_mask': (40, 1070, 37), 'template_all_atom_positions': (40, 1070, 37, 3), 'all_atom_positions': (1070, 37, 3), 'template_domain_names': (40,), 'asym_id': (1070,), 'sym_id': (1070,), 'entity_id': (1070,), 'residue_index': (1070,), 'deletion_matrix': (512, 1070), 'seq_mask': (1070,), 'msa_mask': (512, 1070), 'cluster_bias_mask': (512,), 'pdb_residue_index': (1070,)}
I0118 02:43:35.843964 22489276507968 run_af2c_mod.py:271] Total JAX model model_5_multimer_v2_p1_230118_121927 predict time (includes compilation time): 3155.9 seconds
Info: BDLD1_NOSTOC_x10 model_5_multimer_v2_p1_230118_121927_recycled_00,  tol =   inf, pLDDT = 30.77, pTM-score = 0.1706, piTM-score = 0.0953, interface-score = 0.0491, iRes = 130  iCnt = 151 
Info: BDLD1_NOSTOC_x10 model_5_multimer_v2_p1_230118_121927_recycled_01,  tol = 82.04, pLDDT = 36.55, pTM-score = 0.1993, piTM-score = 0.1429, interface-score = 0.2009, iRes = 230  iCnt = 258 
Info: BDLD1_NOSTOC_x10 model_5_multimer_v2_p1_230118_121927_recycled_02,  tol = 20.51, pLDDT = 38.54, pTM-score = 0.1987, piTM-score = 0.1212, interface-score = 0.0484, iRes = 64   iCnt = 54  
Info: BDLD1_NOSTOC_x10 model_5_multimer_v2_p1_230118_121927_recycled_03,  tol = 27.43, pLDDT = 39.71, pTM-score = 0.1984, piTM-score = 0.1006, interface-score = 0.0192, iRes = 40   iCnt = 29  
Info: BDLD1_NOSTOC_x10 model_5_multimer_v2_p1_230118_121927_recycled_04,  tol =  6.85, pLDDT = 40.26, pTM-score = 0.1926, piTM-score = 0.1280, interface-score = 0.0190, iRes = 41   iCnt = 34  
Info: BDLD1_NOSTOC_x10 model_5_multimer_v2_p1_230118_121927_recycled_05,  tol =  5.61, pLDDT = 41.12, pTM-score = 0.1932, piTM-score = 0.0731, interface-score = 0.0042, iRes = 25   iCnt = 21  
Info: BDLD1_NOSTOC_x10 model_5_multimer_v2_p1_230118_121927_recycled_06,  tol =  3.43, pLDDT = 42.22, pTM-score = 0.1937, piTM-score = 0.1349, interface-score = 0.0165, iRes = 41   iCnt = 33  
Info: BDLD1_NOSTOC_x10 model_5_multimer_v2_p1_230118_121927_recycled_07,  tol =  2.93, pLDDT = 42.60, pTM-score = 0.1914, piTM-score = 0.0643, interface-score = 0.0031, iRes = 24   iCnt = 19  
Info: BDLD1_NOSTOC_x10 model_5_multimer_v2_p1_230118_121927_recycled_08,  tol =  4.01, pLDDT = 43.20, pTM-score = 0.1913, piTM-score = 0.0984, interface-score = 0.0058, iRes = 26   iCnt = 23  
Info: BDLD1_NOSTOC_x10 model_5_multimer_v2_p1_230118_121927_recycled_09,  tol =  3.67, pLDDT = 42.56, pTM-score = 0.1921, piTM-score = 0.0786, interface-score = 0.0052, iRes = 26   iCnt = 18  
Info: BDLD1_NOSTOC_x10 model_5_multimer_v2_p1_230118_121927_recycled_10,  tol =  3.08, pLDDT = 43.68, pTM-score = 0.1933, piTM-score = 0.0322, interface-score = 0.0009, iRes = 19   iCnt = 13  
Info: BDLD1_NOSTOC_x10 model_5_multimer_v2_p1_230118_121927_recycled_11,  tol =  4.00, pLDDT = 44.08, pTM-score = 0.1901, piTM-score = 0.0348, interface-score = 0.0006, iRes = 16   iCnt = 13  
Info: BDLD1_NOSTOC_x10 model_5_multimer_v2_p1_230118_121927_recycled_12,  tol =  7.24, pLDDT = 44.85, pTM-score = 0.1933, piTM-score = 0.0973, interface-score = 0.0039, iRes = 24   iCnt = 19  
Info: BDLD1_NOSTOC_x10 model_5_multimer_v2_p1_230118_121927_recycled_13,  tol =  5.90, pLDDT = 44.13, pTM-score = 0.1908, piTM-score = 0.0357, interface-score = 0.0009, iRes = 21   iCnt = 16  
Info: BDLD1_NOSTOC_x10 model_5_multimer_v2_p1_230118_121927_recycled_14,  tol =  2.86, pLDDT = 44.33, pTM-score = 0.1896, piTM-score = 0.0528, interface-score = 0.0016, iRes = 22   iCnt = 16  
Info: BDLD1_NOSTOC_x10 model_5_multimer_v2_p1_230118_121927_recycled_15,  tol =  2.81, pLDDT = 44.39, pTM-score = 0.1890, piTM-score = 0.0405, interface-score = 0.0008, iRes = 19   iCnt = 16  
Info: BDLD1_NOSTOC_x10 model_5_multimer_v2_p1_230118_121927_recycled_16,  tol =  4.52, pLDDT = 45.13, pTM-score = 0.1928, piTM-score = 0.0309, interface-score = 0.0010, iRes = 20   iCnt = 15  
Info: BDLD1_NOSTOC_x10 model_5_multimer_v2_p1_230118_121927_recycled_17,  tol =  4.99, pLDDT = 44.42, pTM-score = 0.1899, piTM-score = 0.0418, interface-score = 0.0015, iRes = 22   iCnt = 16  
Info: BDLD1_NOSTOC_x10 model_5_multimer_v2_p1_230118_121927_recycled_18,  tol =  3.08, pLDDT = 45.71, pTM-score = 0.1907, piTM-score = 0.0364, interface-score = 0.0009, iRes = 19   iCnt = 14  
Info: BDLD1_NOSTOC_x10 model_5_multimer_v2_p1_230118_121927_recycled_19,  tol =  3.66, pLDDT = 44.74, pTM-score = 0.1900, piTM-score = 0.0681, interface-score = 0.0021, iRes = 23   iCnt = 17  
Info: BDLD1_NOSTOC_x10 model_5_multimer_v2_p1_230118_121927 performed 20 recycles, final tol = 2.72, pLDDT = 44.79, pTM-score = 0.1899, piTM-score = 0.0227, interface-score = 0.0006, iRes = 17   iCnt = 11  
Info: num_clusters = 10, cluster_sizes = [1, 1, 1, 1, 1, 1, 1, 1, 1, 1],  clusters = [['BDLD1_NOSTOC_0'], ['BDLD1_NOSTOC_1'], ['BDLD1_NOSTOC_2'], ['BDLD1_NOSTOC_3'], ['BDLD1_NOSTOC_4'], ['BDLD1_NOSTOC_5'], ['BDLD1_NOSTOC_6'], ['BDLD1_NOSTOC_7'], ['BDLD1_NOSTOC_8'], ['BDLD1_NOSTOC_9']]

I0118 02:43:40.303020 22489276507968 run_af2c_mod.py:404] Final timings for BDLD1_NOSTOC_x10: {'features': 0.12, 'process_features_model_5_multimer_v2_p1_230118_121927': 0.0, 'predict_and_compile_model_5_multimer_v2_p1_230118_121927': 3155.9}
                                  
================================= 
Global information about the job: 
================================= 
  
Job owner: flobnow(42847)
Job name:  5_AF2C
Node list: ravg1047
Job start: Wed Jan 18 01:50:37 CET 2023
Job end:   Wed Jan 18 02:43:43 CET 2023
Work dir:  /raven/u/flobnow/fluffyAlpaca/scripts/myRuns/BDLD1_NOSTOC
Command:   /raven/u/flobnow/fluffyAlpaca/scripts/myRuns/BDLD1_NOSTOC/script2_comp_model_5.sh
  
  
  
==========================================================================================
Information on jobsteps (Note: MaxRSS/AveRSS is the maximum/average over all 
tasks of the per-task memory high-water marks; cf. "man sacct"): 
==========================================================================================
  
JobID            JobName NNodes NTasks  NCPUS        0.00M        0.00M    Elapsed ExitCode
------------- ---------- ------ ------ ------ ------------ ------------ ---------- --------
3912897           5_AF2C      1           108                             00:53:06      0:0
3912897.0        python3      1      1    108    45133.21M    45133.21M   00:53:01      0:0
  
Maximum memory per node: 47.325602 GB (defined as MaxRSS*Ntasks/NNodes)
CPU utilization: 1.9 %
  
