Info: input file name is BDLD1_NOSTOC
Info: input target list is /u/flobnow/fluffyAlpaca/scripts/myRuns/BDLD1_NOSTOC/target.lst
Info: input feature directory is /u/flobnow/fluffyAlpaca/feature_files
Info: result output directory is /u/flobnow/fluffyAlpaca/output_files
Info: model preset is multimer_np
Info: msa pairing is all
Info: recycling setting is 1
/bin/sh: /mpcdf/soft/SLE_15/packages/x86_64/alphafold/2.2.0/lib/libtinfo.so.6: no version information available (required by /lib64/libreadline.so.7)
Info: using preset super2
Info: set num_ensemble = 2
Info: set max_recyles = 20
Info: set recycle_tol = 0.1
Info: mas_pairing mode is all
I0117 23:51:41.411879 23432888473408 tpu_client.py:54] Starting the local TPU driver.
I0117 23:51:41.412233 23432888473408 xla_bridge.py:212] Unable to initialize backend 'tpu_driver': Not found: Unable to find driver in registry given worker: local://
I0117 23:51:41.759188 23432888473408 xla_bridge.py:212] Unable to initialize backend 'tpu': Invalid argument: TpuPlatform is not available.
Info: working on target BDLD1_NOSTOC_x10
I0117 23:51:45.275557 23432888473408 run_af2c_mod.py:482] Have 1 models: ['model_2_multimer_v2_p1']
I0117 23:51:45.275714 23432888473408 run_af2c_mod.py:512] Using random seed 4309520016906042037 for the data pipeline
Info: BDLD1_NOSTOC_x10 found monomer BDLD1_NOSTOC msa_depth = 445, seq_len = 107, num_templ = 8
Info: BDLD1_NOSTOC reducing the number of structural templates to 4
Info: 10 chain(s) to model {'A': 'BDLD1_NOSTOC_1', 'B': 'BDLD1_NOSTOC_1', 'C': 'BDLD1_NOSTOC_1', 'D': 'BDLD1_NOSTOC_1', 'E': 'BDLD1_NOSTOC_1', 'F': 'BDLD1_NOSTOC_1', 'G': 'BDLD1_NOSTOC_1', 'H': 'BDLD1_NOSTOC_1', 'I': 'BDLD1_NOSTOC_1', 'J': 'BDLD1_NOSTOC_1'}
Info: modeling BDLD1_NOSTOC_x10 with msa_depth = 512, seq_len = 1070, num_templ = 40
I0117 23:51:45.409545 23432888473408 run_af2c_mod.py:216] Running model model_2_multimer_v2_p1_230117_042037
I0117 23:51:45.410044 23432888473408 model.py:206] Running predict with shape(feat) = {'msa': (512, 1070), 'bert_mask': (512, 1070), 'num_alignments': (), 'aatype': (1070,), 'seq_length': (), 'template_aatype': (40, 1070), 'template_all_atom_mask': (40, 1070, 37), 'template_all_atom_positions': (40, 1070, 37, 3), 'all_atom_positions': (1070, 37, 3), 'template_domain_names': (40,), 'asym_id': (1070,), 'sym_id': (1070,), 'entity_id': (1070,), 'residue_index': (1070,), 'deletion_matrix': (512, 1070), 'seq_mask': (1070,), 'msa_mask': (512, 1070), 'cluster_bias_mask': (512,), 'pdb_residue_index': (1070,)}
I0118 00:44:20.348598 23432888473408 run_af2c_mod.py:271] Total JAX model model_2_multimer_v2_p1_230117_042037 predict time (includes compilation time): 3154.9 seconds
Info: BDLD1_NOSTOC_x10 model_2_multimer_v2_p1_230117_042037_recycled_00,  tol =   inf, pLDDT = 33.69, pTM-score = 0.1873, piTM-score = 0.1352, interface-score = 0.1011, iRes = 180  iCnt = 183 
Info: BDLD1_NOSTOC_x10 model_2_multimer_v2_p1_230117_042037_recycled_01,  tol = 83.93, pLDDT = 36.56, pTM-score = 0.1937, piTM-score = 0.1034, interface-score = 0.1013, iRes = 226  iCnt = 348 
Info: BDLD1_NOSTOC_x10 model_2_multimer_v2_p1_230117_042037_recycled_02,  tol = 20.46, pLDDT = 38.41, pTM-score = 0.1968, piTM-score = 0.1632, interface-score = 0.1804, iRes = 150  iCnt = 120 
Info: BDLD1_NOSTOC_x10 model_2_multimer_v2_p1_230117_042037_recycled_03,  tol = 31.98, pLDDT = 43.57, pTM-score = 0.2248, piTM-score = 0.1883, interface-score = 0.3839, iRes = 278  iCnt = 254 
Info: BDLD1_NOSTOC_x10 model_2_multimer_v2_p1_230117_042037_recycled_04,  tol = 32.12, pLDDT = 40.32, pTM-score = 0.2127, piTM-score = 0.2063, interface-score = 0.2903, iRes = 275  iCnt = 421 
Info: BDLD1_NOSTOC_x10 model_2_multimer_v2_p1_230117_042037_recycled_05,  tol = 33.69, pLDDT = 42.78, pTM-score = 0.2212, piTM-score = 0.1786, interface-score = 0.4441, iRes = 265  iCnt = 245 
Info: BDLD1_NOSTOC_x10 model_2_multimer_v2_p1_230117_042037_recycled_06,  tol = 25.04, pLDDT = 41.95, pTM-score = 0.2076, piTM-score = 0.1726, interface-score = 0.2794, iRes = 253  iCnt = 223 
Info: BDLD1_NOSTOC_x10 model_2_multimer_v2_p1_230117_042037_recycled_07,  tol = 28.65, pLDDT = 45.29, pTM-score = 0.2209, piTM-score = 0.1760, interface-score = 0.3967, iRes = 403  iCnt = 430 
Info: BDLD1_NOSTOC_x10 model_2_multimer_v2_p1_230117_042037_recycled_08,  tol = 25.96, pLDDT = 41.32, pTM-score = 0.2021, piTM-score = 0.1562, interface-score = 0.3014, iRes = 239  iCnt = 222 
Info: BDLD1_NOSTOC_x10 model_2_multimer_v2_p1_230117_042037_recycled_09,  tol = 26.87, pLDDT = 40.57, pTM-score = 0.2013, piTM-score = 0.1817, interface-score = 0.2522, iRes = 378  iCnt = 500 
Info: BDLD1_NOSTOC_x10 model_2_multimer_v2_p1_230117_042037_recycled_10,  tol = 31.61, pLDDT = 41.85, pTM-score = 0.2056, piTM-score = 0.1589, interface-score = 0.3079, iRes = 238  iCnt = 220 
Info: BDLD1_NOSTOC_x10 model_2_multimer_v2_p1_230117_042037_recycled_11,  tol = 27.02, pLDDT = 41.27, pTM-score = 0.2056, piTM-score = 0.2548, interface-score = 0.3007, iRes = 254  iCnt = 425 
Info: BDLD1_NOSTOC_x10 model_2_multimer_v2_p1_230117_042037_recycled_12,  tol = 27.85, pLDDT = 41.81, pTM-score = 0.2052, piTM-score = 0.2168, interface-score = 0.2295, iRes = 188  iCnt = 180 
Info: BDLD1_NOSTOC_x10 model_2_multimer_v2_p1_230117_042037_recycled_13,  tol = 23.77, pLDDT = 41.63, pTM-score = 0.2136, piTM-score = 0.1613, interface-score = 0.3191, iRes = 307  iCnt = 393 
Info: BDLD1_NOSTOC_x10 model_2_multimer_v2_p1_230117_042037_recycled_14,  tol = 24.23, pLDDT = 43.02, pTM-score = 0.2135, piTM-score = 0.1759, interface-score = 0.3246, iRes = 311  iCnt = 295 
Info: BDLD1_NOSTOC_x10 model_2_multimer_v2_p1_230117_042037_recycled_15,  tol = 23.22, pLDDT = 43.04, pTM-score = 0.2147, piTM-score = 0.1743, interface-score = 0.3554, iRes = 302  iCnt = 276 
Info: BDLD1_NOSTOC_x10 model_2_multimer_v2_p1_230117_042037_recycled_16,  tol = 21.22, pLDDT = 42.47, pTM-score = 0.2054, piTM-score = 0.1617, interface-score = 0.2799, iRes = 252  iCnt = 252 
Info: BDLD1_NOSTOC_x10 model_2_multimer_v2_p1_230117_042037_recycled_17,  tol = 22.10, pLDDT = 42.97, pTM-score = 0.2170, piTM-score = 0.1820, interface-score = 0.3900, iRes = 220  iCnt = 187 
Info: BDLD1_NOSTOC_x10 model_2_multimer_v2_p1_230117_042037_recycled_18,  tol = 19.74, pLDDT = 43.69, pTM-score = 0.2225, piTM-score = 0.1886, interface-score = 0.3633, iRes = 249  iCnt = 216 
Info: BDLD1_NOSTOC_x10 model_2_multimer_v2_p1_230117_042037_recycled_19,  tol = 19.21, pLDDT = 43.34, pTM-score = 0.2221, piTM-score = 0.1851, interface-score = 0.4061, iRes = 228  iCnt = 205 
Info: BDLD1_NOSTOC_x10 model_2_multimer_v2_p1_230117_042037 performed 20 recycles, final tol = 19.81, pLDDT = 39.71, pTM-score = 0.2062, piTM-score = 0.1575, interface-score = 0.0983, iRes = 83   iCnt = 61  
Info: num_clusters = 7, cluster_sizes = [2, 2, 1, 2, 1, 1, 1],  clusters = [['BDLD1_NOSTOC_0', 'BDLD1_NOSTOC_1'], ['BDLD1_NOSTOC_2', 'BDLD1_NOSTOC_4'], ['BDLD1_NOSTOC_3'], ['BDLD1_NOSTOC_5', 'BDLD1_NOSTOC_6'], ['BDLD1_NOSTOC_7'], ['BDLD1_NOSTOC_8'], ['BDLD1_NOSTOC_9']]

I0118 00:44:24.876636 23432888473408 run_af2c_mod.py:404] Final timings for BDLD1_NOSTOC_x10: {'features': 0.13, 'process_features_model_2_multimer_v2_p1_230117_042037': 0.0, 'predict_and_compile_model_2_multimer_v2_p1_230117_042037': 3154.9}
                                  
================================= 
Global information about the job: 
================================= 
  
Job owner: flobnow(42847)
Job name:  2_AF2C
Node list: ravg1164
Job start: Tue Jan 17 23:51:31 CET 2023
Job end:   Wed Jan 18 00:44:27 CET 2023
Work dir:  /raven/u/flobnow/fluffyAlpaca/scripts/myRuns/BDLD1_NOSTOC
Command:   /raven/u/flobnow/fluffyAlpaca/scripts/myRuns/BDLD1_NOSTOC/script2_comp_model_2.sh
  
  
  
==========================================================================================
Information on jobsteps (Note: MaxRSS/AveRSS is the maximum/average over all 
tasks of the per-task memory high-water marks; cf. "man sacct"): 
==========================================================================================
  
JobID            JobName NNodes NTasks  NCPUS        0.00M        0.00M    Elapsed ExitCode
------------- ---------- ------ ------ ------ ------------ ------------ ---------- --------
3912888           2_AF2C      1           108                             00:52:56      0:0
3912888.0        python3      1      1    108    45354.69M    45354.69M   00:52:54      0:0
  
Maximum memory per node: 47.557837 GB (defined as MaxRSS*Ntasks/NNodes)
CPU utilization: 1.9 %
  
