Info: input file name is BDLD_85
Info: input target list is /u/flobnow/fluffyAlpaca/scripts/myRuns/BDLD_85/target.lst
Info: input feature directory is /u/flobnow/fluffyAlpaca/feature_files
Info: result output directory is /u/flobnow/fluffyAlpaca/output_files
Info: model preset is multimer_np
Info: msa pairing is all
Info: recycling setting is 1
/bin/sh: /mpcdf/soft/SLE_15/packages/x86_64/alphafold/2.2.0/lib/libtinfo.so.6: no version information available (required by /lib64/libreadline.so.7)
Info: using preset super2
Info: set num_ensemble = 2
Info: set max_recyles = 20
Info: set recycle_tol = 0.1
Info: mas_pairing mode is all
I0115 11:50:58.724605 23344025151296 tpu_client.py:54] Starting the local TPU driver.
I0115 11:50:58.724987 23344025151296 xla_bridge.py:212] Unable to initialize backend 'tpu_driver': Not found: Unable to find driver in registry given worker: local://
I0115 11:50:59.087608 23344025151296 xla_bridge.py:212] Unable to initialize backend 'tpu': Invalid argument: TpuPlatform is not available.
I0115 11:51:02.556398 23344025151296 run_af2c_mod.py:482] Have 1 models: ['model_5_multimer_v2_p1']
Info: working on target BDLD_85_x6
I0115 11:51:03.557611 23344025151296 run_af2c_mod.py:512] Using random seed 8257339315725032978 for the data pipeline
Info: BDLD_85_x6 found monomer BDLD_85 msa_depth = 1443, seq_len = 518, num_templ = 20
Info: BDLD_85 reducing the number of structural templates to 4
Info: 6 chain(s) to model {'A': 'BDLD_85_1', 'B': 'BDLD_85_1', 'C': 'BDLD_85_1', 'D': 'BDLD_85_1', 'E': 'BDLD_85_1', 'F': 'BDLD_85_1'}
Info: modeling BDLD_85_x6 with msa_depth = 1444, seq_len = 3108, num_templ = 24
I0115 11:51:04.320255 23344025151296 run_af2c_mod.py:216] Running model model_5_multimer_v2_p1_230115_032978
I0115 11:51:04.320811 23344025151296 model.py:206] Running predict with shape(feat) = {'msa': (1444, 3108), 'bert_mask': (1444, 3108), 'num_alignments': (), 'aatype': (3108,), 'seq_length': (), 'template_aatype': (24, 3108), 'template_all_atom_mask': (24, 3108, 37), 'template_all_atom_positions': (24, 3108, 37, 3), 'all_atom_positions': (3108, 37, 3), 'template_domain_names': (24,), 'asym_id': (3108,), 'sym_id': (3108,), 'entity_id': (3108,), 'residue_index': (3108,), 'deletion_matrix': (1444, 3108), 'seq_mask': (3108,), 'msa_mask': (1444, 3108), 'cluster_bias_mask': (1444,), 'pdb_residue_index': (3108,)}
